#
# A fatal error has been detected by the Java Runtime Environment:
#
#  EXCEPTION_ACCESS_VIOLATION (0xc0000005) at pc=0x00007ffe5400886e, pid=35312, tid=48720
#
# JRE version: Java(TM) SE Runtime Environment (14.0+36) (build 14+36-1461)
# Java VM: Java HotSpot(TM) 64-Bit Server VM (14+36-1461, mixed mode, sharing, tiered, compressed oops, g1 gc, windows-amd64)
# Problematic frame:
# C  [lwjgl_stb.dll+0x886e]
#
# No core dump will be written. Minidumps are not enabled by default on client versions of Windows
#
# If you would like to submit a bug report, please visit:
#   https://bugreport.java.com/bugreport/crash.jsp
# The crash happened outside the Java Virtual Machine in native code.
# See problematic frame for where to report the bug.
#

---------------  S U M M A R Y ------------

Command Line: -ea -Dfile.encoding=UTF-8 main.Loader

Host: Intel(R) Core(TM) i5-5300U CPU @ 2.30GHz, 4 cores, 7G,  Windows 10 , 64 bit Build 18362 (10.0.18362.778)
Time: Sun May 10 14:12:28 2020 US Eastern Daylight Time elapsed time: 5 seconds (0d 0h 0m 5s)

---------------  T H R E A D  ---------------

Current thread (0x000001aebe90c000):  JavaThread "main" [_thread_in_native, id=48720, stack(0x0000001c23800000,0x0000001c23900000)]

Stack: [0x0000001c23800000,0x0000001c23900000],  sp=0x0000001c238fe910,  free space=1018k
Native frames: (J=compiled Java code, j=interpreted, Vv=VM code, C=native code)
C  [lwjgl_stb.dll+0x886e]

Java frames: (J=compiled Java code, j=interpreted, Vv=VM code)
j  org.lwjgl.stb.STBImage.nstbi_load_from_memory(JIJJJI)J+0
j  org.lwjgl.stb.STBImage.stbi_load_from_memory(Ljava/nio/ByteBuffer;Ljava/nio/IntBuffer;Ljava/nio/IntBuffer;Ljava/nio/IntBuffer;I)Ljava/nio/ByteBuffer;+43
j  rendering.Texture.<init>(Ljava/lang/String;)V+168
j  main.TestSprite.<init>(Ljava/lang/String;DD)V+220
j  main.MenuScene.init()V+47
j  main.Window.changeScene(I)V+37
j  main.Window.init()V+158
j  main.Window.run()V+1
j  main.Loader.main([Ljava/lang/String;)V+9
v  ~StubRoutines::call_stub

siginfo: EXCEPTION_ACCESS_VIOLATION (0xc0000005), reading address 0x0000000000000010


Register to memory mapping:

RIP=0x00007ffe5400886e lwjgl_stb.dll
RAX=0x0000000000000010 is an unknown value
RBX=0x0000001c238feb00 is pointing into the stack for thread: 0x000001aebe90c000
RCX=0x000001aee2530500 points into unknown readable memory: 00 eb 8f 23 1c 00 00 00
RDX=
[error occurred during error reporting (printing register info), id 0xc0000005, EXCEPTION_ACCESS_VIOLATION (0xc0000005) at pc=0x00007ffe2aae1c74]

Registers:
RAX=0x0000000000000010, RBX=0x0000001c238feb00, RCX=0x000001aee2530500, RDX=0x00000000bfebfbff
RSP=0x0000001c238fe910, RBP=0x0000000000000000, RSI=0x0000001c238feb00, RDI=0x000001aee2530500
R8 =0x000001aee2530500, R9 =0xc4ceb9fe1a85ec53, R10=0xff51afd7ed558ccd, R11=0x0000001c238fe770
R12=0x000001aee39739d0, R13=0x000001aee39739d0, R14=0x000001aee3973920, R15=0x000001aee3973960
RIP=0x00007ffe5400886e, EFLAGS=0x0000000000010293

Top of Stack: (sp=0x0000001c238fe910)
0x0000001c238fe910:   fffffffe00004800 0000001cffffffff
0x0000001c238fe920:   0000000000000000 000001aee5a1b320
0x0000001c238fe930:   0000000000000000 00007ffe540042bb
0x0000001c238fe940:   000001aee2530500 000001aee2530500
0x0000001c238fe950:   0000000000000000 0000000000000000
0x0000001c238fe960:   0000000000000000 0000000000000000
0x0000001c238fe970:   0000000000000000 0000000000000000
0x0000001c238fe980:   000001ae00000000 0000001c238fe930
0x0000001c238fe990:   000001aec90ac380 0000000000000000
0x0000001c238fe9a0:   000001aec90ac3b6 000001aec90ac780
0x0000001c238fe9b0:   0000000000000000 0000000000000000
0x0000001c238fe9c0:   0000000000000000 000001aec90ac380
0x0000001c238fe9d0:   000001ae01000000 0000001c238fe930
0x0000001c238fe9e0:   0000000000000000 0000000000000000
0x0000001c238fe9f0:   0000000000000000 0000000000000000
0x0000001c238fea00:   0000000000000000 0000000000000000 

Instructions: (pc=0x00007ffe5400886e)
0x00007ffe5400876e:   6b c5 66 0f 67 c8 66 0f 6f c2 66 41 0f 60 c4 66
0x00007ffe5400877e:   0f 60 e1 66 44 0f 68 c9 66 0f 6f dc 66 0f 60 d8
0x00007ffe5400878e:   66 0f 68 e0 66 0f 6f cb 66 41 0f 68 d4 66 41 0f
0x00007ffe5400879e:   6f c1 45 0f 28 63 88 66 0f 60 c2 66 0f 60 c8 66
0x00007ffe540087ae:   0f d6 09 48 03 c8 66 0f 68 d8 66 44 0f 68 ca 66
0x00007ffe540087be:   0f 6f d4 66 41 0f 60 d1 66 41 0f 68 e1 45 0f 28
0x00007ffe540087ce:   4b b8 66 0f 70 c1 4e 66 0f d6 01 48 03 c8 66 0f
0x00007ffe540087de:   70 c3 4e 66 0f d6 19 48 03 c8 66 0f d6 01 48 03
0x00007ffe540087ee:   c8 66 0f 70 c2 4e 66 0f d6 11 48 03 c8 66 0f d6
0x00007ffe540087fe:   01 48 03 c8 66 0f 70 c4 4e 66 0f d6 21 66 0f d6
0x00007ffe5400880e:   04 08 49 8b e3 c3 cc cc cc cc cc cc cc cc cc cc
0x00007ffe5400881e:   cc cc 40 57 48 83 ec 20 0f b6 81 28 48 00 00 48
0x00007ffe5400882e:   8b f9 3c ff 74 0d c6 81 28 48 00 00 ff 48 83 c4
0x00007ffe5400883e:   20 5f c3 48 89 5c 24 30 48 8b 19 48 8b 83 b8 00
0x00007ffe5400884e:   00 00 48 3b 83 c0 00 00 00 72 15 83 7b 30 00 74
0x00007ffe5400885e:   79 48 8b cb e8 59 d0 ff ff 48 8b 83 b8 00 00 00
0x00007ffe5400886e:   0f b6 08 48 ff c0 48 89 83 b8 00 00 00 80 f9 ff
0x00007ffe5400887e:   75 58 48 8b 1f 48 8b 83 b8 00 00 00 48 3b 83 c0
0x00007ffe5400888e:   00 00 00 72 15 83 7b 30 00 74 2f 48 8b cb e8 1f
0x00007ffe5400889e:   d0 ff ff 48 8b 83 b8 00 00 00 0f b6 08 48 ff c0
0x00007ffe540088ae:   48 89 83 b8 00 00 00 80 f9 ff 74 c6 48 8b 5c 24
0x00007ffe540088be:   30 0f b6 c1 48 83 c4 20 5f c3 48 8b 5c 24 30 32
0x00007ffe540088ce:   c9 0f b6 c1 48 83 c4 20 5f c3 48 8b 5c 24 30 b0
0x00007ffe540088de:   ff 48 83 c4 20 5f c3 cc cc cc cc cc cc cc cc cc
0x00007ffe540088ee:   cc cc 48 89 5c 24 20 55 56 57 41 54 41 55 41 56
0x00007ffe540088fe:   41 57 48 81 ec c0 00 00 00 c7 81 d8 47 00 00 00
0x00007ffe5400890e:   00 00 00 48 8b d9 c7 81 78 47 00 00 00 00 00 00
0x00007ffe5400891e:   c7 81 18 47 00 00 00 00 00 00 c7 81 b8 46 00 00
0x00007ffe5400892e:   00 00 00 00 8b 81 68 48 00 00 85 c0 48 c7 81 20
0x00007ffe5400893e:   48 00 00 00 00 00 00 c7 81 2c 48 00 00 00 00 00
0x00007ffe5400894e:   00 c6 81 28 48 00 00 ff b9 ff ff ff 7f 0f 45 c8
0x00007ffe5400895e:   c7 83 44 48 00 00 00 00 00 00 83 bb 30 48 00 00 


Stack slot to memory mapping:
stack at sp + 0 slots: 0xfffffffe00004800 is an unknown value
stack at sp + 1 slots: 0x0000001cffffffff is an unknown value
stack at sp + 2 slots: 0x0 is NULL
stack at sp + 3 slots: {method} {0x000001aee5a1b328} 'nstbi_load_from_memory' '(JIJJJI)J' in 'org/lwjgl/stb/STBImage'
stack at sp + 4 slots: 0x0 is NULL
stack at sp + 5 slots: 0x00007ffe540042bb lwjgl_stb.dll
stack at sp + 6 slots: 0x000001aee2530500 points into unknown readable memory: 00 eb 8f 23 1c 00 00 00
stack at sp + 7 slots: 0x000001aee2530500 points into unknown readable memory: 00 eb 8f 23 1c 00 00 00


---------------  P R O C E S S  ---------------

Threads class SMR info:
_java_thread_list=0x000001aee0b7fbc0, length=27, elements={
0x000001aebe90c000, 0x000001aedf089000, 0x000001aedf08a000, 0x000001aedf0a4000,
0x000001aedf0a7000, 0x000001aedf0aa000, 0x000001aedf0b8800, 0x000001aedf9f1800,
0x000001aedf0c4000, 0x000001aedfcce800, 0x000001aedfce5800, 0x000001aee0415800,
0x000001aee0b91800, 0x000001aee0b87000, 0x000001aee0c6c000, 0x000001aee0b78800,
0x000001aee0c63000, 0x000001aee0b7b800, 0x000001aee0be7000, 0x000001aee0be4000,
0x000001aee0be5000, 0x000001aee0bdf000, 0x000001aee0be5800, 0x000001aee0be3000,
0x000001aee0be2800, 0x000001aee0be0000, 0x000001af65e87000
}

Java Threads: ( => current thread )
=>0x000001aebe90c000 JavaThread "main" [_thread_in_native, id=48720, stack(0x0000001c23800000,0x0000001c23900000)]
  0x000001aedf089000 JavaThread "Reference Handler" daemon [_thread_blocked, id=51676, stack(0x0000001c23f00000,0x0000001c24000000)]
  0x000001aedf08a000 JavaThread "Finalizer" daemon [_thread_blocked, id=17104, stack(0x0000001c24000000,0x0000001c24100000)]
  0x000001aedf0a4000 JavaThread "Signal Dispatcher" daemon [_thread_blocked, id=54396, stack(0x0000001c24100000,0x0000001c24200000)]
  0x000001aedf0a7000 JavaThread "Attach Listener" daemon [_thread_blocked, id=58652, stack(0x0000001c24200000,0x0000001c24300000)]
  0x000001aedf0aa000 JavaThread "Service Thread" daemon [_thread_blocked, id=34828, stack(0x0000001c24300000,0x0000001c24400000)]
  0x000001aedf0b8800 JavaThread "C2 CompilerThread0" daemon [_thread_in_native, id=6720, stack(0x0000001c24400000,0x0000001c24500000)]
  0x000001aedf9f1800 JavaThread "C1 CompilerThread0" daemon [_thread_blocked, id=65468, stack(0x0000001c24500000,0x0000001c24600000)]
  0x000001aedf0c4000 JavaThread "Sweeper thread" daemon [_thread_blocked, id=18696, stack(0x0000001c24600000,0x0000001c24700000)]
  0x000001aedfcce800 JavaThread "Notification Thread" daemon [_thread_blocked, id=13812, stack(0x0000001c24700000,0x0000001c24800000)]
  0x000001aedfce5800 JavaThread "Common-Cleaner" daemon [_thread_blocked, id=47696, stack(0x0000001c24900000,0x0000001c24a00000)]
  0x000001aee0415800 JavaThread "Java2D Disposer" daemon [_thread_blocked, id=63620, stack(0x0000001c24b00000,0x0000001c24c00000)]
  0x000001aee0b91800 JavaThread "Java Sound Event Dispatcher" daemon [_thread_blocked, id=23436, stack(0x0000001c24e00000,0x0000001c24f00000)]
  0x000001aee0b87000 JavaThread "Direct Clip" daemon [_thread_blocked, id=16796, stack(0x0000001c25400000,0x0000001c25500000)]
  0x000001aee0c6c000 JavaThread "Direct Clip" daemon [_thread_blocked, id=47424, stack(0x0000001c25500000,0x0000001c25600000)]
  0x000001aee0b78800 JavaThread "Direct Clip" daemon [_thread_blocked, id=35744, stack(0x0000001c25600000,0x0000001c25700000)]
  0x000001aee0c63000 JavaThread "Direct Clip" daemon [_thread_blocked, id=16428, stack(0x0000001c25700000,0x0000001c25800000)]
  0x000001aee0b7b800 JavaThread "Direct Clip" daemon [_thread_blocked, id=21668, stack(0x0000001c25800000,0x0000001c25900000)]
  0x000001aee0be7000 JavaThread "Direct Clip" daemon [_thread_blocked, id=55104, stack(0x0000001c25900000,0x0000001c25a00000)]
  0x000001aee0be4000 JavaThread "Direct Clip" daemon [_thread_blocked, id=74580, stack(0x0000001c25a00000,0x0000001c25b00000)]
  0x000001aee0be5000 JavaThread "Direct Clip" daemon [_thread_blocked, id=36708, stack(0x0000001c25b00000,0x0000001c25c00000)]
  0x000001aee0bdf000 JavaThread "Direct Clip" daemon [_thread_blocked, id=62104, stack(0x0000001c25c00000,0x0000001c25d00000)]
  0x000001aee0be5800 JavaThread "Direct Clip" daemon [_thread_blocked, id=39716, stack(0x0000001c25d00000,0x0000001c25e00000)]
  0x000001aee0be3000 JavaThread "Direct Clip" daemon [_thread_blocked, id=65404, stack(0x0000001c25e00000,0x0000001c25f00000)]
  0x000001aee0be2800 JavaThread "Direct Clip" daemon [_thread_blocked, id=60252, stack(0x0000001c25f00000,0x0000001c26000000)]
  0x000001aee0be0000 JavaThread "Direct Clip" daemon [_thread_blocked, id=70896, stack(0x0000001c26000000,0x0000001c26100000)]
  0x000001af65e87000 JavaThread "C2 CompilerThread1" daemon [_thread_blocked, id=67136, stack(0x0000001c26100000,0x0000001c26200000)]

Other Threads:
  0x000001aedf087000 VMThread "VM Thread" [stack: 0x0000001c23e00000,0x0000001c23f00000] [id=27044]
  0x000001aedfcd7000 WatcherThread [stack: 0x0000001c24800000,0x0000001c24900000] [id=10812]
  0x000001aec0936800 GCTaskThread "GC Thread#0" [stack: 0x0000001c23900000,0x0000001c23a00000] [id=17720]
  0x000001aee0416000 GCTaskThread "GC Thread#1" [stack: 0x0000001c24c00000,0x0000001c24d00000] [id=45168]
  0x000001aee0367800 GCTaskThread "GC Thread#2" [stack: 0x0000001c24d00000,0x0000001c24e00000] [id=12000]
  0x000001aee04fc800 GCTaskThread "GC Thread#3" [stack: 0x0000001c24a00000,0x0000001c24b00000] [id=23568]
  0x000001aec0949800 ConcurrentGCThread "G1 Main Marker" [stack: 0x0000001c23a00000,0x0000001c23b00000] [id=51788]
  0x000001aec094b800 ConcurrentGCThread "G1 Conc#0" [stack: 0x0000001c23b00000,0x0000001c23c00000] [id=19216]
  0x000001aedeefd800 ConcurrentGCThread "G1 Refine#0" [stack: 0x0000001c23c00000,0x0000001c23d00000] [id=22204]
  0x000001aedeeff800 ConcurrentGCThread "G1 Young RemSet Sampling" [stack: 0x0000001c23d00000,0x0000001c23e00000] [id=7336]

Threads with active compile tasks:
C2 CompilerThread0     5385 1452  s    4       java.io.BufferedInputStream::read (113 bytes)

VM state:not at safepoint (normal execution)

VM Mutex/Monitor currently owned by a thread: None

Heap address: 0x0000000081e00000, size: 2018 MB, Compressed Oops mode: 32-bit
Narrow klass base: 0x0000000800000000, Narrow klass shift: 3
Compressed class space size: 1073741824 Address: 0x0000000800b30000

Heap:
 garbage-first heap   total 286720K, used 186825K [0x0000000081e00000, 0x0000000100000000)
  region size 1024K, 16 young (16384K), 5 survivors (5120K)
 Metaspace       used 9344K, capacity 9533K, committed 9728K, reserved 1058816K
  class space    used 643K, capacity 720K, committed 768K, reserved 1048576K
Heap Regions: E=young(eden), S=young(survivor), O=old, HS=humongous(starts), HC=humongous(continues), CS=collection set, F=free, OA=open archive, CA=closed archive, TAMS=top-at-mark-start (previous, next)
|   0|0x0000000081e00000, 0x0000000081f00000, 0x0000000081f00000|100%|HS|  |TAMS 0x0000000081f00000, 0x0000000081e00000| Complete 
|   1|0x0000000081f00000, 0x0000000082000000, 0x0000000082000000|100%|HC|  |TAMS 0x0000000082000000, 0x0000000081f00000| Complete 
|   2|0x0000000082000000, 0x0000000082100000, 0x0000000082100000|100%|HC|  |TAMS 0x0000000082100000, 0x0000000082000000| Complete 
|   3|0x0000000082100000, 0x0000000082200000, 0x0000000082200000|100%|HC|  |TAMS 0x0000000082200000, 0x0000000082100000| Complete 
|   4|0x0000000082200000, 0x0000000082300000, 0x0000000082300000|100%|HC|  |TAMS 0x0000000082300000, 0x0000000082200000| Complete 
|   5|0x0000000082300000, 0x0000000082400000, 0x0000000082400000|100%|HC|  |TAMS 0x0000000082400000, 0x0000000082300000| Complete 
|   6|0x0000000082400000, 0x0000000082500000, 0x0000000082500000|100%|HC|  |TAMS 0x0000000082500000, 0x0000000082400000| Complete 
|   7|0x0000000082500000, 0x0000000082600000, 0x0000000082600000|100%|HC|  |TAMS 0x0000000082600000, 0x0000000082500000| Complete 
|   8|0x0000000082600000, 0x0000000082700000, 0x0000000082700000|100%|HC|  |TAMS 0x0000000082700000, 0x0000000082600000| Complete 
|   9|0x0000000082700000, 0x0000000082800000, 0x0000000082800000|100%|HC|  |TAMS 0x0000000082800000, 0x0000000082700000| Complete 
|  10|0x0000000082800000, 0x0000000082900000, 0x0000000082900000|100%|HC|  |TAMS 0x0000000082900000, 0x0000000082800000| Complete 
|  11|0x0000000082900000, 0x0000000082a00000, 0x0000000082a00000|100%|HC|  |TAMS 0x0000000082a00000, 0x0000000082900000| Complete 
|  12|0x0000000082a00000, 0x0000000082b00000, 0x0000000082b00000|100%|HC|  |TAMS 0x0000000082b00000, 0x0000000082a00000| Complete 
|  13|0x0000000082b00000, 0x0000000082c00000, 0x0000000082c00000|100%|HC|  |TAMS 0x0000000082c00000, 0x0000000082b00000| Complete 
|  14|0x0000000082c00000, 0x0000000082d00000, 0x0000000082d00000|100%|HC|  |TAMS 0x0000000082d00000, 0x0000000082c00000| Complete 
|  15|0x0000000082d00000, 0x0000000082e00000, 0x0000000082e00000|100%| O|  |TAMS 0x0000000082e00000, 0x0000000082d00000| Untracked 
|  16|0x0000000082e00000, 0x0000000082f00000, 0x0000000082f00000|100%| O|  |TAMS 0x0000000082f00000, 0x0000000082e00000| Untracked 
|  17|0x0000000082f00000, 0x0000000083000000, 0x0000000083000000|100%| O|  |TAMS 0x0000000083000000, 0x0000000082f00000| Untracked 
|  18|0x0000000083000000, 0x0000000083100000, 0x0000000083100000|100%| O|  |TAMS 0x0000000083100000, 0x0000000083000000| Untracked 
|  19|0x0000000083100000, 0x0000000083200000, 0x0000000083200000|100%| O|  |TAMS 0x0000000083200000, 0x0000000083100000| Untracked 
|  20|0x0000000083200000, 0x0000000083300000, 0x0000000083300000|100%| O|  |TAMS 0x0000000083300000, 0x0000000083200000| Untracked 
|  21|0x0000000083300000, 0x0000000083400000, 0x0000000083400000|100%| O|  |TAMS 0x0000000083400000, 0x0000000083300000| Untracked 
|  22|0x0000000083400000, 0x0000000083500000, 0x0000000083500000|100%| O|  |TAMS 0x0000000083500000, 0x0000000083400000| Untracked 
|  23|0x0000000083500000, 0x0000000083600000, 0x0000000083600000|100%| O|  |TAMS 0x0000000083600000, 0x0000000083500000| Untracked 
|  24|0x0000000083600000, 0x0000000083700000, 0x0000000083700000|100%| O|  |TAMS 0x0000000083700000, 0x0000000083600000| Untracked 
|  25|0x0000000083700000, 0x0000000083800000, 0x0000000083800000|100%| O|  |TAMS 0x0000000083800000, 0x0000000083700000| Untracked 
|  26|0x0000000083800000, 0x0000000083900000, 0x0000000083900000|100%| O|  |TAMS 0x0000000083900000, 0x0000000083800000| Untracked 
|  27|0x0000000083900000, 0x0000000083a00000, 0x0000000083a00000|100%| O|  |TAMS 0x0000000083a00000, 0x0000000083900000| Untracked 
|  28|0x0000000083a00000, 0x0000000083b00000, 0x0000000083b00000|100%| O|  |TAMS 0x0000000083b00000, 0x0000000083a00000| Untracked 
|  29|0x0000000083b00000, 0x0000000083c00000, 0x0000000083c00000|100%| O|  |TAMS 0x0000000083c00000, 0x0000000083b00000| Untracked 
|  30|0x0000000083c00000, 0x0000000083d00000, 0x0000000083d00000|100%| O|  |TAMS 0x0000000083d00000, 0x0000000083c00000| Untracked 
|  31|0x0000000083d00000, 0x0000000083e00000, 0x0000000083e00000|100%| O|  |TAMS 0x0000000083e00000, 0x0000000083d00000| Untracked 
|  32|0x0000000083e00000, 0x0000000083f00000, 0x0000000083f00000|100%| O|  |TAMS 0x0000000083f00000, 0x0000000083e00000| Untracked 
|  33|0x0000000083f00000, 0x0000000084000000, 0x0000000084000000|100%| O|  |TAMS 0x0000000084000000, 0x0000000083f00000| Untracked 
|  34|0x0000000084000000, 0x0000000084100000, 0x0000000084100000|100%| O|  |TAMS 0x0000000084100000, 0x0000000084000000| Untracked 
|  35|0x0000000084100000, 0x0000000084200000, 0x0000000084200000|100%| O|  |TAMS 0x0000000084200000, 0x0000000084100000| Untracked 
|  36|0x0000000084200000, 0x0000000084300000, 0x0000000084300000|100%| O|  |TAMS 0x0000000084300000, 0x0000000084200000| Untracked 
|  37|0x0000000084300000, 0x0000000084400000, 0x0000000084400000|100%| O|  |TAMS 0x0000000084400000, 0x0000000084300000| Untracked 
|  38|0x0000000084400000, 0x0000000084500000, 0x0000000084500000|100%| O|  |TAMS 0x0000000084500000, 0x0000000084400000| Untracked 
|  39|0x0000000084500000, 0x0000000084600000, 0x0000000084600000|100%| O|  |TAMS 0x0000000084600000, 0x0000000084500000| Untracked 
|  40|0x0000000084600000, 0x0000000084700000, 0x0000000084700000|100%| O|  |TAMS 0x0000000084700000, 0x0000000084600000| Untracked 
|  41|0x0000000084700000, 0x0000000084800000, 0x0000000084800000|100%| O|  |TAMS 0x0000000084800000, 0x0000000084700000| Untracked 
|  42|0x0000000084800000, 0x0000000084900000, 0x0000000084900000|100%| O|  |TAMS 0x0000000084900000, 0x0000000084800000| Untracked 
|  43|0x0000000084900000, 0x0000000084a00000, 0x0000000084a00000|100%| O|  |TAMS 0x0000000084a00000, 0x0000000084900000| Untracked 
|  44|0x0000000084a00000, 0x0000000084b00000, 0x0000000084b00000|100%| O|  |TAMS 0x0000000084b00000, 0x0000000084a00000| Untracked 
|  45|0x0000000084b00000, 0x0000000084c00000, 0x0000000084c00000|100%| O|  |TAMS 0x0000000084c00000, 0x0000000084b00000| Untracked 
|  46|0x0000000084c00000, 0x0000000084d00000, 0x0000000084d00000|100%| O|  |TAMS 0x0000000084d00000, 0x0000000084c00000| Untracked 
|  47|0x0000000084d00000, 0x0000000084e00000, 0x0000000084e00000|100%| O|  |TAMS 0x0000000084e00000, 0x0000000084d00000| Untracked 
|  48|0x0000000084e00000, 0x0000000084f00000, 0x0000000084f00000|100%| O|  |TAMS 0x0000000084f00000, 0x0000000084e00000| Untracked 
|  49|0x0000000084f00000, 0x0000000085000000, 0x0000000085000000|100%| O|  |TAMS 0x0000000085000000, 0x0000000084f00000| Untracked 
|  50|0x0000000085000000, 0x0000000085100000, 0x0000000085100000|100%| O|  |TAMS 0x0000000085100000, 0x0000000085000000| Untracked 
|  51|0x0000000085100000, 0x0000000085200000, 0x0000000085200000|100%| O|  |TAMS 0x0000000085200000, 0x0000000085100000| Untracked 
|  52|0x0000000085200000, 0x0000000085300000, 0x0000000085300000|100%| O|  |TAMS 0x0000000085300000, 0x0000000085200000| Untracked 
|  53|0x0000000085300000, 0x0000000085400000, 0x0000000085400000|100%| O|  |TAMS 0x0000000085400000, 0x0000000085300000| Untracked 
|  54|0x0000000085400000, 0x0000000085500000, 0x0000000085500000|100%| O|  |TAMS 0x0000000085500000, 0x0000000085400000| Untracked 
|  55|0x0000000085500000, 0x0000000085600000, 0x0000000085600000|100%| O|  |TAMS 0x0000000085600000, 0x0000000085500000| Untracked 
|  56|0x0000000085600000, 0x0000000085700000, 0x0000000085700000|100%| O|  |TAMS 0x0000000085700000, 0x0000000085600000| Untracked 
|  57|0x0000000085700000, 0x0000000085800000, 0x0000000085800000|100%| O|  |TAMS 0x0000000085800000, 0x0000000085700000| Untracked 
|  58|0x0000000085800000, 0x0000000085900000, 0x0000000085900000|100%| O|  |TAMS 0x0000000085900000, 0x0000000085800000| Untracked 
|  59|0x0000000085900000, 0x0000000085a00000, 0x0000000085a00000|100%| O|  |TAMS 0x0000000085a00000, 0x0000000085900000| Untracked 
|  60|0x0000000085a00000, 0x0000000085b00000, 0x0000000085b00000|100%| O|  |TAMS 0x0000000085b00000, 0x0000000085a00000| Untracked 
|  61|0x0000000085b00000, 0x0000000085c00000, 0x0000000085c00000|100%| O|  |TAMS 0x0000000085c00000, 0x0000000085b00000| Untracked 
|  62|0x0000000085c00000, 0x0000000085d00000, 0x0000000085d00000|100%| O|  |TAMS 0x0000000085d00000, 0x0000000085c00000| Untracked 
|  63|0x0000000085d00000, 0x0000000085e00000, 0x0000000085e00000|100%| O|  |TAMS 0x0000000085e00000, 0x0000000085d00000| Untracked 
|  64|0x0000000085e00000, 0x0000000085f00000, 0x0000000085f00000|100%| O|  |TAMS 0x0000000085f00000, 0x0000000085e00000| Untracked 
|  65|0x0000000085f00000, 0x0000000086000000, 0x0000000086000000|100%| O|  |TAMS 0x0000000086000000, 0x0000000085f00000| Untracked 
|  66|0x0000000086000000, 0x0000000086100000, 0x0000000086100000|100%| O|  |TAMS 0x0000000086100000, 0x0000000086000000| Untracked 
|  67|0x0000000086100000, 0x0000000086200000, 0x0000000086200000|100%| O|  |TAMS 0x0000000086200000, 0x0000000086100000| Untracked 
|  68|0x0000000086200000, 0x0000000086300000, 0x0000000086300000|100%| O|  |TAMS 0x0000000086300000, 0x0000000086200000| Untracked 
|  69|0x0000000086300000, 0x0000000086400000, 0x0000000086400000|100%| O|  |TAMS 0x0000000086400000, 0x0000000086300000| Untracked 
|  70|0x0000000086400000, 0x0000000086500000, 0x0000000086500000|100%| O|  |TAMS 0x0000000086500000, 0x0000000086400000| Untracked 
|  71|0x0000000086500000, 0x0000000086600000, 0x0000000086600000|100%| O|  |TAMS 0x0000000086600000, 0x0000000086500000| Untracked 
|  72|0x0000000086600000, 0x0000000086700000, 0x0000000086700000|100%| O|  |TAMS 0x0000000086700000, 0x0000000086600000| Untracked 
|  73|0x0000000086700000, 0x0000000086800000, 0x0000000086800000|100%| O|  |TAMS 0x0000000086800000, 0x0000000086700000| Untracked 
|  74|0x0000000086800000, 0x0000000086900000, 0x0000000086900000|100%| O|  |TAMS 0x0000000086900000, 0x0000000086800000| Untracked 
|  75|0x0000000086900000, 0x0000000086a00000, 0x0000000086a00000|100%|HS|  |TAMS 0x0000000086a00000, 0x0000000086900000| Complete 
|  76|0x0000000086a00000, 0x0000000086b00000, 0x0000000086b00000|100%|HC|  |TAMS 0x0000000086b00000, 0x0000000086a00000| Complete 
|  77|0x0000000086b00000, 0x0000000086c00000, 0x0000000086c00000|100%|HC|  |TAMS 0x0000000086c00000, 0x0000000086b00000| Complete 
|  78|0x0000000086c00000, 0x0000000086d00000, 0x0000000086d00000|100%|HC|  |TAMS 0x0000000086d00000, 0x0000000086c00000| Complete 
|  79|0x0000000086d00000, 0x0000000086e00000, 0x0000000086e00000|100%|HC|  |TAMS 0x0000000086e00000, 0x0000000086d00000| Complete 
|  80|0x0000000086e00000, 0x0000000086f00000, 0x0000000086f00000|100%|HC|  |TAMS 0x0000000086f00000, 0x0000000086e00000| Complete 
|  81|0x0000000086f00000, 0x0000000087000000, 0x0000000087000000|100%|HC|  |TAMS 0x0000000087000000, 0x0000000086f00000| Complete 
|  82|0x0000000087000000, 0x0000000087100000, 0x0000000087100000|100%|HC|  |TAMS 0x0000000087100000, 0x0000000087000000| Complete 
|  83|0x0000000087100000, 0x0000000087200000, 0x0000000087200000|100%|HC|  |TAMS 0x0000000087200000, 0x0000000087100000| Complete 
|  84|0x0000000087200000, 0x0000000087300000, 0x0000000087300000|100%|HC|  |TAMS 0x0000000087300000, 0x0000000087200000| Complete 
|  85|0x0000000087300000, 0x0000000087400000, 0x0000000087400000|100%|HC|  |TAMS 0x0000000087400000, 0x0000000087300000| Complete 
|  86|0x0000000087400000, 0x0000000087500000, 0x0000000087500000|100%|HC|  |TAMS 0x0000000087500000, 0x0000000087400000| Complete 
|  87|0x0000000087500000, 0x0000000087600000, 0x0000000087600000|100%|HC|  |TAMS 0x0000000087600000, 0x0000000087500000| Complete 
|  88|0x0000000087600000, 0x0000000087700000, 0x0000000087700000|100%|HC|  |TAMS 0x0000000087700000, 0x0000000087600000| Complete 
|  89|0x0000000087700000, 0x0000000087800000, 0x0000000087800000|100%|HC|  |TAMS 0x0000000087800000, 0x0000000087700000| Complete 
|  90|0x0000000087800000, 0x0000000087900000, 0x0000000087900000|100%| O|  |TAMS 0x0000000087900000, 0x0000000087800000| Untracked 
|  91|0x0000000087900000, 0x0000000087a00000, 0x0000000087a00000|100%| O|  |TAMS 0x0000000087a00000, 0x0000000087900000| Untracked 
|  92|0x0000000087a00000, 0x0000000087b00000, 0x0000000087b00000|100%| O|  |TAMS 0x0000000087b00000, 0x0000000087a00000| Untracked 
|  93|0x0000000087b00000, 0x0000000087c00000, 0x0000000087c00000|100%| O|  |TAMS 0x0000000087c00000, 0x0000000087b00000| Untracked 
|  94|0x0000000087c00000, 0x0000000087d00000, 0x0000000087d00000|100%| O|  |TAMS 0x0000000087d00000, 0x0000000087c00000| Untracked 
|  95|0x0000000087d00000, 0x0000000087e00000, 0x0000000087e00000|100%| O|  |TAMS 0x0000000087e00000, 0x0000000087d00000| Untracked 
|  96|0x0000000087e00000, 0x0000000087f00000, 0x0000000087f00000|100%| O|  |TAMS 0x0000000087f00000, 0x0000000087e00000| Untracked 
|  97|0x0000000087f00000, 0x0000000088000000, 0x0000000088000000|100%| O|  |TAMS 0x0000000088000000, 0x0000000087f00000| Untracked 
|  98|0x0000000088000000, 0x0000000088100000, 0x0000000088100000|100%| O|  |TAMS 0x0000000088100000, 0x0000000088000000| Untracked 
|  99|0x0000000088100000, 0x0000000088200000, 0x0000000088200000|100%| O|  |TAMS 0x0000000088200000, 0x0000000088100000| Untracked 
| 100|0x0000000088200000, 0x0000000088300000, 0x0000000088300000|100%| O|  |TAMS 0x0000000088300000, 0x0000000088200000| Untracked 
| 101|0x0000000088300000, 0x0000000088400000, 0x0000000088400000|100%| O|  |TAMS 0x0000000088400000, 0x0000000088300000| Untracked 
| 102|0x0000000088400000, 0x0000000088500000, 0x0000000088500000|100%| O|  |TAMS 0x0000000088500000, 0x0000000088400000| Untracked 
| 103|0x0000000088500000, 0x0000000088600000, 0x0000000088600000|100%| O|  |TAMS 0x0000000088600000, 0x0000000088500000| Untracked 
| 104|0x0000000088600000, 0x0000000088700000, 0x0000000088700000|100%| O|  |TAMS 0x0000000088700000, 0x0000000088600000| Untracked 
| 105|0x0000000088700000, 0x0000000088800000, 0x0000000088800000|100%| O|  |TAMS 0x0000000088800000, 0x0000000088700000| Untracked 
| 106|0x0000000088800000, 0x0000000088900000, 0x0000000088900000|100%| O|  |TAMS 0x0000000088900000, 0x0000000088800000| Untracked 
| 107|0x0000000088900000, 0x0000000088a00000, 0x0000000088a00000|100%| O|  |TAMS 0x0000000088a00000, 0x0000000088900000| Untracked 
| 108|0x0000000088a00000, 0x0000000088b00000, 0x0000000088b00000|100%| O|  |TAMS 0x0000000088b00000, 0x0000000088a00000| Untracked 
| 109|0x0000000088b00000, 0x0000000088c00000, 0x0000000088c00000|100%| O|  |TAMS 0x0000000088c00000, 0x0000000088b00000| Untracked 
| 110|0x0000000088c00000, 0x0000000088d00000, 0x0000000088d00000|100%| O|  |TAMS 0x0000000088d00000, 0x0000000088c00000| Untracked 
| 111|0x0000000088d00000, 0x0000000088e00000, 0x0000000088e00000|100%| O|  |TAMS 0x0000000088e00000, 0x0000000088d00000| Untracked 
| 112|0x0000000088e00000, 0x0000000088f00000, 0x0000000088f00000|100%| O|  |TAMS 0x0000000088f00000, 0x0000000088e00000| Untracked 
| 113|0x0000000088f00000, 0x0000000089000000, 0x0000000089000000|100%| O|  |TAMS 0x0000000089000000, 0x0000000088f00000| Untracked 
| 114|0x0000000089000000, 0x0000000089100000, 0x0000000089100000|100%| O|  |TAMS 0x0000000089100000, 0x0000000089000000| Untracked 
| 115|0x0000000089100000, 0x0000000089200000, 0x0000000089200000|100%| O|  |TAMS 0x0000000089200000, 0x0000000089100000| Untracked 
| 116|0x0000000089200000, 0x0000000089300000, 0x0000000089300000|100%| O|  |TAMS 0x0000000089300000, 0x0000000089200000| Untracked 
| 117|0x0000000089300000, 0x0000000089400000, 0x0000000089400000|100%| O|  |TAMS 0x0000000089400000, 0x0000000089300000| Untracked 
| 118|0x0000000089400000, 0x0000000089500000, 0x0000000089500000|100%| O|  |TAMS 0x0000000089500000, 0x0000000089400000| Untracked 
| 119|0x0000000089500000, 0x0000000089600000, 0x0000000089600000|100%| O|  |TAMS 0x0000000089600000, 0x0000000089500000| Untracked 
| 120|0x0000000089600000, 0x0000000089700000, 0x0000000089700000|100%| O|  |TAMS 0x0000000089700000, 0x0000000089600000| Untracked 
| 121|0x0000000089700000, 0x0000000089800000, 0x0000000089800000|100%| O|  |TAMS 0x0000000089800000, 0x0000000089700000| Untracked 
| 122|0x0000000089800000, 0x0000000089900000, 0x0000000089900000|100%| O|  |TAMS 0x0000000089900000, 0x0000000089800000| Untracked 
| 123|0x0000000089900000, 0x0000000089a00000, 0x0000000089a00000|100%| O|  |TAMS 0x0000000089a00000, 0x0000000089900000| Untracked 
| 124|0x0000000089a00000, 0x0000000089b00000, 0x0000000089b00000|100%| O|  |TAMS 0x0000000089b00000, 0x0000000089a00000| Untracked 
| 125|0x0000000089b00000, 0x0000000089c00000, 0x0000000089c00000|100%| O|  |TAMS 0x0000000089c00000, 0x0000000089b00000| Untracked 
| 126|0x0000000089c00000, 0x0000000089d00000, 0x0000000089d00000|100%| O|  |TAMS 0x0000000089d00000, 0x0000000089c00000| Untracked 
| 127|0x0000000089d00000, 0x0000000089e00000, 0x0000000089e00000|100%| O|  |TAMS 0x0000000089e00000, 0x0000000089d00000| Untracked 
| 128|0x0000000089e00000, 0x0000000089f00000, 0x0000000089f00000|100%| O|  |TAMS 0x0000000089f00000, 0x0000000089e00000| Untracked 
| 129|0x0000000089f00000, 0x000000008a000000, 0x000000008a000000|100%| O|  |TAMS 0x000000008a000000, 0x0000000089f00000| Untracked 
| 130|0x000000008a000000, 0x000000008a100000, 0x000000008a100000|100%| O|  |TAMS 0x000000008a100000, 0x000000008a000000| Untracked 
| 131|0x000000008a100000, 0x000000008a200000, 0x000000008a200000|100%| O|  |TAMS 0x000000008a200000, 0x000000008a100000| Untracked 
| 132|0x000000008a200000, 0x000000008a300000, 0x000000008a300000|100%| O|  |TAMS 0x000000008a300000, 0x000000008a200000| Untracked 
| 133|0x000000008a300000, 0x000000008a400000, 0x000000008a400000|100%| O|  |TAMS 0x000000008a400000, 0x000000008a300000| Untracked 
| 134|0x000000008a400000, 0x000000008a500000, 0x000000008a500000|100%| O|  |TAMS 0x000000008a500000, 0x000000008a400000| Untracked 
| 135|0x000000008a500000, 0x000000008a600000, 0x000000008a600000|100%| O|  |TAMS 0x000000008a600000, 0x000000008a500000| Untracked 
| 136|0x000000008a600000, 0x000000008a700000, 0x000000008a700000|100%| O|  |TAMS 0x000000008a700000, 0x000000008a600000| Untracked 
| 137|0x000000008a700000, 0x000000008a800000, 0x000000008a800000|100%| O|  |TAMS 0x000000008a800000, 0x000000008a700000| Untracked 
| 138|0x000000008a800000, 0x000000008a900000, 0x000000008a900000|100%| O|  |TAMS 0x000000008a900000, 0x000000008a800000| Untracked 
| 139|0x000000008a900000, 0x000000008aa00000, 0x000000008aa00000|100%| O|  |TAMS 0x000000008aa00000, 0x000000008a900000| Untracked 
| 140|0x000000008aa00000, 0x000000008ab00000, 0x000000008ab00000|100%| O|  |TAMS 0x000000008ab00000, 0x000000008aa00000| Untracked 
| 141|0x000000008ab00000, 0x000000008ac00000, 0x000000008ac00000|100%| O|  |TAMS 0x000000008ac00000, 0x000000008ab00000| Untracked 
| 142|0x000000008ac00000, 0x000000008ad00000, 0x000000008ad00000|100%| O|  |TAMS 0x000000008ad00000, 0x000000008ac00000| Untracked 
| 143|0x000000008ad00000, 0x000000008ae00000, 0x000000008ae00000|100%| O|  |TAMS 0x000000008ae00000, 0x000000008ad00000| Untracked 
| 144|0x000000008ae00000, 0x000000008af00000, 0x000000008af00000|100%| O|  |TAMS 0x000000008af00000, 0x000000008ae00000| Untracked 
| 145|0x000000008af00000, 0x000000008b000000, 0x000000008b000000|100%| O|  |TAMS 0x000000008b000000, 0x000000008af00000| Untracked 
| 146|0x000000008b000000, 0x000000008b100000, 0x000000008b100000|100%| O|  |TAMS 0x000000008b100000, 0x000000008b000000| Untracked 
| 147|0x000000008b100000, 0x000000008b200000, 0x000000008b200000|100%| O|  |TAMS 0x000000008b200000, 0x000000008b100000| Untracked 
| 148|0x000000008b200000, 0x000000008b300000, 0x000000008b300000|100%| O|  |TAMS 0x000000008b300000, 0x000000008b200000| Untracked 
| 149|0x000000008b300000, 0x000000008b400000, 0x000000008b400000|100%| O|  |TAMS 0x000000008b400000, 0x000000008b300000| Untracked 
| 150|0x000000008b400000, 0x000000008b500000, 0x000000008b500000|100%| O|  |TAMS 0x000000008b500000, 0x000000008b400000| Untracked 
| 151|0x000000008b500000, 0x000000008b600000, 0x000000008b600000|100%| O|  |TAMS 0x000000008b600000, 0x000000008b500000| Untracked 
| 152|0x000000008b600000, 0x000000008b700000, 0x000000008b700000|100%| O|  |TAMS 0x000000008b700000, 0x000000008b600000| Untracked 
| 153|0x000000008b700000, 0x000000008b800000, 0x000000008b800000|100%| O|  |TAMS 0x000000008b800000, 0x000000008b700000| Untracked 
| 154|0x000000008b800000, 0x000000008b900000, 0x000000008b900000|100%| O|  |TAMS 0x000000008b900000, 0x000000008b800000| Untracked 
| 155|0x000000008b900000, 0x000000008ba00000, 0x000000008ba00000|100%| O|  |TAMS 0x000000008ba00000, 0x000000008b900000| Untracked 
| 156|0x000000008ba00000, 0x000000008bb00000, 0x000000008bb00000|100%| O|  |TAMS 0x000000008bb00000, 0x000000008ba00000| Untracked 
| 157|0x000000008bb00000, 0x000000008bc00000, 0x000000008bc00000|100%| O|  |TAMS 0x000000008bb5ba00, 0x000000008bb00000| Untracked 
| 158|0x000000008bc00000, 0x000000008bd00000, 0x000000008bd00000|100%| O|  |TAMS 0x000000008bc00000, 0x000000008bc00000| Untracked 
| 159|0x000000008bd00000, 0x000000008be00000, 0x000000008be00000|100%| O|  |TAMS 0x000000008bd00000, 0x000000008bd00000| Untracked 
| 160|0x000000008be00000, 0x000000008bf00000, 0x000000008bf00000|100%| O|  |TAMS 0x000000008be00000, 0x000000008be00000| Untracked 
| 161|0x000000008bf00000, 0x000000008c000000, 0x000000008c000000|100%| O|  |TAMS 0x000000008bf00000, 0x000000008bf00000| Untracked 
| 162|0x000000008c000000, 0x000000008c100000, 0x000000008c100000|100%| O|  |TAMS 0x000000008c000000, 0x000000008c000000| Untracked 
| 163|0x000000008c100000, 0x000000008c200000, 0x000000008c200000|100%| O|  |TAMS 0x000000008c100000, 0x000000008c100000| Untracked 
| 164|0x000000008c200000, 0x000000008c300000, 0x000000008c300000|100%| O|  |TAMS 0x000000008c200000, 0x000000008c200000| Untracked 
| 165|0x000000008c300000, 0x000000008c400000, 0x000000008c400000|100%| O|  |TAMS 0x000000008c300000, 0x000000008c300000| Untracked 
| 166|0x000000008c400000, 0x000000008c500000, 0x000000008c500000|100%| O|  |TAMS 0x000000008c400000, 0x000000008c400000| Untracked 
| 167|0x000000008c500000, 0x000000008c572400, 0x000000008c600000| 44%| O|  |TAMS 0x000000008c500000, 0x000000008c500000| Untracked 
| 168|0x000000008c600000, 0x000000008c600000, 0x000000008c700000|  0%| F|  |TAMS 0x000000008c600000, 0x000000008c600000| Untracked 
| 169|0x000000008c700000, 0x000000008c700000, 0x000000008c800000|  0%| F|  |TAMS 0x000000008c700000, 0x000000008c700000| Untracked 
| 170|0x000000008c800000, 0x000000008c800000, 0x000000008c900000|  0%| F|  |TAMS 0x000000008c800000, 0x000000008c800000| Untracked 
| 171|0x000000008c900000, 0x000000008c900000, 0x000000008ca00000|  0%| F|  |TAMS 0x000000008c900000, 0x000000008c900000| Untracked 
| 172|0x000000008ca00000, 0x000000008ca00000, 0x000000008cb00000|  0%| F|  |TAMS 0x000000008ca00000, 0x000000008ca00000| Untracked 
| 173|0x000000008cb00000, 0x000000008cb00000, 0x000000008cc00000|  0%| F|  |TAMS 0x000000008cb00000, 0x000000008cb00000| Untracked 
| 174|0x000000008cc00000, 0x000000008cc00000, 0x000000008cd00000|  0%| F|  |TAMS 0x000000008cc00000, 0x000000008cc00000| Untracked 
| 175|0x000000008cd00000, 0x000000008cd00000, 0x000000008ce00000|  0%| F|  |TAMS 0x000000008cd00000, 0x000000008cd00000| Untracked 
| 176|0x000000008ce00000, 0x000000008ce00000, 0x000000008cf00000|  0%| F|  |TAMS 0x000000008ce00000, 0x000000008ce00000| Untracked 
| 177|0x000000008cf00000, 0x000000008cf00000, 0x000000008d000000|  0%| F|  |TAMS 0x000000008cf00000, 0x000000008cf00000| Untracked 
| 178|0x000000008d000000, 0x000000008d000000, 0x000000008d100000|  0%| F|  |TAMS 0x000000008d000000, 0x000000008d000000| Untracked 
| 179|0x000000008d100000, 0x000000008d100000, 0x000000008d200000|  0%| F|  |TAMS 0x000000008d100000, 0x000000008d100000| Untracked 
| 180|0x000000008d200000, 0x000000008d200000, 0x000000008d300000|  0%| F|  |TAMS 0x000000008d200000, 0x000000008d200000| Untracked 
| 181|0x000000008d300000, 0x000000008d300000, 0x000000008d400000|  0%| F|  |TAMS 0x000000008d300000, 0x000000008d300000| Untracked 
| 182|0x000000008d400000, 0x000000008d400000, 0x000000008d500000|  0%| F|  |TAMS 0x000000008d400000, 0x000000008d400000| Untracked 
| 183|0x000000008d500000, 0x000000008d500000, 0x000000008d600000|  0%| F|  |TAMS 0x000000008d500000, 0x000000008d500000| Untracked 
| 184|0x000000008d600000, 0x000000008d600000, 0x000000008d700000|  0%| F|  |TAMS 0x000000008d600000, 0x000000008d600000| Untracked 
| 185|0x000000008d700000, 0x000000008d700000, 0x000000008d800000|  0%| F|  |TAMS 0x000000008d700000, 0x000000008d700000| Untracked 
| 186|0x000000008d800000, 0x000000008d800000, 0x000000008d900000|  0%| F|  |TAMS 0x000000008d800000, 0x000000008d800000| Untracked 
| 187|0x000000008d900000, 0x000000008d900000, 0x000000008da00000|  0%| F|  |TAMS 0x000000008d900000, 0x000000008d900000| Untracked 
| 188|0x000000008da00000, 0x000000008da00000, 0x000000008db00000|  0%| F|  |TAMS 0x000000008da00000, 0x000000008da00000| Untracked 
| 189|0x000000008db00000, 0x000000008db00000, 0x000000008dc00000|  0%| F|  |TAMS 0x000000008db00000, 0x000000008db00000| Untracked 
| 190|0x000000008dc00000, 0x000000008dc00000, 0x000000008dd00000|  0%| F|  |TAMS 0x000000008dc00000, 0x000000008dc00000| Untracked 
| 191|0x000000008dd00000, 0x000000008dd00000, 0x000000008de00000|  0%| F|  |TAMS 0x000000008dd00000, 0x000000008dd00000| Untracked 
| 192|0x000000008de00000, 0x000000008de00000, 0x000000008df00000|  0%| F|  |TAMS 0x000000008de00000, 0x000000008de00000| Untracked 
| 193|0x000000008df00000, 0x000000008df00000, 0x000000008e000000|  0%| F|  |TAMS 0x000000008df00000, 0x000000008df00000| Untracked 
| 194|0x000000008e000000, 0x000000008e000000, 0x000000008e100000|  0%| F|  |TAMS 0x000000008e000000, 0x000000008e000000| Untracked 
| 195|0x000000008e100000, 0x000000008e100000, 0x000000008e200000|  0%| F|  |TAMS 0x000000008e100000, 0x000000008e100000| Untracked 
| 196|0x000000008e200000, 0x000000008e200000, 0x000000008e300000|  0%| F|  |TAMS 0x000000008e200000, 0x000000008e200000| Untracked 
| 197|0x000000008e300000, 0x000000008e300000, 0x000000008e400000|  0%| F|  |TAMS 0x000000008e300000, 0x000000008e300000| Untracked 
| 198|0x000000008e400000, 0x000000008e400000, 0x000000008e500000|  0%| F|  |TAMS 0x000000008e400000, 0x000000008e400000| Untracked 
| 199|0x000000008e500000, 0x000000008e500000, 0x000000008e600000|  0%| F|  |TAMS 0x000000008e500000, 0x000000008e500000| Untracked 
| 200|0x000000008e600000, 0x000000008e600000, 0x000000008e700000|  0%| F|  |TAMS 0x000000008e600000, 0x000000008e600000| Untracked 
| 201|0x000000008e700000, 0x000000008e700000, 0x000000008e800000|  0%| F|  |TAMS 0x000000008e700000, 0x000000008e700000| Untracked 
| 202|0x000000008e800000, 0x000000008e800000, 0x000000008e900000|  0%| F|  |TAMS 0x000000008e800000, 0x000000008e800000| Untracked 
| 203|0x000000008e900000, 0x000000008e900000, 0x000000008ea00000|  0%| F|  |TAMS 0x000000008e900000, 0x000000008e900000| Untracked 
| 204|0x000000008ea00000, 0x000000008ea00000, 0x000000008eb00000|  0%| F|  |TAMS 0x000000008ea00000, 0x000000008ea00000| Untracked 
| 205|0x000000008eb00000, 0x000000008eb00000, 0x000000008ec00000|  0%| F|  |TAMS 0x000000008eb00000, 0x000000008eb00000| Untracked 
| 206|0x000000008ec00000, 0x000000008ec00000, 0x000000008ed00000|  0%| F|  |TAMS 0x000000008ec00000, 0x000000008ec00000| Untracked 
| 207|0x000000008ed00000, 0x000000008ed00000, 0x000000008ee00000|  0%| F|  |TAMS 0x000000008ed00000, 0x000000008ed00000| Untracked 
| 208|0x000000008ee00000, 0x000000008ee00000, 0x000000008ef00000|  0%| F|  |TAMS 0x000000008ee00000, 0x000000008ee00000| Untracked 
| 209|0x000000008ef00000, 0x000000008ef00000, 0x000000008f000000|  0%| F|  |TAMS 0x000000008ef00000, 0x000000008ef00000| Untracked 
| 210|0x000000008f000000, 0x000000008f000000, 0x000000008f100000|  0%| F|  |TAMS 0x000000008f000000, 0x000000008f000000| Untracked 
| 211|0x000000008f100000, 0x000000008f100000, 0x000000008f200000|  0%| F|  |TAMS 0x000000008f100000, 0x000000008f100000| Untracked 
| 212|0x000000008f200000, 0x000000008f200000, 0x000000008f300000|  0%| F|  |TAMS 0x000000008f200000, 0x000000008f200000| Untracked 
| 213|0x000000008f300000, 0x000000008f300000, 0x000000008f400000|  0%| F|  |TAMS 0x000000008f300000, 0x000000008f300000| Untracked 
| 214|0x000000008f400000, 0x000000008f400000, 0x000000008f500000|  0%| F|  |TAMS 0x000000008f400000, 0x000000008f400000| Untracked 
| 215|0x000000008f500000, 0x000000008f500000, 0x000000008f600000|  0%| F|  |TAMS 0x000000008f500000, 0x000000008f500000| Untracked 
| 216|0x000000008f600000, 0x000000008f600000, 0x000000008f700000|  0%| F|  |TAMS 0x000000008f600000, 0x000000008f600000| Untracked 
| 217|0x000000008f700000, 0x000000008f700000, 0x000000008f800000|  0%| F|  |TAMS 0x000000008f700000, 0x000000008f700000| Untracked 
| 218|0x000000008f800000, 0x000000008f800000, 0x000000008f900000|  0%| F|  |TAMS 0x000000008f800000, 0x000000008f800000| Untracked 
| 219|0x000000008f900000, 0x000000008f900000, 0x000000008fa00000|  0%| F|  |TAMS 0x000000008f900000, 0x000000008f900000| Untracked 
| 220|0x000000008fa00000, 0x000000008fa00000, 0x000000008fb00000|  0%| F|  |TAMS 0x000000008fa00000, 0x000000008fa00000| Untracked 
| 221|0x000000008fb00000, 0x000000008fb00000, 0x000000008fc00000|  0%| F|  |TAMS 0x000000008fb00000, 0x000000008fb00000| Untracked 
| 222|0x000000008fc00000, 0x000000008fc00000, 0x000000008fd00000|  0%| F|  |TAMS 0x000000008fc00000, 0x000000008fc00000| Untracked 
| 223|0x000000008fd00000, 0x000000008fd00000, 0x000000008fe00000|  0%| F|  |TAMS 0x000000008fd00000, 0x000000008fd00000| Untracked 
| 224|0x000000008fe00000, 0x000000008fe00000, 0x000000008ff00000|  0%| F|  |TAMS 0x000000008fe00000, 0x000000008fe00000| Untracked 
| 225|0x000000008ff00000, 0x000000008ff00000, 0x0000000090000000|  0%| F|  |TAMS 0x000000008ff00000, 0x000000008ff00000| Untracked 
| 226|0x0000000090000000, 0x0000000090000000, 0x0000000090100000|  0%| F|  |TAMS 0x0000000090000000, 0x0000000090000000| Untracked 
| 227|0x0000000090100000, 0x0000000090100000, 0x0000000090200000|  0%| F|  |TAMS 0x0000000090100000, 0x0000000090100000| Untracked 
| 228|0x0000000090200000, 0x0000000090200000, 0x0000000090300000|  0%| F|  |TAMS 0x0000000090200000, 0x0000000090200000| Untracked 
| 229|0x0000000090300000, 0x0000000090300000, 0x0000000090400000|  0%| F|  |TAMS 0x0000000090300000, 0x0000000090300000| Untracked 
| 230|0x0000000090400000, 0x0000000090400000, 0x0000000090500000|  0%| F|  |TAMS 0x0000000090400000, 0x0000000090400000| Untracked 
| 231|0x0000000090500000, 0x0000000090500000, 0x0000000090600000|  0%| F|  |TAMS 0x0000000090500000, 0x0000000090500000| Untracked 
| 232|0x0000000090600000, 0x0000000090600000, 0x0000000090700000|  0%| F|  |TAMS 0x0000000090600000, 0x0000000090600000| Untracked 
| 233|0x0000000090700000, 0x0000000090700000, 0x0000000090800000|  0%| F|  |TAMS 0x0000000090700000, 0x0000000090700000| Untracked 
| 234|0x0000000090800000, 0x0000000090800000, 0x0000000090900000|  0%| F|  |TAMS 0x0000000090800000, 0x0000000090800000| Untracked 
| 235|0x0000000090900000, 0x0000000090900000, 0x0000000090a00000|  0%| F|  |TAMS 0x0000000090900000, 0x0000000090900000| Untracked 
| 236|0x0000000090a00000, 0x0000000090a00000, 0x0000000090b00000|  0%| F|  |TAMS 0x0000000090a00000, 0x0000000090a00000| Untracked 
| 237|0x0000000090b00000, 0x0000000090b00000, 0x0000000090c00000|  0%| F|  |TAMS 0x0000000090b00000, 0x0000000090b00000| Untracked 
| 238|0x0000000090c00000, 0x0000000090c00000, 0x0000000090d00000|  0%| F|  |TAMS 0x0000000090c00000, 0x0000000090c00000| Untracked 
| 239|0x0000000090d00000, 0x0000000090d00000, 0x0000000090e00000|  0%| F|  |TAMS 0x0000000090d00000, 0x0000000090d00000| Untracked 
| 240|0x0000000090e00000, 0x0000000090e00000, 0x0000000090f00000|  0%| F|  |TAMS 0x0000000090e00000, 0x0000000090e00000| Untracked 
| 241|0x0000000090f00000, 0x0000000090f00000, 0x0000000091000000|  0%| F|  |TAMS 0x0000000090f00000, 0x0000000090f00000| Untracked 
| 242|0x0000000091000000, 0x0000000091000000, 0x0000000091100000|  0%| F|  |TAMS 0x0000000091000000, 0x0000000091000000| Untracked 
| 243|0x0000000091100000, 0x0000000091100000, 0x0000000091200000|  0%| F|  |TAMS 0x0000000091100000, 0x0000000091100000| Untracked 
| 244|0x0000000091200000, 0x0000000091200000, 0x0000000091300000|  0%| F|  |TAMS 0x0000000091200000, 0x0000000091200000| Untracked 
| 245|0x0000000091300000, 0x0000000091300000, 0x0000000091400000|  0%| F|  |TAMS 0x0000000091300000, 0x0000000091300000| Untracked 
| 246|0x0000000091400000, 0x0000000091500000, 0x0000000091500000|100%| S|CS|TAMS 0x0000000091400000, 0x0000000091400000| Complete 
| 247|0x0000000091500000, 0x0000000091600000, 0x0000000091600000|100%| S|CS|TAMS 0x0000000091500000, 0x0000000091500000| Complete 
| 248|0x0000000091600000, 0x0000000091700000, 0x0000000091700000|100%| S|CS|TAMS 0x0000000091600000, 0x0000000091600000| Complete 
| 249|0x0000000091700000, 0x0000000091800000, 0x0000000091800000|100%| S|CS|TAMS 0x0000000091700000, 0x0000000091700000| Complete 
| 250|0x0000000091800000, 0x0000000091900000, 0x0000000091900000|100%| S|CS|TAMS 0x0000000091800000, 0x0000000091800000| Complete 
| 251|0x0000000091900000, 0x0000000091900000, 0x0000000091a00000|  0%| F|  |TAMS 0x0000000091900000, 0x0000000091900000| Untracked 
| 252|0x0000000091a00000, 0x0000000091a00000, 0x0000000091b00000|  0%| F|  |TAMS 0x0000000091a00000, 0x0000000091a00000| Untracked 
| 253|0x0000000091b00000, 0x0000000091b00000, 0x0000000091c00000|  0%| F|  |TAMS 0x0000000091b00000, 0x0000000091b00000| Untracked 
| 254|0x0000000091c00000, 0x0000000091c00000, 0x0000000091d00000|  0%| F|  |TAMS 0x0000000091c00000, 0x0000000091c00000| Untracked 
| 255|0x0000000091d00000, 0x0000000091d00000, 0x0000000091e00000|  0%| F|  |TAMS 0x0000000091d00000, 0x0000000091d00000| Untracked 
| 256|0x0000000091e00000, 0x0000000091e00000, 0x0000000091f00000|  0%| F|  |TAMS 0x0000000091e00000, 0x0000000091e00000| Untracked 
| 257|0x0000000091f00000, 0x0000000091f00000, 0x0000000092000000|  0%| F|  |TAMS 0x0000000091f00000, 0x0000000091f00000| Untracked 
| 258|0x0000000092000000, 0x0000000092000000, 0x0000000092100000|  0%| F|  |TAMS 0x0000000092000000, 0x0000000092000000| Untracked 
| 259|0x0000000092100000, 0x0000000092100000, 0x0000000092200000|  0%| F|  |TAMS 0x0000000092100000, 0x0000000092100000| Untracked 
| 260|0x0000000092200000, 0x0000000092200000, 0x0000000092300000|  0%| F|  |TAMS 0x0000000092200000, 0x0000000092200000| Untracked 
| 261|0x0000000092300000, 0x0000000092300000, 0x0000000092400000|  0%| F|  |TAMS 0x0000000092300000, 0x0000000092300000| Untracked 
| 262|0x0000000092400000, 0x0000000092400000, 0x0000000092500000|  0%| F|  |TAMS 0x0000000092400000, 0x0000000092400000| Untracked 
| 263|0x0000000092500000, 0x0000000092500000, 0x0000000092600000|  0%| F|  |TAMS 0x0000000092500000, 0x0000000092500000| Untracked 
| 264|0x0000000092600000, 0x0000000092600000, 0x0000000092700000|  0%| F|  |TAMS 0x0000000092600000, 0x0000000092600000| Untracked 
| 265|0x0000000092700000, 0x0000000092700000, 0x0000000092800000|  0%| F|  |TAMS 0x0000000092700000, 0x0000000092700000| Untracked 
| 266|0x0000000092800000, 0x0000000092800000, 0x0000000092900000|  0%| F|  |TAMS 0x0000000092800000, 0x0000000092800000| Untracked 
| 267|0x0000000092900000, 0x0000000092900000, 0x0000000092a00000|  0%| F|  |TAMS 0x0000000092900000, 0x0000000092900000| Untracked 
| 268|0x0000000092a00000, 0x0000000092a00000, 0x0000000092b00000|  0%| F|  |TAMS 0x0000000092a00000, 0x0000000092a00000| Untracked 
| 269|0x0000000092b00000, 0x0000000092b85cc0, 0x0000000092c00000| 52%| E|  |TAMS 0x0000000092b00000, 0x0000000092b00000| Complete 
| 270|0x0000000092c00000, 0x0000000092d00000, 0x0000000092d00000|100%| E|CS|TAMS 0x0000000092c00000, 0x0000000092c00000| Complete 
| 271|0x0000000092d00000, 0x0000000092e00000, 0x0000000092e00000|100%| E|CS|TAMS 0x0000000092d00000, 0x0000000092d00000| Complete 
| 272|0x0000000092e00000, 0x0000000092f00000, 0x0000000092f00000|100%| E|CS|TAMS 0x0000000092e00000, 0x0000000092e00000| Complete 
| 273|0x0000000092f00000, 0x0000000093000000, 0x0000000093000000|100%| E|CS|TAMS 0x0000000092f00000, 0x0000000092f00000| Complete 
| 274|0x0000000093000000, 0x0000000093100000, 0x0000000093100000|100%| E|CS|TAMS 0x0000000093000000, 0x0000000093000000| Complete 
| 275|0x0000000093100000, 0x0000000093200000, 0x0000000093200000|100%| E|CS|TAMS 0x0000000093100000, 0x0000000093100000| Complete 
| 276|0x0000000093200000, 0x0000000093300000, 0x0000000093300000|100%| E|CS|TAMS 0x0000000093200000, 0x0000000093200000| Complete 
| 277|0x0000000093300000, 0x0000000093400000, 0x0000000093400000|100%| E|CS|TAMS 0x0000000093300000, 0x0000000093300000| Complete 
| 278|0x0000000093400000, 0x0000000093500000, 0x0000000093500000|100%| E|CS|TAMS 0x0000000093400000, 0x0000000093400000| Complete 
| 279|0x0000000093500000, 0x0000000093600000, 0x0000000093600000|100%| E|CS|TAMS 0x0000000093500000, 0x0000000093500000| Complete 

Card table byte_map: [0x000001aed8480000,0x000001aed8880000] _byte_map_base: 0x000001aed8071000

Marking Bits (Prev, Next): (CMBitMap*) 0x000001aec09375b8, (CMBitMap*) 0x000001aec0937578
 Prev Bits: [0x000001aedac10000, 0x000001aedcb98000)
 Next Bits: [0x000001aed8c80000, 0x000001aedac08000)

Polling page: 0x000001aebe780000

Metaspace:

Usage:
  Non-class:      8.61 MB capacity,     8.50 MB ( 99%) used,    97.42 KB (  1%) free+waste,    14.56 KB ( <1%) overhead. 
      Class:    720.00 KB capacity,   643.98 KB ( 89%) used,    69.02 KB ( 10%) free+waste,     7.00 KB ( <1%) overhead. 
       Both:      9.31 MB capacity,     9.13 MB ( 98%) used,   166.45 KB (  2%) free+waste,    21.56 KB ( <1%) overhead. 

Virtual space:
  Non-class space:       10.00 MB reserved,       8.75 MB ( 88%) committed 
      Class space:        1.00 GB reserved,     768.00 KB ( <1%) committed 
             Both:        1.01 GB reserved,       9.50 MB ( <1%) committed 

Chunk freelists:
   Non-Class:  83.00 KB
       Class:  16.00 KB
        Both:  99.00 KB

MaxMetaspaceSize: 17179869184.00 GB
CompressedClassSpaceSize: 1.00 GB

CodeHeap 'non-profiled nmethods': size=120000Kb used=909Kb max_used=909Kb free=119090Kb
 bounds [0x000001aed0b50000, 0x000001aed0dc0000, 0x000001aed8080000]
CodeHeap 'profiled nmethods': size=120000Kb used=3594Kb max_used=3594Kb free=116405Kb
 bounds [0x000001aec9620000, 0x000001aec99b0000, 0x000001aed0b50000]
CodeHeap 'non-nmethods': size=5760Kb used=1696Kb max_used=1710Kb free=4063Kb
 bounds [0x000001aec9080000, 0x000001aec92f0000, 0x000001aec9620000]
 total_blobs=3710 nmethods=1782 adapters=1025
 compilation: enabled
              stopped_count=0, restarted_count=0
 full_count=0

Compilation events (20 events):
Event: 5.252 Thread 0x000001af65e87000 nmethod 1774 0x000001aed0c32d10 code [0x000001aed0c32e80, 0x000001aed0c32ed8]
Event: 5.253 Thread 0x000001aedf9f1800 nmethod 1772 0x000001aec9996b90 code [0x000001aec9997220, 0x000001aec999b068]
Event: 5.253 Thread 0x000001aedf9f1800 1773       3       java.lang.ClassLoader::checkPackageAccess (102 bytes)
Event: 5.255 Thread 0x000001aedf9f1800 nmethod 1773 0x000001aec999cb10 code [0x000001aec999ce00, 0x000001aec999dcf8]
Event: 5.255 Thread 0x000001aedf9f1800 1775       3       sun.invoke.util.BytecodeDescriptor::unparse (37 bytes)
Event: 5.255 Thread 0x000001aedf9f1800 nmethod 1775 0x000001aec999e310 code [0x000001aec999e540, 0x000001aec999ec38]
Event: 5.256 Thread 0x000001aedf9f1800 1776       3       java.io.FilterInputStream::read (9 bytes)
Event: 5.256 Thread 0x000001aedf9f1800 nmethod 1776 0x000001aec999ee90 code [0x000001aec999f040, 0x000001aec999f228]
Event: 5.256 Thread 0x000001aedf9f1800 1777       3       java.io.FilterInputStream::read (11 bytes)
Event: 5.257 Thread 0x000001aedf9f1800 nmethod 1777 0x000001aec999f310 code [0x000001aec999f4c0, 0x000001aec999f6a8]
Event: 5.261 Thread 0x000001aedf9f1800 1778       3       sun.nio.ch.FileChannelImpl::ensureOpen (16 bytes)
Event: 5.261 Thread 0x000001aedf9f1800 nmethod 1778 0x000001aec999f790 code [0x000001aec999f940, 0x000001aec999fbc8]
Event: 5.261 Thread 0x000001aedf9f1800 1779   !   3       sun.nio.ch.NativeThreadSet::add (155 bytes)
Event: 5.262 Thread 0x000001aedf9f1800 nmethod 1779 0x000001aec999fd10 code [0x000001aec999fee0, 0x000001aec99a05e8]
Event: 5.262 Thread 0x000001aedf9f1800 1780   !   3       sun.nio.ch.NativeThreadSet::remove (50 bytes)
Event: 5.262 Thread 0x000001aedf9f1800 nmethod 1780 0x000001aec99a0890 code [0x000001aec99a0a40, 0x000001aec99a0e08]
Event: 5.262 Thread 0x000001aedf9f1800 1781  s    3       sun.nio.ch.ChannelInputStream::read (77 bytes)
Event: 5.263 Thread 0x000001aedf9f1800 nmethod 1781 0x000001aec99a0f90 code [0x000001aec99a11e0, 0x000001aec99a1e58]
Event: 5.263 Thread 0x000001aedf9f1800 1782   !   3       sun.nio.fs.WindowsNativeDispatcher::CreateFile (41 bytes)
Event: 5.263 Thread 0x000001aedf9f1800 nmethod 1782 0x000001aec99a2290 code [0x000001aec99a2460, 0x000001aec99a2758]

GC Heap History (20 events):
Event: 1.229 GC heap before
{Heap before GC invocations=4 (full 0):
 garbage-first heap   total 131072K, used 78544K [0x0000000081e00000, 0x0000000100000000)
  region size 1024K, 15 young (15360K), 4 survivors (4096K)
 Metaspace       used 3955K, capacity 4711K, committed 4864K, reserved 1056768K
  class space    used 360K, capacity 467K, committed 512K, reserved 1048576K
}
Event: 1.235 GC heap after
{Heap after GC invocations=5 (full 0):
 garbage-first heap   total 157696K, used 78992K [0x0000000081e00000, 0x0000000100000000)
  region size 1024K, 3 young (3072K), 3 survivors (3072K)
 Metaspace       used 3955K, capacity 4711K, committed 4864K, reserved 1056768K
  class space    used 360K, capacity 467K, committed 512K, reserved 1048576K
}
Event: 1.421 GC heap before
{Heap before GC invocations=6 (full 0):
 garbage-first heap   total 158720K, used 113808K [0x0000000081e00000, 0x0000000100000000)
  region size 1024K, 23 young (23552K), 3 survivors (3072K)
 Metaspace       used 3957K, capacity 4711K, committed 4864K, reserved 1056768K
  class space    used 360K, capacity 467K, committed 512K, reserved 1048576K
}
Event: 1.424 GC heap after
{Heap after GC invocations=7 (full 0):
 garbage-first heap   total 158720K, used 99616K [0x0000000081e00000, 0x0000000100000000)
  region size 1024K, 3 young (3072K), 3 survivors (3072K)
 Metaspace       used 3957K, capacity 4711K, committed 4864K, reserved 1056768K
  class space    used 360K, capacity 467K, committed 512K, reserved 1048576K
}
Event: 1.480 GC heap before
{Heap before GC invocations=7 (full 0):
 garbage-first heap   total 158720K, used 113952K [0x0000000081e00000, 0x0000000100000000)
  region size 1024K, 18 young (18432K), 3 survivors (3072K)
 Metaspace       used 3993K, capacity 4711K, committed 4864K, reserved 1056768K
  class space    used 360K, capacity 467K, committed 512K, reserved 1048576K
}
Event: 1.485 GC heap after
{Heap after GC invocations=8 (full 0):
 garbage-first heap   total 158720K, used 113364K [0x0000000081e00000, 0x0000000100000000)
  region size 1024K, 3 young (3072K), 3 survivors (3072K)
 Metaspace       used 3993K, capacity 4711K, committed 4864K, reserved 1056768K
  class space    used 360K, capacity 467K, committed 512K, reserved 1048576K
}
Event: 1.522 GC heap before
{Heap before GC invocations=9 (full 0):
 garbage-first heap   total 193536K, used 121556K [0x0000000081e00000, 0x0000000100000000)
  region size 1024K, 12 young (12288K), 3 survivors (3072K)
 Metaspace       used 3993K, capacity 4711K, committed 4864K, reserved 1056768K
  class space    used 360K, capacity 467K, committed 512K, reserved 1048576K
}
Event: 1.525 GC heap after
{Heap after GC invocations=10 (full 0):
 garbage-first heap   total 193536K, used 121554K [0x0000000081e00000, 0x0000000100000000)
  region size 1024K, 2 young (2048K), 2 survivors (2048K)
 Metaspace       used 3993K, capacity 4711K, committed 4864K, reserved 1056768K
  class space    used 360K, capacity 467K, committed 512K, reserved 1048576K
}
Event: 1.594 GC heap before
{Heap before GC invocations=10 (full 0):
 garbage-first heap   total 193536K, used 137938K [0x0000000081e00000, 0x0000000100000000)
  region size 1024K, 19 young (19456K), 2 survivors (2048K)
 Metaspace       used 4002K, capacity 4711K, committed 4864K, reserved 1056768K
  class space    used 360K, capacity 467K, committed 512K, reserved 1048576K
}
Event: 1.601 GC heap after
{Heap after GC invocations=11 (full 0):
 garbage-first heap   total 232448K, used 137360K [0x0000000081e00000, 0x0000000100000000)
  region size 1024K, 3 young (3072K), 3 survivors (3072K)
 Metaspace       used 4002K, capacity 4711K, committed 4864K, reserved 1056768K
  class space    used 360K, capacity 467K, committed 512K, reserved 1048576K
}
Event: 1.892 GC heap before
{Heap before GC invocations=12 (full 0):
 garbage-first heap   total 234496K, used 158864K [0x0000000081e00000, 0x0000000100000000)
  region size 1024K, 25 young (25600K), 3 survivors (3072K)
 Metaspace       used 4065K, capacity 4775K, committed 4864K, reserved 1056768K
  class space    used 360K, capacity 467K, committed 512K, reserved 1048576K
}
Event: 1.899 GC heap after
{Heap after GC invocations=13 (full 0):
 garbage-first heap   total 234496K, used 153888K [0x0000000081e00000, 0x0000000100000000)
  region size 1024K, 4 young (4096K), 4 survivors (4096K)
 Metaspace       used 4065K, capacity 4775K, committed 4864K, reserved 1056768K
  class space    used 360K, capacity 467K, committed 512K, reserved 1048576K
}
Event: 2.374 GC heap before
{Heap before GC invocations=13 (full 0):
 garbage-first heap   total 234496K, used 171296K [0x0000000081e00000, 0x0000000100000000)
  region size 1024K, 22 young (22528K), 4 survivors (4096K)
 Metaspace       used 4205K, capacity 4775K, committed 4864K, reserved 1056768K
  class space    used 364K, capacity 467K, committed 512K, reserved 1048576K
}
Event: 2.378 GC heap after
{Heap after GC invocations=14 (full 0):
 garbage-first heap   total 234496K, used 159588K [0x0000000081e00000, 0x0000000100000000)
  region size 1024K, 3 young (3072K), 3 survivors (3072K)
 Metaspace       used 4205K, capacity 4775K, committed 4864K, reserved 1056768K
  class space    used 364K, capacity 467K, committed 512K, reserved 1048576K
}
Event: 2.800 GC heap before
{Heap before GC invocations=15 (full 0):
 garbage-first heap   total 268288K, used 174948K [0x0000000081e00000, 0x0000000100000000)
  region size 1024K, 19 young (19456K), 3 survivors (3072K)
 Metaspace       used 4296K, capacity 4775K, committed 4864K, reserved 1056768K
  class space    used 364K, capacity 467K, committed 512K, reserved 1048576K
}
Event: 2.803 GC heap after
{Heap after GC invocations=16 (full 0):
 garbage-first heap   total 268288K, used 164206K [0x0000000081e00000, 0x0000000100000000)
  region size 1024K, 3 young (3072K), 3 survivors (3072K)
 Metaspace       used 4296K, capacity 4775K, committed 4864K, reserved 1056768K
  class space    used 364K, capacity 467K, committed 512K, reserved 1048576K
}
Event: 3.704 GC heap before
{Heap before GC invocations=16 (full 0):
 garbage-first heap   total 268288K, used 192878K [0x0000000081e00000, 0x0000000100000000)
  region size 1024K, 32 young (32768K), 3 survivors (3072K)
 Metaspace       used 4426K, capacity 4775K, committed 4864K, reserved 1056768K
  class space    used 364K, capacity 467K, committed 512K, reserved 1048576K
}
Event: 3.708 GC heap after
{Heap after GC invocations=17 (full 0):
 garbage-first heap   total 268288K, used 170962K [0x0000000081e00000, 0x0000000100000000)
  region size 1024K, 4 young (4096K), 4 survivors (4096K)
 Metaspace       used 4426K, capacity 4775K, committed 4864K, reserved 1056768K
  class space    used 364K, capacity 467K, committed 512K, reserved 1048576K
}
Event: 5.031 GC heap before
{Heap before GC invocations=18 (full 0):
 garbage-first heap   total 286720K, used 200658K [0x0000000081e00000, 0x0000000100000000)
  region size 1024K, 33 young (33792K), 4 survivors (4096K)
 Metaspace       used 7790K, capacity 7986K, committed 8192K, reserved 1056768K
  class space    used 590K, capacity 652K, committed 768K, reserved 1048576K
}
Event: 5.039 GC heap after
{Heap after GC invocations=19 (full 0):
 garbage-first heap   total 286720K, used 176585K [0x0000000081e00000, 0x0000000100000000)
  region size 1024K, 5 young (5120K), 5 survivors (5120K)
 Metaspace       used 7790K, capacity 7986K, committed 8192K, reserved 1056768K
  class space    used 590K, capacity 652K, committed 768K, reserved 1048576K
}

Deoptimization events (20 events):
Event: 4.484 Thread 0x000001aebe90c000 Uncommon trap: trap_request=0xffffffde fr.pc=0x000001aed0bd4a68 relative=0x00000000000004a8
Event: 4.484 Thread 0x000001aebe90c000 Uncommon trap: reason=class_check action=maybe_recompile pc=0x000001aed0bd4a68 method=java.util.HashMap.getNode(ILjava/lang/Object;)Ljava/util/HashMap$Node; @ 59 c2
Event: 4.484 Thread 0x000001aebe90c000 DEOPT PACKING pc=0x000001aed0bd4a68 sp=0x0000001c238fdbc0
Event: 4.484 Thread 0x000001aebe90c000 DEOPT UNPACKING pc=0x000001aec90c912f sp=0x0000001c238fdad8 mode 2
Event: 4.736 Thread 0x000001aebe90c000 Uncommon trap: trap_request=0xffffff45 fr.pc=0x000001aed0c10c80 relative=0x0000000000000100
Event: 4.736 Thread 0x000001aebe90c000 Uncommon trap: reason=unstable_if action=reinterpret pc=0x000001aed0c10c80 method=sun.net.www.ParseUtil.firstEncodeIndex(Ljava/lang/String;)I @ 51 c2
Event: 4.736 Thread 0x000001aebe90c000 DEOPT PACKING pc=0x000001aed0c10c80 sp=0x0000001c238fddf0
Event: 4.736 Thread 0x000001aebe90c000 DEOPT UNPACKING pc=0x000001aec90c912f sp=0x0000001c238fdd78 mode 2
Event: 4.739 Thread 0x000001aebe90c000 Uncommon trap: trap_request=0xffffffde fr.pc=0x000001aed0bcb11c relative=0x00000000000003dc
Event: 4.739 Thread 0x000001aebe90c000 Uncommon trap: reason=class_check action=maybe_recompile pc=0x000001aed0bcb11c method=java.util.HashMap.getNode(ILjava/lang/Object;)Ljava/util/HashMap$Node; @ 59 c2
Event: 4.739 Thread 0x000001aebe90c000 DEOPT PACKING pc=0x000001aed0bcb11c sp=0x0000001c238fdae0
Event: 4.739 Thread 0x000001aebe90c000 DEOPT UNPACKING pc=0x000001aec90c912f sp=0x0000001c238fda70 mode 2
Event: 4.835 Thread 0x000001aebe90c000 Uncommon trap: trap_request=0xffffff45 fr.pc=0x000001aed0c1a494 relative=0x00000000000008f4
Event: 4.836 Thread 0x000001aebe90c000 Uncommon trap: reason=unstable_if action=reinterpret pc=0x000001aed0c1a494 method=java.util.jar.JarFile.getVersionedEntry(Ljava/lang/String;Ljava/util/jar/JarEntry;)Ljava/util/jar/JarEntry; @ 67 c2
Event: 4.836 Thread 0x000001aebe90c000 DEOPT PACKING pc=0x000001aed0c1a494 sp=0x0000001c238fd8d0
Event: 4.836 Thread 0x000001aebe90c000 DEOPT UNPACKING pc=0x000001aec90c912f sp=0x0000001c238fd868 mode 2
Event: 5.148 Thread 0x000001aebe90c000 Uncommon trap: trap_request=0xffffff54 fr.pc=0x000001aed0c23d90 relative=0x0000000000000070
Event: 5.148 Thread 0x000001aebe90c000 Uncommon trap: reason=speculate_null_assert action=make_not_entrant pc=0x000001aed0c23d90 method=sun.misc.Unsafe.putLong(Ljava/lang/Object;JJ)V @ 7 c2
Event: 5.148 Thread 0x000001aebe90c000 DEOPT PACKING pc=0x000001aed0c23d90 sp=0x0000001c238feba0
Event: 5.148 Thread 0x000001aebe90c000 DEOPT UNPACKING pc=0x000001aec90c912f sp=0x0000001c238feb18 mode 2

Classes unloaded (0 events):
No events

Classes redefined (0 events):
No events

Internal exceptions (20 events):
Event: 0.613 Thread 0x000001aebe90c000 Exception <a 'java/io/FileNotFoundException'{0x00000000893ad5b8}> (0x00000000893ad5b8) 
thrown [t:/workspace/open/src/hotspot/share/prims/jni.cpp, line 599]
Event: 0.648 Thread 0x000001aebe90c000 Exception <a 'java/lang/NoSuchMethodError'{0x0000000089236e38}: 'java.lang.Object java.lang.invoke.DirectMethodHandle$Holder.invokeStaticInit(java.lang.Object, int, int, int, int)'> (0x0000000089236e38) 
thrown [t:/workspace/open/src/hotspot/share/interpreter/linkResolver.cpp, line 766]
Event: 0.722 Thread 0x000001aebe90c000 Exception <a 'java/lang/NoSuchMethodError'{0x00000000892c1ee0}: 'java.lang.Object java.lang.invoke.DirectMethodHandle$Holder.invokeStaticInit(java.lang.Object, java.lang.Object, int, int, int, int)'> (0x00000000892c1ee0) 
thrown [t:/workspace/open/src/hotspot/share/interpreter/linkResolver.cpp, line 766]
Event: 4.350 Thread 0x000001aebe90c000 Exception <a 'java/lang/NoSuchMethodError'{0x00000000926457d0}: 'void java.lang.invoke.DelegatingMethodHandle$Holder.delegate(java.lang.Object, java.lang.Object, int, java.lang.Object)'> (0x00000000926457d0) 
thrown [t:/workspace/open/src/hotspot/share/interpreter/linkResolver.cpp, line 766]
Event: 4.355 Thread 0x000001aebe90c000 Exception <a 'java/lang/NoSuchMethodError'{0x000000009264c3e8}: 'java.lang.Object java.lang.invoke.DirectMethodHandle$Holder.invokeStaticInit(java.lang.Object, java.lang.Object, java.lang.Object)'> (0x000000009264c3e8) 
thrown [t:/workspace/open/src/hotspot/share/interpreter/linkResolver.cpp, line 766]
Event: 4.418 Thread 0x000001aebe90c000 Exception <a 'sun/nio/fs/WindowsException'{0x00000000926c68d0}> (0x00000000926c68d0) 
thrown [t:/workspace/open/src/hotspot/share/prims/jni.cpp, line 599]
Event: 4.418 Thread 0x000001aebe90c000 Exception <a 'sun/nio/fs/WindowsException'{0x00000000926c6c60}> (0x00000000926c6c60) 
thrown [t:/workspace/open/src/hotspot/share/prims/jni.cpp, line 599]
Event: 4.456 Thread 0x000001aebe90c000 Exception <a 'sun/nio/fs/WindowsException'{0x000000009257b848}> (0x000000009257b848) 
thrown [t:/workspace/open/src/hotspot/share/prims/jni.cpp, line 599]
Event: 4.456 Thread 0x000001aebe90c000 Exception <a 'sun/nio/fs/WindowsException'{0x000000009257bc20}> (0x000000009257bc20) 
thrown [t:/workspace/open/src/hotspot/share/prims/jni.cpp, line 599]
Event: 4.488 Thread 0x000001aebe90c000 Exception <a 'sun/nio/fs/WindowsException'{0x0000000092453e90}> (0x0000000092453e90) 
thrown [t:/workspace/open/src/hotspot/share/prims/jni.cpp, line 599]
Event: 4.488 Thread 0x000001aebe90c000 Exception <a 'sun/nio/fs/WindowsException'{0x0000000092454238}> (0x0000000092454238) 
thrown [t:/workspace/open/src/hotspot/share/prims/jni.cpp, line 599]
Event: 4.647 Thread 0x000001aebe90c000 Exception <a 'java/lang/NoSuchMethodError'{0x000000009249a830}: 'void java.lang.invoke.DirectMethodHandle$Holder.invokeStaticInit(java.lang.Object, long, double, double)'> (0x000000009249a830) 
thrown [t:/workspace/open/src/hotspot/share/interpreter/linkResolver.cpp, line 766]
Event: 4.649 Thread 0x000001aebe90c000 Exception <a 'java/lang/NoSuchMethodError'{0x00000000924b54c8}: 'void java.lang.invoke.DirectMethodHandle$Holder.invokeStaticInit(java.lang.Object, long, int, int, int)'> (0x00000000924b54c8) 
thrown [t:/workspace/open/src/hotspot/share/interpreter/linkResolver.cpp, line 766]
Event: 4.655 Thread 0x000001aebe90c000 Exception <a 'java/lang/NoSuchMethodError'{0x00000000924e6508}: 'void java.lang.invoke.DirectMethodHandle$Holder.invokeStaticInit(java.lang.Object, long, int, int, int, int)'> (0x00000000924e6508) 
thrown [t:/workspace/open/src/hotspot/share/interpreter/linkResolver.cpp, line 766]
Event: 4.743 Thread 0x000001aebe90c000 Exception <a 'sun/nio/fs/WindowsException'{0x000000009226dac0}> (0x000000009226dac0) 
thrown [t:/workspace/open/src/hotspot/share/prims/jni.cpp, line 599]
Event: 4.743 Thread 0x000001aebe90c000 Exception <a 'sun/nio/fs/WindowsException'{0x000000009226dea0}> (0x000000009226dea0) 
thrown [t:/workspace/open/src/hotspot/share/prims/jni.cpp, line 599]
Event: 4.756 Thread 0x000001aebe90c000 Exception <a 'sun/nio/fs/WindowsException'{0x00000000922bb7f0}> (0x00000000922bb7f0) 
thrown [t:/workspace/open/src/hotspot/share/prims/jni.cpp, line 599]
Event: 4.756 Thread 0x000001aebe90c000 Exception <a 'sun/nio/fs/WindowsException'{0x00000000922bbb10}> (0x00000000922bbb10) 
thrown [t:/workspace/open/src/hotspot/share/prims/jni.cpp, line 599]
Event: 5.264 Thread 0x000001aebe90c000 Exception <a 'sun/nio/fs/WindowsException'{0x0000000092b5d120}> (0x0000000092b5d120) 
thrown [t:/workspace/open/src/hotspot/share/prims/jni.cpp, line 599]
Event: 5.264 Thread 0x000001aebe90c000 Exception <a 'sun/nio/fs/WindowsException'{0x0000000092b5d4e0}> (0x0000000092b5d4e0) 
thrown [t:/workspace/open/src/hotspot/share/prims/jni.cpp, line 599]

Events (20 events):
Event: 4.725 Executing VM operation: HandshakeOneThread done
Event: 4.725 Executing VM operation: HandshakeOneThread
Event: 4.725 Executing VM operation: HandshakeOneThread done
Event: 4.749 Loaded shared library C:\Users\Ben Correll\AppData\Local\Temp\lwjglBen Correll\3.2.3-build-13\lwjgl_opengl.dll
Event: 4.827 Thread 0x000001af65e87000 Thread added: 0x000001af65e87000
Event: 4.860 Loaded shared library C:\Users\Ben Correll\AppData\Local\Temp\lwjglBen Correll\3.2.3-build-13\lwjgl.dll
Event: 4.879 Loaded shared library C:\Users\Ben Correll\AppData\Local\Temp\lwjglBen Correll\3.2.3-build-13\lwjgl.dll
Event: 5.030 Executing VM operation: G1CollectForAllocation
Event: 5.039 Executing VM operation: G1CollectForAllocation done
Event: 5.039 Executing VM operation: HandshakeOneThread
Event: 5.039 Executing VM operation: HandshakeOneThread done
Event: 5.122 Loaded shared library C:\Program Files\Java\jdk-14\bin\zip.dll
Event: 5.148 loading class jdk/internal/reflect/UnsafeQualifiedLongFieldAccessorImpl
Event: 5.149 loading class jdk/internal/reflect/UnsafeQualifiedFieldAccessorImpl
Event: 5.149 loading class jdk/internal/reflect/UnsafeQualifiedFieldAccessorImpl done
Event: 5.149 loading class jdk/internal/reflect/UnsafeQualifiedLongFieldAccessorImpl done
Event: 5.229 loading class java/util/regex/Pattern$GroupCurly
Event: 5.229 loading class java/util/regex/Pattern$GroupCurly done
Event: 5.264 Loaded shared library C:\Program Files\Java\jdk-14\bin\nio.dll
Event: 5.267 Loaded shared library C:\Users\Ben Correll\AppData\Local\Temp\lwjglBen Correll\3.2.3-build-13\lwjgl_stb.dll


Dynamic libraries:
0x00007ff626230000 - 0x00007ff62623f000 	C:\Program Files\Java\jdk-14\bin\javaw.exe
0x00007ffe85cc0000 - 0x00007ffe85eb0000 	C:\WINDOWS\SYSTEM32\ntdll.dll
0x00007ffe83e20000 - 0x00007ffe83ed2000 	C:\WINDOWS\System32\KERNEL32.DLL
0x00007ffe83310000 - 0x00007ffe835b3000 	C:\WINDOWS\System32\KERNELBASE.dll
0x00007ffe82e00000 - 0x00007ffe82efa000 	C:\WINDOWS\System32\ucrtbase.dll
0x00007ffe7c470000 - 0x00007ffe7c488000 	C:\Program Files\Java\jdk-14\bin\jli.dll
0x00007ffe84ca0000 - 0x00007ffe84d43000 	C:\WINDOWS\System32\ADVAPI32.dll
0x00007ffe859a0000 - 0x00007ffe85a3e000 	C:\WINDOWS\System32\msvcrt.dll
0x00007ffe85be0000 - 0x00007ffe85c77000 	C:\WINDOWS\System32\sechost.dll
0x00007ffe84330000 - 0x00007ffe84450000 	C:\WINDOWS\System32\RPCRT4.dll
0x00007ffe84040000 - 0x00007ffe841d4000 	C:\WINDOWS\System32\USER32.dll
0x00007ffe83040000 - 0x00007ffe83061000 	C:\WINDOWS\System32\win32u.dll
0x00007ffe858a0000 - 0x00007ffe858c6000 	C:\WINDOWS\System32\GDI32.dll
0x00007ffe83070000 - 0x00007ffe83204000 	C:\WINDOWS\System32\gdi32full.dll
0x00007ffe82f20000 - 0x00007ffe82fbe000 	C:\WINDOWS\System32\msvcp_win.dll
0x00007ffe7c370000 - 0x00007ffe7c385000 	C:\Program Files\Java\jdk-14\bin\VCRUNTIME140.dll
0x00007ffe750e0000 - 0x00007ffe75365000 	C:\WINDOWS\WinSxS\amd64_microsoft.windows.common-controls_6595b64144ccf1df_6.0.18362.778_none_e6c6b761130d4fb8\COMCTL32.dll
0x00007ffe84d50000 - 0x00007ffe85086000 	C:\WINDOWS\System32\combase.dll
0x00007ffe82fc0000 - 0x00007ffe83040000 	C:\WINDOWS\System32\bcryptPrimitives.dll
0x00007ffe76390000 - 0x00007ffe7639a000 	C:\WINDOWS\SYSTEM32\VERSION.dll
0x00007ffe842e0000 - 0x00007ffe8430e000 	C:\WINDOWS\System32\IMM32.DLL
0x00007ffe57e80000 - 0x00007ffe57f1b000 	C:\Program Files\Java\jdk-14\bin\msvcp140.dll
0x00007ffe2a840000 - 0x00007ffe2b35f000 	C:\Program Files\Java\jdk-14\bin\server\jvm.dll
0x00007ffe84310000 - 0x00007ffe84318000 	C:\WINDOWS\System32\PSAPI.DLL
0x00007ffe81b40000 - 0x00007ffe81b49000 	C:\WINDOWS\SYSTEM32\WSOCK32.dll
0x00007ffe85b70000 - 0x00007ffe85bdf000 	C:\WINDOWS\System32\WS2_32.dll
0x00007ffe80750000 - 0x00007ffe80774000 	C:\WINDOWS\SYSTEM32\WINMM.dll
0x00007ffe80720000 - 0x00007ffe8074d000 	C:\WINDOWS\SYSTEM32\winmmbase.dll
0x00007ffe83210000 - 0x00007ffe8325a000 	C:\WINDOWS\System32\cfgmgr32.dll
0x00007ffe82c30000 - 0x00007ffe82c41000 	C:\WINDOWS\System32\kernel.appcore.dll
0x00007ffe7c0d0000 - 0x00007ffe7c0da000 	C:\Program Files\Java\jdk-14\bin\jimage.dll
0x00007ffe81470000 - 0x00007ffe81664000 	C:\WINDOWS\SYSTEM32\DBGHELP.DLL
0x00007ffe715c0000 - 0x00007ffe715ea000 	C:\WINDOWS\SYSTEM32\dbgcore.DLL
0x00007ffe77500000 - 0x00007ffe77525000 	C:\Program Files\Java\jdk-14\bin\java.dll
0x00007ffe70da0000 - 0x00007ffe70db7000 	C:\Program Files\Java\jdk-14\bin\zip.dll
0x00007ffe85150000 - 0x00007ffe85835000 	C:\WINDOWS\System32\SHELL32.dll
0x00007ffe83d70000 - 0x00007ffe83e19000 	C:\WINDOWS\System32\shcore.dll
0x00007ffe835f0000 - 0x00007ffe83d70000 	C:\WINDOWS\System32\windows.storage.dll
0x00007ffe82c00000 - 0x00007ffe82c23000 	C:\WINDOWS\System32\profapi.dll
0x00007ffe82b90000 - 0x00007ffe82bda000 	C:\WINDOWS\System32\powrprof.dll
0x00007ffe82b80000 - 0x00007ffe82b90000 	C:\WINDOWS\System32\UMPDC.dll
0x00007ffe85090000 - 0x00007ffe850e2000 	C:\WINDOWS\System32\shlwapi.dll
0x00007ffe82f00000 - 0x00007ffe82f17000 	C:\WINDOWS\System32\cryptsp.dll
0x00007ffe6e170000 - 0x00007ffe6e189000 	C:\Program Files\Java\jdk-14\bin\net.dll
0x00007ffe76e10000 - 0x00007ffe76f00000 	C:\WINDOWS\SYSTEM32\WINHTTP.dll
0x00007ffe823f0000 - 0x00007ffe82457000 	C:\WINDOWS\system32\mswsock.dll
0x00007ffe6dbb0000 - 0x00007ffe6dbc2000 	C:\Program Files\Java\jdk-14\bin\nio.dll
0x00007ffe7baf0000 - 0x00007ffe7bb00000 	C:\Program Files\Java\jdk-14\bin\verify.dll
0x00007ffe45510000 - 0x00007ffe456a8000 	C:\Program Files\Java\jdk-14\bin\awt.dll
0x00007ffe858d0000 - 0x00007ffe85994000 	C:\WINDOWS\System32\OLEAUT32.dll
0x00007ffe80a20000 - 0x00007ffe80aaf000 	C:\WINDOWS\SYSTEM32\apphelp.dll
0x00007ffe81f60000 - 0x00007ffe81f93000 	C:\WINDOWS\system32\rsaenh.dll
0x00007ffe835c0000 - 0x00007ffe835e6000 	C:\WINDOWS\System32\bcrypt.dll
0x00007ffe82aa0000 - 0x00007ffe82ac5000 	C:\WINDOWS\SYSTEM32\USERENV.dll
0x00007ffe825c0000 - 0x00007ffe825cc000 	C:\WINDOWS\SYSTEM32\CRYPTBASE.dll
0x00007ffe82100000 - 0x00007ffe8213a000 	C:\WINDOWS\SYSTEM32\IPHLPAPI.DLL
0x00007ffe84200000 - 0x00007ffe84208000 	C:\WINDOWS\System32\NSI.dll
0x00007ffe77a60000 - 0x00007ffe77a76000 	C:\WINDOWS\SYSTEM32\dhcpcsvc6.DLL
0x00007ffe77850000 - 0x00007ffe7786c000 	C:\WINDOWS\SYSTEM32\dhcpcsvc.DLL
0x00007ffe82140000 - 0x00007ffe8220a000 	C:\WINDOWS\SYSTEM32\DNSAPI.dll
0x00007ffe70900000 - 0x00007ffe7097f000 	C:\Program Files\Java\jdk-14\bin\mlib_image.dll
0x00007ffe7a6e0000 - 0x00007ffe7a6f1000 	C:\Program Files\Java\jdk-14\bin\jsound.dll
0x00007ffe83ee0000 - 0x00007ffe84037000 	C:\WINDOWS\System32\ole32.dll
0x00007ffe51ac0000 - 0x00007ffe51b59000 	C:\WINDOWS\SYSTEM32\DSOUND.dll
0x00007ffe80b20000 - 0x00007ffe80bb9000 	C:\WINDOWS\system32\uxtheme.dll
0x00007ffe85a40000 - 0x00007ffe85ae2000 	C:\WINDOWS\System32\clbcatq.dll
0x00007ffe7a8d0000 - 0x00007ffe7a942000 	C:\WINDOWS\System32\MMDevApi.dll
0x00007ffe829a0000 - 0x00007ffe829ca000 	C:\WINDOWS\System32\DEVOBJ.dll
0x00007ffe2f330000 - 0x00007ffe2f374000 	C:\WINDOWS\SYSTEM32\wdmaud.drv
0x00007ffe470b0000 - 0x00007ffe470b9000 	C:\WINDOWS\SYSTEM32\ksuser.dll
0x00007ffe7ed80000 - 0x00007ffe7ed8a000 	C:\WINDOWS\SYSTEM32\AVRT.dll
0x00007ffe7abf0000 - 0x00007ffe7ad4d000 	C:\WINDOWS\SYSTEM32\AUDIOSES.DLL
0x00007ffe7ded0000 - 0x00007ffe7e023000 	C:\WINDOWS\SYSTEM32\wintypes.dll
0x00007ffe470a0000 - 0x00007ffe470ad000 	C:\WINDOWS\SYSTEM32\msacm32.drv
0x00007ffe30eb0000 - 0x00007ffe30ecc000 	C:\WINDOWS\SYSTEM32\MSACM32.dll
0x00007ffe3a3d0000 - 0x00007ffe3a3da000 	C:\WINDOWS\SYSTEM32\midimap.dll
0x00007ffe80e50000 - 0x00007ffe80e64000 	C:\WINDOWS\SYSTEM32\resourcepolicyclient.dll
0x00007ffe55a60000 - 0x00007ffe55ac4000 	C:\Users\Ben Correll\AppData\Local\Temp\lwjglBen Correll\3.2.3-build-13\lwjgl.dll
0x00007ffe44a60000 - 0x00007ffe44cb3000 	C:\Users\BENCOR~1\AppData\Local\Temp\lwjglBen Correll\3.2.3-build-13\jemalloc.dll
0x00007ffe555c0000 - 0x00007ffe55622000 	C:\Users\BENCOR~1\AppData\Local\Temp\lwjglBen Correll\3.2.3-build-13\glfw.dll
0x00007ffe67180000 - 0x00007ffe671c3000 	C:\WINDOWS\SYSTEM32\dinput8.dll
0x00007ffe75af0000 - 0x00007ffe75b01000 	C:\WINDOWS\SYSTEM32\xinput1_4.dll
0x00007ffe67f90000 - 0x00007ffe680aa000 	C:\WINDOWS\SYSTEM32\inputhost.dll
0x00007ffe802d0000 - 0x00007ffe803a4000 	C:\WINDOWS\SYSTEM32\CoreMessaging.dll
0x00007ffe7f180000 - 0x00007ffe7f26f000 	C:\WINDOWS\SYSTEM32\PROPSYS.dll
0x00007ffe7e4b0000 - 0x00007ffe7e7da000 	C:\WINDOWS\SYSTEM32\CoreUIComponents.dll
0x00007ffe81be0000 - 0x00007ffe81c11000 	C:\WINDOWS\SYSTEM32\ntmarta.dll
0x00007ffe80f40000 - 0x00007ffe80f6d000 	C:\WINDOWS\SYSTEM32\dwmapi.dll
0x00007ffe84450000 - 0x00007ffe84586000 	C:\WINDOWS\System32\MSCTF.dll
0x00007ffe813b0000 - 0x00007ffe813be000 	C:\WINDOWS\SYSTEM32\HID.DLL
0x00007ffe84610000 - 0x00007ffe84a80000 	C:\WINDOWS\System32\SETUPAPI.DLL
0x00007ffe82da0000 - 0x00007ffe82dfc000 	C:\WINDOWS\System32\WINTRUST.dll
0x00007ffe82be0000 - 0x00007ffe82bf2000 	C:\WINDOWS\System32\MSASN1.dll
0x00007ffe82c50000 - 0x00007ffe82d99000 	C:\WINDOWS\System32\CRYPT32.dll
0x00007ffe62f00000 - 0x00007ffe63056000 	C:\WINDOWS\SYSTEM32\opengl32.dll
0x00007ffe727d0000 - 0x00007ffe727fc000 	C:\WINDOWS\SYSTEM32\GLU32.dll
0x00007ffe817e0000 - 0x00007ffe81800000 	C:\WINDOWS\SYSTEM32\dxcore.dll
0x00007ffe3c2b0000 - 0x00007ffe3cfc8000 	C:\WINDOWS\SYSTEM32\ig8icd64.dll
0x00007ffe81670000 - 0x00007ffe81683000 	C:\WINDOWS\SYSTEM32\WTSAPI32.dll
0x00007ffe77ea0000 - 0x00007ffe788df000 	C:\WINDOWS\SYSTEM32\igdusc64.dll
0x00007ffe81870000 - 0x00007ffe8195b000 	C:\WINDOWS\SYSTEM32\dxgi.dll
0x00007ffe7fa00000 - 0x00007ffe7fc5b000 	C:\WINDOWS\SYSTEM32\d3d11.dll
0x00007ffe78e20000 - 0x00007ffe79d7d000 	C:\WINDOWS\SYSTEM32\igd10iumd64.dll
0x00007ffe826c0000 - 0x00007ffe826e6000 	C:\WINDOWS\SYSTEM32\ncrypt.dll
0x00007ffe82680000 - 0x00007ffe826bb000 	C:\WINDOWS\SYSTEM32\NTASN1.dll
0x00007ffe685c0000 - 0x00007ffe6865e000 	C:\WINDOWS\System32\TextInputFramework.dll
0x00007ffe73a70000 - 0x00007ffe73d16000 	C:\WINDOWS\System32\iertutil.dll
0x00007ffe54540000 - 0x00007ffe54599000 	C:\Users\Ben Correll\AppData\Local\Temp\lwjglBen Correll\3.2.3-build-13\lwjgl_opengl.dll
0x00007ffe54000000 - 0x00007ffe54077000 	C:\Users\Ben Correll\AppData\Local\Temp\lwjglBen Correll\3.2.3-build-13\lwjgl_stb.dll

dbghelp: loaded successfully - version: 4.0.5 - missing functions: none
symbol engine: initialized successfully - sym options: 0x614 - pdb path: .;C:\Program Files\Java\jdk-14\bin;C:\WINDOWS\SYSTEM32;C:\WINDOWS\WinSxS\amd64_microsoft.windows.common-controls_6595b64144ccf1df_6.0.18362.778_none_e6c6b761130d4fb8;C:\Program Files\Java\jdk-14\bin\server;C:\Users\Ben Correll\AppData\Local\Temp\lwjglBen Correll\3.2.3-build-13;C:\Users\BENCOR~1\AppData\Local\Temp\lwjglBen Correll\3.2.3-build-13

VM Arguments:
jvm_args: -ea -Dfile.encoding=UTF-8 
java_command: main.Loader
java_class_path (initial): C:\Users\Ben Correll\Documents\GitHub\sonic-fan-game\Sonic Fan Game\bin;C:\Users\Ben Correll\Documents\GitHub\sonic-fan-game\Sonic Fan Game\json-simple-1.1.1.jar;C:\Users\Ben Correll\Documents\GitHub\sonic-fan-game\Sonic Fan Game\joml-1.9.24.jar;C:\Users\Ben Correll\Documents\GitHub\sonic-fan-game\Sonic Fan Game\LWJGL3\lwjgl.jar;C:\Users\Ben Correll\Documents\GitHub\sonic-fan-game\Sonic Fan Game\LWJGL3\lwjgl-assimp.jar;C:\Users\Ben Correll\Documents\GitHub\sonic-fan-game\Sonic Fan Game\LWJGL3\lwjgl-assimp-javadoc.jar;C:\Users\Ben Correll\Documents\GitHub\sonic-fan-game\Sonic Fan Game\LWJGL3\lwjgl-assimp-natives-windows.jar;C:\Users\Ben Correll\Documents\GitHub\sonic-fan-game\Sonic Fan Game\LWJGL3\lwjgl-assimp-sources.jar;C:\Users\Ben Correll\Documents\GitHub\sonic-fan-game\Sonic Fan Game\LWJGL3\lwjgl-bgfx.jar;C:\Users\Ben Correll\Documents\GitHub\sonic-fan-game\Sonic Fan Game\LWJGL3\lwjgl-bgfx-javadoc.jar;C:\Users\Ben Correll\Documents\GitHub\sonic-fan-game\Sonic Fan Game\LWJGL3\lwjgl-bgfx-natives-windows.jar;C:\Users\Ben Correll\Documents\GitHub\sonic-fan-game\Sonic Fan Game\LWJGL3\lwjgl-bgfx-sources.jar;C:\Users\Ben Correll\Documents\GitHub\sonic-fan-game\Sonic Fan Game\LWJGL3\lwjgl-cuda.jar;C:\Users\Ben Correll\Documents\GitHub\sonic-fan-game\Sonic Fan Game\LWJGL3\lwjgl-cuda-javadoc.jar;C:\Users\Ben Correll\Documents\GitHub\sonic-fan-game\Sonic Fan Game\LWJGL3\lwjgl-cuda-sources.jar;C:\Users\Ben Correll\Documents\GitHub\sonic-fan-game\Sonic Fan Game\LWJGL3\lwjgl-egl.jar;C:\Users\Ben Correll\Documents\GitHub\sonic-fan-game\Sonic Fan Game\LWJGL3\lwjgl-egl-javadoc.jar;C:\Users\Ben Correll\Documents\GitHub\sonic-fan-game\Sonic Fan Game\LWJGL3\lwjgl-egl-sources.jar;C:\Users\Ben Correll\Documents\GitHub\sonic-fan-game\Sonic Fan Game\LWJGL3\lwjgl-glfw.jar;C:\Users\Ben Correll\Documents\GitHub\sonic-fan-game\Sonic Fan Game\LWJGL3\lwjgl-glfw-javadoc.jar;C:\Users\Ben Correll\Documents\GitHub\sonic-fan-game\Sonic Fan Game\LWJGL3\lwjgl-glfw-nativ
Launcher Type: SUN_STANDARD

[Global flags]
     intx CICompilerCount                          = 3                                         {product} {ergonomic}
     uint ConcGCThreads                            = 1                                         {product} {ergonomic}
     uint G1ConcRefinementThreads                  = 4                                         {product} {ergonomic}
   size_t G1HeapRegionSize                         = 1048576                                   {product} {ergonomic}
    uintx GCDrainStackTargetSize                   = 64                                        {product} {ergonomic}
   size_t InitialHeapSize                          = 134217728                                 {product} {ergonomic}
   size_t MarkStackSize                            = 4194304                                   {product} {ergonomic}
   size_t MaxHeapSize                              = 2116026368                                {product} {ergonomic}
   size_t MaxNewSize                               = 1268776960                                {product} {ergonomic}
   size_t MinHeapDeltaBytes                        = 1048576                                   {product} {ergonomic}
   size_t MinHeapSize                              = 8388608                                   {product} {ergonomic}
    uintx NonNMethodCodeHeapSize                   = 5832780                                {pd product} {ergonomic}
    uintx NonProfiledCodeHeapSize                  = 122912730                              {pd product} {ergonomic}
    uintx ProfiledCodeHeapSize                     = 122912730                              {pd product} {ergonomic}
    uintx ReservedCodeCacheSize                    = 251658240                              {pd product} {ergonomic}
     bool SegmentedCodeCache                       = true                                      {product} {ergonomic}
   size_t SoftMaxHeapSize                          = 2116026368                             {manageable} {ergonomic}
     bool UseCompressedClassPointers               = true                                 {lp64_product} {ergonomic}
     bool UseCompressedOops                        = true                                 {lp64_product} {ergonomic}
     bool UseG1GC                                  = true                                      {product} {ergonomic}
     bool UseLargePagesIndividualAllocation        = false                                  {pd product} {ergonomic}

Logging:
Log output configuration:
 #0: stdout all=warning uptime,level,tags
 #1: stderr all=off uptime,level,tags

Environment Variables:
PATH=C:/Program Files/Java/jdk-14/bin/server;C:/Program Files/Java/jdk-14/bin;C:\CEdev\bin;C:\Users\Ben\Desktop\CEPROR~1\CEdev\bin;C:\WINDOWS\system32;C:\WINDOWS;C:\WINDOWS\System32\Wbem;C:\WINDOWS\System32\WindowsPowerShell\v1.0\;C:\WINDOWS\System32\OpenSSH\;C:\Program Files\dotnet\;c:\Program Files (x86)\Microsoft SQL Server\100\Tools\Binn\;c:\Program Files\Microsoft SQL Server\100\Tools\Binn\;c:\Program Files\Microsoft SQL Server\100\DTS\Binn\;C:\Program Files\Microsoft SQL Server\130\Tools\Binn\;C:\Program Files\Microsoft SQL Server\Client SDK\ODBC\170\Tools\Binn\;C:\Program Files\nodejs\;C:\Program Files\Java\jdk-14\bin;C:\Program Files\Git\cmd;C:\Users\Ben Correll\AppData\Local\Microsoft\WindowsApps;C:\Users\Ben Correll\AppData\Local\GitHubDesktop\bin;C:\Users\Ben Correll\AppData\Roaming\npm;C:\Users\Ben Correll\AppData\Local\Programs\Microsoft VS Code\bin;C:\Users\Ben Correll\Desktop\eclipse-java-2020-03-R-win32-x86_64;
USERNAME=Ben Correll
OS=Windows_NT
PROCESSOR_IDENTIFIER=Intel64 Family 6 Model 61 Stepping 4, GenuineIntel



---------------  S Y S T E M  ---------------

OS: Windows 10 , 64 bit Build 18362 (10.0.18362.778)
OS uptime: 23 days 1:11 hours

CPU:total 4 (initial active 4) (2 cores per cpu, 2 threads per core) family 6 model 61 stepping 4, cmov, cx8, fxsr, mmx, sse, sse2, sse3, ssse3, sse4.1, sse4.2, popcnt, avx, avx2, aes, clmul, erms, rtm, 3dnowpref, lzcnt, ht, tsc, tscinvbit, bmi1, bmi2, adx, fma

Memory: 4k page, system-wide physical 8064M (1307M free)
TotalPageFile size 18622M (AvailPageFile size 4887M)
current process WorkingSet (physical memory assigned to process): 452M, peak: 452M
current process commit charge ("private bytes"): 533M, peak: 533M

vm_info: Java HotSpot(TM) 64-Bit Server VM (14+36-1461) for windows-amd64 JRE (14+36-1461), built on Feb  6 2020 19:08:04 by "mach5one" with MS VC++ 15.9 (VS2017)

END.
