#
# A fatal error has been detected by the Java Runtime Environment:
#
#  EXCEPTION_ACCESS_VIOLATION (0xc0000005) at pc=0x00007ffe85cd6ab6, pid=52640, tid=62400
#
# JRE version: Java(TM) SE Runtime Environment (14.0+36) (build 14+36-1461)
# Java VM: Java HotSpot(TM) 64-Bit Server VM (14+36-1461, mixed mode, sharing, tiered, compressed oops, g1 gc, windows-amd64)
# Problematic frame:
# C  [ntdll.dll+0x16ab6]
#
# No core dump will be written. Minidumps are not enabled by default on client versions of Windows
#
# If you would like to submit a bug report, please visit:
#   https://bugreport.java.com/bugreport/crash.jsp
# The crash happened outside the Java Virtual Machine in native code.
# See problematic frame for where to report the bug.
#

---------------  S U M M A R Y ------------

Command Line: -ea -Dfile.encoding=UTF-8 main.Loader2

Host: Intel(R) Core(TM) i5-5300U CPU @ 2.30GHz, 4 cores, 7G,  Windows 10 , 64 bit Build 18362 (10.0.18362.778)
Time: Sat May  9 12:53:50 2020 US Eastern Daylight Time elapsed time: 0 seconds (0d 0h 0m 0s)

---------------  T H R E A D  ---------------

Current thread (0x0000023b2b828800):  JavaThread "main" [_thread_in_native, id=62400, stack(0x0000006c87600000,0x0000006c87700000)]

Stack: [0x0000006c87600000,0x0000006c87700000],  sp=0x0000006c876fe768,  free space=1017k
Native frames: (J=compiled Java code, j=interpreted, Vv=VM code, C=native code)
C  [ntdll.dll+0x16ab6]

Java frames: (J=compiled Java code, j=interpreted, Vv=VM code)
j  org.lwjgl.system.JNI.invokePPPP(IIJJJJ)J+0
j  org.lwjgl.glfw.GLFW.nglfwCreateWindow(IIJJJ)J+14
j  org.lwjgl.glfw.GLFW.glfwCreateWindow(IILjava/lang/CharSequence;JJ)J+37
j  main.Window.init()V+62
j  main.Window.run()V+1
j  main.Loader2.main([Ljava/lang/String;)V+5
v  ~StubRoutines::call_stub

siginfo: EXCEPTION_ACCESS_VIOLATION (0xc0000005), reading address 0x0000000000000091


Register to memory mapping:

RIP=0x00007ffe85cd6ab6 ntdll.dll
RAX=0x0 is NULL
RBX=0x0000006c876fe7f0 is pointing into the stack for thread: 0x0000023b2b828800
RCX=0x0000006c876fe790 is pointing into the stack for thread: 0x0000023b2b828800
RDX=0x0000000000000091 is an unknown value
RSP=0x0000006c876fe768 is pointing into the stack for thread: 0x0000023b2b828800
RBP=0x0 is NULL
RSI=0x00000000000000dc is an unknown value
RDI=0x0000006c876fe960 is pointing into the stack for thread: 0x0000023b2b828800
R8 =0x0 is NULL
R9 =0x0000000000000004 is an unknown value
R10=0x0000023b29750000 points into unknown readable memory: 00 00 00 00 00 00 00 00
R11=0x0000006c876fe7f0 is pointing into the stack for thread: 0x0000023b2b828800
R12=
[error occurred during error reporting (printing register info), id 0xc0000005, EXCEPTION_ACCESS_VIOLATION (0xc0000005) at pc=0x00007ffe1fc21c74]

Registers:
RAX=0x0000000000000000, RBX=0x0000006c876fe7f0, RCX=0x0000006c876fe790, RDX=0x0000000000000091
RSP=0x0000006c876fe768, RBP=0x0000000000000000, RSI=0x00000000000000dc, RDI=0x0000006c876fe960
R8 =0x0000000000000000, R9 =0x0000000000000004, R10=0x0000023b29750000, R11=0x0000006c876fe7f0
R12=0x00000000ffffffff, R13=0x0000000000000000, R14=0x0000000000000000, R15=0x0000000000000004
RIP=0x00007ffe85cd6ab6, EFLAGS=0x0000000000010256

Top of Stack: (sp=0x0000006c876fe768)
0x0000006c876fe768:   00007ffe8405cae5 0000000000000001
0x0000006c876fe778:   0000000000000010 0000000000000049
0x0000006c876fe788:   0000023b4b014140 0000000000000000
0x0000006c876fe798:   0000000000000091 0000023b2b828800
0x0000006c876fe7a8:   0000000000040008 0000023b4a4a25c0
0x0000006c876fe7b8:   0000000000000000 0000006c876fe960
0x0000006c876fe7c8:   00007ffe55b89ba0 0000000000000001
0x0000006c876fe7d8:   00000000000000dc 0000006c876fe964
0x0000006c876fe7e8:   0000023b29750328 0000000000000000
0x0000006c876fe7f8:   0000000000000000 0000000000000000
0x0000006c876fe808:   0000000000000000 0000000000000000
0x0000006c876fe818:   0000000000000000 0000000000000000
0x0000006c876fe828:   0000000000000000 000000dc00000000
0x0000006c876fe838:   0000000000000000 0000000000000000
0x0000006c876fe848:   0000000000000000 0000000000000000
0x0000006c876fe858:   0000000000000000 0000000000000000 

Instructions: (pc=0x00007ffe85cd6ab6)
0x00007ffe85cd69b6:   00 04 b0 01 89 0e 48 8b 8c 24 d0 00 00 00 48 33
0x00007ffe85cd69c6:   cc e8 64 57 07 00 4c 8d 9c 24 e0 00 00 00 49 8b
0x00007ffe85cd69d6:   5b 20 49 8b 73 28 49 8b e3 5f c3 41 b8 03 00 00
0x00007ffe85cd69e6:   00 48 8d 4c 24 20 48 8b d6 e8 9c 03 00 00 85 c0
0x00007ffe85cd69f6:   40 0f 99 c7 40 8a c7 eb bd e8 cc 58 07 00 cc cc
0x00007ffe85cd6a06:   cc cc cc cc cc cc 48 8b c4 48 89 58 08 48 89 68
0x00007ffe85cd6a16:   10 48 89 70 18 48 89 78 20 41 56 48 83 ec 20 45
0x00007ffe85cd6a26:   33 f6 48 8b f2 48 8b d9 48 85 c9 74 42 48 85 d2
0x00007ffe85cd6a36:   74 3d 41 8b fe 66 44 3b 71 06 73 33 41 8b ee 48
0x00007ffe85cd6a46:   8b 43 10 48 0f bf 0c 28 48 8b 43 18 48 8d 0c 48
0x00007ffe85cd6a56:   48 3b ce 74 1f 48 8b d6 e8 ed 70 07 00 85 c0 74
0x00007ffe85cd6a66:   13 0f b7 43 06 ff c7 48 83 c5 02 3b f8 7c d0 83
0x00007ffe85cd6a76:   c8 ff eb 02 8b c7 48 8b 5c 24 30 48 8b 6c 24 38
0x00007ffe85cd6a86:   48 8b 74 24 40 48 8b 7c 24 48 48 83 c4 20 41 5e
0x00007ffe85cd6a96:   c3 cc cc cc cc cc cc cc cc cc 45 33 c0 4c 89 01
0x00007ffe85cd6aa6:   48 89 51 08 48 85 d2 74 2b 48 83 c8 ff 48 ff c0
0x00007ffe85cd6ab6:   66 44 39 04 42 75 f6 48 03 c0 ba fc ff 00 00 48
0x00007ffe85cd6ac6:   3d fe ff 00 00 48 0f 43 c2 66 89 01 66 83 c0 02
0x00007ffe85cd6ad6:   66 89 41 02 c3 cc cc cc cc cc cc cc cc cc cc cc
0x00007ffe85cd6ae6:   cc cc cc cc cc cc cc cc cc cc 48 89 5c 24 18 55
0x00007ffe85cd6af6:   56 57 41 56 41 57 48 8d 6c 24 c9 48 81 ec 00 01
0x00007ffe85cd6b06:   00 00 48 8b 05 d1 69 16 00 48 33 c4 48 89 45 27
0x00007ffe85cd6b16:   48 c7 44 24 20 55 00 00 00 41 8a f1 45 8b f0 48
0x00007ffe85cd6b26:   8b fa 8b d9 f7 c1 ff ef ff ff 0f 84 f4 46 09 00
0x00007ffe85cd6b36:   45 33 ff 48 85 d2 0f 84 3a 47 09 00 41 f7 c0 fd
0x00007ffe85cd6b46:   ff ff ff 0f 85 67 46 09 00 45 84 c9 75 0a 4c 39
0x00007ffe85cd6b56:   7a 08 0f 84 1e 47 09 00 81 fb 00 14 00 00 0f 84
0x00007ffe85cd6b66:   56 46 09 00 8d 81 00 fc ff ff a9 ff f7 ff ff 0f
0x00007ffe85cd6b76:   84 c8 46 09 00 4c 39 3d e6 f7 14 00 0f 84 63 46
0x00007ffe85cd6b86:   09 00 81 fb 00 08 00 00 0f 44 1d f3 cf 14 00 8b
0x00007ffe85cd6b96:   cb e8 98 01 00 00 85 c0 0f 88 86 46 09 00 4c 63
0x00007ffe85cd6ba6:   c0 41 f6 c6 02 0f 84 4c 46 09 00 0f ae e8 48 8b 


Stack slot to memory mapping:
stack at sp + 0 slots: 0x00007ffe8405cae5 USER32.dll
stack at sp + 1 slots: 0x0000000000000001 is an unknown value
stack at sp + 2 slots: 0x0000000000000010 is an unknown value
stack at sp + 3 slots: 0x0000000000000049 is an unknown value
stack at sp + 4 slots: 0x0000023b4b014140 points into unknown readable memory: 00 00 00 00 00 00 00 00
stack at sp + 5 slots: 0x0 is NULL
stack at sp + 6 slots: 0x0000000000000091 is an unknown value
stack at sp + 7 slots: 0x0000023b2b828800 is a thread


---------------  P R O C E S S  ---------------

Threads class SMR info:
_java_thread_list=0x0000023b4aa0a8a0, length=11, elements={
0x0000023b2b828800, 0x0000023b49fb9800, 0x0000023b49fbb000, 0x0000023b49fd3800,
0x0000023b49fd6800, 0x0000023b49fd8800, 0x0000023b49fda000, 0x0000023b4a94f800,
0x0000023b4a956000, 0x0000023b4aa28000, 0x0000023b4aa3c800
}

Java Threads: ( => current thread )
=>0x0000023b2b828800 JavaThread "main" [_thread_in_native, id=62400, stack(0x0000006c87600000,0x0000006c87700000)]
  0x0000023b49fb9800 JavaThread "Reference Handler" daemon [_thread_blocked, id=38032, stack(0x0000006c87d00000,0x0000006c87e00000)]
  0x0000023b49fbb000 JavaThread "Finalizer" daemon [_thread_blocked, id=64340, stack(0x0000006c87e00000,0x0000006c87f00000)]
  0x0000023b49fd3800 JavaThread "Signal Dispatcher" daemon [_thread_blocked, id=65120, stack(0x0000006c87f00000,0x0000006c88000000)]
  0x0000023b49fd6800 JavaThread "Attach Listener" daemon [_thread_blocked, id=31820, stack(0x0000006c88000000,0x0000006c88100000)]
  0x0000023b49fd8800 JavaThread "Service Thread" daemon [_thread_blocked, id=19432, stack(0x0000006c88100000,0x0000006c88200000)]
  0x0000023b49fda000 JavaThread "C2 CompilerThread0" daemon [_thread_blocked, id=38472, stack(0x0000006c88200000,0x0000006c88300000)]
  0x0000023b4a94f800 JavaThread "C1 CompilerThread0" daemon [_thread_blocked, id=47968, stack(0x0000006c88300000,0x0000006c88400000)]
  0x0000023b4a956000 JavaThread "Sweeper thread" daemon [_thread_blocked, id=30152, stack(0x0000006c88400000,0x0000006c88500000)]
  0x0000023b4aa28000 JavaThread "Notification Thread" daemon [_thread_blocked, id=31268, stack(0x0000006c88500000,0x0000006c88600000)]
  0x0000023b4aa3c800 JavaThread "Common-Cleaner" daemon [_thread_blocked, id=35876, stack(0x0000006c88700000,0x0000006c88800000)]

Other Threads:
  0x0000023b49fb7000 VMThread "VM Thread" [stack: 0x0000006c87c00000,0x0000006c87d00000] [id=19420]
  0x0000023b4aa2c000 WatcherThread [stack: 0x0000006c88600000,0x0000006c88700000] [id=45872]
  0x0000023b2b869800 GCTaskThread "GC Thread#0" [stack: 0x0000006c87700000,0x0000006c87800000] [id=66716]
  0x0000023b2b87b000 ConcurrentGCThread "G1 Main Marker" [stack: 0x0000006c87800000,0x0000006c87900000] [id=48108]
  0x0000023b2b87d000 ConcurrentGCThread "G1 Conc#0" [stack: 0x0000006c87900000,0x0000006c87a00000] [id=48604]
  0x0000023b2b8e8800 ConcurrentGCThread "G1 Refine#0" [stack: 0x0000006c87a00000,0x0000006c87b00000] [id=61036]
  0x0000023b2b8e9000 ConcurrentGCThread "G1 Young RemSet Sampling" [stack: 0x0000006c87b00000,0x0000006c87c00000] [id=41808]

Threads with active compile tasks:

VM state:not at safepoint (normal execution)

VM Mutex/Monitor currently owned by a thread: None

Heap address: 0x0000000081e00000, size: 2018 MB, Compressed Oops mode: 32-bit
Narrow klass base: 0x0000000800000000, Narrow klass shift: 3
Compressed class space size: 1073741824 Address: 0x0000000800b30000

Heap:
 garbage-first heap   total 131072K, used 8192K [0x0000000081e00000, 0x0000000100000000)
  region size 1024K, 9 young (9216K), 0 survivors (0K)
 Metaspace       used 2308K, capacity 5485K, committed 5632K, reserved 1056768K
  class space    used 171K, capacity 489K, committed 512K, reserved 1048576K
Heap Regions: E=young(eden), S=young(survivor), O=old, HS=humongous(starts), HC=humongous(continues), CS=collection set, F=free, OA=open archive, CA=closed archive, TAMS=top-at-mark-start (previous, next)
|   0|0x0000000081e00000, 0x0000000081e00000, 0x0000000081f00000|  0%| F|  |TAMS 0x0000000081e00000, 0x0000000081e00000| Untracked 
|   1|0x0000000081f00000, 0x0000000081f00000, 0x0000000082000000|  0%| F|  |TAMS 0x0000000081f00000, 0x0000000081f00000| Untracked 
|   2|0x0000000082000000, 0x0000000082000000, 0x0000000082100000|  0%| F|  |TAMS 0x0000000082000000, 0x0000000082000000| Untracked 
|   3|0x0000000082100000, 0x0000000082100000, 0x0000000082200000|  0%| F|  |TAMS 0x0000000082100000, 0x0000000082100000| Untracked 
|   4|0x0000000082200000, 0x0000000082200000, 0x0000000082300000|  0%| F|  |TAMS 0x0000000082200000, 0x0000000082200000| Untracked 
|   5|0x0000000082300000, 0x0000000082300000, 0x0000000082400000|  0%| F|  |TAMS 0x0000000082300000, 0x0000000082300000| Untracked 
|   6|0x0000000082400000, 0x0000000082400000, 0x0000000082500000|  0%| F|  |TAMS 0x0000000082400000, 0x0000000082400000| Untracked 
|   7|0x0000000082500000, 0x0000000082500000, 0x0000000082600000|  0%| F|  |TAMS 0x0000000082500000, 0x0000000082500000| Untracked 
|   8|0x0000000082600000, 0x0000000082600000, 0x0000000082700000|  0%| F|  |TAMS 0x0000000082600000, 0x0000000082600000| Untracked 
|   9|0x0000000082700000, 0x0000000082700000, 0x0000000082800000|  0%| F|  |TAMS 0x0000000082700000, 0x0000000082700000| Untracked 
|  10|0x0000000082800000, 0x0000000082800000, 0x0000000082900000|  0%| F|  |TAMS 0x0000000082800000, 0x0000000082800000| Untracked 
|  11|0x0000000082900000, 0x0000000082900000, 0x0000000082a00000|  0%| F|  |TAMS 0x0000000082900000, 0x0000000082900000| Untracked 
|  12|0x0000000082a00000, 0x0000000082a00000, 0x0000000082b00000|  0%| F|  |TAMS 0x0000000082a00000, 0x0000000082a00000| Untracked 
|  13|0x0000000082b00000, 0x0000000082b00000, 0x0000000082c00000|  0%| F|  |TAMS 0x0000000082b00000, 0x0000000082b00000| Untracked 
|  14|0x0000000082c00000, 0x0000000082c00000, 0x0000000082d00000|  0%| F|  |TAMS 0x0000000082c00000, 0x0000000082c00000| Untracked 
|  15|0x0000000082d00000, 0x0000000082d00000, 0x0000000082e00000|  0%| F|  |TAMS 0x0000000082d00000, 0x0000000082d00000| Untracked 
|  16|0x0000000082e00000, 0x0000000082e00000, 0x0000000082f00000|  0%| F|  |TAMS 0x0000000082e00000, 0x0000000082e00000| Untracked 
|  17|0x0000000082f00000, 0x0000000082f00000, 0x0000000083000000|  0%| F|  |TAMS 0x0000000082f00000, 0x0000000082f00000| Untracked 
|  18|0x0000000083000000, 0x0000000083000000, 0x0000000083100000|  0%| F|  |TAMS 0x0000000083000000, 0x0000000083000000| Untracked 
|  19|0x0000000083100000, 0x0000000083100000, 0x0000000083200000|  0%| F|  |TAMS 0x0000000083100000, 0x0000000083100000| Untracked 
|  20|0x0000000083200000, 0x0000000083200000, 0x0000000083300000|  0%| F|  |TAMS 0x0000000083200000, 0x0000000083200000| Untracked 
|  21|0x0000000083300000, 0x0000000083300000, 0x0000000083400000|  0%| F|  |TAMS 0x0000000083300000, 0x0000000083300000| Untracked 
|  22|0x0000000083400000, 0x0000000083400000, 0x0000000083500000|  0%| F|  |TAMS 0x0000000083400000, 0x0000000083400000| Untracked 
|  23|0x0000000083500000, 0x0000000083500000, 0x0000000083600000|  0%| F|  |TAMS 0x0000000083500000, 0x0000000083500000| Untracked 
|  24|0x0000000083600000, 0x0000000083600000, 0x0000000083700000|  0%| F|  |TAMS 0x0000000083600000, 0x0000000083600000| Untracked 
|  25|0x0000000083700000, 0x0000000083700000, 0x0000000083800000|  0%| F|  |TAMS 0x0000000083700000, 0x0000000083700000| Untracked 
|  26|0x0000000083800000, 0x0000000083800000, 0x0000000083900000|  0%| F|  |TAMS 0x0000000083800000, 0x0000000083800000| Untracked 
|  27|0x0000000083900000, 0x0000000083900000, 0x0000000083a00000|  0%| F|  |TAMS 0x0000000083900000, 0x0000000083900000| Untracked 
|  28|0x0000000083a00000, 0x0000000083a00000, 0x0000000083b00000|  0%| F|  |TAMS 0x0000000083a00000, 0x0000000083a00000| Untracked 
|  29|0x0000000083b00000, 0x0000000083b00000, 0x0000000083c00000|  0%| F|  |TAMS 0x0000000083b00000, 0x0000000083b00000| Untracked 
|  30|0x0000000083c00000, 0x0000000083c00000, 0x0000000083d00000|  0%| F|  |TAMS 0x0000000083c00000, 0x0000000083c00000| Untracked 
|  31|0x0000000083d00000, 0x0000000083d00000, 0x0000000083e00000|  0%| F|  |TAMS 0x0000000083d00000, 0x0000000083d00000| Untracked 
|  32|0x0000000083e00000, 0x0000000083e00000, 0x0000000083f00000|  0%| F|  |TAMS 0x0000000083e00000, 0x0000000083e00000| Untracked 
|  33|0x0000000083f00000, 0x0000000083f00000, 0x0000000084000000|  0%| F|  |TAMS 0x0000000083f00000, 0x0000000083f00000| Untracked 
|  34|0x0000000084000000, 0x0000000084000000, 0x0000000084100000|  0%| F|  |TAMS 0x0000000084000000, 0x0000000084000000| Untracked 
|  35|0x0000000084100000, 0x0000000084100000, 0x0000000084200000|  0%| F|  |TAMS 0x0000000084100000, 0x0000000084100000| Untracked 
|  36|0x0000000084200000, 0x0000000084200000, 0x0000000084300000|  0%| F|  |TAMS 0x0000000084200000, 0x0000000084200000| Untracked 
|  37|0x0000000084300000, 0x0000000084300000, 0x0000000084400000|  0%| F|  |TAMS 0x0000000084300000, 0x0000000084300000| Untracked 
|  38|0x0000000084400000, 0x0000000084400000, 0x0000000084500000|  0%| F|  |TAMS 0x0000000084400000, 0x0000000084400000| Untracked 
|  39|0x0000000084500000, 0x0000000084500000, 0x0000000084600000|  0%| F|  |TAMS 0x0000000084500000, 0x0000000084500000| Untracked 
|  40|0x0000000084600000, 0x0000000084600000, 0x0000000084700000|  0%| F|  |TAMS 0x0000000084600000, 0x0000000084600000| Untracked 
|  41|0x0000000084700000, 0x0000000084700000, 0x0000000084800000|  0%| F|  |TAMS 0x0000000084700000, 0x0000000084700000| Untracked 
|  42|0x0000000084800000, 0x0000000084800000, 0x0000000084900000|  0%| F|  |TAMS 0x0000000084800000, 0x0000000084800000| Untracked 
|  43|0x0000000084900000, 0x0000000084900000, 0x0000000084a00000|  0%| F|  |TAMS 0x0000000084900000, 0x0000000084900000| Untracked 
|  44|0x0000000084a00000, 0x0000000084a00000, 0x0000000084b00000|  0%| F|  |TAMS 0x0000000084a00000, 0x0000000084a00000| Untracked 
|  45|0x0000000084b00000, 0x0000000084b00000, 0x0000000084c00000|  0%| F|  |TAMS 0x0000000084b00000, 0x0000000084b00000| Untracked 
|  46|0x0000000084c00000, 0x0000000084c00000, 0x0000000084d00000|  0%| F|  |TAMS 0x0000000084c00000, 0x0000000084c00000| Untracked 
|  47|0x0000000084d00000, 0x0000000084d00000, 0x0000000084e00000|  0%| F|  |TAMS 0x0000000084d00000, 0x0000000084d00000| Untracked 
|  48|0x0000000084e00000, 0x0000000084e00000, 0x0000000084f00000|  0%| F|  |TAMS 0x0000000084e00000, 0x0000000084e00000| Untracked 
|  49|0x0000000084f00000, 0x0000000084f00000, 0x0000000085000000|  0%| F|  |TAMS 0x0000000084f00000, 0x0000000084f00000| Untracked 
|  50|0x0000000085000000, 0x0000000085000000, 0x0000000085100000|  0%| F|  |TAMS 0x0000000085000000, 0x0000000085000000| Untracked 
|  51|0x0000000085100000, 0x0000000085100000, 0x0000000085200000|  0%| F|  |TAMS 0x0000000085100000, 0x0000000085100000| Untracked 
|  52|0x0000000085200000, 0x0000000085200000, 0x0000000085300000|  0%| F|  |TAMS 0x0000000085200000, 0x0000000085200000| Untracked 
|  53|0x0000000085300000, 0x0000000085300000, 0x0000000085400000|  0%| F|  |TAMS 0x0000000085300000, 0x0000000085300000| Untracked 
|  54|0x0000000085400000, 0x0000000085400000, 0x0000000085500000|  0%| F|  |TAMS 0x0000000085400000, 0x0000000085400000| Untracked 
|  55|0x0000000085500000, 0x0000000085500000, 0x0000000085600000|  0%| F|  |TAMS 0x0000000085500000, 0x0000000085500000| Untracked 
|  56|0x0000000085600000, 0x0000000085600000, 0x0000000085700000|  0%| F|  |TAMS 0x0000000085600000, 0x0000000085600000| Untracked 
|  57|0x0000000085700000, 0x0000000085700000, 0x0000000085800000|  0%| F|  |TAMS 0x0000000085700000, 0x0000000085700000| Untracked 
|  58|0x0000000085800000, 0x0000000085800000, 0x0000000085900000|  0%| F|  |TAMS 0x0000000085800000, 0x0000000085800000| Untracked 
|  59|0x0000000085900000, 0x0000000085900000, 0x0000000085a00000|  0%| F|  |TAMS 0x0000000085900000, 0x0000000085900000| Untracked 
|  60|0x0000000085a00000, 0x0000000085a00000, 0x0000000085b00000|  0%| F|  |TAMS 0x0000000085a00000, 0x0000000085a00000| Untracked 
|  61|0x0000000085b00000, 0x0000000085b00000, 0x0000000085c00000|  0%| F|  |TAMS 0x0000000085b00000, 0x0000000085b00000| Untracked 
|  62|0x0000000085c00000, 0x0000000085c00000, 0x0000000085d00000|  0%| F|  |TAMS 0x0000000085c00000, 0x0000000085c00000| Untracked 
|  63|0x0000000085d00000, 0x0000000085d00000, 0x0000000085e00000|  0%| F|  |TAMS 0x0000000085d00000, 0x0000000085d00000| Untracked 
|  64|0x0000000085e00000, 0x0000000085e00000, 0x0000000085f00000|  0%| F|  |TAMS 0x0000000085e00000, 0x0000000085e00000| Untracked 
|  65|0x0000000085f00000, 0x0000000085f00000, 0x0000000086000000|  0%| F|  |TAMS 0x0000000085f00000, 0x0000000085f00000| Untracked 
|  66|0x0000000086000000, 0x0000000086000000, 0x0000000086100000|  0%| F|  |TAMS 0x0000000086000000, 0x0000000086000000| Untracked 
|  67|0x0000000086100000, 0x0000000086100000, 0x0000000086200000|  0%| F|  |TAMS 0x0000000086100000, 0x0000000086100000| Untracked 
|  68|0x0000000086200000, 0x0000000086200000, 0x0000000086300000|  0%| F|  |TAMS 0x0000000086200000, 0x0000000086200000| Untracked 
|  69|0x0000000086300000, 0x0000000086300000, 0x0000000086400000|  0%| F|  |TAMS 0x0000000086300000, 0x0000000086300000| Untracked 
|  70|0x0000000086400000, 0x0000000086400000, 0x0000000086500000|  0%| F|  |TAMS 0x0000000086400000, 0x0000000086400000| Untracked 
|  71|0x0000000086500000, 0x0000000086500000, 0x0000000086600000|  0%| F|  |TAMS 0x0000000086500000, 0x0000000086500000| Untracked 
|  72|0x0000000086600000, 0x0000000086600000, 0x0000000086700000|  0%| F|  |TAMS 0x0000000086600000, 0x0000000086600000| Untracked 
|  73|0x0000000086700000, 0x0000000086700000, 0x0000000086800000|  0%| F|  |TAMS 0x0000000086700000, 0x0000000086700000| Untracked 
|  74|0x0000000086800000, 0x0000000086800000, 0x0000000086900000|  0%| F|  |TAMS 0x0000000086800000, 0x0000000086800000| Untracked 
|  75|0x0000000086900000, 0x0000000086900000, 0x0000000086a00000|  0%| F|  |TAMS 0x0000000086900000, 0x0000000086900000| Untracked 
|  76|0x0000000086a00000, 0x0000000086a00000, 0x0000000086b00000|  0%| F|  |TAMS 0x0000000086a00000, 0x0000000086a00000| Untracked 
|  77|0x0000000086b00000, 0x0000000086b00000, 0x0000000086c00000|  0%| F|  |TAMS 0x0000000086b00000, 0x0000000086b00000| Untracked 
|  78|0x0000000086c00000, 0x0000000086c00000, 0x0000000086d00000|  0%| F|  |TAMS 0x0000000086c00000, 0x0000000086c00000| Untracked 
|  79|0x0000000086d00000, 0x0000000086d00000, 0x0000000086e00000|  0%| F|  |TAMS 0x0000000086d00000, 0x0000000086d00000| Untracked 
|  80|0x0000000086e00000, 0x0000000086e00000, 0x0000000086f00000|  0%| F|  |TAMS 0x0000000086e00000, 0x0000000086e00000| Untracked 
|  81|0x0000000086f00000, 0x0000000086f00000, 0x0000000087000000|  0%| F|  |TAMS 0x0000000086f00000, 0x0000000086f00000| Untracked 
|  82|0x0000000087000000, 0x0000000087000000, 0x0000000087100000|  0%| F|  |TAMS 0x0000000087000000, 0x0000000087000000| Untracked 
|  83|0x0000000087100000, 0x0000000087100000, 0x0000000087200000|  0%| F|  |TAMS 0x0000000087100000, 0x0000000087100000| Untracked 
|  84|0x0000000087200000, 0x0000000087200000, 0x0000000087300000|  0%| F|  |TAMS 0x0000000087200000, 0x0000000087200000| Untracked 
|  85|0x0000000087300000, 0x0000000087300000, 0x0000000087400000|  0%| F|  |TAMS 0x0000000087300000, 0x0000000087300000| Untracked 
|  86|0x0000000087400000, 0x0000000087400000, 0x0000000087500000|  0%| F|  |TAMS 0x0000000087400000, 0x0000000087400000| Untracked 
|  87|0x0000000087500000, 0x0000000087500000, 0x0000000087600000|  0%| F|  |TAMS 0x0000000087500000, 0x0000000087500000| Untracked 
|  88|0x0000000087600000, 0x0000000087600000, 0x0000000087700000|  0%| F|  |TAMS 0x0000000087600000, 0x0000000087600000| Untracked 
|  89|0x0000000087700000, 0x0000000087700000, 0x0000000087800000|  0%| F|  |TAMS 0x0000000087700000, 0x0000000087700000| Untracked 
|  90|0x0000000087800000, 0x0000000087800000, 0x0000000087900000|  0%| F|  |TAMS 0x0000000087800000, 0x0000000087800000| Untracked 
|  91|0x0000000087900000, 0x0000000087900000, 0x0000000087a00000|  0%| F|  |TAMS 0x0000000087900000, 0x0000000087900000| Untracked 
|  92|0x0000000087a00000, 0x0000000087a00000, 0x0000000087b00000|  0%| F|  |TAMS 0x0000000087a00000, 0x0000000087a00000| Untracked 
|  93|0x0000000087b00000, 0x0000000087b00000, 0x0000000087c00000|  0%| F|  |TAMS 0x0000000087b00000, 0x0000000087b00000| Untracked 
|  94|0x0000000087c00000, 0x0000000087c00000, 0x0000000087d00000|  0%| F|  |TAMS 0x0000000087c00000, 0x0000000087c00000| Untracked 
|  95|0x0000000087d00000, 0x0000000087d00000, 0x0000000087e00000|  0%| F|  |TAMS 0x0000000087d00000, 0x0000000087d00000| Untracked 
|  96|0x0000000087e00000, 0x0000000087e00000, 0x0000000087f00000|  0%| F|  |TAMS 0x0000000087e00000, 0x0000000087e00000| Untracked 
|  97|0x0000000087f00000, 0x0000000087f00000, 0x0000000088000000|  0%| F|  |TAMS 0x0000000087f00000, 0x0000000087f00000| Untracked 
|  98|0x0000000088000000, 0x0000000088000000, 0x0000000088100000|  0%| F|  |TAMS 0x0000000088000000, 0x0000000088000000| Untracked 
|  99|0x0000000088100000, 0x0000000088100000, 0x0000000088200000|  0%| F|  |TAMS 0x0000000088100000, 0x0000000088100000| Untracked 
| 100|0x0000000088200000, 0x0000000088200000, 0x0000000088300000|  0%| F|  |TAMS 0x0000000088200000, 0x0000000088200000| Untracked 
| 101|0x0000000088300000, 0x0000000088300000, 0x0000000088400000|  0%| F|  |TAMS 0x0000000088300000, 0x0000000088300000| Untracked 
| 102|0x0000000088400000, 0x0000000088400000, 0x0000000088500000|  0%| F|  |TAMS 0x0000000088400000, 0x0000000088400000| Untracked 
| 103|0x0000000088500000, 0x0000000088500000, 0x0000000088600000|  0%| F|  |TAMS 0x0000000088500000, 0x0000000088500000| Untracked 
| 104|0x0000000088600000, 0x0000000088600000, 0x0000000088700000|  0%| F|  |TAMS 0x0000000088600000, 0x0000000088600000| Untracked 
| 105|0x0000000088700000, 0x0000000088700000, 0x0000000088800000|  0%| F|  |TAMS 0x0000000088700000, 0x0000000088700000| Untracked 
| 106|0x0000000088800000, 0x0000000088800000, 0x0000000088900000|  0%| F|  |TAMS 0x0000000088800000, 0x0000000088800000| Untracked 
| 107|0x0000000088900000, 0x0000000088900000, 0x0000000088a00000|  0%| F|  |TAMS 0x0000000088900000, 0x0000000088900000| Untracked 
| 108|0x0000000088a00000, 0x0000000088a00000, 0x0000000088b00000|  0%| F|  |TAMS 0x0000000088a00000, 0x0000000088a00000| Untracked 
| 109|0x0000000088b00000, 0x0000000088b00000, 0x0000000088c00000|  0%| F|  |TAMS 0x0000000088b00000, 0x0000000088b00000| Untracked 
| 110|0x0000000088c00000, 0x0000000088c00000, 0x0000000088d00000|  0%| F|  |TAMS 0x0000000088c00000, 0x0000000088c00000| Untracked 
| 111|0x0000000088d00000, 0x0000000088d00000, 0x0000000088e00000|  0%| F|  |TAMS 0x0000000088d00000, 0x0000000088d00000| Untracked 
| 112|0x0000000088e00000, 0x0000000088e00000, 0x0000000088f00000|  0%| F|  |TAMS 0x0000000088e00000, 0x0000000088e00000| Untracked 
| 113|0x0000000088f00000, 0x0000000088f00000, 0x0000000089000000|  0%| F|  |TAMS 0x0000000088f00000, 0x0000000088f00000| Untracked 
| 114|0x0000000089000000, 0x0000000089000000, 0x0000000089100000|  0%| F|  |TAMS 0x0000000089000000, 0x0000000089000000| Untracked 
| 115|0x0000000089100000, 0x0000000089100000, 0x0000000089200000|  0%| F|  |TAMS 0x0000000089100000, 0x0000000089100000| Untracked 
| 116|0x0000000089200000, 0x0000000089200000, 0x0000000089300000|  0%| F|  |TAMS 0x0000000089200000, 0x0000000089200000| Untracked 
| 117|0x0000000089300000, 0x0000000089300000, 0x0000000089400000|  0%| F|  |TAMS 0x0000000089300000, 0x0000000089300000| Untracked 
| 118|0x0000000089400000, 0x0000000089400000, 0x0000000089500000|  0%| F|  |TAMS 0x0000000089400000, 0x0000000089400000| Untracked 
| 119|0x0000000089500000, 0x0000000089585a60, 0x0000000089600000| 52%| E|  |TAMS 0x0000000089500000, 0x0000000089500000| Complete 
| 120|0x0000000089600000, 0x0000000089700000, 0x0000000089700000|100%| E|CS|TAMS 0x0000000089600000, 0x0000000089600000| Complete 
| 121|0x0000000089700000, 0x0000000089800000, 0x0000000089800000|100%| E|CS|TAMS 0x0000000089700000, 0x0000000089700000| Complete 
| 122|0x0000000089800000, 0x0000000089900000, 0x0000000089900000|100%| E|CS|TAMS 0x0000000089800000, 0x0000000089800000| Complete 
| 123|0x0000000089900000, 0x0000000089a00000, 0x0000000089a00000|100%| E|CS|TAMS 0x0000000089900000, 0x0000000089900000| Complete 
| 124|0x0000000089a00000, 0x0000000089b00000, 0x0000000089b00000|100%| E|CS|TAMS 0x0000000089a00000, 0x0000000089a00000| Complete 
| 125|0x0000000089b00000, 0x0000000089c00000, 0x0000000089c00000|100%| E|CS|TAMS 0x0000000089b00000, 0x0000000089b00000| Complete 
| 126|0x0000000089c00000, 0x0000000089d00000, 0x0000000089d00000|100%| E|CS|TAMS 0x0000000089c00000, 0x0000000089c00000| Complete 
| 127|0x0000000089d00000, 0x0000000089e00000, 0x0000000089e00000|100%| E|CS|TAMS 0x0000000089d00000, 0x0000000089d00000| Complete 

Card table byte_map: [0x0000023b433c0000,0x0000023b437c0000] _byte_map_base: 0x0000023b42fb1000

Marking Bits (Prev, Next): (CMBitMap*) 0x0000023b2b86a5c8, (CMBitMap*) 0x0000023b2b86a608
 Prev Bits: [0x0000023b43bc0000, 0x0000023b45b48000)
 Next Bits: [0x0000023b45b50000, 0x0000023b47ad8000)

Polling page: 0x0000023b296f0000

Metaspace:

Usage:
  Non-class:      4.88 MB capacity,     2.09 MB ( 43%) used,     2.79 MB ( 57%) free+waste,     4.38 KB ( <1%) overhead. 
      Class:    489.00 KB capacity,   171.21 KB ( 35%) used,   315.29 KB ( 64%) free+waste,     2.50 KB ( <1%) overhead. 
       Both:      5.36 MB capacity,     2.25 MB ( 42%) used,     3.09 MB ( 58%) free+waste,     6.88 KB ( <1%) overhead. 

Virtual space:
  Non-class space:        8.00 MB reserved,       5.00 MB ( 63%) committed 
      Class space:        1.00 GB reserved,     512.00 KB ( <1%) committed 
             Both:        1.01 GB reserved,       5.50 MB ( <1%) committed 

Chunk freelists:
   Non-Class:  60.00 KB
       Class:  23.00 KB
        Both:  83.00 KB

MaxMetaspaceSize: 17179869184.00 GB
CompressedClassSpaceSize: 1.00 GB

CodeHeap 'non-profiled nmethods': size=120000Kb used=167Kb max_used=167Kb free=119832Kb
 bounds [0x0000023b3ba90000, 0x0000023b3bd00000, 0x0000023b42fc0000]
CodeHeap 'profiled nmethods': size=120000Kb used=901Kb max_used=901Kb free=119098Kb
 bounds [0x0000023b34560000, 0x0000023b347d0000, 0x0000023b3ba90000]
CodeHeap 'non-nmethods': size=5760Kb used=1486Kb max_used=1503Kb free=4273Kb
 bounds [0x0000023b33fc0000, 0x0000023b34230000, 0x0000023b34560000]
 total_blobs=1813 nmethods=568 adapters=756
 compilation: enabled
              stopped_count=0, restarted_count=0
 full_count=0

Compilation events (20 events):
Event: 0.630 Thread 0x0000023b4a94f800  551   !   3       jdk.internal.jimage.BasicImageReader::slice (32 bytes)
Event: 0.631 Thread 0x0000023b4a94f800 nmethod 551 0x0000023b3463eb10 code [0x0000023b3463ece0, 0x0000023b3463f1e8]
Event: 0.631 Thread 0x0000023b4a94f800  559       3       java.lang.reflect.Modifier::isPublic (12 bytes)
Event: 0.631 Thread 0x0000023b4a94f800 nmethod 559 0x0000023b3463f390 code [0x0000023b3463f520, 0x0000023b3463f658]
Event: 0.631 Thread 0x0000023b4a94f800  560       3       java.lang.Module::isNamed (13 bytes)
Event: 0.631 Thread 0x0000023b4a94f800 nmethod 560 0x0000023b3463f710 code [0x0000023b3463f8a0, 0x0000023b3463fa18]
Event: 0.631 Thread 0x0000023b4a94f800  552       3       java.nio.DirectByteBufferR::<init> (21 bytes)
Event: 0.631 Thread 0x0000023b4a94f800 nmethod 552 0x0000023b3463fa90 code [0x0000023b3463fc40, 0x0000023b3463fda8]
Event: 0.631 Thread 0x0000023b4a94f800  553       3       java.nio.DirectByteBufferR::slice (85 bytes)
Event: 0.631 Thread 0x0000023b4a94f800 nmethod 553 0x0000023b3463fe90 code [0x0000023b34640040, 0x0000023b34640348]
Event: 0.632 Thread 0x0000023b49fda000  562       4       java.nio.Buffer::checkSegment (17 bytes)
Event: 0.632 Thread 0x0000023b4a94f800  563       3       java.lang.Integer::toUnsignedLong (7 bytes)
Event: 0.632 Thread 0x0000023b4a94f800 nmethod 563 0x0000023b34640490 code [0x0000023b34640620, 0x0000023b34640718]
Event: 0.632 Thread 0x0000023b4a94f800  564       3       sun.misc.Unsafe::putInt (11 bytes)
Event: 0.632 Thread 0x0000023b4a94f800 nmethod 564 0x0000023b34640790 code [0x0000023b34640920, 0x0000023b34640a38]
Event: 0.632 Thread 0x0000023b49fda000 nmethod 562 0x0000023b3bab9710 code [0x0000023b3bab98a0, 0x0000023b3bab9958]
Event: 0.632 Thread 0x0000023b4a94f800  567       3       org.lwjgl.system.MemoryUtil::encodeASCII (66 bytes)
Event: 0.633 Thread 0x0000023b4a94f800 nmethod 567 0x0000023b34640b10 code [0x0000023b34640d00, 0x0000023b34641298]
Event: 0.633 Thread 0x0000023b4a94f800  568       1       org.lwjgl.system.Pointer$Default::address (5 bytes)
Event: 0.633 Thread 0x0000023b4a94f800 nmethod 568 0x0000023b3bab9a10 code [0x0000023b3bab9ba0, 0x0000023b3bab9c78]

GC Heap History (0 events):
No events

Deoptimization events (18 events):
Event: 0.155 Thread 0x0000023b2b828800 Uncommon trap: trap_request=0xffffff45 fr.pc=0x0000023b3ba91440 relative=0x0000000000000080
Event: 0.155 Thread 0x0000023b2b828800 Uncommon trap: reason=unstable_if action=reinterpret pc=0x0000023b3ba91440 method=java.lang.String.isLatin1()Z @ 10 c2
Event: 0.155 Thread 0x0000023b2b828800 DEOPT PACKING pc=0x0000023b3ba91440 sp=0x0000006c876fec20
Event: 0.155 Thread 0x0000023b2b828800 DEOPT UNPACKING pc=0x0000023b3400912f sp=0x0000006c876feb60 mode 2
Event: 0.234 Thread 0x0000023b2b828800 Uncommon trap: trap_request=0xffffff45 fr.pc=0x0000023b3ba952ac relative=0x000000000000024c
Event: 0.234 Thread 0x0000023b2b828800 Uncommon trap: reason=unstable_if action=reinterpret pc=0x0000023b3ba952ac method=java.lang.String.hashCode()I @ 13 c2
Event: 0.234 Thread 0x0000023b2b828800 DEOPT PACKING pc=0x0000023b3ba952ac sp=0x0000006c876fae30
Event: 0.234 Thread 0x0000023b2b828800 DEOPT UNPACKING pc=0x0000023b3400912f sp=0x0000006c876fadc8 mode 2
Event: 0.382 Thread 0x0000023b2b828800 DEOPT PACKING pc=0x0000023b345987e8 sp=0x0000006c876fb1e0
Event: 0.382 Thread 0x0000023b2b828800 DEOPT UNPACKING pc=0x0000023b3400964e sp=0x0000006c876fa638 mode 0
Event: 0.422 Thread 0x0000023b2b828800 Uncommon trap: trap_request=0xffffff45 fr.pc=0x0000023b3baa9d10 relative=0x0000000000000070
Event: 0.422 Thread 0x0000023b2b828800 Uncommon trap: reason=unstable_if action=reinterpret pc=0x0000023b3baa9d10 method=java.io.WinNTFileSystem.isSlash(C)Z @ 9 c2
Event: 0.422 Thread 0x0000023b2b828800 DEOPT PACKING pc=0x0000023b3baa9d10 sp=0x0000006c876fa540
Event: 0.422 Thread 0x0000023b2b828800 DEOPT UNPACKING pc=0x0000023b3400912f sp=0x0000006c876fa4c8 mode 2
Event: 0.423 Thread 0x0000023b2b828800 DEOPT PACKING pc=0x0000023b345c2ae5 sp=0x0000006c876fa4d0
Event: 0.423 Thread 0x0000023b2b828800 DEOPT UNPACKING pc=0x0000023b3400964e sp=0x0000006c876f9930 mode 0
Event: 0.486 Thread 0x0000023b2b828800 DEOPT PACKING pc=0x0000023b3459bfb2 sp=0x0000006c876fb0c0
Event: 0.487 Thread 0x0000023b2b828800 DEOPT UNPACKING pc=0x0000023b3400964e sp=0x0000006c876fa528 mode 0

Classes unloaded (0 events):
No events

Classes redefined (0 events):
No events

Internal exceptions (8 events):
Event: 0.295 Thread 0x0000023b2b828800 Exception <a 'java/lang/NoSuchMethodError'{0x0000000089bb4e78}: 'void java.lang.invoke.DelegatingMethodHandle$Holder.delegate(java.lang.Object, java.lang.Object, int, java.lang.Object)'> (0x0000000089bb4e78) 
thrown [t:/workspace/open/src/hotspot/share/interpreter/linkResolver.cpp, line 766]
Event: 0.302 Thread 0x0000023b2b828800 Exception <a 'java/lang/NoSuchMethodError'{0x0000000089bbbb78}: 'java.lang.Object java.lang.invoke.DirectMethodHandle$Holder.invokeStaticInit(java.lang.Object, java.lang.Object, java.lang.Object)'> (0x0000000089bbbb78) 
thrown [t:/workspace/open/src/hotspot/share/interpreter/linkResolver.cpp, line 766]
Event: 0.465 Thread 0x0000023b2b828800 Exception <a 'sun/nio/fs/WindowsException'{0x0000000089925030}> (0x0000000089925030) 
thrown [t:/workspace/open/src/hotspot/share/prims/jni.cpp, line 599]
Event: 0.465 Thread 0x0000023b2b828800 Exception <a 'sun/nio/fs/WindowsException'{0x00000000899255c0}> (0x00000000899255c0) 
thrown [t:/workspace/open/src/hotspot/share/prims/jni.cpp, line 599]
Event: 0.583 Thread 0x0000023b2b828800 Exception <a 'sun/nio/fs/WindowsException'{0x0000000089642210}> (0x0000000089642210) 
thrown [t:/workspace/open/src/hotspot/share/prims/jni.cpp, line 599]
Event: 0.584 Thread 0x0000023b2b828800 Exception <a 'sun/nio/fs/WindowsException'{0x00000000896425e8}> (0x00000000896425e8) 
thrown [t:/workspace/open/src/hotspot/share/prims/jni.cpp, line 599]
Event: 0.623 Thread 0x0000023b2b828800 Exception <a 'sun/nio/fs/WindowsException'{0x00000000895241c8}> (0x00000000895241c8) 
thrown [t:/workspace/open/src/hotspot/share/prims/jni.cpp, line 599]
Event: 0.624 Thread 0x0000023b2b828800 Exception <a 'sun/nio/fs/WindowsException'{0x0000000089524570}> (0x0000000089524570) 
thrown [t:/workspace/open/src/hotspot/share/prims/jni.cpp, line 599]

Events (20 events):
Event: 0.557 loading class jdk/internal/reflect/UnsafeFieldAccessorFactory
Event: 0.558 loading class jdk/internal/reflect/UnsafeFieldAccessorFactory done
Event: 0.558 loading class jdk/internal/reflect/UnsafeQualifiedStaticObjectFieldAccessorImpl
Event: 0.558 loading class jdk/internal/reflect/UnsafeQualifiedStaticFieldAccessorImpl
Event: 0.558 loading class jdk/internal/reflect/UnsafeQualifiedStaticFieldAccessorImpl done
Event: 0.558 loading class jdk/internal/reflect/UnsafeQualifiedStaticObjectFieldAccessorImpl done
Event: 0.563 loading class java/math/MutableBigInteger
Event: 0.564 loading class java/math/MutableBigInteger done
Event: 0.564 loading class java/nio/BufferOverflowException
Event: 0.564 loading class java/nio/BufferOverflowException done
Event: 0.564 loading class java/nio/InvalidMarkException
Event: 0.564 loading class java/nio/InvalidMarkException done
Event: 0.564 loading class java/nio/BufferUnderflowException
Event: 0.564 loading class java/nio/BufferUnderflowException done
Event: 0.584 loading class java/lang/NoSuchFieldError
Event: 0.584 loading class java/lang/NoSuchFieldError done
Event: 0.607 loading class java/util/function/BiPredicate
Event: 0.607 loading class java/util/function/BiPredicate done
Event: 0.628 loading class jdk/internal/reflect/UnsafeQualifiedStaticIntegerFieldAccessorImpl
Event: 0.628 loading class jdk/internal/reflect/UnsafeQualifiedStaticIntegerFieldAccessorImpl done


Dynamic libraries:
0x00007ff78c520000 - 0x00007ff78c52f000 	C:\Program Files\Java\jdk-14\bin\javaw.exe
0x00007ffe85cc0000 - 0x00007ffe85eb0000 	C:\WINDOWS\SYSTEM32\ntdll.dll
0x00007ffe83e20000 - 0x00007ffe83ed2000 	C:\WINDOWS\System32\KERNEL32.DLL
0x00007ffe83310000 - 0x00007ffe835b3000 	C:\WINDOWS\System32\KERNELBASE.dll
0x00007ffe82e00000 - 0x00007ffe82efa000 	C:\WINDOWS\System32\ucrtbase.dll
0x00007ffe7c370000 - 0x00007ffe7c385000 	C:\Program Files\Java\jdk-14\bin\VCRUNTIME140.dll
0x00007ffe7c1b0000 - 0x00007ffe7c1c8000 	C:\Program Files\Java\jdk-14\bin\jli.dll
0x00007ffe84ca0000 - 0x00007ffe84d43000 	C:\WINDOWS\System32\ADVAPI32.dll
0x00007ffe859a0000 - 0x00007ffe85a3e000 	C:\WINDOWS\System32\msvcrt.dll
0x00007ffe85be0000 - 0x00007ffe85c77000 	C:\WINDOWS\System32\sechost.dll
0x00007ffe84330000 - 0x00007ffe84450000 	C:\WINDOWS\System32\RPCRT4.dll
0x00007ffe84040000 - 0x00007ffe841d4000 	C:\WINDOWS\System32\USER32.dll
0x00007ffe83040000 - 0x00007ffe83061000 	C:\WINDOWS\System32\win32u.dll
0x00007ffe858a0000 - 0x00007ffe858c6000 	C:\WINDOWS\System32\GDI32.dll
0x00007ffe83070000 - 0x00007ffe83204000 	C:\WINDOWS\System32\gdi32full.dll
0x00007ffe82f20000 - 0x00007ffe82fbe000 	C:\WINDOWS\System32\msvcp_win.dll
0x00007ffe750e0000 - 0x00007ffe75365000 	C:\WINDOWS\WinSxS\amd64_microsoft.windows.common-controls_6595b64144ccf1df_6.0.18362.778_none_e6c6b761130d4fb8\COMCTL32.dll
0x00007ffe84d50000 - 0x00007ffe85086000 	C:\WINDOWS\System32\combase.dll
0x00007ffe82fc0000 - 0x00007ffe83040000 	C:\WINDOWS\System32\bcryptPrimitives.dll
0x00007ffe76390000 - 0x00007ffe7639a000 	C:\WINDOWS\SYSTEM32\VERSION.dll
0x00007ffe842e0000 - 0x00007ffe8430e000 	C:\WINDOWS\System32\IMM32.DLL
0x00007ffe58290000 - 0x00007ffe5832b000 	C:\Program Files\Java\jdk-14\bin\msvcp140.dll
0x00007ffe1f980000 - 0x00007ffe2049f000 	C:\Program Files\Java\jdk-14\bin\server\jvm.dll
0x00007ffe84310000 - 0x00007ffe84318000 	C:\WINDOWS\System32\PSAPI.DLL
0x00007ffe81b40000 - 0x00007ffe81b49000 	C:\WINDOWS\SYSTEM32\WSOCK32.dll
0x00007ffe80750000 - 0x00007ffe80774000 	C:\WINDOWS\SYSTEM32\WINMM.dll
0x00007ffe85b70000 - 0x00007ffe85bdf000 	C:\WINDOWS\System32\WS2_32.dll
0x00007ffe80720000 - 0x00007ffe8074d000 	C:\WINDOWS\SYSTEM32\winmmbase.dll
0x00007ffe83210000 - 0x00007ffe8325a000 	C:\WINDOWS\System32\cfgmgr32.dll
0x00007ffe82c30000 - 0x00007ffe82c41000 	C:\WINDOWS\System32\kernel.appcore.dll
0x00007ffe7c450000 - 0x00007ffe7c45a000 	C:\Program Files\Java\jdk-14\bin\jimage.dll
0x00007ffe81470000 - 0x00007ffe81664000 	C:\WINDOWS\SYSTEM32\DBGHELP.DLL
0x00007ffe715c0000 - 0x00007ffe715ea000 	C:\WINDOWS\SYSTEM32\dbgcore.DLL
0x00007ffe7b090000 - 0x00007ffe7b0b5000 	C:\Program Files\Java\jdk-14\bin\java.dll
0x00007ffe7c3b0000 - 0x00007ffe7c3c7000 	C:\Program Files\Java\jdk-14\bin\zip.dll
0x00007ffe85150000 - 0x00007ffe85835000 	C:\WINDOWS\System32\SHELL32.dll
0x00007ffe83d70000 - 0x00007ffe83e19000 	C:\WINDOWS\System32\shcore.dll
0x00007ffe835f0000 - 0x00007ffe83d70000 	C:\WINDOWS\System32\windows.storage.dll
0x00007ffe82c00000 - 0x00007ffe82c23000 	C:\WINDOWS\System32\profapi.dll
0x00007ffe82b90000 - 0x00007ffe82bda000 	C:\WINDOWS\System32\powrprof.dll
0x00007ffe82b80000 - 0x00007ffe82b90000 	C:\WINDOWS\System32\UMPDC.dll
0x00007ffe85090000 - 0x00007ffe850e2000 	C:\WINDOWS\System32\shlwapi.dll
0x00007ffe82f00000 - 0x00007ffe82f17000 	C:\WINDOWS\System32\cryptsp.dll
0x00007ffe7c320000 - 0x00007ffe7c339000 	C:\Program Files\Java\jdk-14\bin\net.dll
0x00007ffe76e10000 - 0x00007ffe76f00000 	C:\WINDOWS\SYSTEM32\WINHTTP.dll
0x00007ffe823f0000 - 0x00007ffe82457000 	C:\WINDOWS\system32\mswsock.dll
0x00007ffe7afb0000 - 0x00007ffe7afc2000 	C:\Program Files\Java\jdk-14\bin\nio.dll
0x00007ffe594b0000 - 0x00007ffe59514000 	C:\Users\Ben Correll\AppData\Local\Temp\lwjglBen Correll\3.2.3-build-13\lwjgl.dll
0x00007ffe44e40000 - 0x00007ffe45093000 	C:\Users\BENCOR~1\AppData\Local\Temp\lwjglBen Correll\3.2.3-build-13\jemalloc.dll
0x00007ffe55b80000 - 0x00007ffe55be2000 	C:\Users\BENCOR~1\AppData\Local\Temp\lwjglBen Correll\3.2.3-build-13\glfw.dll
0x00007ffe80b20000 - 0x00007ffe80bb9000 	C:\WINDOWS\system32\uxtheme.dll
0x00007ffe6e170000 - 0x00007ffe6e1b3000 	C:\WINDOWS\SYSTEM32\dinput8.dll
0x00007ffe75bc0000 - 0x00007ffe75bd1000 	C:\WINDOWS\SYSTEM32\xinput1_4.dll
0x00007ffe829a0000 - 0x00007ffe829ca000 	C:\WINDOWS\SYSTEM32\DEVOBJ.dll
0x00007ffe80f40000 - 0x00007ffe80f6d000 	C:\WINDOWS\SYSTEM32\dwmapi.dll
0x00007ffe67f90000 - 0x00007ffe680aa000 	C:\WINDOWS\SYSTEM32\inputhost.dll
0x00007ffe802d0000 - 0x00007ffe803a4000 	C:\WINDOWS\SYSTEM32\CoreMessaging.dll
0x00007ffe7e4b0000 - 0x00007ffe7e7da000 	C:\WINDOWS\SYSTEM32\CoreUIComponents.dll
0x00007ffe81be0000 - 0x00007ffe81c11000 	C:\WINDOWS\SYSTEM32\ntmarta.dll
0x00007ffe7f180000 - 0x00007ffe7f26f000 	C:\WINDOWS\SYSTEM32\PROPSYS.dll
0x00007ffe7ded0000 - 0x00007ffe7e023000 	C:\WINDOWS\SYSTEM32\wintypes.dll
0x00007ffe858d0000 - 0x00007ffe85994000 	C:\WINDOWS\System32\OLEAUT32.dll
0x00007ffe84450000 - 0x00007ffe84586000 	C:\WINDOWS\System32\MSCTF.dll
0x00007ffe813b0000 - 0x00007ffe813be000 	C:\WINDOWS\SYSTEM32\HID.DLL
0x00007ffe84610000 - 0x00007ffe84a80000 	C:\WINDOWS\System32\SETUPAPI.DLL
0x00007ffe835c0000 - 0x00007ffe835e6000 	C:\WINDOWS\System32\bcrypt.dll
0x00007ffe82da0000 - 0x00007ffe82dfc000 	C:\WINDOWS\System32\WINTRUST.dll
0x00007ffe82be0000 - 0x00007ffe82bf2000 	C:\WINDOWS\System32\MSASN1.dll
0x00007ffe82c50000 - 0x00007ffe82d99000 	C:\WINDOWS\System32\CRYPT32.dll

dbghelp: loaded successfully - version: 4.0.5 - missing functions: none
symbol engine: initialized successfully - sym options: 0x614 - pdb path: .;C:\Program Files\Java\jdk-14\bin;C:\WINDOWS\SYSTEM32;C:\WINDOWS\WinSxS\amd64_microsoft.windows.common-controls_6595b64144ccf1df_6.0.18362.778_none_e6c6b761130d4fb8;C:\Program Files\Java\jdk-14\bin\server;C:\Users\Ben Correll\AppData\Local\Temp\lwjglBen Correll\3.2.3-build-13;C:\Users\BENCOR~1\AppData\Local\Temp\lwjglBen Correll\3.2.3-build-13

VM Arguments:
jvm_args: -ea -Dfile.encoding=UTF-8 
java_command: main.Loader2
java_class_path (initial): C:\Users\Ben Correll\Documents\GitHub\sonic-fan-game\Sonic Fan Game\bin;C:\Users\Ben Correll\Documents\GitHub\sonic-fan-game\Sonic Fan Game\json-simple-1.1.1.jar;C:\Users\Ben Correll\Documents\GitHub\sonic-fan-game\Sonic Fan Game\joml-1.9.24.jar;C:\Users\Ben Correll\Documents\GitHub\sonic-fan-game\Sonic Fan Game\LWJGL3\lwjgl.jar;C:\Users\Ben Correll\Documents\GitHub\sonic-fan-game\Sonic Fan Game\LWJGL3\lwjgl-assimp.jar;C:\Users\Ben Correll\Documents\GitHub\sonic-fan-game\Sonic Fan Game\LWJGL3\lwjgl-assimp-natives-windows.jar;C:\Users\Ben Correll\Documents\GitHub\sonic-fan-game\Sonic Fan Game\LWJGL3\lwjgl-bgfx.jar;C:\Users\Ben Correll\Documents\GitHub\sonic-fan-game\Sonic Fan Game\LWJGL3\lwjgl-bgfx-natives-windows.jar;C:\Users\Ben Correll\Documents\GitHub\sonic-fan-game\Sonic Fan Game\LWJGL3\lwjgl-cuda.jar;C:\Users\Ben Correll\Documents\GitHub\sonic-fan-game\Sonic Fan Game\LWJGL3\lwjgl-egl.jar;C:\Users\Ben Correll\Documents\GitHub\sonic-fan-game\Sonic Fan Game\LWJGL3\lwjgl-glfw.jar;C:\Users\Ben Correll\Documents\GitHub\sonic-fan-game\Sonic Fan Game\LWJGL3\lwjgl-glfw-natives-windows.jar;C:\Users\Ben Correll\Documents\GitHub\sonic-fan-game\Sonic Fan Game\LWJGL3\lwjgl-jawt.jar;C:\Users\Ben Correll\Documents\GitHub\sonic-fan-game\Sonic Fan Game\LWJGL3\lwjgl-jemalloc.jar;C:\Users\Ben Correll\Documents\GitHub\sonic-fan-game\Sonic Fan Game\LWJGL3\lwjgl-jemalloc-natives-windows.jar;C:\Users\Ben Correll\Documents\GitHub\sonic-fan-game\Sonic Fan Game\LWJGL3\lwjgl-libdivide.jar;C:\Users\Ben Correll\Documents\GitHub\sonic-fan-game\Sonic Fan Game\LWJGL3\lwjgl-libdivide-natives-windows.jar;C:\Users\Ben Correll\Documents\GitHub\sonic-fan-game\Sonic Fan Game\LWJGL3\lwjgl-llvm.jar;C:\Users\Ben Correll\Documents\GitHub\sonic-fan-game\Sonic Fan Game\LWJGL3\lwjgl-llvm-natives-windows.jar;C:\Users\Ben Correll\Documents\GitHub\sonic-fan-game\Sonic Fan Game\LWJGL3\lwjgl-lmdb.jar;C:\Users\Ben Correll\Documents\GitHub\sonic-fan-game\Sonic Fan Game\LWJGL3\lwjgl-lm
Launcher Type: SUN_STANDARD

[Global flags]
     intx CICompilerCount                          = 3                                         {product} {ergonomic}
     uint ConcGCThreads                            = 1                                         {product} {ergonomic}
     uint G1ConcRefinementThreads                  = 4                                         {product} {ergonomic}
   size_t G1HeapRegionSize                         = 1048576                                   {product} {ergonomic}
    uintx GCDrainStackTargetSize                   = 64                                        {product} {ergonomic}
   size_t InitialHeapSize                          = 134217728                                 {product} {ergonomic}
   size_t MarkStackSize                            = 4194304                                   {product} {ergonomic}
   size_t MaxHeapSize                              = 2116026368                                {product} {ergonomic}
   size_t MaxNewSize                               = 1268776960                                {product} {ergonomic}
   size_t MinHeapDeltaBytes                        = 1048576                                   {product} {ergonomic}
   size_t MinHeapSize                              = 8388608                                   {product} {ergonomic}
    uintx NonNMethodCodeHeapSize                   = 5832780                                {pd product} {ergonomic}
    uintx NonProfiledCodeHeapSize                  = 122912730                              {pd product} {ergonomic}
    uintx ProfiledCodeHeapSize                     = 122912730                              {pd product} {ergonomic}
    uintx ReservedCodeCacheSize                    = 251658240                              {pd product} {ergonomic}
     bool SegmentedCodeCache                       = true                                      {product} {ergonomic}
   size_t SoftMaxHeapSize                          = 2116026368                             {manageable} {ergonomic}
     bool UseCompressedClassPointers               = true                                 {lp64_product} {ergonomic}
     bool UseCompressedOops                        = true                                 {lp64_product} {ergonomic}
     bool UseG1GC                                  = true                                      {product} {ergonomic}
     bool UseLargePagesIndividualAllocation        = false                                  {pd product} {ergonomic}

Logging:
Log output configuration:
 #0: stdout all=warning uptime,level,tags
 #1: stderr all=off uptime,level,tags

Environment Variables:
PATH=C:/Program Files/Java/jdk-14/bin/server;C:/Program Files/Java/jdk-14/bin;C:\CEdev\bin;C:\Users\Ben\Desktop\CEPROR~1\CEdev\bin;C:\WINDOWS\system32;C:\WINDOWS;C:\WINDOWS\System32\Wbem;C:\WINDOWS\System32\WindowsPowerShell\v1.0\;C:\WINDOWS\System32\OpenSSH\;C:\Program Files\dotnet\;c:\Program Files (x86)\Microsoft SQL Server\100\Tools\Binn\;c:\Program Files\Microsoft SQL Server\100\Tools\Binn\;c:\Program Files\Microsoft SQL Server\100\DTS\Binn\;C:\Program Files\Microsoft SQL Server\130\Tools\Binn\;C:\Program Files\Microsoft SQL Server\Client SDK\ODBC\170\Tools\Binn\;C:\Program Files\nodejs\;C:\Program Files\Java\jdk-14\bin;C:\Users\Ben Correll\AppData\Local\Microsoft\WindowsApps;C:\Users\Ben Correll\AppData\Local\GitHubDesktop\bin;C:\Users\Ben Correll\AppData\Roaming\npm;C:\Users\Ben Correll\Desktop\eclipse-java-2020-03-R-win32-x86_64;
USERNAME=Ben Correll
OS=Windows_NT
PROCESSOR_IDENTIFIER=Intel64 Family 6 Model 61 Stepping 4, GenuineIntel



---------------  S Y S T E M  ---------------

OS: Windows 10 , 64 bit Build 18362 (10.0.18362.778)
OS uptime: 21 days 23:52 hours

CPU:total 4 (initial active 4) (2 cores per cpu, 2 threads per core) family 6 model 61 stepping 4, cmov, cx8, fxsr, mmx, sse, sse2, sse3, ssse3, sse4.1, sse4.2, popcnt, avx, avx2, aes, clmul, erms, rtm, 3dnowpref, lzcnt, ht, tsc, tscinvbit, bmi1, bmi2, adx, fma

Memory: 4k page, system-wide physical 8064M (1277M free)
TotalPageFile size 18622M (AvailPageFile size 7346M)
current process WorkingSet (physical memory assigned to process): 50M, peak: 50M
current process commit charge ("private bytes"): 221M, peak: 221M

vm_info: Java HotSpot(TM) 64-Bit Server VM (14+36-1461) for windows-amd64 JRE (14+36-1461), built on Feb  6 2020 19:08:04 by "mach5one" with MS VC++ 15.9 (VS2017)

END.
