#
# There is insufficient memory for the Java Runtime Environment to continue.
# Native memory allocation (malloc) failed to allocate 292256 bytes for Chunk::new
# Possible reasons:
#   The system is out of physical RAM or swap space
#   The process is running with CompressedOops enabled, and the Java Heap may be blocking the growth of the native heap
# Possible solutions:
#   Reduce memory load on the system
#   Increase physical memory or swap space
#   Check if swap backing store is full
#   Decrease Java heap size (-Xmx/-Xms)
#   Decrease number of Java threads
#   Decrease Java thread stack sizes (-Xss)
#   Set larger code cache with -XX:ReservedCodeCacheSize=
#   JVM is running with Unscaled Compressed Oops mode in which the Java heap is
#     placed in the first 4GB address space. The Java Heap base address is the
#     maximum limit for the native heap growth. Please use -XX:HeapBaseMinAddress
#     to set the Java Heap base and to place the Java Heap above 4GB virtual address.
# This output file may be truncated or incomplete.
#
#  Out of Memory Error (t:/workspace/open/src/hotspot/share/memory/arena.cpp:195), pid=24380, tid=33928
#
# JRE version: Java(TM) SE Runtime Environment (14.0+36) (build 14+36-1461)
# Java VM: Java HotSpot(TM) 64-Bit Server VM (14+36-1461, mixed mode, sharing, tiered, compressed oops, g1 gc, windows-amd64)
# No core dump will be written. Minidumps are not enabled by default on client versions of Windows
#

---------------  S U M M A R Y ------------

Command Line: -ea -Dfile.encoding=UTF-8 main.Loader

Host: Intel(R) Core(TM) i5-5300U CPU @ 2.30GHz, 4 cores, 7G,  Windows 10 , 64 bit Build 18362 (10.0.18362.778)
Time: Sun May 10 22:40:03 2020 US Eastern Daylight Time elapsed time: 55 seconds (0d 0h 0m 55s)

---------------  T H R E A D  ---------------

Current thread (0x000001a3fea17000):  JavaThread "C2 CompilerThread0" daemon [_thread_in_native, id=33928, stack(0x0000008398c00000,0x0000008398d00000)]


Current CompileTask:
C2:  55227 1563       4       functionholders.CollisionFunctions::clip (131 bytes)

Stack: [0x0000008398c00000,0x0000008398d00000]
Native frames: (J=compiled Java code, j=interpreted, Vv=VM code, C=native code)
V  [jvm.dll+0x5f83ea]
V  [jvm.dll+0x741e2a]
V  [jvm.dll+0x7435df]
V  [jvm.dll+0x743c23]
V  [jvm.dll+0x20d268]
V  [jvm.dll+0xabb07]
V  [jvm.dll+0xac1fc]
V  [jvm.dll+0x276d94]
V  [jvm.dll+0x50ca2a]
V  [jvm.dll+0x1ee016]
V  [jvm.dll+0x1e750d]
V  [jvm.dll+0x1e4f78]
V  [jvm.dll+0x1779cc]
V  [jvm.dll+0x1f40e5]
V  [jvm.dll+0x1f22cb]
V  [jvm.dll+0x706a7d]
V  [jvm.dll+0x6ff89a]
V  [jvm.dll+0x5f72a6]
C  [ucrtbase.dll+0x20e72]
C  [KERNEL32.DLL+0x17bd4]
C  [ntdll.dll+0x6ce51]


---------------  P R O C E S S  ---------------

Threads class SMR info:
_java_thread_list=0x000001a3e70d1230, length=25, elements={
0x000001a3f31f7800, 0x000001a3fe9f6000, 0x000001a3fe9f7800, 0x000001a3fea10000,
0x000001a3fea13000, 0x000001a3fea15800, 0x000001a3fea17000, 0x000001a3fea26800,
0x000001a3ff390800, 0x000001a3ff5cf000, 0x000001a3ff5d4800, 0x000001a392fc7800,
0x000001a3938ae000, 0x000001a3fff31800, 0x000001a393068800, 0x000001a3931fe000,
0x000001a393069000, 0x000001a393771800, 0x000001a39302c000, 0x000001a39354c000,
0x000001a39354d000, 0x000001a39354e800, 0x000001a39354b800, 0x000001a39354e000,
0x000001a393552000
}

Java Threads: ( => current thread )
  0x000001a3f31f7800 JavaThread "main" [_thread_in_native, id=14024, stack(0x0000008398000000,0x0000008398100000)]
  0x000001a3fe9f6000 JavaThread "Reference Handler" daemon [_thread_blocked, id=33688, stack(0x0000008398700000,0x0000008398800000)]
  0x000001a3fe9f7800 JavaThread "Finalizer" daemon [_thread_blocked, id=58664, stack(0x0000008398800000,0x0000008398900000)]
  0x000001a3fea10000 JavaThread "Signal Dispatcher" daemon [_thread_blocked, id=53312, stack(0x0000008398900000,0x0000008398a00000)]
  0x000001a3fea13000 JavaThread "Attach Listener" daemon [_thread_blocked, id=70396, stack(0x0000008398a00000,0x0000008398b00000)]
  0x000001a3fea15800 JavaThread "Service Thread" daemon [_thread_blocked, id=18604, stack(0x0000008398b00000,0x0000008398c00000)]
=>0x000001a3fea17000 JavaThread "C2 CompilerThread0" daemon [_thread_in_native, id=33928, stack(0x0000008398c00000,0x0000008398d00000)]
  0x000001a3fea26800 JavaThread "C1 CompilerThread0" daemon [_thread_blocked, id=39352, stack(0x0000008398d00000,0x0000008398e00000)]
  0x000001a3ff390800 JavaThread "Sweeper thread" daemon [_thread_blocked, id=32748, stack(0x0000008398e00000,0x0000008398f00000)]
  0x000001a3ff5cf000 JavaThread "Notification Thread" daemon [_thread_blocked, id=70760, stack(0x0000008398f00000,0x0000008399000000)]
  0x000001a3ff5d4800 JavaThread "Common-Cleaner" daemon [_thread_blocked, id=46532, stack(0x0000008399100000,0x0000008399200000)]
  0x000001a392fc7800 JavaThread "Java Sound Event Dispatcher" daemon [_thread_blocked, id=27248, stack(0x0000008399800000,0x0000008399900000)]
  0x000001a3938ae000 JavaThread "Direct Clip" daemon [_thread_blocked, id=9400, stack(0x0000008399c00000,0x0000008399d00000)]
  0x000001a3fff31800 JavaThread "Direct Clip" daemon [_thread_blocked, id=39048, stack(0x0000008399d00000,0x0000008399e00000)]
  0x000001a393068800 JavaThread "Direct Clip" daemon [_thread_blocked, id=33204, stack(0x0000008399e00000,0x0000008399f00000)]
  0x000001a3931fe000 JavaThread "Direct Clip" daemon [_thread_blocked, id=31180, stack(0x0000008399f00000,0x000000839a000000)]
  0x000001a393069000 JavaThread "Direct Clip" daemon [_thread_blocked, id=39096, stack(0x000000839a000000,0x000000839a100000)]
  0x000001a393771800 JavaThread "Direct Clip" daemon [_thread_blocked, id=38980, stack(0x000000839a100000,0x000000839a200000)]
  0x000001a39302c000 JavaThread "Direct Clip" daemon [_thread_blocked, id=61976, stack(0x000000839a200000,0x000000839a300000)]
  0x000001a39354c000 JavaThread "Direct Clip" daemon [_thread_blocked, id=31888, stack(0x000000839a300000,0x000000839a400000)]
  0x000001a39354d000 JavaThread "Direct Clip" daemon [_thread_blocked, id=33076, stack(0x000000839a400000,0x000000839a500000)]
  0x000001a39354e800 JavaThread "Direct Clip" daemon [_thread_blocked, id=25080, stack(0x000000839a500000,0x000000839a600000)]
  0x000001a39354b800 JavaThread "Direct Clip" daemon [_thread_blocked, id=4992, stack(0x000000839a600000,0x000000839a700000)]
  0x000001a39354e000 JavaThread "Direct Clip" daemon [_thread_blocked, id=56452, stack(0x000000839a700000,0x000000839a800000)]
  0x000001a393552000 JavaThread "Direct Clip" daemon [_thread_blocked, id=37932, stack(0x000000839a800000,0x000000839a900000)]

Other Threads:
  0x000001a3fe9f3800 VMThread "VM Thread" [stack: 0x0000008398600000,0x0000008398700000] [id=30252]
  0x000001a3ff3d8000 WatcherThread [stack: 0x0000008399000000,0x0000008399100000] [id=15400]
  0x000001a3f3236800 GCTaskThread "GC Thread#0" [stack: 0x0000008398100000,0x0000008398200000] [id=38920]
  0x000001a3fff33800 GCTaskThread "GC Thread#1" [stack: 0x0000008399300000,0x0000008399400000] [id=73460]
  0x000001a3fff34800 GCTaskThread "GC Thread#2" [stack: 0x0000008399400000,0x0000008399500000] [id=47552]
  0x000001a688536800 GCTaskThread "GC Thread#3" [stack: 0x000000839b000000,0x000000839b100000] [id=56900]
  0x000001a3f3248000 ConcurrentGCThread "G1 Main Marker" [stack: 0x0000008398200000,0x0000008398300000] [id=15480]
  0x000001a3f3249800 ConcurrentGCThread "G1 Conc#0" [stack: 0x0000008398300000,0x0000008398400000] [id=66936]
  0x000001a3f32ae800 ConcurrentGCThread "G1 Refine#0" [stack: 0x0000008398400000,0x0000008398500000] [id=61736]
  0x000001a3fe869800 ConcurrentGCThread "G1 Young RemSet Sampling" [stack: 0x0000008398500000,0x0000008398600000] [id=69444]

Threads with active compile tasks:
C2 CompilerThread0    55289 1563       4       functionholders.CollisionFunctions::clip (131 bytes)

VM state:not at safepoint (normal execution)

VM Mutex/Monitor currently owned by a thread: None

Heap address: 0x0000000081e00000, size: 2018 MB, Compressed Oops mode: 32-bit
Narrow klass base: 0x0000000800000000, Narrow klass shift: 3
Compressed class space size: 1073741824 Address: 0x0000000800b30000

Heap:
 garbage-first heap   total 189440K, used 110453K [0x0000000081e00000, 0x0000000100000000)
  region size 1024K, 54 young (55296K), 10 survivors (10240K)
 Metaspace       used 7854K, capacity 9842K, committed 9984K, reserved 1058816K
  class space    used 442K, capacity 672K, committed 768K, reserved 1048576K
Heap Regions: E=young(eden), S=young(survivor), O=old, HS=humongous(starts), HC=humongous(continues), CS=collection set, F=free, OA=open archive, CA=closed archive, TAMS=top-at-mark-start (previous, next)
|   0|0x0000000081e00000, 0x0000000081f00000, 0x0000000081f00000|100%| O|  |TAMS 0x0000000081e00000, 0x0000000081e00000| Untracked 
|   1|0x0000000081f00000, 0x0000000082000000, 0x0000000082000000|100%| O|  |TAMS 0x0000000081f00000, 0x0000000081f00000| Untracked 
|   2|0x0000000082000000, 0x0000000082100000, 0x0000000082100000|100%| O|  |TAMS 0x0000000082000000, 0x0000000082000000| Untracked 
|   3|0x0000000082100000, 0x0000000082200000, 0x0000000082200000|100%| O|  |TAMS 0x0000000082100000, 0x0000000082100000| Untracked 
|   4|0x0000000082200000, 0x0000000082300000, 0x0000000082300000|100%| O|  |TAMS 0x0000000082200000, 0x0000000082200000| Untracked 
|   5|0x0000000082300000, 0x0000000082400000, 0x0000000082400000|100%| O|  |TAMS 0x0000000082300000, 0x0000000082300000| Untracked 
|   6|0x0000000082400000, 0x0000000082500000, 0x0000000082500000|100%| O|  |TAMS 0x0000000082400000, 0x0000000082400000| Untracked 
|   7|0x0000000082500000, 0x0000000082600000, 0x0000000082600000|100%| O|  |TAMS 0x0000000082500000, 0x0000000082500000| Untracked 
|   8|0x0000000082600000, 0x0000000082700000, 0x0000000082700000|100%| O|  |TAMS 0x0000000082600000, 0x0000000082600000| Untracked 
|   9|0x0000000082700000, 0x0000000082800000, 0x0000000082800000|100%| O|  |TAMS 0x0000000082700000, 0x0000000082700000| Untracked 
|  10|0x0000000082800000, 0x0000000082900000, 0x0000000082900000|100%| O|  |TAMS 0x0000000082800000, 0x0000000082800000| Untracked 
|  11|0x0000000082900000, 0x0000000082a00000, 0x0000000082a00000|100%| O|  |TAMS 0x0000000082900000, 0x0000000082900000| Untracked 
|  12|0x0000000082a00000, 0x0000000082b00000, 0x0000000082b00000|100%| O|  |TAMS 0x0000000082a00000, 0x0000000082a00000| Untracked 
|  13|0x0000000082b00000, 0x0000000082c00000, 0x0000000082c00000|100%| O|  |TAMS 0x0000000082b00000, 0x0000000082b00000| Untracked 
|  14|0x0000000082c00000, 0x0000000082d00000, 0x0000000082d00000|100%| O|  |TAMS 0x0000000082c00000, 0x0000000082c00000| Untracked 
|  15|0x0000000082d00000, 0x0000000082e00000, 0x0000000082e00000|100%| O|  |TAMS 0x0000000082d00000, 0x0000000082d00000| Untracked 
|  16|0x0000000082e00000, 0x0000000082f00000, 0x0000000082f00000|100%| O|  |TAMS 0x0000000082e00000, 0x0000000082e00000| Untracked 
|  17|0x0000000082f00000, 0x0000000083000000, 0x0000000083000000|100%| O|  |TAMS 0x0000000082f00000, 0x0000000082f00000| Untracked 
|  18|0x0000000083000000, 0x0000000083100000, 0x0000000083100000|100%| O|  |TAMS 0x0000000083000000, 0x0000000083000000| Untracked 
|  19|0x0000000083100000, 0x0000000083200000, 0x0000000083200000|100%| O|  |TAMS 0x0000000083100000, 0x0000000083100000| Untracked 
|  20|0x0000000083200000, 0x0000000083300000, 0x0000000083300000|100%| O|  |TAMS 0x0000000083200000, 0x0000000083200000| Untracked 
|  21|0x0000000083300000, 0x0000000083400000, 0x0000000083400000|100%| O|  |TAMS 0x0000000083300000, 0x0000000083300000| Untracked 
|  22|0x0000000083400000, 0x0000000083500000, 0x0000000083500000|100%| O|  |TAMS 0x0000000083400000, 0x0000000083400000| Untracked 
|  23|0x0000000083500000, 0x0000000083600000, 0x0000000083600000|100%| O|  |TAMS 0x0000000083500000, 0x0000000083500000| Untracked 
|  24|0x0000000083600000, 0x0000000083700000, 0x0000000083700000|100%| O|  |TAMS 0x0000000083600000, 0x0000000083600000| Untracked 
|  25|0x0000000083700000, 0x0000000083800000, 0x0000000083800000|100%| O|  |TAMS 0x0000000083700000, 0x0000000083700000| Untracked 
|  26|0x0000000083800000, 0x0000000083900000, 0x0000000083900000|100%| O|  |TAMS 0x0000000083800000, 0x0000000083800000| Untracked 
|  27|0x0000000083900000, 0x0000000083a00000, 0x0000000083a00000|100%| O|  |TAMS 0x0000000083900000, 0x0000000083900000| Untracked 
|  28|0x0000000083a00000, 0x0000000083b00000, 0x0000000083b00000|100%| O|  |TAMS 0x0000000083a00000, 0x0000000083a00000| Untracked 
|  29|0x0000000083b00000, 0x0000000083c00000, 0x0000000083c00000|100%| O|  |TAMS 0x0000000083b00000, 0x0000000083b00000| Untracked 
|  30|0x0000000083c00000, 0x0000000083d00000, 0x0000000083d00000|100%| O|  |TAMS 0x0000000083c00000, 0x0000000083c00000| Untracked 
|  31|0x0000000083d00000, 0x0000000083e00000, 0x0000000083e00000|100%| O|  |TAMS 0x0000000083d00000, 0x0000000083d00000| Untracked 
|  32|0x0000000083e00000, 0x0000000083f00000, 0x0000000083f00000|100%| O|  |TAMS 0x0000000083e00000, 0x0000000083e00000| Untracked 
|  33|0x0000000083f00000, 0x0000000084000000, 0x0000000084000000|100%| O|  |TAMS 0x0000000083f00000, 0x0000000083f00000| Untracked 
|  34|0x0000000084000000, 0x0000000084100000, 0x0000000084100000|100%| O|  |TAMS 0x0000000084000000, 0x0000000084000000| Untracked 
|  35|0x0000000084100000, 0x0000000084200000, 0x0000000084200000|100%| O|  |TAMS 0x0000000084100000, 0x0000000084100000| Untracked 
|  36|0x0000000084200000, 0x0000000084300000, 0x0000000084300000|100%| O|  |TAMS 0x0000000084200000, 0x0000000084200000| Untracked 
|  37|0x0000000084300000, 0x0000000084400000, 0x0000000084400000|100%| O|  |TAMS 0x0000000084300000, 0x0000000084300000| Untracked 
|  38|0x0000000084400000, 0x0000000084500000, 0x0000000084500000|100%| O|  |TAMS 0x0000000084400000, 0x0000000084400000| Untracked 
|  39|0x0000000084500000, 0x0000000084600000, 0x0000000084600000|100%| O|  |TAMS 0x0000000084500000, 0x0000000084500000| Untracked 
|  40|0x0000000084600000, 0x0000000084700000, 0x0000000084700000|100%| O|  |TAMS 0x0000000084600000, 0x0000000084600000| Untracked 
|  41|0x0000000084700000, 0x0000000084800000, 0x0000000084800000|100%| O|  |TAMS 0x0000000084700000, 0x0000000084700000| Untracked 
|  42|0x0000000084800000, 0x0000000084900000, 0x0000000084900000|100%| O|  |TAMS 0x0000000084800000, 0x0000000084800000| Untracked 
|  43|0x0000000084900000, 0x0000000084a00000, 0x0000000084a00000|100%| O|  |TAMS 0x0000000084900000, 0x0000000084900000| Untracked 
|  44|0x0000000084a00000, 0x0000000084b00000, 0x0000000084b00000|100%| O|  |TAMS 0x0000000084a00000, 0x0000000084a00000| Untracked 
|  45|0x0000000084b00000, 0x0000000084c00000, 0x0000000084c00000|100%| O|  |TAMS 0x0000000084b00000, 0x0000000084b00000| Untracked 
|  46|0x0000000084c00000, 0x0000000084d00000, 0x0000000084d00000|100%| O|  |TAMS 0x0000000084c00000, 0x0000000084c00000| Untracked 
|  47|0x0000000084d00000, 0x0000000084e00000, 0x0000000084e00000|100%| O|  |TAMS 0x0000000084d00000, 0x0000000084d00000| Untracked 
|  48|0x0000000084e00000, 0x0000000084f00000, 0x0000000084f00000|100%| O|  |TAMS 0x0000000084e00000, 0x0000000084e00000| Untracked 
|  49|0x0000000084f00000, 0x0000000085000000, 0x0000000085000000|100%| O|  |TAMS 0x0000000084f00000, 0x0000000084f00000| Untracked 
|  50|0x0000000085000000, 0x0000000085100000, 0x0000000085100000|100%| O|  |TAMS 0x0000000085000000, 0x0000000085000000| Untracked 
|  51|0x0000000085100000, 0x0000000085200000, 0x0000000085200000|100%| O|  |TAMS 0x0000000085100000, 0x0000000085100000| Untracked 
|  52|0x0000000085200000, 0x0000000085300000, 0x0000000085300000|100%| O|  |TAMS 0x0000000085200000, 0x0000000085200000| Untracked 
|  53|0x0000000085300000, 0x0000000085400000, 0x0000000085400000|100%| O|  |TAMS 0x0000000085300000, 0x0000000085300000| Untracked 
|  54|0x0000000085400000, 0x00000000854dd400, 0x0000000085500000| 86%| O|  |TAMS 0x0000000085400000, 0x0000000085400000| Untracked 
|  55|0x0000000085500000, 0x0000000085500000, 0x0000000085600000|  0%| F|  |TAMS 0x0000000085500000, 0x0000000085500000| Untracked 
|  56|0x0000000085600000, 0x0000000085600000, 0x0000000085700000|  0%| F|  |TAMS 0x0000000085600000, 0x0000000085600000| Untracked 
|  57|0x0000000085700000, 0x0000000085700000, 0x0000000085800000|  0%| F|  |TAMS 0x0000000085700000, 0x0000000085700000| Untracked 
|  58|0x0000000085800000, 0x0000000085800000, 0x0000000085900000|  0%| F|  |TAMS 0x0000000085800000, 0x0000000085800000| Untracked 
|  59|0x0000000085900000, 0x0000000085900000, 0x0000000085a00000|  0%| F|  |TAMS 0x0000000085900000, 0x0000000085900000| Untracked 
|  60|0x0000000085a00000, 0x0000000085a00000, 0x0000000085b00000|  0%| F|  |TAMS 0x0000000085a00000, 0x0000000085a00000| Untracked 
|  61|0x0000000085b00000, 0x0000000085b00000, 0x0000000085c00000|  0%| F|  |TAMS 0x0000000085b00000, 0x0000000085b00000| Untracked 
|  62|0x0000000085c00000, 0x0000000085c00000, 0x0000000085d00000|  0%| F|  |TAMS 0x0000000085c00000, 0x0000000085c00000| Untracked 
|  63|0x0000000085d00000, 0x0000000085d00000, 0x0000000085e00000|  0%| F|  |TAMS 0x0000000085d00000, 0x0000000085d00000| Untracked 
|  64|0x0000000085e00000, 0x0000000085e00000, 0x0000000085f00000|  0%| F|  |TAMS 0x0000000085e00000, 0x0000000085e00000| Untracked 
|  65|0x0000000085f00000, 0x0000000085f00000, 0x0000000086000000|  0%| F|  |TAMS 0x0000000085f00000, 0x0000000085f00000| Untracked 
|  66|0x0000000086000000, 0x0000000086000000, 0x0000000086100000|  0%| F|  |TAMS 0x0000000086000000, 0x0000000086000000| Untracked 
|  67|0x0000000086100000, 0x0000000086100000, 0x0000000086200000|  0%| F|  |TAMS 0x0000000086100000, 0x0000000086100000| Untracked 
|  68|0x0000000086200000, 0x0000000086200000, 0x0000000086300000|  0%| F|  |TAMS 0x0000000086200000, 0x0000000086200000| Untracked 
|  69|0x0000000086300000, 0x0000000086300000, 0x0000000086400000|  0%| F|  |TAMS 0x0000000086300000, 0x0000000086300000| Untracked 
|  70|0x0000000086400000, 0x0000000086400000, 0x0000000086500000|  0%| F|  |TAMS 0x0000000086400000, 0x0000000086400000| Untracked 
|  71|0x0000000086500000, 0x0000000086500000, 0x0000000086600000|  0%| F|  |TAMS 0x0000000086500000, 0x0000000086500000| Untracked 
|  72|0x0000000086600000, 0x0000000086600000, 0x0000000086700000|  0%| F|  |TAMS 0x0000000086600000, 0x0000000086600000| Untracked 
|  73|0x0000000086700000, 0x0000000086700000, 0x0000000086800000|  0%| F|  |TAMS 0x0000000086700000, 0x0000000086700000| Untracked 
|  74|0x0000000086800000, 0x0000000086800000, 0x0000000086900000|  0%| F|  |TAMS 0x0000000086800000, 0x0000000086800000| Untracked 
|  75|0x0000000086900000, 0x0000000086900000, 0x0000000086a00000|  0%| F|  |TAMS 0x0000000086900000, 0x0000000086900000| Untracked 
|  76|0x0000000086a00000, 0x0000000086a00000, 0x0000000086b00000|  0%| F|  |TAMS 0x0000000086a00000, 0x0000000086a00000| Untracked 
|  77|0x0000000086b00000, 0x0000000086b00000, 0x0000000086c00000|  0%| F|  |TAMS 0x0000000086b00000, 0x0000000086b00000| Untracked 
|  78|0x0000000086c00000, 0x0000000086c00000, 0x0000000086d00000|  0%| F|  |TAMS 0x0000000086c00000, 0x0000000086c00000| Untracked 
|  79|0x0000000086d00000, 0x0000000086d00000, 0x0000000086e00000|  0%| F|  |TAMS 0x0000000086d00000, 0x0000000086d00000| Untracked 
|  80|0x0000000086e00000, 0x0000000086e00000, 0x0000000086f00000|  0%| F|  |TAMS 0x0000000086e00000, 0x0000000086e00000| Untracked 
|  81|0x0000000086f00000, 0x0000000086f00000, 0x0000000087000000|  0%| F|  |TAMS 0x0000000086f00000, 0x0000000086f00000| Untracked 
|  82|0x0000000087000000, 0x0000000087000000, 0x0000000087100000|  0%| F|  |TAMS 0x0000000087000000, 0x0000000087000000| Untracked 
|  83|0x0000000087100000, 0x0000000087100000, 0x0000000087200000|  0%| F|  |TAMS 0x0000000087100000, 0x0000000087100000| Untracked 
|  84|0x0000000087200000, 0x0000000087200000, 0x0000000087300000|  0%| F|  |TAMS 0x0000000087200000, 0x0000000087200000| Untracked 
|  85|0x0000000087300000, 0x0000000087300000, 0x0000000087400000|  0%| F|  |TAMS 0x0000000087300000, 0x0000000087300000| Untracked 
|  86|0x0000000087400000, 0x0000000087400000, 0x0000000087500000|  0%| F|  |TAMS 0x0000000087400000, 0x0000000087400000| Untracked 
|  87|0x0000000087500000, 0x0000000087500000, 0x0000000087600000|  0%| F|  |TAMS 0x0000000087500000, 0x0000000087500000| Untracked 
|  88|0x0000000087600000, 0x0000000087600000, 0x0000000087700000|  0%| F|  |TAMS 0x0000000087600000, 0x0000000087600000| Untracked 
|  89|0x0000000087700000, 0x0000000087700000, 0x0000000087800000|  0%| F|  |TAMS 0x0000000087700000, 0x0000000087700000| Untracked 
|  90|0x0000000087800000, 0x0000000087800000, 0x0000000087900000|  0%| F|  |TAMS 0x0000000087800000, 0x0000000087800000| Untracked 
|  91|0x0000000087900000, 0x0000000087900000, 0x0000000087a00000|  0%| F|  |TAMS 0x0000000087900000, 0x0000000087900000| Untracked 
|  92|0x0000000087a00000, 0x0000000087a00000, 0x0000000087b00000|  0%| F|  |TAMS 0x0000000087a00000, 0x0000000087a00000| Untracked 
|  93|0x0000000087b00000, 0x0000000087b00000, 0x0000000087c00000|  0%| F|  |TAMS 0x0000000087b00000, 0x0000000087b00000| Untracked 
|  94|0x0000000087c00000, 0x0000000087c00000, 0x0000000087d00000|  0%| F|  |TAMS 0x0000000087c00000, 0x0000000087c00000| Untracked 
|  95|0x0000000087d00000, 0x0000000087d00000, 0x0000000087e00000|  0%| F|  |TAMS 0x0000000087d00000, 0x0000000087d00000| Untracked 
|  96|0x0000000087e00000, 0x0000000087e00000, 0x0000000087f00000|  0%| F|  |TAMS 0x0000000087e00000, 0x0000000087e00000| Untracked 
|  97|0x0000000087f00000, 0x0000000087f00000, 0x0000000088000000|  0%| F|  |TAMS 0x0000000087f00000, 0x0000000087f00000| Untracked 
|  98|0x0000000088000000, 0x0000000088000000, 0x0000000088100000|  0%| F|  |TAMS 0x0000000088000000, 0x0000000088000000| Untracked 
|  99|0x0000000088100000, 0x0000000088100000, 0x0000000088200000|  0%| F|  |TAMS 0x0000000088100000, 0x0000000088100000| Untracked 
| 100|0x0000000088200000, 0x0000000088200000, 0x0000000088300000|  0%| F|  |TAMS 0x0000000088200000, 0x0000000088200000| Untracked 
| 101|0x0000000088300000, 0x0000000088300000, 0x0000000088400000|  0%| F|  |TAMS 0x0000000088300000, 0x0000000088300000| Untracked 
| 102|0x0000000088400000, 0x0000000088400000, 0x0000000088500000|  0%| F|  |TAMS 0x0000000088400000, 0x0000000088400000| Untracked 
| 103|0x0000000088500000, 0x0000000088500000, 0x0000000088600000|  0%| F|  |TAMS 0x0000000088500000, 0x0000000088500000| Untracked 
| 104|0x0000000088600000, 0x0000000088600000, 0x0000000088700000|  0%| F|  |TAMS 0x0000000088600000, 0x0000000088600000| Untracked 
| 105|0x0000000088700000, 0x0000000088700000, 0x0000000088800000|  0%| F|  |TAMS 0x0000000088700000, 0x0000000088700000| Untracked 
| 106|0x0000000088800000, 0x0000000088800000, 0x0000000088900000|  0%| F|  |TAMS 0x0000000088800000, 0x0000000088800000| Untracked 
| 107|0x0000000088900000, 0x0000000088900000, 0x0000000088a00000|  0%| F|  |TAMS 0x0000000088900000, 0x0000000088900000| Untracked 
| 108|0x0000000088a00000, 0x0000000088b00000, 0x0000000088b00000|100%| S|CS|TAMS 0x0000000088a00000, 0x0000000088a00000| Complete 
| 109|0x0000000088b00000, 0x0000000088c00000, 0x0000000088c00000|100%| S|CS|TAMS 0x0000000088b00000, 0x0000000088b00000| Complete 
| 110|0x0000000088c00000, 0x0000000088d00000, 0x0000000088d00000|100%| S|CS|TAMS 0x0000000088c00000, 0x0000000088c00000| Complete 
| 111|0x0000000088d00000, 0x0000000088e00000, 0x0000000088e00000|100%| S|CS|TAMS 0x0000000088d00000, 0x0000000088d00000| Complete 
| 112|0x0000000088e00000, 0x0000000088f00000, 0x0000000088f00000|100%| S|CS|TAMS 0x0000000088e00000, 0x0000000088e00000| Complete 
| 113|0x0000000088f00000, 0x0000000088f00000, 0x0000000089000000|  0%| F|  |TAMS 0x0000000088f00000, 0x0000000088f00000| Untracked 
| 114|0x0000000089000000, 0x0000000089000000, 0x0000000089100000|  0%| F|  |TAMS 0x0000000089000000, 0x0000000089000000| Untracked 
| 115|0x0000000089100000, 0x0000000089100000, 0x0000000089200000|  0%| F|  |TAMS 0x0000000089100000, 0x0000000089100000| Untracked 
| 116|0x0000000089200000, 0x0000000089300000, 0x0000000089300000|100%| S|CS|TAMS 0x0000000089200000, 0x0000000089200000| Complete 
| 117|0x0000000089300000, 0x0000000089400000, 0x0000000089400000|100%| S|CS|TAMS 0x0000000089300000, 0x0000000089300000| Complete 
| 118|0x0000000089400000, 0x0000000089500000, 0x0000000089500000|100%| S|CS|TAMS 0x0000000089400000, 0x0000000089400000| Complete 
| 119|0x0000000089500000, 0x0000000089600000, 0x0000000089600000|100%| S|CS|TAMS 0x0000000089500000, 0x0000000089500000| Complete 
| 120|0x0000000089600000, 0x0000000089700000, 0x0000000089700000|100%| S|CS|TAMS 0x0000000089600000, 0x0000000089600000| Complete 
| 121|0x0000000089700000, 0x0000000089700000, 0x0000000089800000|  0%| F|  |TAMS 0x0000000089700000, 0x0000000089700000| Untracked 
| 122|0x0000000089800000, 0x0000000089800000, 0x0000000089900000|  0%| F|  |TAMS 0x0000000089800000, 0x0000000089800000| Untracked 
| 123|0x0000000089900000, 0x0000000089900000, 0x0000000089a00000|  0%| F|  |TAMS 0x0000000089900000, 0x0000000089900000| Untracked 
| 124|0x0000000089a00000, 0x0000000089a00000, 0x0000000089b00000|  0%| F|  |TAMS 0x0000000089a00000, 0x0000000089a00000| Untracked 
| 125|0x0000000089b00000, 0x0000000089b00000, 0x0000000089c00000|  0%| F|  |TAMS 0x0000000089b00000, 0x0000000089b00000| Untracked 
| 126|0x0000000089c00000, 0x0000000089c00000, 0x0000000089d00000|  0%| F|  |TAMS 0x0000000089c00000, 0x0000000089c00000| Untracked 
| 127|0x0000000089d00000, 0x0000000089d00000, 0x0000000089e00000|  0%| F|  |TAMS 0x0000000089d00000, 0x0000000089d00000| Untracked 
| 128|0x0000000089e00000, 0x0000000089e00000, 0x0000000089f00000|  0%| F|  |TAMS 0x0000000089e00000, 0x0000000089e00000| Untracked 
| 129|0x0000000089f00000, 0x0000000089f00000, 0x000000008a000000|  0%| F|  |TAMS 0x0000000089f00000, 0x0000000089f00000| Untracked 
| 130|0x000000008a000000, 0x000000008a000000, 0x000000008a100000|  0%| F|  |TAMS 0x000000008a000000, 0x000000008a000000| Untracked 
| 131|0x000000008a100000, 0x000000008a100000, 0x000000008a200000|  0%| F|  |TAMS 0x000000008a100000, 0x000000008a100000| Untracked 
| 132|0x000000008a200000, 0x000000008a200000, 0x000000008a300000|  0%| F|  |TAMS 0x000000008a200000, 0x000000008a200000| Untracked 
| 133|0x000000008a300000, 0x000000008a300000, 0x000000008a400000|  0%| F|  |TAMS 0x000000008a300000, 0x000000008a300000| Untracked 
| 134|0x000000008a400000, 0x000000008a400000, 0x000000008a500000|  0%| F|  |TAMS 0x000000008a400000, 0x000000008a400000| Untracked 
| 135|0x000000008a500000, 0x000000008a500000, 0x000000008a600000|  0%| F|  |TAMS 0x000000008a500000, 0x000000008a500000| Untracked 
| 136|0x000000008a600000, 0x000000008a600000, 0x000000008a700000|  0%| F|  |TAMS 0x000000008a600000, 0x000000008a600000| Untracked 
| 137|0x000000008a700000, 0x000000008a700000, 0x000000008a800000|  0%| F|  |TAMS 0x000000008a700000, 0x000000008a700000| Untracked 
| 138|0x000000008a800000, 0x000000008a800000, 0x000000008a900000|  0%| F|  |TAMS 0x000000008a800000, 0x000000008a800000| Untracked 
| 139|0x000000008a900000, 0x000000008a900000, 0x000000008aa00000|  0%| F|  |TAMS 0x000000008a900000, 0x000000008a900000| Untracked 
| 140|0x000000008aa00000, 0x000000008aa00000, 0x000000008ab00000|  0%| F|  |TAMS 0x000000008aa00000, 0x000000008aa00000| Untracked 
| 141|0x000000008ab00000, 0x000000008ac00000, 0x000000008ac00000|100%| E|  |TAMS 0x000000008ab00000, 0x000000008ab00000| Complete 
| 142|0x000000008ac00000, 0x000000008ad00000, 0x000000008ad00000|100%| E|CS|TAMS 0x000000008ac00000, 0x000000008ac00000| Complete 
| 143|0x000000008ad00000, 0x000000008ae00000, 0x000000008ae00000|100%| E|CS|TAMS 0x000000008ad00000, 0x000000008ad00000| Complete 
| 144|0x000000008ae00000, 0x000000008af00000, 0x000000008af00000|100%| E|CS|TAMS 0x000000008ae00000, 0x000000008ae00000| Complete 
| 145|0x000000008af00000, 0x000000008b000000, 0x000000008b000000|100%| E|CS|TAMS 0x000000008af00000, 0x000000008af00000| Complete 
| 146|0x000000008b000000, 0x000000008b100000, 0x000000008b100000|100%| E|CS|TAMS 0x000000008b000000, 0x000000008b000000| Complete 
| 147|0x000000008b100000, 0x000000008b200000, 0x000000008b200000|100%| E|CS|TAMS 0x000000008b100000, 0x000000008b100000| Complete 
| 148|0x000000008b200000, 0x000000008b300000, 0x000000008b300000|100%| E|CS|TAMS 0x000000008b200000, 0x000000008b200000| Complete 
| 149|0x000000008b300000, 0x000000008b400000, 0x000000008b400000|100%| E|CS|TAMS 0x000000008b300000, 0x000000008b300000| Complete 
| 150|0x000000008b400000, 0x000000008b500000, 0x000000008b500000|100%| E|CS|TAMS 0x000000008b400000, 0x000000008b400000| Complete 
| 151|0x000000008b500000, 0x000000008b600000, 0x000000008b600000|100%| E|CS|TAMS 0x000000008b500000, 0x000000008b500000| Complete 
| 152|0x000000008b600000, 0x000000008b700000, 0x000000008b700000|100%| E|CS|TAMS 0x000000008b600000, 0x000000008b600000| Complete 
| 153|0x000000008b700000, 0x000000008b800000, 0x000000008b800000|100%| E|CS|TAMS 0x000000008b700000, 0x000000008b700000| Complete 
| 154|0x000000008b800000, 0x000000008b900000, 0x000000008b900000|100%| E|CS|TAMS 0x000000008b800000, 0x000000008b800000| Complete 
| 155|0x000000008b900000, 0x000000008ba00000, 0x000000008ba00000|100%| E|CS|TAMS 0x000000008b900000, 0x000000008b900000| Complete 
| 156|0x000000008ba00000, 0x000000008bb00000, 0x000000008bb00000|100%| E|CS|TAMS 0x000000008ba00000, 0x000000008ba00000| Complete 
| 157|0x000000008bb00000, 0x000000008bc00000, 0x000000008bc00000|100%| E|CS|TAMS 0x000000008bb00000, 0x000000008bb00000| Complete 
| 158|0x000000008bc00000, 0x000000008bd00000, 0x000000008bd00000|100%| E|CS|TAMS 0x000000008bc00000, 0x000000008bc00000| Complete 
| 159|0x000000008bd00000, 0x000000008be00000, 0x000000008be00000|100%| E|CS|TAMS 0x000000008bd00000, 0x000000008bd00000| Complete 
| 160|0x000000008be00000, 0x000000008bf00000, 0x000000008bf00000|100%| E|CS|TAMS 0x000000008be00000, 0x000000008be00000| Complete 
| 161|0x000000008bf00000, 0x000000008c000000, 0x000000008c000000|100%| E|CS|TAMS 0x000000008bf00000, 0x000000008bf00000| Complete 
| 162|0x000000008c000000, 0x000000008c100000, 0x000000008c100000|100%| E|CS|TAMS 0x000000008c000000, 0x000000008c000000| Complete 
| 163|0x000000008c100000, 0x000000008c200000, 0x000000008c200000|100%| E|CS|TAMS 0x000000008c100000, 0x000000008c100000| Complete 
| 164|0x000000008c200000, 0x000000008c300000, 0x000000008c300000|100%| E|CS|TAMS 0x000000008c200000, 0x000000008c200000| Complete 
| 165|0x000000008c300000, 0x000000008c400000, 0x000000008c400000|100%| E|CS|TAMS 0x000000008c300000, 0x000000008c300000| Complete 
| 166|0x000000008c400000, 0x000000008c500000, 0x000000008c500000|100%| E|CS|TAMS 0x000000008c400000, 0x000000008c400000| Complete 
| 167|0x000000008c500000, 0x000000008c600000, 0x000000008c600000|100%| E|CS|TAMS 0x000000008c500000, 0x000000008c500000| Complete 
| 168|0x000000008c600000, 0x000000008c700000, 0x000000008c700000|100%| E|CS|TAMS 0x000000008c600000, 0x000000008c600000| Complete 
| 169|0x000000008c700000, 0x000000008c800000, 0x000000008c800000|100%| E|CS|TAMS 0x000000008c700000, 0x000000008c700000| Complete 
| 170|0x000000008c800000, 0x000000008c900000, 0x000000008c900000|100%| E|CS|TAMS 0x000000008c800000, 0x000000008c800000| Complete 
| 171|0x000000008c900000, 0x000000008ca00000, 0x000000008ca00000|100%| E|CS|TAMS 0x000000008c900000, 0x000000008c900000| Complete 
| 172|0x000000008ca00000, 0x000000008cb00000, 0x000000008cb00000|100%| E|CS|TAMS 0x000000008ca00000, 0x000000008ca00000| Complete 
| 173|0x000000008cb00000, 0x000000008cc00000, 0x000000008cc00000|100%| E|CS|TAMS 0x000000008cb00000, 0x000000008cb00000| Complete 
| 174|0x000000008cc00000, 0x000000008cd00000, 0x000000008cd00000|100%| E|CS|TAMS 0x000000008cc00000, 0x000000008cc00000| Complete 
| 175|0x000000008cd00000, 0x000000008ce00000, 0x000000008ce00000|100%| E|CS|TAMS 0x000000008cd00000, 0x000000008cd00000| Complete 
| 176|0x000000008ce00000, 0x000000008cf00000, 0x000000008cf00000|100%| E|CS|TAMS 0x000000008ce00000, 0x000000008ce00000| Complete 
| 177|0x000000008cf00000, 0x000000008d000000, 0x000000008d000000|100%| E|CS|TAMS 0x000000008cf00000, 0x000000008cf00000| Complete 
| 178|0x000000008d000000, 0x000000008d100000, 0x000000008d100000|100%| E|CS|TAMS 0x000000008d000000, 0x000000008d000000| Complete 
| 179|0x000000008d100000, 0x000000008d200000, 0x000000008d200000|100%| E|CS|TAMS 0x000000008d100000, 0x000000008d100000| Complete 
| 180|0x000000008d200000, 0x000000008d300000, 0x000000008d300000|100%| E|CS|TAMS 0x000000008d200000, 0x000000008d200000| Complete 
| 181|0x000000008d300000, 0x000000008d400000, 0x000000008d400000|100%| E|CS|TAMS 0x000000008d300000, 0x000000008d300000| Complete 
| 182|0x000000008d400000, 0x000000008d500000, 0x000000008d500000|100%| E|CS|TAMS 0x000000008d400000, 0x000000008d400000| Complete 
| 183|0x000000008d500000, 0x000000008d600000, 0x000000008d600000|100%| E|CS|TAMS 0x000000008d500000, 0x000000008d500000| Complete 
| 184|0x000000008d600000, 0x000000008d700000, 0x000000008d700000|100%| E|CS|TAMS 0x000000008d600000, 0x000000008d600000| Complete 

Card table byte_map: [0x000001a3fbd80000,0x000001a3fc180000] _byte_map_base: 0x000001a3fb971000

Marking Bits (Prev, Next): (CMBitMap*) 0x000001a3f3237118, (CMBitMap*) 0x000001a3f3237158
 Prev Bits: [0x000001a3fc580000, 0x000001a3fe508000)
 Next Bits: [0x000001a38f000000, 0x000001a390f88000)

Polling page: 0x000001a3f0fd0000

Metaspace:

Usage:
  Non-class:      8.96 MB capacity,     7.24 MB ( 81%) used,     1.70 MB ( 19%) free+waste,    13.81 KB ( <1%) overhead. 
      Class:    672.00 KB capacity,   442.30 KB ( 66%) used,   223.58 KB ( 33%) free+waste,     6.13 KB ( <1%) overhead. 
       Both:      9.61 MB capacity,     7.67 MB ( 80%) used,     1.92 MB ( 20%) free+waste,    19.94 KB ( <1%) overhead. 

Virtual space:
  Non-class space:       10.00 MB reserved,       9.00 MB ( 90%) committed 
      Class space:        1.00 GB reserved,     768.00 KB ( <1%) committed 
             Both:        1.01 GB reserved,       9.75 MB ( <1%) committed 

Chunk freelists:
   Non-Class:  46.00 KB
       Class:  0 bytes
        Both:  46.00 KB

MaxMetaspaceSize: 17179869184.00 GB
CompressedClassSpaceSize: 1.00 GB

CodeHeap 'non-profiled nmethods': size=120000Kb used=1117Kb max_used=1117Kb free=118883Kb
 bounds [0x000001a387ad0000, 0x000001a387d40000, 0x000001a38f000000]
CodeHeap 'profiled nmethods': size=120000Kb used=3028Kb max_used=3028Kb free=116971Kb
 bounds [0x000001a3805a0000, 0x000001a3808a0000, 0x000001a387ad0000]
CodeHeap 'non-nmethods': size=5760Kb used=1636Kb max_used=1689Kb free=4123Kb
 bounds [0x000001a380000000, 0x000001a380270000, 0x000001a3805a0000]
 total_blobs=3422 nmethods=1550 adapters=949
 compilation: enabled
              stopped_count=0, restarted_count=0
 full_count=0

Compilation events (20 events):
Event: 32.584 Thread 0x000001a3fea26800 nmethod 1553 0x000001a38088fa90 code [0x000001a38088fc60, 0x000001a380890018]
Event: 38.243 Thread 0x000001a3fea26800 1554 %     3       objects.Player::checkLedge @ 84 (148 bytes)
Event: 38.244 Thread 0x000001a3fea26800 nmethod 1554% 0x000001a380890190 code [0x000001a380890420, 0x000001a380890cd8]
Event: 38.245 Thread 0x000001a3fea26800 1555       3       objects.Player::checkLedge (148 bytes)
Event: 38.247 Thread 0x000001a3fea26800 nmethod 1555 0x000001a380891010 code [0x000001a380891280, 0x000001a380891a18]
Event: 43.733 Thread 0x000001a3fea26800 1556       3       datatypes.Vector::<init> (7 bytes)
Event: 43.735 Thread 0x000001a3fea26800 nmethod 1556 0x000001a380891c90 code [0x000001a380891e40, 0x000001a380892038]
Event: 43.736 Thread 0x000001a3fea26800 1557       3       shapes.Circle::<init> (41 bytes)
Event: 43.737 Thread 0x000001a3fea26800 nmethod 1557 0x000001a380892110 code [0x000001a380892340, 0x000001a380892eb8]
Event: 44.937 Thread 0x000001a3fea17000 1558       4       org.lwjgl.opengl.GL30::glBindVertexArray (5 bytes)
Event: 44.938 Thread 0x000001a3fea17000 nmethod 1558 0x000001a387be4510 code [0x000001a387be46a0, 0x000001a387be4708]
Event: 48.176 Thread 0x000001a3fea26800 1559       3       main.Image::rotate (66 bytes)
Event: 48.176 Thread 0x000001a3fea26800 nmethod 1559 0x000001a380893210 code [0x000001a3808933c0, 0x000001a3808936b8]
Event: 50.138 Thread 0x000001a3fea26800 1560       3       functionholders.CollisionFunctions::getAxisMovements (139 bytes)
Event: 50.140 Thread 0x000001a3fea26800 nmethod 1560 0x000001a380893790 code [0x000001a380893a80, 0x000001a380894b58]
Event: 52.749 Thread 0x000001a3fea17000 1561 %     4       functionholders.CollisionFunctions::clip @ 7 (131 bytes)
Event: 52.849 Thread 0x000001a3fea17000 nmethod 1561% 0x000001a387be4810 code [0x000001a387be4ba0, 0x000001a387be6480]
Event: 54.052 Thread 0x000001a3fea17000 1562       4       org.joml.MemUtil$MemUtilUnsafe::put (43 bytes)
Event: 54.056 Thread 0x000001a3fea17000 nmethod 1562 0x000001a387be7110 code [0x000001a387be72a0, 0x000001a387be7358]
Event: 55.213 Thread 0x000001a3fea17000 1563       4       functionholders.CollisionFunctions::clip (131 bytes)

GC Heap History (20 events):
Event: 4.963 GC heap before
{Heap before GC invocations=2 (full 0):
 garbage-first heap   total 131072K, used 80529K [0x0000000081e00000, 0x0000000100000000)
  region size 1024K, 76 young (77824K), 2 survivors (2048K)
 Metaspace       used 7818K, capacity 9842K, committed 9984K, reserved 1058816K
  class space    used 442K, capacity 672K, committed 768K, reserved 1048576K
}
Event: 5.001 GC heap after
{Heap after GC invocations=3 (full 0):
 garbage-first heap   total 131072K, used 15269K [0x0000000081e00000, 0x0000000100000000)
  region size 1024K, 10 young (10240K), 10 survivors (10240K)
 Metaspace       used 7818K, capacity 9842K, committed 9984K, reserved 1058816K
  class space    used 442K, capacity 672K, committed 768K, reserved 1048576K
}
Event: 7.931 GC heap before
{Heap before GC invocations=3 (full 0):
 garbage-first heap   total 131072K, used 72613K [0x0000000081e00000, 0x0000000100000000)
  region size 1024K, 66 young (67584K), 10 survivors (10240K)
 Metaspace       used 7831K, capacity 9842K, committed 9984K, reserved 1058816K
  class space    used 442K, capacity 672K, committed 768K, reserved 1048576K
}
Event: 7.985 GC heap after
{Heap after GC invocations=4 (full 0):
 garbage-first heap   total 131072K, used 22898K [0x0000000081e00000, 0x0000000100000000)
  region size 1024K, 9 young (9216K), 9 survivors (9216K)
 Metaspace       used 7831K, capacity 9842K, committed 9984K, reserved 1058816K
  class space    used 442K, capacity 672K, committed 768K, reserved 1048576K
}
Event: 10.957 GC heap before
{Heap before GC invocations=4 (full 0):
 garbage-first heap   total 131072K, used 77170K [0x0000000081e00000, 0x0000000100000000)
  region size 1024K, 62 young (63488K), 9 survivors (9216K)
 Metaspace       used 7839K, capacity 9842K, committed 9984K, reserved 1058816K
  class space    used 442K, capacity 672K, committed 768K, reserved 1048576K
}
Event: 11.004 GC heap after
{Heap after GC invocations=5 (full 0):
 garbage-first heap   total 157696K, used 27032K [0x0000000081e00000, 0x0000000100000000)
  region size 1024K, 8 young (8192K), 8 survivors (8192K)
 Metaspace       used 7839K, capacity 9842K, committed 9984K, reserved 1058816K
  class space    used 442K, capacity 672K, committed 768K, reserved 1048576K
}
Event: 14.054 GC heap before
{Heap before GC invocations=5 (full 0):
 garbage-first heap   total 157696K, used 92568K [0x0000000081e00000, 0x0000000100000000)
  region size 1024K, 72 young (73728K), 8 survivors (8192K)
 Metaspace       used 7845K, capacity 9842K, committed 9984K, reserved 1058816K
  class space    used 442K, capacity 672K, committed 768K, reserved 1048576K
}
Event: 14.103 GC heap after
{Heap after GC invocations=6 (full 0):
 garbage-first heap   total 157696K, used 34474K [0x0000000081e00000, 0x0000000100000000)
  region size 1024K, 9 young (9216K), 9 survivors (9216K)
 Metaspace       used 7845K, capacity 9842K, committed 9984K, reserved 1058816K
  class space    used 442K, capacity 672K, committed 768K, reserved 1048576K
}
Event: 17.834 GC heap before
{Heap before GC invocations=6 (full 0):
 garbage-first heap   total 157696K, used 97962K [0x0000000081e00000, 0x0000000100000000)
  region size 1024K, 71 young (72704K), 9 survivors (9216K)
 Metaspace       used 7846K, capacity 9842K, committed 9984K, reserved 1058816K
  class space    used 442K, capacity 672K, committed 768K, reserved 1048576K
}
Event: 17.889 GC heap after
{Heap after GC invocations=7 (full 0):
 garbage-first heap   total 157696K, used 39640K [0x0000000081e00000, 0x0000000100000000)
  region size 1024K, 9 young (9216K), 9 survivors (9216K)
 Metaspace       used 7846K, capacity 9842K, committed 9984K, reserved 1058816K
  class space    used 442K, capacity 672K, committed 768K, reserved 1048576K
}
Event: 22.105 GC heap before
{Heap before GC invocations=7 (full 0):
 garbage-first heap   total 157696K, used 101080K [0x0000000081e00000, 0x0000000100000000)
  region size 1024K, 69 young (70656K), 9 survivors (9216K)
 Metaspace       used 7847K, capacity 9842K, committed 9984K, reserved 1058816K
  class space    used 442K, capacity 672K, committed 768K, reserved 1048576K
}
Event: 22.164 GC heap after
{Heap after GC invocations=8 (full 0):
 garbage-first heap   total 157696K, used 45014K [0x0000000081e00000, 0x0000000100000000)
  region size 1024K, 9 young (9216K), 9 survivors (9216K)
 Metaspace       used 7847K, capacity 9842K, committed 9984K, reserved 1058816K
  class space    used 442K, capacity 672K, committed 768K, reserved 1048576K
}
Event: 28.668 GC heap before
{Heap before GC invocations=8 (full 0):
 garbage-first heap   total 157696K, used 102358K [0x0000000081e00000, 0x0000000100000000)
  region size 1024K, 65 young (66560K), 9 survivors (9216K)
 Metaspace       used 7851K, capacity 9842K, committed 9984K, reserved 1058816K
  class space    used 442K, capacity 672K, committed 768K, reserved 1048576K
}
Event: 28.715 GC heap after
{Heap after GC invocations=9 (full 0):
 garbage-first heap   total 189440K, used 47726K [0x0000000081e00000, 0x0000000100000000)
  region size 1024K, 9 young (9216K), 9 survivors (9216K)
 Metaspace       used 7851K, capacity 9842K, committed 9984K, reserved 1058816K
  class space    used 442K, capacity 672K, committed 768K, reserved 1048576K
}
Event: 40.128 GC heap before
{Heap before GC invocations=9 (full 0):
 garbage-first heap   total 189440K, used 121454K [0x0000000081e00000, 0x0000000100000000)
  region size 1024K, 81 young (82944K), 9 survivors (9216K)
 Metaspace       used 7853K, capacity 9842K, committed 9984K, reserved 1058816K
  class space    used 442K, capacity 672K, committed 768K, reserved 1048576K
}
Event: 40.198 GC heap after
{Heap after GC invocations=10 (full 0):
 garbage-first heap   total 189440K, used 53968K [0x0000000081e00000, 0x0000000100000000)
  region size 1024K, 11 young (11264K), 11 survivors (11264K)
 Metaspace       used 7853K, capacity 9842K, committed 9984K, reserved 1058816K
  class space    used 442K, capacity 672K, committed 768K, reserved 1048576K
}
Event: 46.224 GC heap before
{Heap before GC invocations=10 (full 0):
 garbage-first heap   total 189440K, used 124624K [0x0000000081e00000, 0x0000000100000000)
  region size 1024K, 80 young (81920K), 11 survivors (11264K)
 Metaspace       used 7854K, capacity 9842K, committed 9984K, reserved 1058816K
  class space    used 442K, capacity 672K, committed 768K, reserved 1048576K
}
Event: 46.279 GC heap after
{Heap after GC invocations=11 (full 0):
 garbage-first heap   total 189440K, used 60131K [0x0000000081e00000, 0x0000000100000000)
  region size 1024K, 10 young (10240K), 10 survivors (10240K)
 Metaspace       used 7854K, capacity 9842K, committed 9984K, reserved 1058816K
  class space    used 442K, capacity 672K, committed 768K, reserved 1048576K
}
Event: 52.877 GC heap before
{Heap before GC invocations=11 (full 0):
 garbage-first heap   total 189440K, used 125667K [0x0000000081e00000, 0x0000000100000000)
  region size 1024K, 74 young (75776K), 10 survivors (10240K)
 Metaspace       used 7854K, capacity 9842K, committed 9984K, reserved 1058816K
  class space    used 442K, capacity 672K, committed 768K, reserved 1048576K
}
Event: 52.930 GC heap after
{Heap after GC invocations=12 (full 0):
 garbage-first heap   total 189440K, used 66421K [0x0000000081e00000, 0x0000000100000000)
  region size 1024K, 10 young (10240K), 10 survivors (10240K)
 Metaspace       used 7854K, capacity 9842K, committed 9984K, reserved 1058816K
  class space    used 442K, capacity 672K, committed 768K, reserved 1048576K
}

Deoptimization events (20 events):
Event: 10.948 Thread 0x000001a3f31f7800 DEOPT PACKING pc=0x000001a387bd1734 sp=0x00000083980ff4a0
Event: 10.948 Thread 0x000001a3f31f7800 DEOPT UNPACKING pc=0x000001a38004912f sp=0x00000083980ff490 mode 2
Event: 10.948 Thread 0x000001a3f31f7800 Uncommon trap: trap_request=0xffffffbe fr.pc=0x000001a387bd1734 relative=0x0000000000004174
Event: 10.948 Thread 0x000001a3f31f7800 Uncommon trap: reason=profile_predicate action=maybe_recompile pc=0x000001a387bd1734 method=functionholders.CollisionFunctions.checkCollision(Ldatatypes/Shape;Ldatatypes/Shape;)Z @ 184 c2
Event: 10.948 Thread 0x000001a3f31f7800 DEOPT PACKING pc=0x000001a387bd1734 sp=0x00000083980ff4a0
Event: 10.948 Thread 0x000001a3f31f7800 DEOPT UNPACKING pc=0x000001a38004912f sp=0x00000083980ff490 mode 2
Event: 10.948 Thread 0x000001a3f31f7800 Uncommon trap: trap_request=0xffffffbe fr.pc=0x000001a387bd1734 relative=0x0000000000004174
Event: 10.948 Thread 0x000001a3f31f7800 Uncommon trap: reason=profile_predicate action=maybe_recompile pc=0x000001a387bd1734 method=functionholders.CollisionFunctions.checkCollision(Ldatatypes/Shape;Ldatatypes/Shape;)Z @ 184 c2
Event: 10.948 Thread 0x000001a3f31f7800 DEOPT PACKING pc=0x000001a387bd1734 sp=0x00000083980ff4a0
Event: 10.948 Thread 0x000001a3f31f7800 DEOPT UNPACKING pc=0x000001a38004912f sp=0x00000083980ff490 mode 2
Event: 10.948 Thread 0x000001a3f31f7800 Uncommon trap: trap_request=0xffffffbe fr.pc=0x000001a387bd1734 relative=0x0000000000004174
Event: 10.948 Thread 0x000001a3f31f7800 Uncommon trap: reason=profile_predicate action=maybe_recompile pc=0x000001a387bd1734 method=functionholders.CollisionFunctions.checkCollision(Ldatatypes/Shape;Ldatatypes/Shape;)Z @ 184 c2
Event: 10.948 Thread 0x000001a3f31f7800 DEOPT PACKING pc=0x000001a387bd1734 sp=0x00000083980ff4a0
Event: 10.948 Thread 0x000001a3f31f7800 DEOPT UNPACKING pc=0x000001a38004912f sp=0x00000083980ff490 mode 2
Event: 11.372 Thread 0x000001a3f31f7800 DEOPT PACKING pc=0x000001a380856d85 sp=0x00000083980ff320
Event: 11.372 Thread 0x000001a3f31f7800 DEOPT UNPACKING pc=0x000001a38004964e sp=0x00000083980fe790 mode 0
Event: 44.372 Thread 0x000001a3f31f7800 DEOPT PACKING pc=0x000001a3808918d1 sp=0x00000083980ff510
Event: 44.372 Thread 0x000001a3f31f7800 DEOPT UNPACKING pc=0x000001a38004964e sp=0x00000083980fea10 mode 0
Event: 55.213 Thread 0x000001a3f31f7800 DEOPT PACKING pc=0x000001a38088f4b9 sp=0x00000083980ff4b0
Event: 55.213 Thread 0x000001a3f31f7800 DEOPT UNPACKING pc=0x000001a38004964e sp=0x00000083980fe990 mode 0

Classes unloaded (0 events):
No events

Classes redefined (0 events):
No events

Internal exceptions (20 events):
Event: 1.191 Thread 0x000001a3f31f7800 Exception <a 'sun/nio/fs/WindowsException'{0x0000000089387fe0}> (0x0000000089387fe0) 
thrown [t:/workspace/open/src/hotspot/share/prims/jni.cpp, line 599]
Event: 1.192 Thread 0x000001a3f31f7800 Exception <a 'sun/nio/fs/WindowsException'{0x0000000089388570}> (0x0000000089388570) 
thrown [t:/workspace/open/src/hotspot/share/prims/jni.cpp, line 599]
Event: 1.227 Thread 0x000001a3f31f7800 Exception <a 'sun/nio/fs/WindowsException'{0x000000008923c670}> (0x000000008923c670) 
thrown [t:/workspace/open/src/hotspot/share/prims/jni.cpp, line 599]
Event: 1.227 Thread 0x000001a3f31f7800 Exception <a 'sun/nio/fs/WindowsException'{0x000000008923ca48}> (0x000000008923ca48) 
thrown [t:/workspace/open/src/hotspot/share/prims/jni.cpp, line 599]
Event: 1.272 Thread 0x000001a3f31f7800 Exception <a 'sun/nio/fs/WindowsException'{0x00000000892fcd58}> (0x00000000892fcd58) 
thrown [t:/workspace/open/src/hotspot/share/prims/jni.cpp, line 599]
Event: 1.272 Thread 0x000001a3f31f7800 Exception <a 'sun/nio/fs/WindowsException'{0x00000000892fd100}> (0x00000000892fd100) 
thrown [t:/workspace/open/src/hotspot/share/prims/jni.cpp, line 599]
Event: 1.398 Thread 0x000001a3f31f7800 Exception <a 'java/lang/NoSuchMethodError'{0x0000000089143588}: 'void java.lang.invoke.DirectMethodHandle$Holder.invokeStaticInit(java.lang.Object, long, double, double)'> (0x0000000089143588) 
thrown [t:/workspace/open/src/hotspot/share/interpreter/linkResolver.cpp, line 766]
Event: 1.401 Thread 0x000001a3f31f7800 Exception <a 'java/lang/NoSuchMethodError'{0x000000008915e780}: 'void java.lang.invoke.DirectMethodHandle$Holder.invokeStaticInit(java.lang.Object, long, int, int, int)'> (0x000000008915e780) 
thrown [t:/workspace/open/src/hotspot/share/interpreter/linkResolver.cpp, line 766]
Event: 1.406 Thread 0x000001a3f31f7800 Exception <a 'java/lang/NoSuchMethodError'{0x000000008918ebf0}: 'void java.lang.invoke.DirectMethodHandle$Holder.invokeStaticInit(java.lang.Object, long, int, int, int, int)'> (0x000000008918ebf0) 
thrown [t:/workspace/open/src/hotspot/share/interpreter/linkResolver.cpp, line 766]
Event: 1.476 Thread 0x000001a3f31f7800 Exception <a 'sun/nio/fs/WindowsException'{0x0000000088e16778}> (0x0000000088e16778) 
thrown [t:/workspace/open/src/hotspot/share/prims/jni.cpp, line 599]
Event: 1.476 Thread 0x000001a3f31f7800 Exception <a 'sun/nio/fs/WindowsException'{0x0000000088e16b58}> (0x0000000088e16b58) 
thrown [t:/workspace/open/src/hotspot/share/prims/jni.cpp, line 599]
Event: 1.486 Thread 0x000001a3f31f7800 Exception <a 'sun/nio/fs/WindowsException'{0x0000000088e64148}> (0x0000000088e64148) 
thrown [t:/workspace/open/src/hotspot/share/prims/jni.cpp, line 599]
Event: 1.486 Thread 0x000001a3f31f7800 Exception <a 'sun/nio/fs/WindowsException'{0x0000000088e64468}> (0x0000000088e64468) 
thrown [t:/workspace/open/src/hotspot/share/prims/jni.cpp, line 599]
Event: 1.937 Thread 0x000001a3f31f7800 Exception <a 'sun/nio/fs/WindowsException'{0x0000000088962918}> (0x0000000088962918) 
thrown [t:/workspace/open/src/hotspot/share/prims/jni.cpp, line 599]
Event: 1.938 Thread 0x000001a3f31f7800 Exception <a 'sun/nio/fs/WindowsException'{0x0000000088962cd8}> (0x0000000088962cd8) 
thrown [t:/workspace/open/src/hotspot/share/prims/jni.cpp, line 599]
Event: 2.067 Thread 0x000001a3f31f7800 Exception <a 'java/lang/ClassNotFoundException'{0x0000000088830ed0}: sun/awt/resources/spi/awtProvider> (0x0000000088830ed0) 
thrown [t:/workspace/open/src/hotspot/share/classfile/systemDictionary.cpp, line 226]
Event: 2.092 Thread 0x000001a3f31f7800 Exception <a 'java/io/FileNotFoundException'{0x0000000088871840}> (0x0000000088871840) 
thrown [t:/workspace/open/src/hotspot/share/prims/jni.cpp, line 599]
Event: 2.104 Thread 0x000001a3f31f7800 Exception <a 'java/io/FileNotFoundException'{0x0000000088897d98}> (0x0000000088897d98) 
thrown [t:/workspace/open/src/hotspot/share/prims/jni.cpp, line 599]
Event: 2.198 Thread 0x000001a3f31f7800 Implicit null exception at 0x000001a387b68c54 to 0x000001a387b69099
Event: 8.045 Thread 0x000001a3fe9f6000 Implicit null exception at 0x000001a387bb09e6 to 0x000001a387bb14bc

Events (20 events):
Event: 10.877 Executing VM operation: HandshakeOneThread done
Event: 10.957 Executing VM operation: G1CollectForAllocation
Event: 11.004 Executing VM operation: G1CollectForAllocation done
Event: 12.850 Loaded shared library C:\Users\Ben Correll\AppData\Local\Temp\lwjglBen Correll\3.2.3-build-13\lwjgl_opengl.dll
Event: 14.054 Executing VM operation: G1CollectForAllocation
Event: 14.103 Executing VM operation: G1CollectForAllocation done
Event: 17.834 Executing VM operation: G1CollectForAllocation
Event: 17.892 Executing VM operation: G1CollectForAllocation done
Event: 22.105 Executing VM operation: G1CollectForAllocation
Event: 22.164 Executing VM operation: G1CollectForAllocation done
Event: 28.668 Executing VM operation: G1CollectForAllocation
Event: 28.715 Executing VM operation: G1CollectForAllocation done
Event: 40.128 Executing VM operation: G1CollectForAllocation
Event: 40.198 Executing VM operation: G1CollectForAllocation done
Event: 44.938 Executing VM operation: HandshakeAllThreads
Event: 44.938 Executing VM operation: HandshakeAllThreads done
Event: 46.224 Executing VM operation: G1CollectForAllocation
Event: 46.279 Executing VM operation: G1CollectForAllocation done
Event: 52.877 Executing VM operation: G1CollectForAllocation
Event: 52.930 Executing VM operation: G1CollectForAllocation done


Dynamic libraries:
0x00007ff626230000 - 0x00007ff62623f000 	C:\Program Files\Java\jdk-14\bin\javaw.exe
0x00007ffe85cc0000 - 0x00007ffe85eb0000 	C:\WINDOWS\SYSTEM32\ntdll.dll
0x00007ffe83e20000 - 0x00007ffe83ed2000 	C:\WINDOWS\System32\KERNEL32.DLL
0x00007ffe83310000 - 0x00007ffe835b3000 	C:\WINDOWS\System32\KERNELBASE.dll
0x00007ffe82e00000 - 0x00007ffe82efa000 	C:\WINDOWS\System32\ucrtbase.dll
0x00007ffe7b0a0000 - 0x00007ffe7b0b8000 	C:\Program Files\Java\jdk-14\bin\jli.dll
0x00007ffe84ca0000 - 0x00007ffe84d43000 	C:\WINDOWS\System32\ADVAPI32.dll
0x00007ffe859a0000 - 0x00007ffe85a3e000 	C:\WINDOWS\System32\msvcrt.dll
0x00007ffe85be0000 - 0x00007ffe85c77000 	C:\WINDOWS\System32\sechost.dll
0x00007ffe84330000 - 0x00007ffe84450000 	C:\WINDOWS\System32\RPCRT4.dll
0x00007ffe84040000 - 0x00007ffe841d4000 	C:\WINDOWS\System32\USER32.dll
0x00007ffe83040000 - 0x00007ffe83061000 	C:\WINDOWS\System32\win32u.dll
0x00007ffe7afb0000 - 0x00007ffe7afc5000 	C:\Program Files\Java\jdk-14\bin\VCRUNTIME140.dll
0x00007ffe858a0000 - 0x00007ffe858c6000 	C:\WINDOWS\System32\GDI32.dll
0x00007ffe83070000 - 0x00007ffe83204000 	C:\WINDOWS\System32\gdi32full.dll
0x00007ffe82f20000 - 0x00007ffe82fbe000 	C:\WINDOWS\System32\msvcp_win.dll
0x00007ffe750e0000 - 0x00007ffe75365000 	C:\WINDOWS\WinSxS\amd64_microsoft.windows.common-controls_6595b64144ccf1df_6.0.18362.778_none_e6c6b761130d4fb8\COMCTL32.dll
0x00007ffe84d50000 - 0x00007ffe85086000 	C:\WINDOWS\System32\combase.dll
0x00007ffe82fc0000 - 0x00007ffe83040000 	C:\WINDOWS\System32\bcryptPrimitives.dll
0x00007ffe76390000 - 0x00007ffe7639a000 	C:\WINDOWS\SYSTEM32\VERSION.dll
0x00007ffe842e0000 - 0x00007ffe8430e000 	C:\WINDOWS\System32\IMM32.DLL
0x00007ffe75b40000 - 0x00007ffe75bdb000 	C:\Program Files\Java\jdk-14\bin\msvcp140.dll
0x00007ffe3e260000 - 0x00007ffe3ed7f000 	C:\Program Files\Java\jdk-14\bin\server\jvm.dll
0x00007ffe84310000 - 0x00007ffe84318000 	C:\WINDOWS\System32\PSAPI.DLL
0x00007ffe81b40000 - 0x00007ffe81b49000 	C:\WINDOWS\SYSTEM32\WSOCK32.dll
0x00007ffe85b70000 - 0x00007ffe85bdf000 	C:\WINDOWS\System32\WS2_32.dll
0x00007ffe80750000 - 0x00007ffe80774000 	C:\WINDOWS\SYSTEM32\WINMM.dll
0x00007ffe80720000 - 0x00007ffe8074d000 	C:\WINDOWS\SYSTEM32\WINMMBASE.dll
0x00007ffe83210000 - 0x00007ffe8325a000 	C:\WINDOWS\System32\cfgmgr32.dll
0x00007ffe82c30000 - 0x00007ffe82c41000 	C:\WINDOWS\System32\kernel.appcore.dll
0x00007ffe7c2f0000 - 0x00007ffe7c2fa000 	C:\Program Files\Java\jdk-14\bin\jimage.dll
0x00007ffe81470000 - 0x00007ffe81664000 	C:\WINDOWS\SYSTEM32\DBGHELP.DLL
0x00007ffe715c0000 - 0x00007ffe715ea000 	C:\WINDOWS\SYSTEM32\dbgcore.DLL
0x00007ffe7c130000 - 0x00007ffe7c155000 	C:\Program Files\Java\jdk-14\bin\java.dll
0x00007ffe7c110000 - 0x00007ffe7c127000 	C:\Program Files\Java\jdk-14\bin\zip.dll
0x00007ffe85150000 - 0x00007ffe85835000 	C:\WINDOWS\System32\SHELL32.dll
0x00007ffe83d70000 - 0x00007ffe83e19000 	C:\WINDOWS\System32\shcore.dll
0x00007ffe835f0000 - 0x00007ffe83d70000 	C:\WINDOWS\System32\windows.storage.dll
0x00007ffe82c00000 - 0x00007ffe82c23000 	C:\WINDOWS\System32\profapi.dll
0x00007ffe82b90000 - 0x00007ffe82bda000 	C:\WINDOWS\System32\powrprof.dll
0x00007ffe82b80000 - 0x00007ffe82b90000 	C:\WINDOWS\System32\UMPDC.dll
0x00007ffe85090000 - 0x00007ffe850e2000 	C:\WINDOWS\System32\shlwapi.dll
0x00007ffe82f00000 - 0x00007ffe82f17000 	C:\WINDOWS\System32\cryptsp.dll
0x00007ffe7c0f0000 - 0x00007ffe7c109000 	C:\Program Files\Java\jdk-14\bin\net.dll
0x00007ffe76e10000 - 0x00007ffe76f00000 	C:\WINDOWS\SYSTEM32\WINHTTP.dll
0x00007ffe823f0000 - 0x00007ffe82457000 	C:\WINDOWS\system32\mswsock.dll
0x00007ffe7c0d0000 - 0x00007ffe7c0e2000 	C:\Program Files\Java\jdk-14\bin\nio.dll
0x00007ffe7baf0000 - 0x00007ffe7bb00000 	C:\Program Files\Java\jdk-14\bin\verify.dll
0x00007ffe7a650000 - 0x00007ffe7a661000 	C:\Program Files\Java\jdk-14\bin\jsound.dll
0x00007ffe83ee0000 - 0x00007ffe84037000 	C:\WINDOWS\System32\ole32.dll
0x00007ffe51ac0000 - 0x00007ffe51b59000 	C:\WINDOWS\SYSTEM32\DSOUND.dll
0x00007ffe80b20000 - 0x00007ffe80bb9000 	C:\WINDOWS\system32\uxtheme.dll
0x00007ffe85a40000 - 0x00007ffe85ae2000 	C:\WINDOWS\System32\clbcatq.dll
0x00007ffe7a8d0000 - 0x00007ffe7a942000 	C:\WINDOWS\System32\MMDevApi.dll
0x00007ffe829a0000 - 0x00007ffe829ca000 	C:\WINDOWS\System32\DEVOBJ.dll
0x00007ffe2f330000 - 0x00007ffe2f374000 	C:\WINDOWS\SYSTEM32\wdmaud.drv
0x00007ffe470b0000 - 0x00007ffe470b9000 	C:\WINDOWS\SYSTEM32\ksuser.dll
0x00007ffe7ed80000 - 0x00007ffe7ed8a000 	C:\WINDOWS\SYSTEM32\AVRT.dll
0x00007ffe7abf0000 - 0x00007ffe7ad4d000 	C:\WINDOWS\SYSTEM32\AUDIOSES.DLL
0x00007ffe858d0000 - 0x00007ffe85994000 	C:\WINDOWS\System32\OLEAUT32.dll
0x00007ffe7ded0000 - 0x00007ffe7e023000 	C:\WINDOWS\SYSTEM32\wintypes.dll
0x00007ffe470a0000 - 0x00007ffe470ad000 	C:\WINDOWS\SYSTEM32\msacm32.drv
0x00007ffe30eb0000 - 0x00007ffe30ecc000 	C:\WINDOWS\SYSTEM32\MSACM32.dll
0x00007ffe3a3d0000 - 0x00007ffe3a3da000 	C:\WINDOWS\SYSTEM32\midimap.dll
0x00007ffe80e50000 - 0x00007ffe80e64000 	C:\WINDOWS\SYSTEM32\resourcepolicyclient.dll
0x00007ffe67b80000 - 0x00007ffe67be4000 	C:\Users\Ben Correll\AppData\Local\Temp\lwjglBen Correll\3.2.3-build-13\lwjgl.dll
0x00007ffe45580000 - 0x00007ffe457d3000 	C:\Users\BENCOR~1\AppData\Local\Temp\lwjglBen Correll\3.2.3-build-13\jemalloc.dll
0x00007ffe67b10000 - 0x00007ffe67b72000 	C:\Users\BENCOR~1\AppData\Local\Temp\lwjglBen Correll\3.2.3-build-13\glfw.dll
0x00007ffe75af0000 - 0x00007ffe75b33000 	C:\WINDOWS\SYSTEM32\dinput8.dll
0x00007ffe75590000 - 0x00007ffe755a1000 	C:\WINDOWS\SYSTEM32\xinput1_4.dll
0x00007ffe67f90000 - 0x00007ffe680aa000 	C:\WINDOWS\SYSTEM32\inputhost.dll
0x00007ffe802d0000 - 0x00007ffe803a4000 	C:\WINDOWS\SYSTEM32\CoreMessaging.dll
0x00007ffe7f180000 - 0x00007ffe7f26f000 	C:\WINDOWS\SYSTEM32\PROPSYS.dll
0x00007ffe7e4b0000 - 0x00007ffe7e7da000 	C:\WINDOWS\SYSTEM32\CoreUIComponents.dll
0x00007ffe81be0000 - 0x00007ffe81c11000 	C:\WINDOWS\SYSTEM32\ntmarta.dll
0x00007ffe80f40000 - 0x00007ffe80f6d000 	C:\WINDOWS\SYSTEM32\dwmapi.dll
0x00007ffe84450000 - 0x00007ffe84586000 	C:\WINDOWS\System32\MSCTF.dll
0x00007ffe813b0000 - 0x00007ffe813be000 	C:\WINDOWS\SYSTEM32\HID.DLL
0x00007ffe84610000 - 0x00007ffe84a80000 	C:\WINDOWS\System32\SETUPAPI.DLL
0x00007ffe835c0000 - 0x00007ffe835e6000 	C:\WINDOWS\System32\bcrypt.dll
0x00007ffe82da0000 - 0x00007ffe82dfc000 	C:\WINDOWS\System32\WINTRUST.dll
0x00007ffe82be0000 - 0x00007ffe82bf2000 	C:\WINDOWS\System32\MSASN1.dll
0x00007ffe82c50000 - 0x00007ffe82d99000 	C:\WINDOWS\System32\CRYPT32.dll
0x00007ffe62f00000 - 0x00007ffe63056000 	C:\WINDOWS\SYSTEM32\opengl32.dll
0x00007ffe727d0000 - 0x00007ffe727fc000 	C:\WINDOWS\SYSTEM32\GLU32.dll
0x00007ffe817e0000 - 0x00007ffe81800000 	C:\WINDOWS\SYSTEM32\dxcore.dll
0x00007ffe3bf80000 - 0x00007ffe3cc98000 	C:\WINDOWS\SYSTEM32\ig8icd64.dll
0x00007ffe77ea0000 - 0x00007ffe788df000 	C:\WINDOWS\SYSTEM32\igdusc64.dll
0x00007ffe81670000 - 0x00007ffe81683000 	C:\WINDOWS\SYSTEM32\WTSAPI32.dll
0x00007ffe81870000 - 0x00007ffe8195b000 	C:\WINDOWS\SYSTEM32\dxgi.dll
0x00007ffe7fa00000 - 0x00007ffe7fc5b000 	C:\WINDOWS\SYSTEM32\d3d11.dll
0x00007ffe78e20000 - 0x00007ffe79d7d000 	C:\WINDOWS\SYSTEM32\igd10iumd64.dll
0x00007ffe826c0000 - 0x00007ffe826e6000 	C:\WINDOWS\SYSTEM32\ncrypt.dll
0x00007ffe82680000 - 0x00007ffe826bb000 	C:\WINDOWS\SYSTEM32\NTASN1.dll
0x00007ffe685c0000 - 0x00007ffe6865e000 	C:\WINDOWS\System32\TextInputFramework.dll
0x00007ffe73a70000 - 0x00007ffe73d16000 	C:\WINDOWS\System32\iertutil.dll
0x00007ffe66d90000 - 0x00007ffe66de9000 	C:\Users\Ben Correll\AppData\Local\Temp\lwjglBen Correll\3.2.3-build-13\lwjgl_opengl.dll
0x00007ffe58750000 - 0x00007ffe587c7000 	C:\Users\Ben Correll\AppData\Local\Temp\lwjglBen Correll\3.2.3-build-13\lwjgl_stb.dll
0x00007ffe58200000 - 0x00007ffe58398000 	C:\Program Files\Java\jdk-14\bin\awt.dll
0x00007ffe80a20000 - 0x00007ffe80aaf000 	C:\WINDOWS\SYSTEM32\apphelp.dll
0x00007ffe661b0000 - 0x00007ffe66301000 	C:\Windows\System32\Windows.UI.dll

dbghelp: loaded successfully - version: 4.0.5 - missing functions: none
symbol engine: initialized successfully - sym options: 0x614 - pdb path: .;C:\Program Files\Java\jdk-14\bin;C:\WINDOWS\SYSTEM32;C:\WINDOWS\WinSxS\amd64_microsoft.windows.common-controls_6595b64144ccf1df_6.0.18362.778_none_e6c6b761130d4fb8;C:\Program Files\Java\jdk-14\bin\server;C:\Users\Ben Correll\AppData\Local\Temp\lwjglBen Correll\3.2.3-build-13;C:\Users\BENCOR~1\AppData\Local\Temp\lwjglBen Correll\3.2.3-build-13

VM Arguments:
jvm_args: -ea -Dfile.encoding=UTF-8 
java_command: main.Loader
java_class_path (initial): C:\Users\Ben Correll\Documents\GitHub\sonic-fan-game\Sonic Fan Game\bin;C:\Users\Ben Correll\Documents\GitHub\sonic-fan-game\Sonic Fan Game\json-simple-1.1.1.jar;C:\Users\Ben Correll\Documents\GitHub\sonic-fan-game\Sonic Fan Game\joml-1.9.24.jar;C:\Users\Ben Correll\Documents\GitHub\sonic-fan-game\Sonic Fan Game\LWJGL3\lwjgl.jar;C:\Users\Ben Correll\Documents\GitHub\sonic-fan-game\Sonic Fan Game\LWJGL3\lwjgl-assimp.jar;C:\Users\Ben Correll\Documents\GitHub\sonic-fan-game\Sonic Fan Game\LWJGL3\lwjgl-assimp-javadoc.jar;C:\Users\Ben Correll\Documents\GitHub\sonic-fan-game\Sonic Fan Game\LWJGL3\lwjgl-assimp-natives-windows.jar;C:\Users\Ben Correll\Documents\GitHub\sonic-fan-game\Sonic Fan Game\LWJGL3\lwjgl-assimp-sources.jar;C:\Users\Ben Correll\Documents\GitHub\sonic-fan-game\Sonic Fan Game\LWJGL3\lwjgl-bgfx.jar;C:\Users\Ben Correll\Documents\GitHub\sonic-fan-game\Sonic Fan Game\LWJGL3\lwjgl-bgfx-javadoc.jar;C:\Users\Ben Correll\Documents\GitHub\sonic-fan-game\Sonic Fan Game\LWJGL3\lwjgl-bgfx-natives-windows.jar;C:\Users\Ben Correll\Documents\GitHub\sonic-fan-game\Sonic Fan Game\LWJGL3\lwjgl-bgfx-sources.jar;C:\Users\Ben Correll\Documents\GitHub\sonic-fan-game\Sonic Fan Game\LWJGL3\lwjgl-cuda.jar;C:\Users\Ben Correll\Documents\GitHub\sonic-fan-game\Sonic Fan Game\LWJGL3\lwjgl-cuda-javadoc.jar;C:\Users\Ben Correll\Documents\GitHub\sonic-fan-game\Sonic Fan Game\LWJGL3\lwjgl-cuda-sources.jar;C:\Users\Ben Correll\Documents\GitHub\sonic-fan-game\Sonic Fan Game\LWJGL3\lwjgl-egl.jar;C:\Users\Ben Correll\Documents\GitHub\sonic-fan-game\Sonic Fan Game\LWJGL3\lwjgl-egl-javadoc.jar;C:\Users\Ben Correll\Documents\GitHub\sonic-fan-game\Sonic Fan Game\LWJGL3\lwjgl-egl-sources.jar;C:\Users\Ben Correll\Documents\GitHub\sonic-fan-game\Sonic Fan Game\LWJGL3\lwjgl-glfw.jar;C:\Users\Ben Correll\Documents\GitHub\sonic-fan-game\Sonic Fan Game\LWJGL3\lwjgl-glfw-javadoc.jar;C:\Users\Ben Correll\Documents\GitHub\sonic-fan-game\Sonic Fan Game\LWJGL3\lwjgl-glfw-nativ
Launcher Type: SUN_STANDARD

[Global flags]
     intx CICompilerCount                          = 3                                         {product} {ergonomic}
     uint ConcGCThreads                            = 1                                         {product} {ergonomic}
     uint G1ConcRefinementThreads                  = 4                                         {product} {ergonomic}
   size_t G1HeapRegionSize                         = 1048576                                   {product} {ergonomic}
    uintx GCDrainStackTargetSize                   = 64                                        {product} {ergonomic}
   size_t InitialHeapSize                          = 134217728                                 {product} {ergonomic}
   size_t MarkStackSize                            = 4194304                                   {product} {ergonomic}
   size_t MaxHeapSize                              = 2116026368                                {product} {ergonomic}
   size_t MaxNewSize                               = 1268776960                                {product} {ergonomic}
   size_t MinHeapDeltaBytes                        = 1048576                                   {product} {ergonomic}
   size_t MinHeapSize                              = 8388608                                   {product} {ergonomic}
    uintx NonNMethodCodeHeapSize                   = 5832780                                {pd product} {ergonomic}
    uintx NonProfiledCodeHeapSize                  = 122912730                              {pd product} {ergonomic}
    uintx ProfiledCodeHeapSize                     = 122912730                              {pd product} {ergonomic}
    uintx ReservedCodeCacheSize                    = 251658240                              {pd product} {ergonomic}
     bool SegmentedCodeCache                       = true                                      {product} {ergonomic}
   size_t SoftMaxHeapSize                          = 2116026368                             {manageable} {ergonomic}
     bool UseCompressedClassPointers               = true                                 {lp64_product} {ergonomic}
     bool UseCompressedOops                        = true                                 {lp64_product} {ergonomic}
     bool UseG1GC                                  = true                                      {product} {ergonomic}
     bool UseLargePagesIndividualAllocation        = false                                  {pd product} {ergonomic}

Logging:
Log output configuration:
 #0: stdout all=warning uptime,level,tags
 #1: stderr all=off uptime,level,tags

Environment Variables:
PATH=C:/Program Files/Java/jdk-14/bin/server;C:/Program Files/Java/jdk-14/bin;C:\CEdev\bin;C:\Users\Ben\Desktop\CEPROR~1\CEdev\bin;C:\WINDOWS\system32;C:\WINDOWS;C:\WINDOWS\System32\Wbem;C:\WINDOWS\System32\WindowsPowerShell\v1.0\;C:\WINDOWS\System32\OpenSSH\;C:\Program Files\dotnet\;c:\Program Files (x86)\Microsoft SQL Server\100\Tools\Binn\;c:\Program Files\Microsoft SQL Server\100\Tools\Binn\;c:\Program Files\Microsoft SQL Server\100\DTS\Binn\;C:\Program Files\Microsoft SQL Server\130\Tools\Binn\;C:\Program Files\Microsoft SQL Server\Client SDK\ODBC\170\Tools\Binn\;C:\Program Files\nodejs\;C:\Program Files\Java\jdk-14\bin;C:\Program Files\Git\cmd;C:\Users\Ben Correll\AppData\Local\Microsoft\WindowsApps;C:\Users\Ben Correll\AppData\Local\GitHubDesktop\bin;C:\Users\Ben Correll\AppData\Roaming\npm;C:\Users\Ben Correll\AppData\Local\Programs\Microsoft VS Code\bin;C:\Users\Ben Correll\Desktop\eclipse-java-2020-03-R-win32-x86_64;
USERNAME=Ben Correll
OS=Windows_NT
PROCESSOR_IDENTIFIER=Intel64 Family 6 Model 61 Stepping 4, GenuineIntel



---------------  S Y S T E M  ---------------

OS: Windows 10 , 64 bit Build 18362 (10.0.18362.778)
OS uptime: 23 days 9:38 hours

CPU:total 4 (initial active 4) (2 cores per cpu, 2 threads per core) family 6 model 61 stepping 4, cmov, cx8, fxsr, mmx, sse, sse2, sse3, ssse3, sse4.1, sse4.2, popcnt, avx, avx2, aes, clmul, erms, rtm, 3dnowpref, lzcnt, ht, tsc, tscinvbit, bmi1, bmi2, adx, fma

Memory: 4k page, system-wide physical 8064M (814M free)
TotalPageFile size 23264M (AvailPageFile size 0M)
current process WorkingSet (physical memory assigned to process): 2623M, peak: 2623M
current process commit charge ("private bytes"): 13425M, peak: 13425M

vm_info: Java HotSpot(TM) 64-Bit Server VM (14+36-1461) for windows-amd64 JRE (14+36-1461), built on Feb  6 2020 19:08:04 by "mach5one" with MS VC++ 15.9 (VS2017)

END.
