#
# A fatal error has been detected by the Java Runtime Environment:
#
#  EXCEPTION_ACCESS_VIOLATION (0xc0000005) at pc=0x00007ffe67e7b050, pid=63060, tid=21700
#
# JRE version: Java(TM) SE Runtime Environment (14.0+36) (build 14+36-1461)
# Java VM: Java HotSpot(TM) 64-Bit Server VM (14+36-1461, mixed mode, sharing, tiered, compressed oops, g1 gc, windows-amd64)
# Problematic frame:
# C  [lwjgl_stb.dll+0xb050]
#
# No core dump will be written. Minidumps are not enabled by default on client versions of Windows
#
# If you would like to submit a bug report, please visit:
#   https://bugreport.java.com/bugreport/crash.jsp
# The crash happened outside the Java Virtual Machine in native code.
# See problematic frame for where to report the bug.
#

---------------  S U M M A R Y ------------

Command Line: -ea -Dfile.encoding=UTF-8 main.Loader

Host: Intel(R) Core(TM) i5-5300U CPU @ 2.30GHz, 4 cores, 7G,  Windows 10 , 64 bit Build 18362 (10.0.18362.778)
Time: Wed May 13 16:27:15 2020 US Eastern Daylight Time elapsed time: 9 seconds (0d 0h 0m 9s)

---------------  T H R E A D  ---------------

Current thread (0x000001e54839c000):  JavaThread "main" [_thread_in_native, id=21700, stack(0x000000dd64400000,0x000000dd64500000)]

Stack: [0x000000dd64400000,0x000000dd64500000],  sp=0x000000dd644fee20,  free space=1019k
Native frames: (J=compiled Java code, j=interpreted, Vv=VM code, C=native code)
C  [lwjgl_stb.dll+0xb050]

Java frames: (J=compiled Java code, j=interpreted, Vv=VM code)
j  org.lwjgl.stb.STBImage.nstbi_load_from_memory(JIJJJI)J+0
j  org.lwjgl.stb.STBImage.stbi_load_from_memory(Ljava/nio/ByteBuffer;Ljava/nio/IntBuffer;Ljava/nio/IntBuffer;Ljava/nio/IntBuffer;I)Ljava/nio/ByteBuffer;+43
j  rendering.Texture.load(Ljava/nio/ByteBuffer;)V+87
j  rendering.Texture.<init>(Ljava/nio/ByteBuffer;)V+6
j  rendering.Image.<init>(Ljava/nio/ByteBuffer;)V+216
j  datatypes.Animation.<init>([Ljava/nio/ByteBuffer;[II)V+43
j  objects.Player.<init>(DD)V+643
j  scenes.MainScene.interpretMap(Ldatatypes/TiledJSON;)V+93
j  scenes.MainScene.init()V+142
j  main.Window.changeScene(I)V+43
j  main.Window.init()V+164
j  main.Window.run()V+1
j  main.Loader.main([Ljava/lang/String;)V+9
v  ~StubRoutines::call_stub

siginfo: EXCEPTION_ACCESS_VIOLATION (0xc0000005), writing address 0x000001e5b2959930


Register to memory mapping:

RIP=0x00007ffe67e7b050 lwjgl_stb.dll
RAX=0x00007ffe67e779d0 lwjgl_stb.dll
RBX=0x000001e5b29550c0 points into unknown readable memory: 00 f0 4f 64 dd 00 00 00
RCX=0x000001e5b29550c0 points into unknown readable memory: 00 f0 4f 64 dd 00 00 00
RDX=0x0 is NULL
RSP=0x000000dd644fee20 is pointing into the stack for thread: 0x000001e54839c000
RBP=0x0 is NULL
RSI=0x000000dd644ff000 is pointing into the stack for thread: 0x000001e54839c000
RDI=0x0 is NULL
R8 =0x000001e5b29550c0 points into unknown readable memory: 00 f0 4f 64 dd 00 00 00
R9 =0x0000000000000025 is an unknown value
R10=0x0 is NULL
R11=0x00007ffe59220000 jemalloc.dll
R12=0x000001e5b12156f0 points into unknown readable memory: 00 00 00 00 00 00 00 00
R13=0x000001e5b12156f0 points into unknown readable memory: 00 00 00 00 00 00 00 00
R14=0x000001e5b1215710 points into unknown readable memory: 00 00 00 00 00 00 00 00
R15=0x000001e5b1215780 points into unknown readable memory: 00 00 00 00 e5 01 00 00


Registers:
RAX=0x00007ffe67e779d0, RBX=0x000001e5b29550c0, RCX=0x000001e5b29550c0, RDX=0x0000000000000000
RSP=0x000000dd644fee20, RBP=0x0000000000000000, RSI=0x000000dd644ff000, RDI=0x0000000000000000
R8 =0x000001e5b29550c0, R9 =0x0000000000000025, R10=0x0000000000000000, R11=0x00007ffe59220000
R12=0x000001e5b12156f0, R13=0x000001e5b12156f0, R14=0x000001e5b1215710, R15=0x000001e5b1215780
RIP=0x00007ffe67e7b050, EFLAGS=0x0000000000010202

Top of Stack: (sp=0x000000dd644fee20)
0x000000dd644fee20:   0000000000000000 000001e569394d28
0x000000dd644fee30:   000001e5b29550c0 00007ffe67e7429c
0x000000dd644fee40:   0000000000000000 000001e5b29550c0
0x000000dd644fee50:   000000dd644feec0 000001e552b79f00
0x000000dd644fee60:   000001e552b79f00 0000000000000000
0x000000dd644fee70:   0000000093723a48 000000dd644fee78
0x000000dd644fee80:   000000080075adc2 000000dd644feed8
0x000000dd644fee90:   00000008003cf660 0000000000000000
0x000000dd644feea0:   0000000081f1d418 0000000800169710
0x000000dd644feeb0:   0000000000000000 000000dd644feed0
0x000000dd644feec0:   000000dd644fef28 000001e552b79f00
0x000000dd644feed0:   0000000000000000 0000000093723a48
0x000000dd644feee0:   000000dd644feee0 0000000800759aba
0x000000dd644feef0:   000000dd644fef40 00000008003cf660
0x000000dd644fef00:   0000000000000000 0000000081f1d418
0x000000dd644fef10:   000001e5b1215710 0000000000000000 

Instructions: (pc=0x00007ffe67e7b050)
0x00007ffe67e7af50:   0f b6 13 44 0f b6 04 1e 44 0f b6 0c 2b 41 c1 e1
0x00007ffe67e7af60:   14 8d 42 80 41 81 c1 00 00 08 00 44 69 d0 00 6f
0x00007ffe67e7af70:   16 00 b8 80 00 00 00 41 2b c0 69 c8 00 82 05 00
0x00007ffe67e7af80:   b8 80 00 00 00 2b c2 69 d0 00 6d 0b 00 45 03 d1
0x00007ffe67e7af90:   41 c1 fa 14 81 e1 00 00 ff ff 41 8d 04 09 03 d0
0x00007ffe67e7afa0:   41 8d 40 80 69 c0 00 5a 1c 00 c1 fa 14 41 03 c1
0x00007ffe67e7afb0:   c1 f8 14 41 81 fa ff 00 00 00 76 0f 45 85 d2 b9
0x00007ffe67e7afc0:   ff 00 00 00 41 0f 48 cf 44 8b d1 81 fa ff 00 00
0x00007ffe67e7afd0:   00 76 0d 85 d2 b9 ff 00 00 00 41 0f 48 cf 8b d1
0x00007ffe67e7afe0:   3d ff 00 00 00 76 0d 85 c0 b9 ff 00 00 00 41 0f
0x00007ffe67e7aff0:   48 cf 8b c1 45 88 53 fe 48 ff c3 41 88 53 ff 41
0x00007ffe67e7b000:   88 03 41 c6 43 01 ff 4d 03 de 48 83 ef 01 0f 85
0x00007ffe67e7b010:   3c ff ff ff 4c 8b b4 24 88 00 00 00 48 8b 9c 24
0x00007ffe67e7b020:   80 00 00 00 48 8b ac 24 90 00 00 00 48 83 c4 60
0x00007ffe67e7b030:   41 5f 5f 5e c3 cc cc cc cc cc cc cc cc cc cc cc
0x00007ffe67e7b040:   40 53 48 83 ec 10 48 8d 05 83 c9 ff ff 4c 8b c1
0x00007ffe67e7b050:   48 89 81 70 48 00 00 48 8d 05 12 fc ff ff 48 89
0x00007ffe67e7b060:   81 78 48 00 00 48 8d 05 04 f9 ff ff 48 89 81 80
0x00007ffe67e7b070:   48 00 00 33 c9 b8 01 00 00 00 0f a2 0f ba e2 1a
0x00007ffe67e7b080:   73 2a 48 8d 05 67 cf ff ff 49 89 80 70 48 00 00
0x00007ffe67e7b090:   48 8d 05 09 fd ff ff 49 89 80 78 48 00 00 48 8d
0x00007ffe67e7b0a0:   05 8b f9 ff ff 49 89 80 80 48 00 00 48 83 c4 10
0x00007ffe67e7b0b0:   5b c3 cc cc cc cc cc cc cc cc cc cc cc cc cc cc
0x00007ffe67e7b0c0:   4c 89 4c 24 20 4c 89 44 24 18 48 89 54 24 10 48
0x00007ffe67e7b0d0:   89 4c 24 08 56 41 54 41 55 48 81 ec 60 01 00 00
0x00007ffe67e7b0e0:   48 8b 01 4d 8b e1 44 8b ac 24 a0 01 00 00 48 8b
0x00007ffe67e7b0f0:   f1 c7 40 08 00 00 00 00 41 83 fd 04 0f 87 1f 08
0x00007ffe67e7b100:   00 00 e8 89 f1 ff ff 48 8b 16 85 c0 75 1d 8b 52
0x00007ffe67e7b110:   08 45 33 c0 48 8b ce e8 44 ea ff ff 33 c0 48 81
0x00007ffe67e7b120:   c4 60 01 00 00 41 5d 41 5c 5e c3 8b 42 08 b9 03
0x00007ffe67e7b130:   00 00 00 4c 89 b4 24 40 01 00 00 4c 89 bc 24 38
0x00007ffe67e7b140:   01 00 00 44 8d 79 fe 45 85 ed 75 09 3b c1 45 8b 


Stack slot to memory mapping:
stack at sp + 0 slots: 0x0 is NULL
stack at sp + 1 slots: {method} {0x000001e569394d30} 'nstbi_load_from_memory' '(JIJJJI)J' in 'org/lwjgl/stb/STBImage'
stack at sp + 2 slots: 0x000001e5b29550c0 points into unknown readable memory: 00 f0 4f 64 dd 00 00 00
stack at sp + 3 slots: 0x00007ffe67e7429c lwjgl_stb.dll
stack at sp + 4 slots: 0x0 is NULL
stack at sp + 5 slots: 0x000001e5b29550c0 points into unknown readable memory: 00 f0 4f 64 dd 00 00 00
stack at sp + 6 slots: 0x000000dd644feec0 is pointing into the stack for thread: 0x000001e54839c000
stack at sp + 7 slots: 0x000001e552b79f00 is at code_begin+1664 in an Interpreter codelet
invoke return entry points  [0x000001e552b79880, 0x000001e552b7a2a0]  2592 bytes


---------------  P R O C E S S  ---------------

Threads class SMR info:
_java_thread_list=0x000001e56b030010, length=25, elements={
0x000001e54839c000, 0x000001e568b76000, 0x000001e568b80800, 0x000001e568b93000,
0x000001e568b96000, 0x000001e568b98000, 0x000001e568b99800, 0x000001e56950a800,
0x000001e569520800, 0x000001e5697a1000, 0x000001e5697b1800, 0x000001e56a35d000,
0x000001e56a1ae800, 0x000001e56a503800, 0x000001e56a78c800, 0x000001e56a789800,
0x000001e56a78a000, 0x000001e56a33f000, 0x000001e56a342000, 0x000001e56a1c5000,
0x000001e56a1c2800, 0x000001e56a1c4000, 0x000001e56a1c3800, 0x000001e56a34b000,
0x000001e56a350000
}

Java Threads: ( => current thread )
=>0x000001e54839c000 JavaThread "main" [_thread_in_native, id=21700, stack(0x000000dd64400000,0x000000dd64500000)]
  0x000001e568b76000 JavaThread "Reference Handler" daemon [_thread_blocked, id=30436, stack(0x000000dd64b00000,0x000000dd64c00000)]
  0x000001e568b80800 JavaThread "Finalizer" daemon [_thread_blocked, id=48492, stack(0x000000dd64c00000,0x000000dd64d00000)]
  0x000001e568b93000 JavaThread "Signal Dispatcher" daemon [_thread_blocked, id=40272, stack(0x000000dd64d00000,0x000000dd64e00000)]
  0x000001e568b96000 JavaThread "Attach Listener" daemon [_thread_blocked, id=44400, stack(0x000000dd64e00000,0x000000dd64f00000)]
  0x000001e568b98000 JavaThread "Service Thread" daemon [_thread_blocked, id=40260, stack(0x000000dd64f00000,0x000000dd65000000)]
  0x000001e568b99800 JavaThread "C2 CompilerThread0" daemon [_thread_blocked, id=55104, stack(0x000000dd65000000,0x000000dd65100000)]
  0x000001e56950a800 JavaThread "C1 CompilerThread0" daemon [_thread_blocked, id=58272, stack(0x000000dd65100000,0x000000dd65200000)]
  0x000001e569520800 JavaThread "Sweeper thread" daemon [_thread_blocked, id=63780, stack(0x000000dd65200000,0x000000dd65300000)]
  0x000001e5697a1000 JavaThread "Notification Thread" daemon [_thread_blocked, id=36848, stack(0x000000dd65300000,0x000000dd65400000)]
  0x000001e5697b1800 JavaThread "Common-Cleaner" daemon [_thread_blocked, id=67632, stack(0x000000dd65500000,0x000000dd65600000)]
  0x000001e56a35d000 JavaThread "Java Sound Event Dispatcher" daemon [_thread_blocked, id=70000, stack(0x000000dd65b00000,0x000000dd65c00000)]
  0x000001e56a1ae800 JavaThread "Direct Clip" daemon [_thread_blocked, id=69568, stack(0x000000dd65f00000,0x000000dd66000000)]
  0x000001e56a503800 JavaThread "Direct Clip" daemon [_thread_blocked, id=16648, stack(0x000000dd66000000,0x000000dd66100000)]
  0x000001e56a78c800 JavaThread "Direct Clip" daemon [_thread_blocked, id=66420, stack(0x000000dd66100000,0x000000dd66200000)]
  0x000001e56a789800 JavaThread "Direct Clip" daemon [_thread_blocked, id=28484, stack(0x000000dd66200000,0x000000dd66300000)]
  0x000001e56a78a000 JavaThread "Direct Clip" daemon [_thread_blocked, id=22156, stack(0x000000dd66300000,0x000000dd66400000)]
  0x000001e56a33f000 JavaThread "Direct Clip" daemon [_thread_blocked, id=48892, stack(0x000000dd66400000,0x000000dd66500000)]
  0x000001e56a342000 JavaThread "Direct Clip" daemon [_thread_blocked, id=31224, stack(0x000000dd66500000,0x000000dd66600000)]
  0x000001e56a1c5000 JavaThread "Direct Clip" daemon [_thread_blocked, id=56312, stack(0x000000dd66600000,0x000000dd66700000)]
  0x000001e56a1c2800 JavaThread "Direct Clip" daemon [_thread_blocked, id=47564, stack(0x000000dd66700000,0x000000dd66800000)]
  0x000001e56a1c4000 JavaThread "Direct Clip" daemon [_thread_blocked, id=23820, stack(0x000000dd66800000,0x000000dd66900000)]
  0x000001e56a1c3800 JavaThread "Direct Clip" daemon [_thread_blocked, id=8160, stack(0x000000dd66900000,0x000000dd66a00000)]
  0x000001e56a34b000 JavaThread "Direct Clip" daemon [_thread_blocked, id=70968, stack(0x000000dd66a00000,0x000000dd66b00000)]
  0x000001e56a350000 JavaThread "Direct Clip" daemon [_thread_blocked, id=64636, stack(0x000000dd66b00000,0x000000dd66c00000)]

Other Threads:
  0x000001e568b73800 VMThread "VM Thread" [stack: 0x000000dd64a00000,0x000000dd64b00000] [id=59228]
  0x000001e5697a2800 WatcherThread [stack: 0x000000dd65400000,0x000000dd65500000] [id=33908]
  0x000001e54a426800 GCTaskThread "GC Thread#0" [stack: 0x000000dd64500000,0x000000dd64600000] [id=57564]
  0x000001e56a319000 GCTaskThread "GC Thread#1" [stack: 0x000000dd65700000,0x000000dd65800000] [id=50368]
  0x000001e56a31a000 GCTaskThread "GC Thread#2" [stack: 0x000000dd65800000,0x000000dd65900000] [id=31500]
  0x000001e5b158b800 GCTaskThread "GC Thread#3" [stack: 0x000000dd65600000,0x000000dd65700000] [id=15680]
  0x000001e54a439800 ConcurrentGCThread "G1 Main Marker" [stack: 0x000000dd64600000,0x000000dd64700000] [id=71764]
  0x000001e54a43b800 ConcurrentGCThread "G1 Conc#0" [stack: 0x000000dd64700000,0x000000dd64800000] [id=73404]
  0x000001e5689e9800 ConcurrentGCThread "G1 Refine#0" [stack: 0x000000dd64800000,0x000000dd64900000] [id=67268]
  0x000001e5689eb000 ConcurrentGCThread "G1 Young RemSet Sampling" [stack: 0x000000dd64900000,0x000000dd64a00000] [id=30796]

Threads with active compile tasks:

VM state:not at safepoint (normal execution)

VM Mutex/Monitor currently owned by a thread: None

Heap address: 0x0000000081e00000, size: 2018 MB, Compressed Oops mode: 32-bit
Narrow klass base: 0x0000000800000000, Narrow klass shift: 3
Compressed class space size: 1073741824 Address: 0x0000000800b30000

Heap:
 garbage-first heap   total 315392K, used 93510K [0x0000000081e00000, 0x0000000100000000)
  region size 1024K, 28 young (28672K), 1 survivors (1024K)
 Metaspace       used 6615K, capacity 8830K, committed 9088K, reserved 1058816K
  class space    used 390K, capacity 632K, committed 640K, reserved 1048576K
Heap Regions: E=young(eden), S=young(survivor), O=old, HS=humongous(starts), HC=humongous(continues), CS=collection set, F=free, OA=open archive, CA=closed archive, TAMS=top-at-mark-start (previous, next)
|   0|0x0000000081e00000, 0x0000000081f00000, 0x0000000081f00000|100%| O|  |TAMS 0x0000000081e00000, 0x0000000081e00000| Untracked 
|   1|0x0000000081f00000, 0x0000000082000000, 0x0000000082000000|100%| O|  |TAMS 0x0000000081f00000, 0x0000000081f00000| Untracked 
|   2|0x0000000082000000, 0x0000000082100000, 0x0000000082100000|100%| O|  |TAMS 0x0000000082000000, 0x0000000082000000| Untracked 
|   3|0x0000000082100000, 0x0000000082200000, 0x0000000082200000|100%|HS|  |TAMS 0x0000000082100000, 0x0000000082100000| Complete 
|   4|0x0000000082200000, 0x0000000082300000, 0x0000000082300000|100%|HC|  |TAMS 0x0000000082200000, 0x0000000082200000| Complete 
|   5|0x0000000082300000, 0x0000000082400000, 0x0000000082400000|100%|HC|  |TAMS 0x0000000082300000, 0x0000000082300000| Complete 
|   6|0x0000000082400000, 0x0000000082500000, 0x0000000082500000|100%|HC|  |TAMS 0x0000000082400000, 0x0000000082400000| Complete 
|   7|0x0000000082500000, 0x0000000082600000, 0x0000000082600000|100%|HC|  |TAMS 0x0000000082500000, 0x0000000082500000| Complete 
|   8|0x0000000082600000, 0x0000000082700000, 0x0000000082700000|100%|HC|  |TAMS 0x0000000082600000, 0x0000000082600000| Complete 
|   9|0x0000000082700000, 0x0000000082800000, 0x0000000082800000|100%|HC|  |TAMS 0x0000000082700000, 0x0000000082700000| Complete 
|  10|0x0000000082800000, 0x0000000082900000, 0x0000000082900000|100%|HC|  |TAMS 0x0000000082800000, 0x0000000082800000| Complete 
|  11|0x0000000082900000, 0x0000000082a00000, 0x0000000082a00000|100%|HC|  |TAMS 0x0000000082900000, 0x0000000082900000| Complete 
|  12|0x0000000082a00000, 0x0000000082b00000, 0x0000000082b00000|100%|HC|  |TAMS 0x0000000082a00000, 0x0000000082a00000| Complete 
|  13|0x0000000082b00000, 0x0000000082c00000, 0x0000000082c00000|100%|HC|  |TAMS 0x0000000082b00000, 0x0000000082b00000| Complete 
|  14|0x0000000082c00000, 0x0000000082d00000, 0x0000000082d00000|100%|HC|  |TAMS 0x0000000082c00000, 0x0000000082c00000| Complete 
|  15|0x0000000082d00000, 0x0000000082e00000, 0x0000000082e00000|100%|HC|  |TAMS 0x0000000082d00000, 0x0000000082d00000| Complete 
|  16|0x0000000082e00000, 0x0000000082f00000, 0x0000000082f00000|100%|HC|  |TAMS 0x0000000082e00000, 0x0000000082e00000| Complete 
|  17|0x0000000082f00000, 0x0000000083000000, 0x0000000083000000|100%|HC|  |TAMS 0x0000000082f00000, 0x0000000082f00000| Complete 
|  18|0x0000000083000000, 0x0000000083100000, 0x0000000083100000|100%|HS|  |TAMS 0x0000000083000000, 0x0000000083000000| Complete 
|  19|0x0000000083100000, 0x0000000083200000, 0x0000000083200000|100%|HC|  |TAMS 0x0000000083100000, 0x0000000083100000| Complete 
|  20|0x0000000083200000, 0x0000000083300000, 0x0000000083300000|100%|HC|  |TAMS 0x0000000083200000, 0x0000000083200000| Complete 
|  21|0x0000000083300000, 0x0000000083400000, 0x0000000083400000|100%|HC|  |TAMS 0x0000000083300000, 0x0000000083300000| Complete 
|  22|0x0000000083400000, 0x0000000083500000, 0x0000000083500000|100%|HC|  |TAMS 0x0000000083400000, 0x0000000083400000| Complete 
|  23|0x0000000083500000, 0x0000000083600000, 0x0000000083600000|100%|HC|  |TAMS 0x0000000083500000, 0x0000000083500000| Complete 
|  24|0x0000000083600000, 0x0000000083700000, 0x0000000083700000|100%|HC|  |TAMS 0x0000000083600000, 0x0000000083600000| Complete 
|  25|0x0000000083700000, 0x0000000083800000, 0x0000000083800000|100%|HC|  |TAMS 0x0000000083700000, 0x0000000083700000| Complete 
|  26|0x0000000083800000, 0x0000000083900000, 0x0000000083900000|100%|HC|  |TAMS 0x0000000083800000, 0x0000000083800000| Complete 
|  27|0x0000000083900000, 0x0000000083a00000, 0x0000000083a00000|100%|HC|  |TAMS 0x0000000083900000, 0x0000000083900000| Complete 
|  28|0x0000000083a00000, 0x0000000083b00000, 0x0000000083b00000|100%|HC|  |TAMS 0x0000000083a00000, 0x0000000083a00000| Complete 
|  29|0x0000000083b00000, 0x0000000083c00000, 0x0000000083c00000|100%|HC|  |TAMS 0x0000000083b00000, 0x0000000083b00000| Complete 
|  30|0x0000000083c00000, 0x0000000083d00000, 0x0000000083d00000|100%|HC|  |TAMS 0x0000000083c00000, 0x0000000083c00000| Complete 
|  31|0x0000000083d00000, 0x0000000083e00000, 0x0000000083e00000|100%|HC|  |TAMS 0x0000000083d00000, 0x0000000083d00000| Complete 
|  32|0x0000000083e00000, 0x0000000083f00000, 0x0000000083f00000|100%|HC|  |TAMS 0x0000000083e00000, 0x0000000083e00000| Complete 
|  33|0x0000000083f00000, 0x0000000084000000, 0x0000000084000000|100%| O|  |TAMS 0x0000000083f00000, 0x0000000083f00000| Untracked 
|  34|0x0000000084000000, 0x0000000084100000, 0x0000000084100000|100%| O|  |TAMS 0x0000000084000000, 0x0000000084000000| Untracked 
|  35|0x0000000084100000, 0x0000000084180000, 0x0000000084200000| 50%| O|  |TAMS 0x0000000084100000, 0x0000000084100000| Untracked 
|  36|0x0000000084200000, 0x0000000084300000, 0x0000000084300000|100%|HS|  |TAMS 0x0000000084200000, 0x0000000084200000| Complete 
|  37|0x0000000084300000, 0x0000000084400000, 0x0000000084400000|100%|HC|  |TAMS 0x0000000084300000, 0x0000000084300000| Complete 
|  38|0x0000000084400000, 0x0000000084500000, 0x0000000084500000|100%|HC|  |TAMS 0x0000000084400000, 0x0000000084400000| Complete 
|  39|0x0000000084500000, 0x0000000084600000, 0x0000000084600000|100%|HC|  |TAMS 0x0000000084500000, 0x0000000084500000| Complete 
|  40|0x0000000084600000, 0x0000000084700000, 0x0000000084700000|100%|HC|  |TAMS 0x0000000084600000, 0x0000000084600000| Complete 
|  41|0x0000000084700000, 0x0000000084800000, 0x0000000084800000|100%|HC|  |TAMS 0x0000000084700000, 0x0000000084700000| Complete 
|  42|0x0000000084800000, 0x0000000084900000, 0x0000000084900000|100%|HC|  |TAMS 0x0000000084800000, 0x0000000084800000| Complete 
|  43|0x0000000084900000, 0x0000000084a00000, 0x0000000084a00000|100%|HC|  |TAMS 0x0000000084900000, 0x0000000084900000| Complete 
|  44|0x0000000084a00000, 0x0000000084b00000, 0x0000000084b00000|100%|HC|  |TAMS 0x0000000084a00000, 0x0000000084a00000| Complete 
|  45|0x0000000084b00000, 0x0000000084c00000, 0x0000000084c00000|100%|HC|  |TAMS 0x0000000084b00000, 0x0000000084b00000| Complete 
|  46|0x0000000084c00000, 0x0000000084d00000, 0x0000000084d00000|100%|HC|  |TAMS 0x0000000084c00000, 0x0000000084c00000| Complete 
|  47|0x0000000084d00000, 0x0000000084e00000, 0x0000000084e00000|100%|HC|  |TAMS 0x0000000084d00000, 0x0000000084d00000| Complete 
|  48|0x0000000084e00000, 0x0000000084f00000, 0x0000000084f00000|100%|HC|  |TAMS 0x0000000084e00000, 0x0000000084e00000| Complete 
|  49|0x0000000084f00000, 0x0000000085000000, 0x0000000085000000|100%|HC|  |TAMS 0x0000000084f00000, 0x0000000084f00000| Complete 
|  50|0x0000000085000000, 0x0000000085100000, 0x0000000085100000|100%|HC|  |TAMS 0x0000000085000000, 0x0000000085000000| Complete 
|  51|0x0000000085100000, 0x0000000085200000, 0x0000000085200000|100%|HS|  |TAMS 0x0000000085100000, 0x0000000085100000| Complete 
|  52|0x0000000085200000, 0x0000000085300000, 0x0000000085300000|100%|HC|  |TAMS 0x0000000085200000, 0x0000000085200000| Complete 
|  53|0x0000000085300000, 0x0000000085400000, 0x0000000085400000|100%|HC|  |TAMS 0x0000000085300000, 0x0000000085300000| Complete 
|  54|0x0000000085400000, 0x0000000085500000, 0x0000000085500000|100%|HC|  |TAMS 0x0000000085400000, 0x0000000085400000| Complete 
|  55|0x0000000085500000, 0x0000000085600000, 0x0000000085600000|100%|HC|  |TAMS 0x0000000085500000, 0x0000000085500000| Complete 
|  56|0x0000000085600000, 0x0000000085700000, 0x0000000085700000|100%|HC|  |TAMS 0x0000000085600000, 0x0000000085600000| Complete 
|  57|0x0000000085700000, 0x0000000085800000, 0x0000000085800000|100%|HC|  |TAMS 0x0000000085700000, 0x0000000085700000| Complete 
|  58|0x0000000085800000, 0x0000000085900000, 0x0000000085900000|100%|HC|  |TAMS 0x0000000085800000, 0x0000000085800000| Complete 
|  59|0x0000000085900000, 0x0000000085a00000, 0x0000000085a00000|100%|HC|  |TAMS 0x0000000085900000, 0x0000000085900000| Complete 
|  60|0x0000000085a00000, 0x0000000085b00000, 0x0000000085b00000|100%|HC|  |TAMS 0x0000000085a00000, 0x0000000085a00000| Complete 
|  61|0x0000000085b00000, 0x0000000085c00000, 0x0000000085c00000|100%|HC|  |TAMS 0x0000000085b00000, 0x0000000085b00000| Complete 
|  62|0x0000000085c00000, 0x0000000085d00000, 0x0000000085d00000|100%|HC|  |TAMS 0x0000000085c00000, 0x0000000085c00000| Complete 
|  63|0x0000000085d00000, 0x0000000085e00000, 0x0000000085e00000|100%|HC|  |TAMS 0x0000000085d00000, 0x0000000085d00000| Complete 
|  64|0x0000000085e00000, 0x0000000085f00000, 0x0000000085f00000|100%|HC|  |TAMS 0x0000000085e00000, 0x0000000085e00000| Complete 
|  65|0x0000000085f00000, 0x0000000086000000, 0x0000000086000000|100%|HC|  |TAMS 0x0000000085f00000, 0x0000000085f00000| Complete 
|  66|0x0000000086000000, 0x0000000086000000, 0x0000000086100000|  0%| F|  |TAMS 0x0000000086000000, 0x0000000086000000| Untracked 
|  67|0x0000000086100000, 0x0000000086100000, 0x0000000086200000|  0%| F|  |TAMS 0x0000000086100000, 0x0000000086100000| Untracked 
|  68|0x0000000086200000, 0x0000000086200000, 0x0000000086300000|  0%| F|  |TAMS 0x0000000086200000, 0x0000000086200000| Untracked 
|  69|0x0000000086300000, 0x0000000086300000, 0x0000000086400000|  0%| F|  |TAMS 0x0000000086300000, 0x0000000086300000| Untracked 
|  70|0x0000000086400000, 0x0000000086400000, 0x0000000086500000|  0%| F|  |TAMS 0x0000000086400000, 0x0000000086400000| Untracked 
|  71|0x0000000086500000, 0x0000000086500000, 0x0000000086600000|  0%| F|  |TAMS 0x0000000086500000, 0x0000000086500000| Untracked 
|  72|0x0000000086600000, 0x0000000086600000, 0x0000000086700000|  0%| F|  |TAMS 0x0000000086600000, 0x0000000086600000| Untracked 
|  73|0x0000000086700000, 0x0000000086700000, 0x0000000086800000|  0%| F|  |TAMS 0x0000000086700000, 0x0000000086700000| Untracked 
|  74|0x0000000086800000, 0x0000000086800000, 0x0000000086900000|  0%| F|  |TAMS 0x0000000086800000, 0x0000000086800000| Untracked 
|  75|0x0000000086900000, 0x0000000086900000, 0x0000000086a00000|  0%| F|  |TAMS 0x0000000086900000, 0x0000000086900000| Untracked 
|  76|0x0000000086a00000, 0x0000000086a00000, 0x0000000086b00000|  0%| F|  |TAMS 0x0000000086a00000, 0x0000000086a00000| Untracked 
|  77|0x0000000086b00000, 0x0000000086b00000, 0x0000000086c00000|  0%| F|  |TAMS 0x0000000086b00000, 0x0000000086b00000| Untracked 
|  78|0x0000000086c00000, 0x0000000086c00000, 0x0000000086d00000|  0%| F|  |TAMS 0x0000000086c00000, 0x0000000086c00000| Untracked 
|  79|0x0000000086d00000, 0x0000000086d00000, 0x0000000086e00000|  0%| F|  |TAMS 0x0000000086d00000, 0x0000000086d00000| Untracked 
|  80|0x0000000086e00000, 0x0000000086e00000, 0x0000000086f00000|  0%| F|  |TAMS 0x0000000086e00000, 0x0000000086e00000| Untracked 
|  81|0x0000000086f00000, 0x0000000086f00000, 0x0000000087000000|  0%| F|  |TAMS 0x0000000086f00000, 0x0000000086f00000| Untracked 
|  82|0x0000000087000000, 0x0000000087000000, 0x0000000087100000|  0%| F|  |TAMS 0x0000000087000000, 0x0000000087000000| Untracked 
|  83|0x0000000087100000, 0x0000000087100000, 0x0000000087200000|  0%| F|  |TAMS 0x0000000087100000, 0x0000000087100000| Untracked 
|  84|0x0000000087200000, 0x0000000087200000, 0x0000000087300000|  0%| F|  |TAMS 0x0000000087200000, 0x0000000087200000| Untracked 
|  85|0x0000000087300000, 0x0000000087300000, 0x0000000087400000|  0%| F|  |TAMS 0x0000000087300000, 0x0000000087300000| Untracked 
|  86|0x0000000087400000, 0x0000000087400000, 0x0000000087500000|  0%| F|  |TAMS 0x0000000087400000, 0x0000000087400000| Untracked 
|  87|0x0000000087500000, 0x0000000087500000, 0x0000000087600000|  0%| F|  |TAMS 0x0000000087500000, 0x0000000087500000| Untracked 
|  88|0x0000000087600000, 0x0000000087600000, 0x0000000087700000|  0%| F|  |TAMS 0x0000000087600000, 0x0000000087600000| Untracked 
|  89|0x0000000087700000, 0x0000000087700000, 0x0000000087800000|  0%| F|  |TAMS 0x0000000087700000, 0x0000000087700000| Untracked 
|  90|0x0000000087800000, 0x0000000087800000, 0x0000000087900000|  0%| F|  |TAMS 0x0000000087800000, 0x0000000087800000| Untracked 
|  91|0x0000000087900000, 0x0000000087900000, 0x0000000087a00000|  0%| F|  |TAMS 0x0000000087900000, 0x0000000087900000| Untracked 
|  92|0x0000000087a00000, 0x0000000087a00000, 0x0000000087b00000|  0%| F|  |TAMS 0x0000000087a00000, 0x0000000087a00000| Untracked 
|  93|0x0000000087b00000, 0x0000000087b00000, 0x0000000087c00000|  0%| F|  |TAMS 0x0000000087b00000, 0x0000000087b00000| Untracked 
|  94|0x0000000087c00000, 0x0000000087c00000, 0x0000000087d00000|  0%| F|  |TAMS 0x0000000087c00000, 0x0000000087c00000| Untracked 
|  95|0x0000000087d00000, 0x0000000087d00000, 0x0000000087e00000|  0%| F|  |TAMS 0x0000000087d00000, 0x0000000087d00000| Untracked 
|  96|0x0000000087e00000, 0x0000000087e00000, 0x0000000087f00000|  0%| F|  |TAMS 0x0000000087e00000, 0x0000000087e00000| Untracked 
|  97|0x0000000087f00000, 0x0000000087f00000, 0x0000000088000000|  0%| F|  |TAMS 0x0000000087f00000, 0x0000000087f00000| Untracked 
|  98|0x0000000088000000, 0x0000000088000000, 0x0000000088100000|  0%| F|  |TAMS 0x0000000088000000, 0x0000000088000000| Untracked 
|  99|0x0000000088100000, 0x0000000088100000, 0x0000000088200000|  0%| F|  |TAMS 0x0000000088100000, 0x0000000088100000| Untracked 
| 100|0x0000000088200000, 0x0000000088200000, 0x0000000088300000|  0%| F|  |TAMS 0x0000000088200000, 0x0000000088200000| Untracked 
| 101|0x0000000088300000, 0x0000000088300000, 0x0000000088400000|  0%| F|  |TAMS 0x0000000088300000, 0x0000000088300000| Untracked 
| 102|0x0000000088400000, 0x0000000088400000, 0x0000000088500000|  0%| F|  |TAMS 0x0000000088400000, 0x0000000088400000| Untracked 
| 103|0x0000000088500000, 0x0000000088500000, 0x0000000088600000|  0%| F|  |TAMS 0x0000000088500000, 0x0000000088500000| Untracked 
| 104|0x0000000088600000, 0x0000000088600000, 0x0000000088700000|  0%| F|  |TAMS 0x0000000088600000, 0x0000000088600000| Untracked 
| 105|0x0000000088700000, 0x0000000088700000, 0x0000000088800000|  0%| F|  |TAMS 0x0000000088700000, 0x0000000088700000| Untracked 
| 106|0x0000000088800000, 0x0000000088800000, 0x0000000088900000|  0%| F|  |TAMS 0x0000000088800000, 0x0000000088800000| Untracked 
| 107|0x0000000088900000, 0x0000000088900000, 0x0000000088a00000|  0%| F|  |TAMS 0x0000000088900000, 0x0000000088900000| Untracked 
| 108|0x0000000088a00000, 0x0000000088a00000, 0x0000000088b00000|  0%| F|  |TAMS 0x0000000088a00000, 0x0000000088a00000| Untracked 
| 109|0x0000000088b00000, 0x0000000088b00000, 0x0000000088c00000|  0%| F|  |TAMS 0x0000000088b00000, 0x0000000088b00000| Untracked 
| 110|0x0000000088c00000, 0x0000000088c00000, 0x0000000088d00000|  0%| F|  |TAMS 0x0000000088c00000, 0x0000000088c00000| Untracked 
| 111|0x0000000088d00000, 0x0000000088d00000, 0x0000000088e00000|  0%| F|  |TAMS 0x0000000088d00000, 0x0000000088d00000| Untracked 
| 112|0x0000000088e00000, 0x0000000088e00000, 0x0000000088f00000|  0%| F|  |TAMS 0x0000000088e00000, 0x0000000088e00000| Untracked 
| 113|0x0000000088f00000, 0x0000000088f00000, 0x0000000089000000|  0%| F|  |TAMS 0x0000000088f00000, 0x0000000088f00000| Untracked 
| 114|0x0000000089000000, 0x0000000089000000, 0x0000000089100000|  0%| F|  |TAMS 0x0000000089000000, 0x0000000089000000| Untracked 
| 115|0x0000000089100000, 0x0000000089100000, 0x0000000089200000|  0%| F|  |TAMS 0x0000000089100000, 0x0000000089100000| Untracked 
| 116|0x0000000089200000, 0x0000000089200000, 0x0000000089300000|  0%| F|  |TAMS 0x0000000089200000, 0x0000000089200000| Untracked 
| 117|0x0000000089300000, 0x0000000089300000, 0x0000000089400000|  0%| F|  |TAMS 0x0000000089300000, 0x0000000089300000| Untracked 
| 118|0x0000000089400000, 0x0000000089400000, 0x0000000089500000|  0%| F|  |TAMS 0x0000000089400000, 0x0000000089400000| Untracked 
| 119|0x0000000089500000, 0x0000000089500000, 0x0000000089600000|  0%| F|  |TAMS 0x0000000089500000, 0x0000000089500000| Untracked 
| 120|0x0000000089600000, 0x0000000089600000, 0x0000000089700000|  0%| F|  |TAMS 0x0000000089600000, 0x0000000089600000| Untracked 
| 121|0x0000000089700000, 0x0000000089700000, 0x0000000089800000|  0%| F|  |TAMS 0x0000000089700000, 0x0000000089700000| Untracked 
| 122|0x0000000089800000, 0x0000000089800000, 0x0000000089900000|  0%| F|  |TAMS 0x0000000089800000, 0x0000000089800000| Untracked 
| 123|0x0000000089900000, 0x0000000089900000, 0x0000000089a00000|  0%| F|  |TAMS 0x0000000089900000, 0x0000000089900000| Untracked 
| 124|0x0000000089a00000, 0x0000000089ad1bd0, 0x0000000089b00000| 81%| S|CS|TAMS 0x0000000089a00000, 0x0000000089a00000| Complete 
| 125|0x0000000089b00000, 0x0000000089b00000, 0x0000000089c00000|  0%| F|  |TAMS 0x0000000089b00000, 0x0000000089b00000| Untracked 
| 126|0x0000000089c00000, 0x0000000089c00000, 0x0000000089d00000|  0%| F|  |TAMS 0x0000000089c00000, 0x0000000089c00000| Untracked 
| 127|0x0000000089d00000, 0x0000000089d00000, 0x0000000089e00000|  0%| F|  |TAMS 0x0000000089d00000, 0x0000000089d00000| Untracked 
| 128|0x0000000089e00000, 0x0000000089e00000, 0x0000000089f00000|  0%| F|  |TAMS 0x0000000089e00000, 0x0000000089e00000| Untracked 
| 129|0x0000000089f00000, 0x0000000089f00000, 0x000000008a000000|  0%| F|  |TAMS 0x0000000089f00000, 0x0000000089f00000| Untracked 
| 130|0x000000008a000000, 0x000000008a000000, 0x000000008a100000|  0%| F|  |TAMS 0x000000008a000000, 0x000000008a000000| Untracked 
| 131|0x000000008a100000, 0x000000008a100000, 0x000000008a200000|  0%| F|  |TAMS 0x000000008a100000, 0x000000008a100000| Untracked 
| 132|0x000000008a200000, 0x000000008a200000, 0x000000008a300000|  0%| F|  |TAMS 0x000000008a200000, 0x000000008a200000| Untracked 
| 133|0x000000008a300000, 0x000000008a300000, 0x000000008a400000|  0%| F|  |TAMS 0x000000008a300000, 0x000000008a300000| Untracked 
| 134|0x000000008a400000, 0x000000008a400000, 0x000000008a500000|  0%| F|  |TAMS 0x000000008a400000, 0x000000008a400000| Untracked 
| 135|0x000000008a500000, 0x000000008a500000, 0x000000008a600000|  0%| F|  |TAMS 0x000000008a500000, 0x000000008a500000| Untracked 
| 136|0x000000008a600000, 0x000000008a600000, 0x000000008a700000|  0%| F|  |TAMS 0x000000008a600000, 0x000000008a600000| Untracked 
| 137|0x000000008a700000, 0x000000008a700000, 0x000000008a800000|  0%| F|  |TAMS 0x000000008a700000, 0x000000008a700000| Untracked 
| 138|0x000000008a800000, 0x000000008a800000, 0x000000008a900000|  0%| F|  |TAMS 0x000000008a800000, 0x000000008a800000| Untracked 
| 139|0x000000008a900000, 0x000000008a900000, 0x000000008aa00000|  0%| F|  |TAMS 0x000000008a900000, 0x000000008a900000| Untracked 
| 140|0x000000008aa00000, 0x000000008aa00000, 0x000000008ab00000|  0%| F|  |TAMS 0x000000008aa00000, 0x000000008aa00000| Untracked 
| 141|0x000000008ab00000, 0x000000008ab00000, 0x000000008ac00000|  0%| F|  |TAMS 0x000000008ab00000, 0x000000008ab00000| Untracked 
| 142|0x000000008ac00000, 0x000000008ac00000, 0x000000008ad00000|  0%| F|  |TAMS 0x000000008ac00000, 0x000000008ac00000| Untracked 
| 143|0x000000008ad00000, 0x000000008ad00000, 0x000000008ae00000|  0%| F|  |TAMS 0x000000008ad00000, 0x000000008ad00000| Untracked 
| 144|0x000000008ae00000, 0x000000008ae00000, 0x000000008af00000|  0%| F|  |TAMS 0x000000008ae00000, 0x000000008ae00000| Untracked 
| 145|0x000000008af00000, 0x000000008af00000, 0x000000008b000000|  0%| F|  |TAMS 0x000000008af00000, 0x000000008af00000| Untracked 
| 146|0x000000008b000000, 0x000000008b000000, 0x000000008b100000|  0%| F|  |TAMS 0x000000008b000000, 0x000000008b000000| Untracked 
| 147|0x000000008b100000, 0x000000008b100000, 0x000000008b200000|  0%| F|  |TAMS 0x000000008b100000, 0x000000008b100000| Untracked 
| 148|0x000000008b200000, 0x000000008b200000, 0x000000008b300000|  0%| F|  |TAMS 0x000000008b200000, 0x000000008b200000| Untracked 
| 149|0x000000008b300000, 0x000000008b300000, 0x000000008b400000|  0%| F|  |TAMS 0x000000008b300000, 0x000000008b300000| Untracked 
| 150|0x000000008b400000, 0x000000008b400000, 0x000000008b500000|  0%| F|  |TAMS 0x000000008b400000, 0x000000008b400000| Untracked 
| 151|0x000000008b500000, 0x000000008b500000, 0x000000008b600000|  0%| F|  |TAMS 0x000000008b500000, 0x000000008b500000| Untracked 
| 152|0x000000008b600000, 0x000000008b600000, 0x000000008b700000|  0%| F|  |TAMS 0x000000008b600000, 0x000000008b600000| Untracked 
| 153|0x000000008b700000, 0x000000008b700000, 0x000000008b800000|  0%| F|  |TAMS 0x000000008b700000, 0x000000008b700000| Untracked 
| 154|0x000000008b800000, 0x000000008b800000, 0x000000008b900000|  0%| F|  |TAMS 0x000000008b800000, 0x000000008b800000| Untracked 
| 155|0x000000008b900000, 0x000000008b900000, 0x000000008ba00000|  0%| F|  |TAMS 0x000000008b900000, 0x000000008b900000| Untracked 
| 156|0x000000008ba00000, 0x000000008ba00000, 0x000000008bb00000|  0%| F|  |TAMS 0x000000008ba00000, 0x000000008ba00000| Untracked 
| 157|0x000000008bb00000, 0x000000008bb00000, 0x000000008bc00000|  0%| F|  |TAMS 0x000000008bb00000, 0x000000008bb00000| Untracked 
| 158|0x000000008bc00000, 0x000000008bc00000, 0x000000008bd00000|  0%| F|  |TAMS 0x000000008bc00000, 0x000000008bc00000| Untracked 
| 159|0x000000008bd00000, 0x000000008bd00000, 0x000000008be00000|  0%| F|  |TAMS 0x000000008bd00000, 0x000000008bd00000| Untracked 
| 160|0x000000008be00000, 0x000000008be00000, 0x000000008bf00000|  0%| F|  |TAMS 0x000000008be00000, 0x000000008be00000| Untracked 
| 161|0x000000008bf00000, 0x000000008bf00000, 0x000000008c000000|  0%| F|  |TAMS 0x000000008bf00000, 0x000000008bf00000| Untracked 
| 162|0x000000008c000000, 0x000000008c000000, 0x000000008c100000|  0%| F|  |TAMS 0x000000008c000000, 0x000000008c000000| Untracked 
| 163|0x000000008c100000, 0x000000008c100000, 0x000000008c200000|  0%| F|  |TAMS 0x000000008c100000, 0x000000008c100000| Untracked 
| 164|0x000000008c200000, 0x000000008c200000, 0x000000008c300000|  0%| F|  |TAMS 0x000000008c200000, 0x000000008c200000| Untracked 
| 165|0x000000008c300000, 0x000000008c300000, 0x000000008c400000|  0%| F|  |TAMS 0x000000008c300000, 0x000000008c300000| Untracked 
| 166|0x000000008c400000, 0x000000008c400000, 0x000000008c500000|  0%| F|  |TAMS 0x000000008c400000, 0x000000008c400000| Untracked 
| 167|0x000000008c500000, 0x000000008c500000, 0x000000008c600000|  0%| F|  |TAMS 0x000000008c500000, 0x000000008c500000| Untracked 
| 168|0x000000008c600000, 0x000000008c600000, 0x000000008c700000|  0%| F|  |TAMS 0x000000008c600000, 0x000000008c600000| Untracked 
| 169|0x000000008c700000, 0x000000008c700000, 0x000000008c800000|  0%| F|  |TAMS 0x000000008c700000, 0x000000008c700000| Untracked 
| 170|0x000000008c800000, 0x000000008c800000, 0x000000008c900000|  0%| F|  |TAMS 0x000000008c800000, 0x000000008c800000| Untracked 
| 171|0x000000008c900000, 0x000000008c900000, 0x000000008ca00000|  0%| F|  |TAMS 0x000000008c900000, 0x000000008c900000| Untracked 
| 172|0x000000008ca00000, 0x000000008ca00000, 0x000000008cb00000|  0%| F|  |TAMS 0x000000008ca00000, 0x000000008ca00000| Untracked 
| 173|0x000000008cb00000, 0x000000008cb00000, 0x000000008cc00000|  0%| F|  |TAMS 0x000000008cb00000, 0x000000008cb00000| Untracked 
| 174|0x000000008cc00000, 0x000000008cc00000, 0x000000008cd00000|  0%| F|  |TAMS 0x000000008cc00000, 0x000000008cc00000| Untracked 
| 175|0x000000008cd00000, 0x000000008cd00000, 0x000000008ce00000|  0%| F|  |TAMS 0x000000008cd00000, 0x000000008cd00000| Untracked 
| 176|0x000000008ce00000, 0x000000008ce00000, 0x000000008cf00000|  0%| F|  |TAMS 0x000000008ce00000, 0x000000008ce00000| Untracked 
| 177|0x000000008cf00000, 0x000000008cf00000, 0x000000008d000000|  0%| F|  |TAMS 0x000000008cf00000, 0x000000008cf00000| Untracked 
| 178|0x000000008d000000, 0x000000008d000000, 0x000000008d100000|  0%| F|  |TAMS 0x000000008d000000, 0x000000008d000000| Untracked 
| 179|0x000000008d100000, 0x000000008d100000, 0x000000008d200000|  0%| F|  |TAMS 0x000000008d100000, 0x000000008d100000| Untracked 
| 180|0x000000008d200000, 0x000000008d200000, 0x000000008d300000|  0%| F|  |TAMS 0x000000008d200000, 0x000000008d200000| Untracked 
| 181|0x000000008d300000, 0x000000008d300000, 0x000000008d400000|  0%| F|  |TAMS 0x000000008d300000, 0x000000008d300000| Untracked 
| 182|0x000000008d400000, 0x000000008d400000, 0x000000008d500000|  0%| F|  |TAMS 0x000000008d400000, 0x000000008d400000| Untracked 
| 183|0x000000008d500000, 0x000000008d500000, 0x000000008d600000|  0%| F|  |TAMS 0x000000008d500000, 0x000000008d500000| Untracked 
| 184|0x000000008d600000, 0x000000008d600000, 0x000000008d700000|  0%| F|  |TAMS 0x000000008d600000, 0x000000008d600000| Untracked 
| 185|0x000000008d700000, 0x000000008d700000, 0x000000008d800000|  0%| F|  |TAMS 0x000000008d700000, 0x000000008d700000| Untracked 
| 186|0x000000008d800000, 0x000000008d800000, 0x000000008d900000|  0%| F|  |TAMS 0x000000008d800000, 0x000000008d800000| Untracked 
| 187|0x000000008d900000, 0x000000008d900000, 0x000000008da00000|  0%| F|  |TAMS 0x000000008d900000, 0x000000008d900000| Untracked 
| 188|0x000000008da00000, 0x000000008da00000, 0x000000008db00000|  0%| F|  |TAMS 0x000000008da00000, 0x000000008da00000| Untracked 
| 189|0x000000008db00000, 0x000000008db00000, 0x000000008dc00000|  0%| F|  |TAMS 0x000000008db00000, 0x000000008db00000| Untracked 
| 190|0x000000008dc00000, 0x000000008dc00000, 0x000000008dd00000|  0%| F|  |TAMS 0x000000008dc00000, 0x000000008dc00000| Untracked 
| 191|0x000000008dd00000, 0x000000008dd00000, 0x000000008de00000|  0%| F|  |TAMS 0x000000008dd00000, 0x000000008dd00000| Untracked 
| 192|0x000000008de00000, 0x000000008de00000, 0x000000008df00000|  0%| F|  |TAMS 0x000000008de00000, 0x000000008de00000| Untracked 
| 193|0x000000008df00000, 0x000000008df00000, 0x000000008e000000|  0%| F|  |TAMS 0x000000008df00000, 0x000000008df00000| Untracked 
| 194|0x000000008e000000, 0x000000008e000000, 0x000000008e100000|  0%| F|  |TAMS 0x000000008e000000, 0x000000008e000000| Untracked 
| 195|0x000000008e100000, 0x000000008e100000, 0x000000008e200000|  0%| F|  |TAMS 0x000000008e100000, 0x000000008e100000| Untracked 
| 196|0x000000008e200000, 0x000000008e200000, 0x000000008e300000|  0%| F|  |TAMS 0x000000008e200000, 0x000000008e200000| Untracked 
| 197|0x000000008e300000, 0x000000008e300000, 0x000000008e400000|  0%| F|  |TAMS 0x000000008e300000, 0x000000008e300000| Untracked 
| 198|0x000000008e400000, 0x000000008e400000, 0x000000008e500000|  0%| F|  |TAMS 0x000000008e400000, 0x000000008e400000| Untracked 
| 199|0x000000008e500000, 0x000000008e500000, 0x000000008e600000|  0%| F|  |TAMS 0x000000008e500000, 0x000000008e500000| Untracked 
| 200|0x000000008e600000, 0x000000008e600000, 0x000000008e700000|  0%| F|  |TAMS 0x000000008e600000, 0x000000008e600000| Untracked 
| 201|0x000000008e700000, 0x000000008e700000, 0x000000008e800000|  0%| F|  |TAMS 0x000000008e700000, 0x000000008e700000| Untracked 
| 202|0x000000008e800000, 0x000000008e800000, 0x000000008e900000|  0%| F|  |TAMS 0x000000008e800000, 0x000000008e800000| Untracked 
| 203|0x000000008e900000, 0x000000008e900000, 0x000000008ea00000|  0%| F|  |TAMS 0x000000008e900000, 0x000000008e900000| Untracked 
| 204|0x000000008ea00000, 0x000000008ea00000, 0x000000008eb00000|  0%| F|  |TAMS 0x000000008ea00000, 0x000000008ea00000| Untracked 
| 205|0x000000008eb00000, 0x000000008eb00000, 0x000000008ec00000|  0%| F|  |TAMS 0x000000008eb00000, 0x000000008eb00000| Untracked 
| 206|0x000000008ec00000, 0x000000008ec00000, 0x000000008ed00000|  0%| F|  |TAMS 0x000000008ec00000, 0x000000008ec00000| Untracked 
| 207|0x000000008ed00000, 0x000000008ed00000, 0x000000008ee00000|  0%| F|  |TAMS 0x000000008ed00000, 0x000000008ed00000| Untracked 
| 208|0x000000008ee00000, 0x000000008ee00000, 0x000000008ef00000|  0%| F|  |TAMS 0x000000008ee00000, 0x000000008ee00000| Untracked 
| 209|0x000000008ef00000, 0x000000008ef00000, 0x000000008f000000|  0%| F|  |TAMS 0x000000008ef00000, 0x000000008ef00000| Untracked 
| 210|0x000000008f000000, 0x000000008f000000, 0x000000008f100000|  0%| F|  |TAMS 0x000000008f000000, 0x000000008f000000| Untracked 
| 211|0x000000008f100000, 0x000000008f100000, 0x000000008f200000|  0%| F|  |TAMS 0x000000008f100000, 0x000000008f100000| Untracked 
| 212|0x000000008f200000, 0x000000008f200000, 0x000000008f300000|  0%| F|  |TAMS 0x000000008f200000, 0x000000008f200000| Untracked 
| 213|0x000000008f300000, 0x000000008f300000, 0x000000008f400000|  0%| F|  |TAMS 0x000000008f300000, 0x000000008f300000| Untracked 
| 214|0x000000008f400000, 0x000000008f400000, 0x000000008f500000|  0%| F|  |TAMS 0x000000008f400000, 0x000000008f400000| Untracked 
| 215|0x000000008f500000, 0x000000008f500000, 0x000000008f600000|  0%| F|  |TAMS 0x000000008f500000, 0x000000008f500000| Untracked 
| 216|0x000000008f600000, 0x000000008f600000, 0x000000008f700000|  0%| F|  |TAMS 0x000000008f600000, 0x000000008f600000| Untracked 
| 217|0x000000008f700000, 0x000000008f700000, 0x000000008f800000|  0%| F|  |TAMS 0x000000008f700000, 0x000000008f700000| Untracked 
| 218|0x000000008f800000, 0x000000008f800000, 0x000000008f900000|  0%| F|  |TAMS 0x000000008f800000, 0x000000008f800000| Untracked 
| 219|0x000000008f900000, 0x000000008f900000, 0x000000008fa00000|  0%| F|  |TAMS 0x000000008f900000, 0x000000008f900000| Untracked 
| 220|0x000000008fa00000, 0x000000008fa00000, 0x000000008fb00000|  0%| F|  |TAMS 0x000000008fa00000, 0x000000008fa00000| Untracked 
| 221|0x000000008fb00000, 0x000000008fb00000, 0x000000008fc00000|  0%| F|  |TAMS 0x000000008fb00000, 0x000000008fb00000| Untracked 
| 222|0x000000008fc00000, 0x000000008fc00000, 0x000000008fd00000|  0%| F|  |TAMS 0x000000008fc00000, 0x000000008fc00000| Untracked 
| 223|0x000000008fd00000, 0x000000008fd00000, 0x000000008fe00000|  0%| F|  |TAMS 0x000000008fd00000, 0x000000008fd00000| Untracked 
| 224|0x000000008fe00000, 0x000000008fe00000, 0x000000008ff00000|  0%| F|  |TAMS 0x000000008fe00000, 0x000000008fe00000| Untracked 
| 225|0x000000008ff00000, 0x000000008ff00000, 0x0000000090000000|  0%| F|  |TAMS 0x000000008ff00000, 0x000000008ff00000| Untracked 
| 226|0x0000000090000000, 0x0000000090000000, 0x0000000090100000|  0%| F|  |TAMS 0x0000000090000000, 0x0000000090000000| Untracked 
| 227|0x0000000090100000, 0x0000000090100000, 0x0000000090200000|  0%| F|  |TAMS 0x0000000090100000, 0x0000000090100000| Untracked 
| 228|0x0000000090200000, 0x0000000090200000, 0x0000000090300000|  0%| F|  |TAMS 0x0000000090200000, 0x0000000090200000| Untracked 
| 229|0x0000000090300000, 0x0000000090300000, 0x0000000090400000|  0%| F|  |TAMS 0x0000000090300000, 0x0000000090300000| Untracked 
| 230|0x0000000090400000, 0x0000000090400000, 0x0000000090500000|  0%| F|  |TAMS 0x0000000090400000, 0x0000000090400000| Untracked 
| 231|0x0000000090500000, 0x0000000090500000, 0x0000000090600000|  0%| F|  |TAMS 0x0000000090500000, 0x0000000090500000| Untracked 
| 232|0x0000000090600000, 0x0000000090600000, 0x0000000090700000|  0%| F|  |TAMS 0x0000000090600000, 0x0000000090600000| Untracked 
| 233|0x0000000090700000, 0x0000000090700000, 0x0000000090800000|  0%| F|  |TAMS 0x0000000090700000, 0x0000000090700000| Untracked 
| 234|0x0000000090800000, 0x0000000090800000, 0x0000000090900000|  0%| F|  |TAMS 0x0000000090800000, 0x0000000090800000| Untracked 
| 235|0x0000000090900000, 0x0000000090900000, 0x0000000090a00000|  0%| F|  |TAMS 0x0000000090900000, 0x0000000090900000| Untracked 
| 236|0x0000000090a00000, 0x0000000090a00000, 0x0000000090b00000|  0%| F|  |TAMS 0x0000000090a00000, 0x0000000090a00000| Untracked 
| 237|0x0000000090b00000, 0x0000000090b00000, 0x0000000090c00000|  0%| F|  |TAMS 0x0000000090b00000, 0x0000000090b00000| Untracked 
| 238|0x0000000090c00000, 0x0000000090c00000, 0x0000000090d00000|  0%| F|  |TAMS 0x0000000090c00000, 0x0000000090c00000| Untracked 
| 239|0x0000000090d00000, 0x0000000090d00000, 0x0000000090e00000|  0%| F|  |TAMS 0x0000000090d00000, 0x0000000090d00000| Untracked 
| 240|0x0000000090e00000, 0x0000000090e00000, 0x0000000090f00000|  0%| F|  |TAMS 0x0000000090e00000, 0x0000000090e00000| Untracked 
| 241|0x0000000090f00000, 0x0000000090f00000, 0x0000000091000000|  0%| F|  |TAMS 0x0000000090f00000, 0x0000000090f00000| Untracked 
| 242|0x0000000091000000, 0x0000000091000000, 0x0000000091100000|  0%| F|  |TAMS 0x0000000091000000, 0x0000000091000000| Untracked 
| 243|0x0000000091100000, 0x0000000091100000, 0x0000000091200000|  0%| F|  |TAMS 0x0000000091100000, 0x0000000091100000| Untracked 
| 244|0x0000000091200000, 0x0000000091200000, 0x0000000091300000|  0%| F|  |TAMS 0x0000000091200000, 0x0000000091200000| Untracked 
| 245|0x0000000091300000, 0x0000000091300000, 0x0000000091400000|  0%| F|  |TAMS 0x0000000091300000, 0x0000000091300000| Untracked 
| 246|0x0000000091400000, 0x0000000091400000, 0x0000000091500000|  0%| F|  |TAMS 0x0000000091400000, 0x0000000091400000| Untracked 
| 247|0x0000000091500000, 0x0000000091500000, 0x0000000091600000|  0%| F|  |TAMS 0x0000000091500000, 0x0000000091500000| Untracked 
| 248|0x0000000091600000, 0x0000000091600000, 0x0000000091700000|  0%| F|  |TAMS 0x0000000091600000, 0x0000000091600000| Untracked 
| 249|0x0000000091700000, 0x0000000091700000, 0x0000000091800000|  0%| F|  |TAMS 0x0000000091700000, 0x0000000091700000| Untracked 
| 250|0x0000000091800000, 0x0000000091800000, 0x0000000091900000|  0%| F|  |TAMS 0x0000000091800000, 0x0000000091800000| Untracked 
| 251|0x0000000091900000, 0x0000000091900000, 0x0000000091a00000|  0%| F|  |TAMS 0x0000000091900000, 0x0000000091900000| Untracked 
| 252|0x0000000091a00000, 0x0000000091a00000, 0x0000000091b00000|  0%| F|  |TAMS 0x0000000091a00000, 0x0000000091a00000| Untracked 
| 253|0x0000000091b00000, 0x0000000091b00000, 0x0000000091c00000|  0%| F|  |TAMS 0x0000000091b00000, 0x0000000091b00000| Untracked 
| 254|0x0000000091c00000, 0x0000000091c00000, 0x0000000091d00000|  0%| F|  |TAMS 0x0000000091c00000, 0x0000000091c00000| Untracked 
| 255|0x0000000091d00000, 0x0000000091d00000, 0x0000000091e00000|  0%| F|  |TAMS 0x0000000091d00000, 0x0000000091d00000| Untracked 
| 256|0x0000000091e00000, 0x0000000091e00000, 0x0000000091f00000|  0%| F|  |TAMS 0x0000000091e00000, 0x0000000091e00000| Untracked 
| 257|0x0000000091f00000, 0x0000000091f00000, 0x0000000092000000|  0%| F|  |TAMS 0x0000000091f00000, 0x0000000091f00000| Untracked 
| 258|0x0000000092000000, 0x0000000092000000, 0x0000000092100000|  0%| F|  |TAMS 0x0000000092000000, 0x0000000092000000| Untracked 
| 259|0x0000000092100000, 0x0000000092100000, 0x0000000092200000|  0%| F|  |TAMS 0x0000000092100000, 0x0000000092100000| Untracked 
| 260|0x0000000092200000, 0x0000000092200000, 0x0000000092300000|  0%| F|  |TAMS 0x0000000092200000, 0x0000000092200000| Untracked 
| 261|0x0000000092300000, 0x0000000092300000, 0x0000000092400000|  0%| F|  |TAMS 0x0000000092300000, 0x0000000092300000| Untracked 
| 262|0x0000000092400000, 0x0000000092400000, 0x0000000092500000|  0%| F|  |TAMS 0x0000000092400000, 0x0000000092400000| Untracked 
| 263|0x0000000092500000, 0x0000000092500000, 0x0000000092600000|  0%| F|  |TAMS 0x0000000092500000, 0x0000000092500000| Untracked 
| 264|0x0000000092600000, 0x0000000092600000, 0x0000000092700000|  0%| F|  |TAMS 0x0000000092600000, 0x0000000092600000| Untracked 
| 265|0x0000000092700000, 0x0000000092700000, 0x0000000092800000|  0%| F|  |TAMS 0x0000000092700000, 0x0000000092700000| Untracked 
| 266|0x0000000092800000, 0x0000000092800000, 0x0000000092900000|  0%| F|  |TAMS 0x0000000092800000, 0x0000000092800000| Untracked 
| 267|0x0000000092900000, 0x0000000092900000, 0x0000000092a00000|  0%| F|  |TAMS 0x0000000092900000, 0x0000000092900000| Untracked 
| 268|0x0000000092a00000, 0x0000000092a00000, 0x0000000092b00000|  0%| F|  |TAMS 0x0000000092a00000, 0x0000000092a00000| Untracked 
| 269|0x0000000092b00000, 0x0000000092b00000, 0x0000000092c00000|  0%| F|  |TAMS 0x0000000092b00000, 0x0000000092b00000| Untracked 
| 270|0x0000000092c00000, 0x0000000092c00000, 0x0000000092d00000|  0%| F|  |TAMS 0x0000000092c00000, 0x0000000092c00000| Untracked 
| 271|0x0000000092d00000, 0x0000000092d00000, 0x0000000092e00000|  0%| F|  |TAMS 0x0000000092d00000, 0x0000000092d00000| Untracked 
| 272|0x0000000092e00000, 0x0000000092e00000, 0x0000000092f00000|  0%| F|  |TAMS 0x0000000092e00000, 0x0000000092e00000| Untracked 
| 273|0x0000000092f00000, 0x0000000092f00000, 0x0000000093000000|  0%| F|  |TAMS 0x0000000092f00000, 0x0000000092f00000| Untracked 
| 274|0x0000000093000000, 0x0000000093000000, 0x0000000093100000|  0%| F|  |TAMS 0x0000000093000000, 0x0000000093000000| Untracked 
| 275|0x0000000093100000, 0x0000000093100000, 0x0000000093200000|  0%| F|  |TAMS 0x0000000093100000, 0x0000000093100000| Untracked 
| 276|0x0000000093200000, 0x0000000093200000, 0x0000000093300000|  0%| F|  |TAMS 0x0000000093200000, 0x0000000093200000| Untracked 
| 277|0x0000000093300000, 0x0000000093300000, 0x0000000093400000|  0%| F|  |TAMS 0x0000000093300000, 0x0000000093300000| Untracked 
| 278|0x0000000093400000, 0x0000000093400000, 0x0000000093500000|  0%| F|  |TAMS 0x0000000093400000, 0x0000000093400000| Untracked 
| 279|0x0000000093500000, 0x0000000093500000, 0x0000000093600000|  0%| F|  |TAMS 0x0000000093500000, 0x0000000093500000| Untracked 
| 280|0x0000000093600000, 0x0000000093600000, 0x0000000093700000|  0%| F|  |TAMS 0x0000000093600000, 0x0000000093600000| Untracked 
| 281|0x0000000093700000, 0x0000000093780800, 0x0000000093800000| 50%| E|  |TAMS 0x0000000093700000, 0x0000000093700000| Complete 
| 282|0x0000000093800000, 0x0000000093900000, 0x0000000093900000|100%| E|CS|TAMS 0x0000000093800000, 0x0000000093800000| Complete 
| 283|0x0000000093900000, 0x0000000093a00000, 0x0000000093a00000|100%| E|CS|TAMS 0x0000000093900000, 0x0000000093900000| Complete 
| 284|0x0000000093a00000, 0x0000000093b00000, 0x0000000093b00000|100%| E|CS|TAMS 0x0000000093a00000, 0x0000000093a00000| Complete 
| 285|0x0000000093b00000, 0x0000000093c00000, 0x0000000093c00000|100%| E|CS|TAMS 0x0000000093b00000, 0x0000000093b00000| Complete 
| 286|0x0000000093c00000, 0x0000000093d00000, 0x0000000093d00000|100%| E|CS|TAMS 0x0000000093c00000, 0x0000000093c00000| Complete 
| 287|0x0000000093d00000, 0x0000000093e00000, 0x0000000093e00000|100%| E|  |TAMS 0x0000000093d00000, 0x0000000093d00000| Complete 
| 288|0x0000000093e00000, 0x0000000093f00000, 0x0000000093f00000|100%| E|CS|TAMS 0x0000000093e00000, 0x0000000093e00000| Complete 
| 289|0x0000000093f00000, 0x0000000094000000, 0x0000000094000000|100%| E|CS|TAMS 0x0000000093f00000, 0x0000000093f00000| Complete 
| 290|0x0000000094000000, 0x0000000094100000, 0x0000000094100000|100%| E|CS|TAMS 0x0000000094000000, 0x0000000094000000| Complete 
| 291|0x0000000094100000, 0x0000000094200000, 0x0000000094200000|100%| E|CS|TAMS 0x0000000094100000, 0x0000000094100000| Complete 
| 292|0x0000000094200000, 0x0000000094300000, 0x0000000094300000|100%| E|CS|TAMS 0x0000000094200000, 0x0000000094200000| Complete 
| 293|0x0000000094300000, 0x0000000094400000, 0x0000000094400000|100%| E|CS|TAMS 0x0000000094300000, 0x0000000094300000| Complete 
| 294|0x0000000094400000, 0x0000000094500000, 0x0000000094500000|100%| E|CS|TAMS 0x0000000094400000, 0x0000000094400000| Complete 
| 295|0x0000000094500000, 0x0000000094600000, 0x0000000094600000|100%| E|CS|TAMS 0x0000000094500000, 0x0000000094500000| Complete 
| 296|0x0000000094600000, 0x0000000094700000, 0x0000000094700000|100%| E|CS|TAMS 0x0000000094600000, 0x0000000094600000| Complete 
| 297|0x0000000094700000, 0x0000000094800000, 0x0000000094800000|100%| E|CS|TAMS 0x0000000094700000, 0x0000000094700000| Complete 
| 298|0x0000000094800000, 0x0000000094900000, 0x0000000094900000|100%| E|CS|TAMS 0x0000000094800000, 0x0000000094800000| Complete 
| 299|0x0000000094900000, 0x0000000094a00000, 0x0000000094a00000|100%| E|CS|TAMS 0x0000000094900000, 0x0000000094900000| Complete 
| 300|0x0000000094a00000, 0x0000000094b00000, 0x0000000094b00000|100%| E|CS|TAMS 0x0000000094a00000, 0x0000000094a00000| Complete 
| 301|0x0000000094b00000, 0x0000000094c00000, 0x0000000094c00000|100%| E|CS|TAMS 0x0000000094b00000, 0x0000000094b00000| Complete 
| 302|0x0000000094c00000, 0x0000000094d00000, 0x0000000094d00000|100%| E|CS|TAMS 0x0000000094c00000, 0x0000000094c00000| Complete 
| 303|0x0000000094d00000, 0x0000000094e00000, 0x0000000094e00000|100%| E|CS|TAMS 0x0000000094d00000, 0x0000000094d00000| Complete 
| 304|0x0000000094e00000, 0x0000000094f00000, 0x0000000094f00000|100%| E|CS|TAMS 0x0000000094e00000, 0x0000000094e00000| Complete 
| 305|0x0000000094f00000, 0x0000000095000000, 0x0000000095000000|100%| E|CS|TAMS 0x0000000094f00000, 0x0000000094f00000| Complete 
| 306|0x0000000095000000, 0x0000000095100000, 0x0000000095100000|100%| E|CS|TAMS 0x0000000095000000, 0x0000000095000000| Complete 
| 307|0x0000000095100000, 0x0000000095200000, 0x0000000095200000|100%| E|CS|TAMS 0x0000000095100000, 0x0000000095100000| Complete 

Card table byte_map: [0x000001e561f70000,0x000001e562370000] _byte_map_base: 0x000001e561b61000

Marking Bits (Prev, Next): (CMBitMap*) 0x000001e54a427578, (CMBitMap*) 0x000001e54a4275b8
 Prev Bits: [0x000001e562770000, 0x000001e5646f8000)
 Next Bits: [0x000001e564700000, 0x000001e566688000)

Polling page: 0x000001e548560000

Metaspace:

Usage:
  Non-class:      8.01 MB capacity,     6.08 MB ( 76%) used,     1.91 MB ( 24%) free+waste,    12.31 KB ( <1%) overhead. 
      Class:    632.00 KB capacity,   390.80 KB ( 62%) used,   235.58 KB ( 37%) free+waste,     5.63 KB ( <1%) overhead. 
       Both:      8.62 MB capacity,     6.46 MB ( 75%) used,     2.14 MB ( 25%) free+waste,    17.94 KB ( <1%) overhead. 

Virtual space:
  Non-class space:       10.00 MB reserved,       8.25 MB ( 83%) committed 
      Class space:        1.00 GB reserved,     640.00 KB ( <1%) committed 
             Both:        1.01 GB reserved,       8.88 MB ( <1%) committed 

Chunk freelists:
   Non-Class:  58.00 KB
       Class:  0 bytes
        Both:  58.00 KB

MaxMetaspaceSize: 17179869184.00 GB
CompressedClassSpaceSize: 1.00 GB

CodeHeap 'non-profiled nmethods': size=120000Kb used=588Kb max_used=637Kb free=119411Kb
 bounds [0x000001e55a640000, 0x000001e55a8b0000, 0x000001e561b70000]
CodeHeap 'profiled nmethods': size=120000Kb used=1853Kb max_used=2160Kb free=118146Kb
 bounds [0x000001e553110000, 0x000001e553380000, 0x000001e55a640000]
CodeHeap 'non-nmethods': size=5760Kb used=1620Kb max_used=1640Kb free=4139Kb
 bounds [0x000001e552b70000, 0x000001e552de0000, 0x000001e553110000]
 total_blobs=2830 nmethods=1005 adapters=929
 compilation: enabled
              stopped_count=0, restarted_count=0
 full_count=0

Compilation events (20 events):
Event: 9.857 Thread 0x000001e56950a800 nmethod 1169 0x000001e553112310 code [0x000001e5531124a0, 0x000001e553112618]
Event: 9.857 Thread 0x000001e56950a800 1167       3       java.lang.invoke.LambdaForm$Name::<init> (44 bytes)
Event: 9.857 Thread 0x000001e56950a800 nmethod 1167 0x000001e55326f690 code [0x000001e55326f8a0, 0x000001e55326fe88]
Event: 9.857 Thread 0x000001e56950a800 1168       3       java.lang.invoke.LambdaForm$NamedFunction::returnType (11 bytes)
Event: 9.858 Thread 0x000001e56950a800 nmethod 1168 0x000001e55317e990 code [0x000001e55317eb80, 0x000001e55317f008]
Event: 9.858 Thread 0x000001e56950a800 1171       3       java.lang.invoke.InvokerBytecodeGenerator::emitPushArgument (120 bytes)
Event: 9.859 Thread 0x000001e56950a800 nmethod 1171 0x000001e55316fb10 code [0x000001e55316fde0, 0x000001e553170c28]
Event: 9.859 Thread 0x000001e56950a800 1166       3       java.lang.invoke.MemberName$Factory::resolveOrFail (53 bytes)
Event: 9.860 Thread 0x000001e56950a800 nmethod 1166 0x000001e5531bfe90 code [0x000001e5531c00a0, 0x000001e5531c07d8]
Event: 9.860 Thread 0x000001e56950a800 1172       3       java.lang.invoke.InvokerBytecodeGenerator::emitLoadInsn (21 bytes)
Event: 9.860 Thread 0x000001e56950a800 nmethod 1172 0x000001e55311eb10 code [0x000001e55311ecc0, 0x000001e55311ef38]
Event: 9.860 Thread 0x000001e56950a800 1173       3       jdk.internal.org.objectweb.asm.Frame::getLocal (46 bytes)
Event: 9.860 Thread 0x000001e56950a800 nmethod 1173 0x000001e55331c510 code [0x000001e55331c6a0, 0x000001e55331c8b8]
Event: 9.860 Thread 0x000001e56950a800 1175       1       java.lang.invoke.DirectMethodHandle::internalMemberName (5 bytes)
Event: 9.860 Thread 0x000001e56950a800 nmethod 1175 0x000001e55a6b0710 code [0x000001e55a6b08a0, 0x000001e55a6b0978]
Event: 9.860 Thread 0x000001e56950a800 1177       3       jdk.internal.org.objectweb.asm.Frame::pop (42 bytes)
Event: 9.860 Thread 0x000001e56950a800 nmethod 1177 0x000001e5531e9510 code [0x000001e5531e96a0, 0x000001e5531e9858]
Event: 9.860 Thread 0x000001e56950a800 1163       1       jdk.internal.org.objectweb.asm.MethodWriter::hasAsmInstructions (5 bytes)
Event: 9.860 Thread 0x000001e56950a800 nmethod 1163 0x000001e55a6b0410 code [0x000001e55a6b05a0, 0x000001e55a6b0678]
Event: 9.863 Thread 0x000001e568b99800 1179       4       java.nio.MappedByteBuffer::limit (6 bytes)

GC Heap History (20 events):
Event: 9.284 GC heap before
{Heap before GC invocations=177 (full 0):
 garbage-first heap   total 315392K, used 223306K [0x0000000081e00000, 0x0000000100000000)
  region size 1024K, 184 young (188416K), 1 survivors (1024K)
 Metaspace       used 6201K, capacity 8635K, committed 8832K, reserved 1056768K
  class space    used 354K, capacity 607K, committed 640K, reserved 1048576K
}
Event: 9.285 GC heap after
{Heap after GC invocations=178 (full 0):
 garbage-first heap   total 315392K, used 36939K [0x0000000081e00000, 0x0000000100000000)
  region size 1024K, 1 young (1024K), 1 survivors (1024K)
 Metaspace       used 6201K, capacity 8635K, committed 8832K, reserved 1056768K
  class space    used 354K, capacity 607K, committed 640K, reserved 1048576K
}
Event: 9.319 GC heap before
{Heap before GC invocations=178 (full 0):
 garbage-first heap   total 315392K, used 223307K [0x0000000081e00000, 0x0000000100000000)
  region size 1024K, 184 young (188416K), 1 survivors (1024K)
 Metaspace       used 6201K, capacity 8635K, committed 8832K, reserved 1056768K
  class space    used 354K, capacity 607K, committed 640K, reserved 1048576K
}
Event: 9.320 GC heap after
{Heap after GC invocations=179 (full 0):
 garbage-first heap   total 315392K, used 36941K [0x0000000081e00000, 0x0000000100000000)
  region size 1024K, 1 young (1024K), 1 survivors (1024K)
 Metaspace       used 6201K, capacity 8635K, committed 8832K, reserved 1056768K
  class space    used 354K, capacity 607K, committed 640K, reserved 1048576K
}
Event: 9.355 GC heap before
{Heap before GC invocations=179 (full 0):
 garbage-first heap   total 315392K, used 223309K [0x0000000081e00000, 0x0000000100000000)
  region size 1024K, 184 young (188416K), 1 survivors (1024K)
 Metaspace       used 6201K, capacity 8635K, committed 8832K, reserved 1056768K
  class space    used 354K, capacity 607K, committed 640K, reserved 1048576K
}
Event: 9.356 GC heap after
{Heap after GC invocations=180 (full 0):
 garbage-first heap   total 315392K, used 36943K [0x0000000081e00000, 0x0000000100000000)
  region size 1024K, 1 young (1024K), 1 survivors (1024K)
 Metaspace       used 6201K, capacity 8635K, committed 8832K, reserved 1056768K
  class space    used 354K, capacity 607K, committed 640K, reserved 1048576K
}
Event: 9.403 GC heap before
{Heap before GC invocations=180 (full 0):
 garbage-first heap   total 315392K, used 223311K [0x0000000081e00000, 0x0000000100000000)
  region size 1024K, 184 young (188416K), 1 survivors (1024K)
 Metaspace       used 6279K, capacity 8699K, committed 8832K, reserved 1056768K
  class space    used 355K, capacity 607K, committed 640K, reserved 1048576K
}
Event: 9.404 GC heap after
{Heap after GC invocations=181 (full 0):
 garbage-first heap   total 315392K, used 37002K [0x0000000081e00000, 0x0000000100000000)
  region size 1024K, 1 young (1024K), 1 survivors (1024K)
 Metaspace       used 6279K, capacity 8699K, committed 8832K, reserved 1056768K
  class space    used 355K, capacity 607K, committed 640K, reserved 1048576K
}
Event: 9.445 GC heap before
{Heap before GC invocations=181 (full 0):
 garbage-first heap   total 315392K, used 223370K [0x0000000081e00000, 0x0000000100000000)
  region size 1024K, 184 young (188416K), 1 survivors (1024K)
 Metaspace       used 6279K, capacity 8699K, committed 8832K, reserved 1056768K
  class space    used 355K, capacity 607K, committed 640K, reserved 1048576K
}
Event: 9.446 GC heap after
{Heap after GC invocations=182 (full 0):
 garbage-first heap   total 315392K, used 37065K [0x0000000081e00000, 0x0000000100000000)
  region size 1024K, 1 young (1024K), 1 survivors (1024K)
 Metaspace       used 6279K, capacity 8699K, committed 8832K, reserved 1056768K
  class space    used 355K, capacity 607K, committed 640K, reserved 1048576K
}
Event: 9.491 GC heap before
{Heap before GC invocations=182 (full 0):
 garbage-first heap   total 315392K, used 223433K [0x0000000081e00000, 0x0000000100000000)
  region size 1024K, 184 young (188416K), 1 survivors (1024K)
 Metaspace       used 6279K, capacity 8699K, committed 8832K, reserved 1056768K
  class space    used 355K, capacity 607K, committed 640K, reserved 1048576K
}
Event: 9.492 GC heap after
{Heap after GC invocations=183 (full 0):
 garbage-first heap   total 315392K, used 37116K [0x0000000081e00000, 0x0000000100000000)
  region size 1024K, 1 young (1024K), 1 survivors (1024K)
 Metaspace       used 6279K, capacity 8699K, committed 8832K, reserved 1056768K
  class space    used 355K, capacity 607K, committed 640K, reserved 1048576K
}
Event: 9.535 GC heap before
{Heap before GC invocations=183 (full 0):
 garbage-first heap   total 315392K, used 223484K [0x0000000081e00000, 0x0000000100000000)
  region size 1024K, 184 young (188416K), 1 survivors (1024K)
 Metaspace       used 6279K, capacity 8699K, committed 8832K, reserved 1056768K
  class space    used 355K, capacity 607K, committed 640K, reserved 1048576K
}
Event: 9.536 GC heap after
{Heap after GC invocations=184 (full 0):
 garbage-first heap   total 315392K, used 37145K [0x0000000081e00000, 0x0000000100000000)
  region size 1024K, 1 young (1024K), 1 survivors (1024K)
 Metaspace       used 6279K, capacity 8699K, committed 8832K, reserved 1056768K
  class space    used 355K, capacity 607K, committed 640K, reserved 1048576K
}
Event: 9.579 GC heap before
{Heap before GC invocations=184 (full 0):
 garbage-first heap   total 315392K, used 223513K [0x0000000081e00000, 0x0000000100000000)
  region size 1024K, 184 young (188416K), 1 survivors (1024K)
 Metaspace       used 6285K, capacity 8699K, committed 8832K, reserved 1056768K
  class space    used 355K, capacity 607K, committed 640K, reserved 1048576K
}
Event: 9.580 GC heap after
{Heap after GC invocations=185 (full 0):
 garbage-first heap   total 315392K, used 37161K [0x0000000081e00000, 0x0000000100000000)
  region size 1024K, 1 young (1024K), 1 survivors (1024K)
 Metaspace       used 6285K, capacity 8699K, committed 8832K, reserved 1056768K
  class space    used 355K, capacity 607K, committed 640K, reserved 1048576K
}
Event: 9.622 GC heap before
{Heap before GC invocations=185 (full 0):
 garbage-first heap   total 315392K, used 223529K [0x0000000081e00000, 0x0000000100000000)
  region size 1024K, 184 young (188416K), 1 survivors (1024K)
 Metaspace       used 6285K, capacity 8699K, committed 8832K, reserved 1056768K
  class space    used 355K, capacity 607K, committed 640K, reserved 1048576K
}
Event: 9.623 GC heap after
{Heap after GC invocations=186 (full 0):
 garbage-first heap   total 315392K, used 37178K [0x0000000081e00000, 0x0000000100000000)
  region size 1024K, 1 young (1024K), 1 survivors (1024K)
 Metaspace       used 6285K, capacity 8699K, committed 8832K, reserved 1056768K
  class space    used 355K, capacity 607K, committed 640K, reserved 1048576K
}
Event: 9.662 GC heap before
{Heap before GC invocations=186 (full 0):
 garbage-first heap   total 315392K, used 223546K [0x0000000081e00000, 0x0000000100000000)
  region size 1024K, 184 young (188416K), 1 survivors (1024K)
 Metaspace       used 6285K, capacity 8699K, committed 8832K, reserved 1056768K
  class space    used 355K, capacity 607K, committed 640K, reserved 1048576K
}
Event: 9.662 GC heap after
{Heap after GC invocations=187 (full 0):
 garbage-first heap   total 315392K, used 37190K [0x0000000081e00000, 0x0000000100000000)
  region size 1024K, 1 young (1024K), 1 survivors (1024K)
 Metaspace       used 6285K, capacity 8699K, committed 8832K, reserved 1056768K
  class space    used 355K, capacity 607K, committed 640K, reserved 1048576K
}

Deoptimization events (20 events):
Event: 9.408 Thread 0x000001e54839c000 DEOPT PACKING pc=0x000001e55a6de8b8 sp=0x000000dd644ff360
Event: 9.408 Thread 0x000001e54839c000 DEOPT UNPACKING pc=0x000001e552bb912f sp=0x000000dd644ff340 mode 2
Event: 9.409 Thread 0x000001e54839c000 DEOPT PACKING pc=0x000001e5533258fa sp=0x000000dd644ff3f0
Event: 9.409 Thread 0x000001e54839c000 DEOPT UNPACKING pc=0x000001e552bb964e sp=0x000000dd644fe9d0 mode 0
Event: 9.420 Thread 0x000001e54839c000 DEOPT PACKING pc=0x000001e5533258fa sp=0x000000dd644ff3f0
Event: 9.420 Thread 0x000001e54839c000 DEOPT UNPACKING pc=0x000001e552bb964e sp=0x000000dd644fe9d0 mode 0
Event: 9.437 Thread 0x000001e54839c000 DEOPT PACKING pc=0x000001e553321e4c sp=0x000000dd644ff400
Event: 9.437 Thread 0x000001e54839c000 DEOPT UNPACKING pc=0x000001e552bb964e sp=0x000000dd644fe9d0 mode 0
Event: 9.454 Thread 0x000001e54839c000 DEOPT PACKING pc=0x000001e5533258fa sp=0x000000dd644ff3f0
Event: 9.454 Thread 0x000001e54839c000 DEOPT UNPACKING pc=0x000001e552bb964e sp=0x000000dd644fe9d0 mode 0
Event: 9.625 Thread 0x000001e54839c000 DEOPT PACKING pc=0x000001e553120b7e sp=0x000000dd644ff2e0
Event: 9.625 Thread 0x000001e54839c000 DEOPT UNPACKING pc=0x000001e552bb964e sp=0x000000dd644fe840 mode 0
Event: 9.667 Thread 0x000001e54839c000 DEOPT PACKING pc=0x000001e553321e4c sp=0x000000dd644ff400
Event: 9.667 Thread 0x000001e54839c000 DEOPT UNPACKING pc=0x000001e552bb964e sp=0x000000dd644fe9d0 mode 0
Event: 9.667 Thread 0x000001e54839c000 DEOPT PACKING pc=0x000001e553321dc6 sp=0x000000dd644ff400
Event: 9.667 Thread 0x000001e54839c000 DEOPT UNPACKING pc=0x000001e552bb964e sp=0x000000dd644fe9d0 mode 0
Event: 9.805 Thread 0x000001e54839c000 Uncommon trap: trap_request=0xffffff45 fr.pc=0x000001e55a6cef34 relative=0x00000000000000f4
Event: 9.805 Thread 0x000001e54839c000 Uncommon trap: reason=unstable_if action=reinterpret pc=0x000001e55a6cef34 method=java.lang.CharacterDataLatin1.digit(II)I @ 12 c2
Event: 9.805 Thread 0x000001e54839c000 DEOPT PACKING pc=0x000001e55a6cef34 sp=0x000000dd644fc620
Event: 9.805 Thread 0x000001e54839c000 DEOPT UNPACKING pc=0x000001e552bb912f sp=0x000000dd644fc598 mode 2

Classes unloaded (0 events):
No events

Classes redefined (0 events):
No events

Internal exceptions (20 events):
Event: 1.337 Thread 0x000001e54839c000 Exception <a 'sun/nio/fs/WindowsException'{0x00000000892dce70}> (0x00000000892dce70) 
thrown [t:/workspace/open/src/hotspot/share/prims/jni.cpp, line 599]
Event: 1.374 Thread 0x000001e54839c000 Exception <a 'sun/nio/fs/WindowsException'{0x0000000089190f40}> (0x0000000089190f40) 
thrown [t:/workspace/open/src/hotspot/share/prims/jni.cpp, line 599]
Event: 1.375 Thread 0x000001e54839c000 Exception <a 'sun/nio/fs/WindowsException'{0x0000000089191318}> (0x0000000089191318) 
thrown [t:/workspace/open/src/hotspot/share/prims/jni.cpp, line 599]
Event: 1.409 Thread 0x000001e54839c000 Exception <a 'sun/nio/fs/WindowsException'{0x0000000088e6a3e8}> (0x0000000088e6a3e8) 
thrown [t:/workspace/open/src/hotspot/share/prims/jni.cpp, line 599]
Event: 1.409 Thread 0x000001e54839c000 Exception <a 'sun/nio/fs/WindowsException'{0x0000000088e6a790}> (0x0000000088e6a790) 
thrown [t:/workspace/open/src/hotspot/share/prims/jni.cpp, line 599]
Event: 1.625 Thread 0x000001e54839c000 Exception <a 'java/lang/NoSuchMethodError'{0x0000000088eb0910}: 'void java.lang.invoke.DirectMethodHandle$Holder.invokeStaticInit(java.lang.Object, long, double, double)'> (0x0000000088eb0910) 
thrown [t:/workspace/open/src/hotspot/share/interpreter/linkResolver.cpp, line 766]
Event: 1.629 Thread 0x000001e54839c000 Exception <a 'java/lang/NoSuchMethodError'{0x0000000088ecb838}: 'void java.lang.invoke.DirectMethodHandle$Holder.invokeStaticInit(java.lang.Object, long, int, int, int)'> (0x0000000088ecb838) 
thrown [t:/workspace/open/src/hotspot/share/interpreter/linkResolver.cpp, line 766]
Event: 1.638 Thread 0x000001e54839c000 Exception <a 'java/lang/NoSuchMethodError'{0x0000000088efbee8}: 'void java.lang.invoke.DirectMethodHandle$Holder.invokeStaticInit(java.lang.Object, long, int, int, int, int)'> (0x0000000088efbee8) 
thrown [t:/workspace/open/src/hotspot/share/interpreter/linkResolver.cpp, line 766]
Event: 1.750 Thread 0x000001e54839c000 Exception <a 'sun/nio/fs/WindowsException'{0x0000000088d83130}> (0x0000000088d83130) 
thrown [t:/workspace/open/src/hotspot/share/prims/jni.cpp, line 599]
Event: 1.751 Thread 0x000001e54839c000 Exception <a 'sun/nio/fs/WindowsException'{0x0000000088d83510}> (0x0000000088d83510) 
thrown [t:/workspace/open/src/hotspot/share/prims/jni.cpp, line 599]
Event: 1.757 Thread 0x000001e54839c000 Exception <a 'sun/nio/fs/WindowsException'{0x0000000088dd0b00}> (0x0000000088dd0b00) 
thrown [t:/workspace/open/src/hotspot/share/prims/jni.cpp, line 599]
Event: 1.757 Thread 0x000001e54839c000 Exception <a 'sun/nio/fs/WindowsException'{0x0000000088dd0e20}> (0x0000000088dd0e20) 
thrown [t:/workspace/open/src/hotspot/share/prims/jni.cpp, line 599]
Event: 2.357 Thread 0x000001e54839c000 Exception <a 'sun/nio/fs/WindowsException'{0x00000000887cff28}> (0x00000000887cff28) 
thrown [t:/workspace/open/src/hotspot/share/prims/jni.cpp, line 599]
Event: 2.357 Thread 0x000001e54839c000 Exception <a 'sun/nio/fs/WindowsException'{0x00000000887d02e8}> (0x00000000887d02e8) 
thrown [t:/workspace/open/src/hotspot/share/prims/jni.cpp, line 599]
Event: 4.014 Thread 0x000001e54839c000 Implicit null exception at 0x000001e55a6d4c55 to 0x000001e55a6d4f78
Event: 9.380 Thread 0x000001e54839c000 Implicit null exception at 0x000001e55a6d54b8 to 0x000001e55a6d63d4
Event: 9.385 Thread 0x000001e54839c000 Implicit null exception at 0x000001e55a6d7954 to 0x000001e55a6d7c6c
Event: 9.802 Thread 0x000001e54839c000 Exception <a 'java/lang/ClassNotFoundException'{0x00000000938b2a28}: sun/awt/resources/spi/awtProvider> (0x00000000938b2a28) 
thrown [t:/workspace/open/src/hotspot/share/classfile/systemDictionary.cpp, line 226]
Event: 9.848 Thread 0x000001e54839c000 Exception <a 'java/io/FileNotFoundException'{0x00000000938f3660}> (0x00000000938f3660) 
thrown [t:/workspace/open/src/hotspot/share/prims/jni.cpp, line 599]
Event: 9.860 Thread 0x000001e54839c000 Exception <a 'java/io/FileNotFoundException'{0x000000009371a3b0}> (0x000000009371a3b0) 
thrown [t:/workspace/open/src/hotspot/share/prims/jni.cpp, line 599]

Events (20 events):
Event: 9.835 loading class java/lang/invoke/BoundMethodHandle$Species_LLLLL
Event: 9.836 loading class java/lang/invoke/BoundMethodHandle$Species_LLLLL done
Event: 9.837 loading class java/lang/invoke/BoundMethodHandle$Species_LJ
Event: 9.838 loading class java/lang/invoke/BoundMethodHandle$Species_LJ done
Event: 9.839 loading class java/lang/invoke/BoundMethodHandle$Species_LLLLLL
Event: 9.840 loading class java/lang/invoke/BoundMethodHandle$Species_LLLLLL done
Event: 9.843 loading class java/lang/invoke/BoundMethodHandle$Species_LLLLLLL
Event: 9.843 loading class java/lang/invoke/BoundMethodHandle$Species_LLLLLLL done
Event: 9.848 loading class java/io/FileNotFoundException
Event: 9.848 loading class java/io/FileNotFoundException done
Event: 9.854 loading class java/lang/invoke/BoundMethodHandle$Species_LLLLLLLL
Event: 9.855 loading class java/lang/invoke/BoundMethodHandle$Species_LLLLLLLL done
Event: 9.858 loading class java/lang/invoke/BoundMethodHandle$Species_LLLLLLLLL
Event: 9.858 loading class java/lang/invoke/BoundMethodHandle$Species_LLLLLLLLL done
Event: 9.861 loading class java/awt/Insets
Event: 9.861 loading class java/awt/Insets done
Event: 9.861 loading class java/awt/GraphicsEnvironment
Event: 9.861 loading class java/awt/GraphicsEnvironment done
Event: 9.861 loading class sun/awt/PlatformGraphicsInfo
Event: 9.861 loading class sun/awt/PlatformGraphicsInfo done


Dynamic libraries:
0x00007ff626230000 - 0x00007ff62623f000 	C:\Program Files\Java\jdk-14\bin\javaw.exe
0x00007ffe85cc0000 - 0x00007ffe85eb0000 	C:\WINDOWS\SYSTEM32\ntdll.dll
0x00007ffe83e20000 - 0x00007ffe83ed2000 	C:\WINDOWS\System32\KERNEL32.DLL
0x00007ffe83310000 - 0x00007ffe835b3000 	C:\WINDOWS\System32\KERNELBASE.dll
0x00007ffe82e00000 - 0x00007ffe82efa000 	C:\WINDOWS\System32\ucrtbase.dll
0x00007ffe7c110000 - 0x00007ffe7c128000 	C:\Program Files\Java\jdk-14\bin\jli.dll
0x00007ffe84ca0000 - 0x00007ffe84d43000 	C:\WINDOWS\System32\ADVAPI32.dll
0x00007ffe859a0000 - 0x00007ffe85a3e000 	C:\WINDOWS\System32\msvcrt.dll
0x00007ffe7c0f0000 - 0x00007ffe7c105000 	C:\Program Files\Java\jdk-14\bin\VCRUNTIME140.dll
0x00007ffe85be0000 - 0x00007ffe85c77000 	C:\WINDOWS\System32\sechost.dll
0x00007ffe84330000 - 0x00007ffe84450000 	C:\WINDOWS\System32\RPCRT4.dll
0x00007ffe84040000 - 0x00007ffe841d4000 	C:\WINDOWS\System32\USER32.dll
0x00007ffe83040000 - 0x00007ffe83061000 	C:\WINDOWS\System32\win32u.dll
0x00007ffe858a0000 - 0x00007ffe858c6000 	C:\WINDOWS\System32\GDI32.dll
0x00007ffe83070000 - 0x00007ffe83204000 	C:\WINDOWS\System32\gdi32full.dll
0x00007ffe82f20000 - 0x00007ffe82fbe000 	C:\WINDOWS\System32\msvcp_win.dll
0x00007ffe750e0000 - 0x00007ffe75365000 	C:\WINDOWS\WinSxS\amd64_microsoft.windows.common-controls_6595b64144ccf1df_6.0.18362.778_none_e6c6b761130d4fb8\COMCTL32.dll
0x00007ffe84d50000 - 0x00007ffe85086000 	C:\WINDOWS\System32\combase.dll
0x00007ffe82fc0000 - 0x00007ffe83040000 	C:\WINDOWS\System32\bcryptPrimitives.dll
0x00007ffe76390000 - 0x00007ffe7639a000 	C:\WINDOWS\SYSTEM32\VERSION.dll
0x00007ffe842e0000 - 0x00007ffe8430e000 	C:\WINDOWS\System32\IMM32.DLL
0x00007ffe75610000 - 0x00007ffe756ab000 	C:\Program Files\Java\jdk-14\bin\msvcp140.dll
0x00007ffe2b3c0000 - 0x00007ffe2bedf000 	C:\Program Files\Java\jdk-14\bin\server\jvm.dll
0x00007ffe84310000 - 0x00007ffe84318000 	C:\WINDOWS\System32\PSAPI.DLL
0x00007ffe81b40000 - 0x00007ffe81b49000 	C:\WINDOWS\SYSTEM32\WSOCK32.dll
0x00007ffe80750000 - 0x00007ffe80774000 	C:\WINDOWS\SYSTEM32\WINMM.dll
0x00007ffe85b70000 - 0x00007ffe85bdf000 	C:\WINDOWS\System32\WS2_32.dll
0x00007ffe80720000 - 0x00007ffe8074d000 	C:\WINDOWS\SYSTEM32\WINMMBASE.dll
0x00007ffe83210000 - 0x00007ffe8325a000 	C:\WINDOWS\System32\cfgmgr32.dll
0x00007ffe82c30000 - 0x00007ffe82c41000 	C:\WINDOWS\System32\kernel.appcore.dll
0x00007ffe7c330000 - 0x00007ffe7c33a000 	C:\Program Files\Java\jdk-14\bin\jimage.dll
0x00007ffe81470000 - 0x00007ffe81664000 	C:\WINDOWS\SYSTEM32\DBGHELP.DLL
0x00007ffe715c0000 - 0x00007ffe715ea000 	C:\WINDOWS\SYSTEM32\dbgcore.DLL
0x00007ffe75c00000 - 0x00007ffe75c25000 	C:\Program Files\Java\jdk-14\bin\java.dll
0x00007ffe7bb50000 - 0x00007ffe7bb67000 	C:\Program Files\Java\jdk-14\bin\zip.dll
0x00007ffe85150000 - 0x00007ffe85835000 	C:\WINDOWS\System32\SHELL32.dll
0x00007ffe83d70000 - 0x00007ffe83e19000 	C:\WINDOWS\System32\shcore.dll
0x00007ffe835f0000 - 0x00007ffe83d70000 	C:\WINDOWS\System32\windows.storage.dll
0x00007ffe82c00000 - 0x00007ffe82c23000 	C:\WINDOWS\System32\profapi.dll
0x00007ffe82b90000 - 0x00007ffe82bda000 	C:\WINDOWS\System32\powrprof.dll
0x00007ffe82b80000 - 0x00007ffe82b90000 	C:\WINDOWS\System32\UMPDC.dll
0x00007ffe85090000 - 0x00007ffe850e2000 	C:\WINDOWS\System32\shlwapi.dll
0x00007ffe82f00000 - 0x00007ffe82f17000 	C:\WINDOWS\System32\cryptsp.dll
0x00007ffe7af70000 - 0x00007ffe7af89000 	C:\Program Files\Java\jdk-14\bin\net.dll
0x00007ffe76e10000 - 0x00007ffe76f00000 	C:\WINDOWS\SYSTEM32\WINHTTP.dll
0x00007ffe823f0000 - 0x00007ffe82457000 	C:\WINDOWS\system32\mswsock.dll
0x00007ffe755a0000 - 0x00007ffe755b2000 	C:\Program Files\Java\jdk-14\bin\nio.dll
0x00007ffe7c320000 - 0x00007ffe7c330000 	C:\Program Files\Java\jdk-14\bin\verify.dll
0x00007ffe7bbc0000 - 0x00007ffe7bbd1000 	C:\Program Files\Java\jdk-14\bin\jsound.dll
0x00007ffe83ee0000 - 0x00007ffe84037000 	C:\WINDOWS\System32\ole32.dll
0x00007ffe51ac0000 - 0x00007ffe51b59000 	C:\WINDOWS\SYSTEM32\DSOUND.dll
0x00007ffe85a40000 - 0x00007ffe85ae2000 	C:\WINDOWS\System32\clbcatq.dll
0x00007ffe7a8d0000 - 0x00007ffe7a942000 	C:\WINDOWS\System32\MMDevApi.dll
0x00007ffe829a0000 - 0x00007ffe829ca000 	C:\WINDOWS\System32\DEVOBJ.dll
0x00007ffe80b20000 - 0x00007ffe80bb9000 	C:\WINDOWS\system32\uxtheme.dll
0x00007ffe2f330000 - 0x00007ffe2f374000 	C:\WINDOWS\SYSTEM32\wdmaud.drv
0x00007ffe470b0000 - 0x00007ffe470b9000 	C:\WINDOWS\SYSTEM32\ksuser.dll
0x00007ffe7ed80000 - 0x00007ffe7ed8a000 	C:\WINDOWS\SYSTEM32\AVRT.dll
0x00007ffe7abf0000 - 0x00007ffe7ad4d000 	C:\WINDOWS\SYSTEM32\AUDIOSES.DLL
0x00007ffe858d0000 - 0x00007ffe85994000 	C:\WINDOWS\System32\OLEAUT32.dll
0x00007ffe7ded0000 - 0x00007ffe7e023000 	C:\WINDOWS\SYSTEM32\wintypes.dll
0x00007ffe470a0000 - 0x00007ffe470ad000 	C:\WINDOWS\SYSTEM32\msacm32.drv
0x00007ffe30eb0000 - 0x00007ffe30ecc000 	C:\WINDOWS\SYSTEM32\MSACM32.dll
0x00007ffe3a3d0000 - 0x00007ffe3a3da000 	C:\WINDOWS\SYSTEM32\midimap.dll
0x00007ffe80e50000 - 0x00007ffe80e64000 	C:\WINDOWS\SYSTEM32\resourcepolicyclient.dll
0x00007ffe70d80000 - 0x00007ffe70de4000 	C:\Users\Ben Correll\AppData\Local\Temp\lwjglBen Correll\3.2.3-build-13\lwjgl.dll
0x00007ffe59220000 - 0x00007ffe59473000 	C:\Users\BENCOR~1\AppData\Local\Temp\lwjglBen Correll\3.2.3-build-13\jemalloc.dll
0x00007ffe70910000 - 0x00007ffe70972000 	C:\Users\BENCOR~1\AppData\Local\Temp\lwjglBen Correll\3.2.3-build-13\glfw.dll
0x00007ffe755c0000 - 0x00007ffe75603000 	C:\WINDOWS\SYSTEM32\dinput8.dll
0x00007ffe7bba0000 - 0x00007ffe7bbb1000 	C:\WINDOWS\SYSTEM32\xinput1_4.dll
0x00007ffe67f90000 - 0x00007ffe680aa000 	C:\WINDOWS\SYSTEM32\inputhost.dll
0x00007ffe802d0000 - 0x00007ffe803a4000 	C:\WINDOWS\SYSTEM32\CoreMessaging.dll
0x00007ffe7e4b0000 - 0x00007ffe7e7da000 	C:\WINDOWS\SYSTEM32\CoreUIComponents.dll
0x00007ffe81be0000 - 0x00007ffe81c11000 	C:\WINDOWS\SYSTEM32\ntmarta.dll
0x00007ffe7f180000 - 0x00007ffe7f26f000 	C:\WINDOWS\SYSTEM32\PROPSYS.dll
0x00007ffe80f40000 - 0x00007ffe80f6d000 	C:\WINDOWS\SYSTEM32\dwmapi.dll
0x00007ffe84450000 - 0x00007ffe84586000 	C:\WINDOWS\System32\MSCTF.dll
0x00007ffe813b0000 - 0x00007ffe813be000 	C:\WINDOWS\SYSTEM32\HID.DLL
0x00007ffe84610000 - 0x00007ffe84a80000 	C:\WINDOWS\System32\SETUPAPI.DLL
0x00007ffe835c0000 - 0x00007ffe835e6000 	C:\WINDOWS\System32\bcrypt.dll
0x00007ffe82da0000 - 0x00007ffe82dfc000 	C:\WINDOWS\System32\WINTRUST.dll
0x00007ffe82be0000 - 0x00007ffe82bf2000 	C:\WINDOWS\System32\MSASN1.dll
0x00007ffe82c50000 - 0x00007ffe82d99000 	C:\WINDOWS\System32\CRYPT32.dll
0x00007ffe62f00000 - 0x00007ffe63056000 	C:\WINDOWS\SYSTEM32\opengl32.dll
0x00007ffe727d0000 - 0x00007ffe727fc000 	C:\WINDOWS\SYSTEM32\GLU32.dll
0x00007ffe817e0000 - 0x00007ffe81800000 	C:\WINDOWS\SYSTEM32\dxcore.dll
0x00007ffe54850000 - 0x00007ffe55568000 	C:\WINDOWS\SYSTEM32\ig8icd64.dll
0x00007ffe81670000 - 0x00007ffe81683000 	C:\WINDOWS\SYSTEM32\WTSAPI32.dll
0x00007ffe77ea0000 - 0x00007ffe788df000 	C:\WINDOWS\SYSTEM32\igdusc64.dll
0x00007ffe81870000 - 0x00007ffe8195b000 	C:\WINDOWS\SYSTEM32\dxgi.dll
0x00007ffe7fa00000 - 0x00007ffe7fc5b000 	C:\WINDOWS\SYSTEM32\d3d11.dll
0x00007ffe78e20000 - 0x00007ffe79d7d000 	C:\WINDOWS\SYSTEM32\igd10iumd64.dll
0x00007ffe826c0000 - 0x00007ffe826e6000 	C:\WINDOWS\SYSTEM32\ncrypt.dll
0x00007ffe82680000 - 0x00007ffe826bb000 	C:\WINDOWS\SYSTEM32\NTASN1.dll
0x00007ffe685c0000 - 0x00007ffe6865e000 	C:\WINDOWS\System32\TextInputFramework.dll
0x00007ffe73a70000 - 0x00007ffe73d16000 	C:\WINDOWS\System32\iertutil.dll
0x00007ffe68db0000 - 0x00007ffe68e09000 	C:\Users\Ben Correll\AppData\Local\Temp\lwjglBen Correll\3.2.3-build-13\lwjgl_opengl.dll
0x00007ffe67e70000 - 0x00007ffe67ee7000 	C:\Users\Ben Correll\AppData\Local\Temp\lwjglBen Correll\3.2.3-build-13\lwjgl_stb.dll
0x00007ffe53ee0000 - 0x00007ffe54078000 	C:\Program Files\Java\jdk-14\bin\awt.dll
0x00007ffe80a20000 - 0x00007ffe80aaf000 	C:\WINDOWS\SYSTEM32\apphelp.dll

dbghelp: loaded successfully - version: 4.0.5 - missing functions: none
symbol engine: initialized successfully - sym options: 0x614 - pdb path: .;C:\Program Files\Java\jdk-14\bin;C:\WINDOWS\SYSTEM32;C:\WINDOWS\WinSxS\amd64_microsoft.windows.common-controls_6595b64144ccf1df_6.0.18362.778_none_e6c6b761130d4fb8;C:\Program Files\Java\jdk-14\bin\server;C:\Users\Ben Correll\AppData\Local\Temp\lwjglBen Correll\3.2.3-build-13;C:\Users\BENCOR~1\AppData\Local\Temp\lwjglBen Correll\3.2.3-build-13

VM Arguments:
jvm_args: -ea -Dfile.encoding=UTF-8 
java_command: main.Loader
java_class_path (initial): C:\Users\Ben Correll\Documents\GitHub\sonic-fan-game\Sonic Fan Game\bin;C:\Users\Ben Correll\Documents\GitHub\sonic-fan-game\Sonic Fan Game\json-simple-1.1.1.jar;C:\Users\Ben Correll\Documents\GitHub\sonic-fan-game\Sonic Fan Game\joml-1.9.24.jar;C:\Users\Ben Correll\Documents\GitHub\sonic-fan-game\Sonic Fan Game\LWJGL3\lwjgl.jar;C:\Users\Ben Correll\Documents\GitHub\sonic-fan-game\Sonic Fan Game\LWJGL3\lwjgl-assimp.jar;C:\Users\Ben Correll\Documents\GitHub\sonic-fan-game\Sonic Fan Game\LWJGL3\lwjgl-assimp-javadoc.jar;C:\Users\Ben Correll\Documents\GitHub\sonic-fan-game\Sonic Fan Game\LWJGL3\lwjgl-assimp-natives-windows.jar;C:\Users\Ben Correll\Documents\GitHub\sonic-fan-game\Sonic Fan Game\LWJGL3\lwjgl-assimp-sources.jar;C:\Users\Ben Correll\Documents\GitHub\sonic-fan-game\Sonic Fan Game\LWJGL3\lwjgl-bgfx.jar;C:\Users\Ben Correll\Documents\GitHub\sonic-fan-game\Sonic Fan Game\LWJGL3\lwjgl-bgfx-javadoc.jar;C:\Users\Ben Correll\Documents\GitHub\sonic-fan-game\Sonic Fan Game\LWJGL3\lwjgl-bgfx-natives-windows.jar;C:\Users\Ben Correll\Documents\GitHub\sonic-fan-game\Sonic Fan Game\LWJGL3\lwjgl-bgfx-sources.jar;C:\Users\Ben Correll\Documents\GitHub\sonic-fan-game\Sonic Fan Game\LWJGL3\lwjgl-cuda.jar;C:\Users\Ben Correll\Documents\GitHub\sonic-fan-game\Sonic Fan Game\LWJGL3\lwjgl-cuda-javadoc.jar;C:\Users\Ben Correll\Documents\GitHub\sonic-fan-game\Sonic Fan Game\LWJGL3\lwjgl-cuda-sources.jar;C:\Users\Ben Correll\Documents\GitHub\sonic-fan-game\Sonic Fan Game\LWJGL3\lwjgl-egl.jar;C:\Users\Ben Correll\Documents\GitHub\sonic-fan-game\Sonic Fan Game\LWJGL3\lwjgl-egl-javadoc.jar;C:\Users\Ben Correll\Documents\GitHub\sonic-fan-game\Sonic Fan Game\LWJGL3\lwjgl-egl-sources.jar;C:\Users\Ben Correll\Documents\GitHub\sonic-fan-game\Sonic Fan Game\LWJGL3\lwjgl-glfw.jar;C:\Users\Ben Correll\Documents\GitHub\sonic-fan-game\Sonic Fan Game\LWJGL3\lwjgl-glfw-javadoc.jar;C:\Users\Ben Correll\Documents\GitHub\sonic-fan-game\Sonic Fan Game\LWJGL3\lwjgl-glfw-nativ
Launcher Type: SUN_STANDARD

[Global flags]
     intx CICompilerCount                          = 3                                         {product} {ergonomic}
     uint ConcGCThreads                            = 1                                         {product} {ergonomic}
     uint G1ConcRefinementThreads                  = 4                                         {product} {ergonomic}
   size_t G1HeapRegionSize                         = 1048576                                   {product} {ergonomic}
    uintx GCDrainStackTargetSize                   = 64                                        {product} {ergonomic}
   size_t InitialHeapSize                          = 134217728                                 {product} {ergonomic}
   size_t MarkStackSize                            = 4194304                                   {product} {ergonomic}
   size_t MaxHeapSize                              = 2116026368                                {product} {ergonomic}
   size_t MaxNewSize                               = 1268776960                                {product} {ergonomic}
   size_t MinHeapDeltaBytes                        = 1048576                                   {product} {ergonomic}
   size_t MinHeapSize                              = 8388608                                   {product} {ergonomic}
    uintx NonNMethodCodeHeapSize                   = 5832780                                {pd product} {ergonomic}
    uintx NonProfiledCodeHeapSize                  = 122912730                              {pd product} {ergonomic}
    uintx ProfiledCodeHeapSize                     = 122912730                              {pd product} {ergonomic}
    uintx ReservedCodeCacheSize                    = 251658240                              {pd product} {ergonomic}
     bool SegmentedCodeCache                       = true                                      {product} {ergonomic}
   size_t SoftMaxHeapSize                          = 2116026368                             {manageable} {ergonomic}
     bool UseCompressedClassPointers               = true                                 {lp64_product} {ergonomic}
     bool UseCompressedOops                        = true                                 {lp64_product} {ergonomic}
     bool UseG1GC                                  = true                                      {product} {ergonomic}
     bool UseLargePagesIndividualAllocation        = false                                  {pd product} {ergonomic}

Logging:
Log output configuration:
 #0: stdout all=warning uptime,level,tags
 #1: stderr all=off uptime,level,tags

Environment Variables:
PATH=C:/Program Files/Java/jdk-14/bin/server;C:/Program Files/Java/jdk-14/bin;C:\CEdev\bin;C:\Users\Ben\Desktop\CEPROR~1\CEdev\bin;C:\WINDOWS\system32;C:\WINDOWS;C:\WINDOWS\System32\Wbem;C:\WINDOWS\System32\WindowsPowerShell\v1.0\;C:\WINDOWS\System32\OpenSSH\;C:\Program Files\dotnet\;c:\Program Files (x86)\Microsoft SQL Server\100\Tools\Binn\;c:\Program Files\Microsoft SQL Server\100\Tools\Binn\;c:\Program Files\Microsoft SQL Server\100\DTS\Binn\;C:\Program Files\Microsoft SQL Server\130\Tools\Binn\;C:\Program Files\Microsoft SQL Server\Client SDK\ODBC\170\Tools\Binn\;C:\Program Files\nodejs\;C:\Program Files\Java\jdk-14\bin;C:\Program Files\Git\cmd;C:\Users\Ben Correll\AppData\Local\Microsoft\WindowsApps;C:\Users\Ben Correll\AppData\Local\GitHubDesktop\bin;C:\Users\Ben Correll\AppData\Roaming\npm;C:\Users\Ben Correll\AppData\Local\Programs\Microsoft VS Code\bin;C:\Users\Ben Correll\Desktop\eclipse-java-2020-03-R-win32-x86_64;
USERNAME=Ben Correll
OS=Windows_NT
PROCESSOR_IDENTIFIER=Intel64 Family 6 Model 61 Stepping 4, GenuineIntel



---------------  S Y S T E M  ---------------

OS: Windows 10 , 64 bit Build 18362 (10.0.18362.778)
OS uptime: 26 days 3:26 hours

CPU:total 4 (initial active 4) (2 cores per cpu, 2 threads per core) family 6 model 61 stepping 4, cmov, cx8, fxsr, mmx, sse, sse2, sse3, ssse3, sse4.1, sse4.2, popcnt, avx, avx2, aes, clmul, erms, rtm, 3dnowpref, lzcnt, ht, tsc, tscinvbit, bmi1, bmi2, adx, fma

Memory: 4k page, system-wide physical 8064M (3234M free)
TotalPageFile size 20296M (AvailPageFile size 7510M)
current process WorkingSet (physical memory assigned to process): 510M, peak: 513M
current process commit charge ("private bytes"): 625M, peak: 629M

vm_info: Java HotSpot(TM) 64-Bit Server VM (14+36-1461) for windows-amd64 JRE (14+36-1461), built on Feb  6 2020 19:08:04 by "mach5one" with MS VC++ 15.9 (VS2017)

END.
