#
# A fatal error has been detected by the Java Runtime Environment:
#
#  EXCEPTION_ACCESS_VIOLATION (0xc0000005) at pc=0x00007ffe54ed4dc4, pid=6880, tid=9636
#
# JRE version: Java(TM) SE Runtime Environment (14.0+36) (build 14+36-1461)
# Java VM: Java HotSpot(TM) 64-Bit Server VM (14+36-1461, mixed mode, sharing, tiered, compressed oops, g1 gc, windows-amd64)
# Problematic frame:
# C  [ig8icd64.dll+0x684dc4]
#
# No core dump will be written. Minidumps are not enabled by default on client versions of Windows
#
# If you would like to submit a bug report, please visit:
#   https://bugreport.java.com/bugreport/crash.jsp
# The crash happened outside the Java Virtual Machine in native code.
# See problematic frame for where to report the bug.
#

---------------  S U M M A R Y ------------

Command Line: -ea -Dfile.encoding=UTF-8 main.Loader

Host: Intel(R) Core(TM) i5-5300U CPU @ 2.30GHz, 4 cores, 7G,  Windows 10 , 64 bit Build 18362 (10.0.18362.778)
Time: Wed May 13 16:26:39 2020 US Eastern Daylight Time elapsed time: 2 seconds (0d 0h 0m 2s)

---------------  T H R E A D  ---------------

Current thread (0x000001cec09b7800):  JavaThread "main" [_thread_in_native, id=9636, stack(0x000000101af00000,0x000000101b000000)]

Stack: [0x000000101af00000,0x000000101b000000],  sp=0x000000101affe3f0,  free space=1016k
Native frames: (J=compiled Java code, j=interpreted, Vv=VM code, C=native code)
C  [ig8icd64.dll+0x684dc4]

Java frames: (J=compiled Java code, j=interpreted, Vv=VM code)
j  org.lwjgl.opengl.GL11C.nglTexImage2D(IIIIIIIIJ)V+0
j  org.lwjgl.opengl.GL11C.glTexImage2D(IIIIIIIILjava/nio/ByteBuffer;)V+17
j  org.lwjgl.opengl.GL11.glTexImage2D(IIIIIIIILjava/nio/ByteBuffer;)V+14
j  rendering.Texture.load(Ljava/nio/ByteBuffer;)V+214
j  rendering.Texture.<init>(Ljava/nio/ByteBuffer;)V+6
j  rendering.Image.<init>(Ljava/nio/ByteBuffer;)V+216
j  datatypes.Tileset.<init>(Ljava/nio/ByteBuffer;II)V+20
j  datatypes.Tilemap.<init>(Ljava/lang/String;Ljava/lang/String;)V+116
j  scenes.MainScene.init()V+70
j  main.Window.changeScene(I)V+43
j  main.Window.init()V+164
j  main.Window.run()V+1
j  main.Loader.main([Ljava/lang/String;)V+9
v  ~StubRoutines::call_stub

siginfo: EXCEPTION_ACCESS_VIOLATION (0xc0000005), reading address 0x000001cf2cc12c80


Register to memory mapping:

RIP=0x00007ffe54ed4dc4 ig8icd64.dll
RAX=0x00000000001e0200 is an unknown value
RBX=0x0000000000001e00 is an unknown value
RCX=0x0000000000005a00 is an unknown value
RDX=0x0000000000003c00 is an unknown value
RSP=0x000000101affe3f0 is pointing into the stack for thread: 0x000001cec09b7800
RBP=0x000000101affe4f0 is pointing into the stack for thread: 0x000001cec09b7800
RSI=0x000000101affe5f0 is pointing into the stack for thread: 0x000001cec09b7800
RDI=0x000001cf2cc0f080 points into unknown readable memory: 00 00 00 00 00 00 00 00
R8 =0x000001cf2ce00080 points into unknown readable memory: 00 00 00 00 00 00 00 00
R9 =0x000001cf2cc10e80 points into unknown readable memory: 00 00 00 00 00 00 00 00
R10=
[error occurred during error reporting (printing register info), id 0xc0000005, EXCEPTION_ACCESS_VIOLATION (0xc0000005) at pc=0x00007ffe2b661c74]

Registers:
RAX=0x00000000001e0200, RBX=0x0000000000001e00, RCX=0x0000000000005a00, RDX=0x0000000000003c00
RSP=0x000000101affe3f0, RBP=0x000000101affe4f0, RSI=0x000000101affe5f0, RDI=0x000001cf2cc0f080
R8 =0x000001cf2ce00080, R9 =0x000001cf2cc10e80, R10=0x00000000fffffe08, R11=0x000001cf2cc0f080
R12=0x000000000000003f, R13=0x000000000000003f, R14=0x000001cf2cc0f090, R15=0x000001cf2cc20080
RIP=0x00007ffe54ed4dc4, EFLAGS=0x0000000000010202

Top of Stack: (sp=0x000000101affe3f0)
0x000000101affe3f0:   0000000000000000 000001ce0000000c
0x000000101affe400:   000000000000003c 00000000000000ae
0x000000101affe410:   000001ce00000000 0000000000000000
0x000000101affe420:   00000780001e0000 00001e0000000108
0x000000101affe430:   0000000400000010 0000000000000000
0x000000101affe440:   000000101affe5f0 0000008000000030
0x000000101affe450:   0000000000001e00 000000101affe580
0x000000101affe460:   0000000000000004 000001cf2ca20080
0x000000101affe470:   0000003f00000001 000000000003c000
0x000000101affe480:   03100800000306d4 bfebfbff00000000
0x000000101affe490:   0000000000000000 000001cf2cc20000
0x000000101affe4a0:   fffffe0f00000000 00007ffefffffe0e
0x000000101affe4b0:   00000000fffffe0c 0000000000000290
0x000000101affe4c0:   000001cefffffe08 0000000000000000
0x000000101affe4d0:   00007ffe554bcaf8 000000101affe640
0x000000101affe4e0:   000001cefffffe00 00007ffe54edbe20 

Instructions: (pc=0x00007ffe54ed4dc4)
0x00007ffe54ed4cc4:   0c 0a 4c 33 d3 42 8b 1c 32 45 89 0a 41 89 5a 10
0x00007ffe54ed4cd4:   49 83 c6 04 45 89 42 20 41 89 4a 30 4d 3b f3 72
0x00007ffe54ed4ce4:   ab 44 8b 55 d0 83 e7 08 49 03 fe 4c 3b f7 73 7d
0x00007ffe54ed4cf4:   0f 1f 40 00 0f 1f 84 00 00 00 00 00 f3 41 0f 7e
0x00007ffe54ed4d04:   1e 4c 63 c0 41 8b cc 4d 03 c7 41 2b c2 49 83 c6
0x00007ffe54ed4d14:   08 49 8b d8 49 8b d0 41 23 c2 48 d3 eb 41 8b cd
0x00007ffe54ed4d24:   48 d3 ea 48 33 da 83 e3 40 4c 33 c3 48 63 5e 08
0x00007ffe54ed4d34:   8d 0c 1b 48 63 d1 8d 0c 5b f3 42 0f 7e 54 33 f8
0x00007ffe54ed4d44:   f3 42 0f 7e 4c 32 f8 48 63 d1 f3 42 0f 7e 44 32
0x00007ffe54ed4d54:   f8 66 41 0f d6 18 66 41 0f d6 50 10 66 41 0f d6
0x00007ffe54ed4d64:   48 20 66 41 0f d6 40 30 4c 3b f7 72 8f 4c 63 4c
0x00007ffe54ed4d74:   24 3c 4d 03 ce 4d 3b f1 73 73 66 90 f3 41 0f 6f
0x00007ffe54ed4d84:   1e 4c 63 c0 2b 45 f0 23 45 f0 4d 03 c7 41 8b cc
0x00007ffe54ed4d94:   49 8b d8 49 8b d0 49 83 c6 10 48 d3 eb 41 8b cd
0x00007ffe54ed4da4:   48 d3 ea 48 33 da 83 e3 40 4c 33 c3 48 63 5e 08
0x00007ffe54ed4db4:   8d 0c 1b 48 63 d1 8d 0c 5b f3 42 0f 6f 54 33 f0
0x00007ffe54ed4dc4:   f3 42 0f 6f 4c 32 f0 48 63 d1 f3 42 0f 6f 44 32
0x00007ffe54ed4dd4:   f0 66 41 0f e7 18 66 41 0f e7 50 10 66 41 0f e7
0x00007ffe54ed4de4:   48 20 66 41 0f e7 40 30 4d 3b f1 72 8f 48 63 7c
0x00007ffe54ed4df4:   24 48 4c 8b cf 41 83 e1 08 4d 03 ce 4d 3b f1 73
0x00007ffe54ed4e04:   7c 66 66 66 0f 1f 84 00 00 00 00 00 f3 41 0f 7e
0x00007ffe54ed4e14:   1e 4c 63 c0 41 8b cd 4d 03 c7 41 2b c2 49 83 c6
0x00007ffe54ed4e24:   08 49 8b d8 49 8b d0 41 23 c2 48 d3 eb 41 8b cc
0x00007ffe54ed4e34:   48 d3 ea 48 33 da 83 e3 40 4c 33 c3 48 63 5e 08
0x00007ffe54ed4e44:   8d 0c 1b 48 63 d1 8d 0c 5b f3 42 0f 7e 54 33 f8
0x00007ffe54ed4e54:   f3 42 0f 7e 4c 32 f8 48 63 d1 f3 42 0f 7e 44 32
0x00007ffe54ed4e64:   f8 66 41 0f d6 18 66 41 0f d6 50 10 66 41 0f d6
0x00007ffe54ed4e74:   48 20 66 41 0f d6 40 30 4d 3b f1 72 8f 4c 8b df
0x00007ffe54ed4e84:   41 83 e3 04 4d 03 de 4d 3b f3 73 55 45 8b 0e 4c
0x00007ffe54ed4e94:   63 d0 2b 45 c0 23 45 c0 4d 03 d7 41 8b cd 49 8b
0x00007ffe54ed4ea4:   da 49 8b d2 48 d3 eb 41 8b cc 48 d3 ea 48 33 da
0x00007ffe54ed4eb4:   48 63 56 08 45 8b 04 56 83 e3 40 49 8d 0c 56 8b 


Stack slot to memory mapping:
stack at sp + 0 slots: 0x0 is NULL
stack at sp + 1 slots: 0x000001ce0000000c is an unknown value
stack at sp + 2 slots: 0x000000000000003c is an unknown value
stack at sp + 3 slots: 0x00000000000000ae is an unknown value
stack at sp + 4 slots: 0x000001ce00000000 is an unknown value
stack at sp + 5 slots: 0x0 is NULL
stack at sp + 6 slots: 0x00000780001e0000 is an unknown value
stack at sp + 7 slots: 0x00001e0000000108 is an unknown value


---------------  P R O C E S S  ---------------

Threads class SMR info:
_java_thread_list=0x000001cee31d94a0, length=26, elements={
0x000001cec09b7800, 0x000001cee1096800, 0x000001cee1098800, 0x000001cee10b2000,
0x000001cee10b5000, 0x000001cee10b8800, 0x000001cee10be000, 0x000001cee1a10800,
0x000001cee1a11000, 0x000001cee1c9e800, 0x000001cee1cb8000, 0x000001cee2586000,
0x000001cee2760000, 0x000001cee2e60800, 0x000001cee2e61000, 0x000001cee2e62000,
0x000001cee2e63000, 0x000001cee2e63800, 0x000001cee2e23000, 0x000001cee2e57800,
0x000001cee2e56000, 0x000001cee2e55000, 0x000001cee2e56800, 0x000001cee2c20000,
0x000001cee2c1f800, 0x000001cee31f8000
}

Java Threads: ( => current thread )
=>0x000001cec09b7800 JavaThread "main" [_thread_in_native, id=9636, stack(0x000000101af00000,0x000000101b000000)]
  0x000001cee1096800 JavaThread "Reference Handler" daemon [_thread_blocked, id=10868, stack(0x000000101b600000,0x000000101b700000)]
  0x000001cee1098800 JavaThread "Finalizer" daemon [_thread_blocked, id=63736, stack(0x000000101b700000,0x000000101b800000)]
  0x000001cee10b2000 JavaThread "Signal Dispatcher" daemon [_thread_blocked, id=63956, stack(0x000000101b800000,0x000000101b900000)]
  0x000001cee10b5000 JavaThread "Attach Listener" daemon [_thread_blocked, id=70256, stack(0x000000101b900000,0x000000101ba00000)]
  0x000001cee10b8800 JavaThread "Service Thread" daemon [_thread_blocked, id=54780, stack(0x000000101ba00000,0x000000101bb00000)]
  0x000001cee10be000 JavaThread "C2 CompilerThread0" daemon [_thread_blocked, id=68060, stack(0x000000101bb00000,0x000000101bc00000)]
  0x000001cee1a10800 JavaThread "C1 CompilerThread0" daemon [_thread_blocked, id=42912, stack(0x000000101bc00000,0x000000101bd00000)]
  0x000001cee1a11000 JavaThread "Sweeper thread" daemon [_thread_blocked, id=33644, stack(0x000000101bd00000,0x000000101be00000)]
  0x000001cee1c9e800 JavaThread "Notification Thread" daemon [_thread_blocked, id=73584, stack(0x000000101be00000,0x000000101bf00000)]
  0x000001cee1cb8000 JavaThread "Common-Cleaner" daemon [_thread_blocked, id=60152, stack(0x000000101c000000,0x000000101c100000)]
  0x000001cee2586000 JavaThread "Java Sound Event Dispatcher" daemon [_thread_blocked, id=67020, stack(0x000000101c600000,0x000000101c700000)]
  0x000001cee2760000 JavaThread "Direct Clip" daemon [_thread_blocked, id=71904, stack(0x000000101ca00000,0x000000101cb00000)]
  0x000001cee2e60800 JavaThread "Direct Clip" daemon [_thread_blocked, id=45092, stack(0x000000101cb00000,0x000000101cc00000)]
  0x000001cee2e61000 JavaThread "Direct Clip" daemon [_thread_blocked, id=57408, stack(0x000000101cc00000,0x000000101cd00000)]
  0x000001cee2e62000 JavaThread "Direct Clip" daemon [_thread_blocked, id=26840, stack(0x000000101cd00000,0x000000101ce00000)]
  0x000001cee2e63000 JavaThread "Direct Clip" daemon [_thread_blocked, id=71080, stack(0x000000101ce00000,0x000000101cf00000)]
  0x000001cee2e63800 JavaThread "Direct Clip" daemon [_thread_blocked, id=48292, stack(0x000000101cf00000,0x000000101d000000)]
  0x000001cee2e23000 JavaThread "Direct Clip" daemon [_thread_blocked, id=43868, stack(0x000000101d000000,0x000000101d100000)]
  0x000001cee2e57800 JavaThread "Direct Clip" daemon [_thread_blocked, id=45572, stack(0x000000101d100000,0x000000101d200000)]
  0x000001cee2e56000 JavaThread "Direct Clip" daemon [_thread_blocked, id=46468, stack(0x000000101d200000,0x000000101d300000)]
  0x000001cee2e55000 JavaThread "Direct Clip" daemon [_thread_blocked, id=52776, stack(0x000000101d300000,0x000000101d400000)]
  0x000001cee2e56800 JavaThread "Direct Clip" daemon [_thread_blocked, id=65676, stack(0x000000101d400000,0x000000101d500000)]
  0x000001cee2c20000 JavaThread "Direct Clip" daemon [_thread_blocked, id=72240, stack(0x000000101d500000,0x000000101d600000)]
  0x000001cee2c1f800 JavaThread "Direct Clip" daemon [_thread_blocked, id=71120, stack(0x000000101d600000,0x000000101d700000)]
  0x000001cee31f8000 JavaThread "C2 CompilerThread1" daemon [_thread_blocked, id=42904, stack(0x000000101db00000,0x000000101dc00000)]

Other Threads:
  0x000001cee1094800 VMThread "VM Thread" [stack: 0x000000101b500000,0x000000101b600000] [id=74520]
  0x000001cee1ca5800 WatcherThread [stack: 0x000000101bf00000,0x000000101c000000] [id=68372]
  0x000001cec09f5800 GCTaskThread "GC Thread#0" [stack: 0x000000101b000000,0x000000101b100000] [id=65976]
  0x000001cee23de800 GCTaskThread "GC Thread#1" [stack: 0x000000101c100000,0x000000101c200000] [id=29444]
  0x000001cee247c800 GCTaskThread "GC Thread#2" [stack: 0x000000101c200000,0x000000101c300000] [id=26352]
  0x000001cec0a07800 ConcurrentGCThread "G1 Main Marker" [stack: 0x000000101b100000,0x000000101b200000] [id=65972]
  0x000001cec0a0b000 ConcurrentGCThread "G1 Conc#0" [stack: 0x000000101b200000,0x000000101b300000] [id=32988]
  0x000001cee0f09800 ConcurrentGCThread "G1 Refine#0" [stack: 0x000000101b300000,0x000000101b400000] [id=25488]
  0x000001cee0f0a800 ConcurrentGCThread "G1 Young RemSet Sampling" [stack: 0x000000101b400000,0x000000101b500000] [id=67932]

Threads with active compile tasks:

VM state:not at safepoint (normal execution)

VM Mutex/Monitor currently owned by a thread: None

Heap address: 0x0000000081e00000, size: 2018 MB, Compressed Oops mode: 32-bit
Narrow klass base: 0x0000000800000000, Narrow klass shift: 3
Compressed class space size: 1073741824 Address: 0x0000000800b30000

Heap:
 garbage-first heap   total 131072K, used 43292K [0x0000000081e00000, 0x0000000100000000)
  region size 1024K, 26 young (26624K), 2 survivors (2048K)
 Metaspace       used 6176K, capacity 8571K, committed 8832K, reserved 1056768K
  class space    used 352K, capacity 607K, committed 640K, reserved 1048576K
Heap Regions: E=young(eden), S=young(survivor), O=old, HS=humongous(starts), HC=humongous(continues), CS=collection set, F=free, OA=open archive, CA=closed archive, TAMS=top-at-mark-start (previous, next)
|   0|0x0000000081e00000, 0x0000000081f00000, 0x0000000081f00000|100%| O|  |TAMS 0x0000000081e00000, 0x0000000081e00000| Untracked 
|   1|0x0000000081f00000, 0x0000000082000000, 0x0000000082000000|100%| O|  |TAMS 0x0000000081f00000, 0x0000000081f00000| Untracked 
|   2|0x0000000082000000, 0x00000000820a8a00, 0x0000000082100000| 65%| O|  |TAMS 0x0000000082000000, 0x0000000082000000| Untracked 
|   3|0x0000000082100000, 0x0000000082200000, 0x0000000082200000|100%|HS|  |TAMS 0x0000000082100000, 0x0000000082100000| Complete 
|   4|0x0000000082200000, 0x0000000082300000, 0x0000000082300000|100%|HC|  |TAMS 0x0000000082200000, 0x0000000082200000| Complete 
|   5|0x0000000082300000, 0x0000000082400000, 0x0000000082400000|100%|HC|  |TAMS 0x0000000082300000, 0x0000000082300000| Complete 
|   6|0x0000000082400000, 0x0000000082500000, 0x0000000082500000|100%|HC|  |TAMS 0x0000000082400000, 0x0000000082400000| Complete 
|   7|0x0000000082500000, 0x0000000082600000, 0x0000000082600000|100%|HC|  |TAMS 0x0000000082500000, 0x0000000082500000| Complete 
|   8|0x0000000082600000, 0x0000000082700000, 0x0000000082700000|100%|HC|  |TAMS 0x0000000082600000, 0x0000000082600000| Complete 
|   9|0x0000000082700000, 0x0000000082800000, 0x0000000082800000|100%|HC|  |TAMS 0x0000000082700000, 0x0000000082700000| Complete 
|  10|0x0000000082800000, 0x0000000082900000, 0x0000000082900000|100%|HC|  |TAMS 0x0000000082800000, 0x0000000082800000| Complete 
|  11|0x0000000082900000, 0x0000000082a00000, 0x0000000082a00000|100%|HC|  |TAMS 0x0000000082900000, 0x0000000082900000| Complete 
|  12|0x0000000082a00000, 0x0000000082b00000, 0x0000000082b00000|100%|HC|  |TAMS 0x0000000082a00000, 0x0000000082a00000| Complete 
|  13|0x0000000082b00000, 0x0000000082c00000, 0x0000000082c00000|100%|HC|  |TAMS 0x0000000082b00000, 0x0000000082b00000| Complete 
|  14|0x0000000082c00000, 0x0000000082d00000, 0x0000000082d00000|100%|HC|  |TAMS 0x0000000082c00000, 0x0000000082c00000| Complete 
|  15|0x0000000082d00000, 0x0000000082e00000, 0x0000000082e00000|100%|HC|  |TAMS 0x0000000082d00000, 0x0000000082d00000| Complete 
|  16|0x0000000082e00000, 0x0000000082f00000, 0x0000000082f00000|100%|HC|  |TAMS 0x0000000082e00000, 0x0000000082e00000| Complete 
|  17|0x0000000082f00000, 0x0000000083000000, 0x0000000083000000|100%|HC|  |TAMS 0x0000000082f00000, 0x0000000082f00000| Complete 
|  18|0x0000000083000000, 0x0000000083000000, 0x0000000083100000|  0%| F|  |TAMS 0x0000000083000000, 0x0000000083000000| Untracked 
|  19|0x0000000083100000, 0x0000000083100000, 0x0000000083200000|  0%| F|  |TAMS 0x0000000083100000, 0x0000000083100000| Untracked 
|  20|0x0000000083200000, 0x0000000083200000, 0x0000000083300000|  0%| F|  |TAMS 0x0000000083200000, 0x0000000083200000| Untracked 
|  21|0x0000000083300000, 0x0000000083300000, 0x0000000083400000|  0%| F|  |TAMS 0x0000000083300000, 0x0000000083300000| Untracked 
|  22|0x0000000083400000, 0x0000000083400000, 0x0000000083500000|  0%| F|  |TAMS 0x0000000083400000, 0x0000000083400000| Untracked 
|  23|0x0000000083500000, 0x0000000083500000, 0x0000000083600000|  0%| F|  |TAMS 0x0000000083500000, 0x0000000083500000| Untracked 
|  24|0x0000000083600000, 0x0000000083600000, 0x0000000083700000|  0%| F|  |TAMS 0x0000000083600000, 0x0000000083600000| Untracked 
|  25|0x0000000083700000, 0x0000000083700000, 0x0000000083800000|  0%| F|  |TAMS 0x0000000083700000, 0x0000000083700000| Untracked 
|  26|0x0000000083800000, 0x0000000083800000, 0x0000000083900000|  0%| F|  |TAMS 0x0000000083800000, 0x0000000083800000| Untracked 
|  27|0x0000000083900000, 0x0000000083900000, 0x0000000083a00000|  0%| F|  |TAMS 0x0000000083900000, 0x0000000083900000| Untracked 
|  28|0x0000000083a00000, 0x0000000083a00000, 0x0000000083b00000|  0%| F|  |TAMS 0x0000000083a00000, 0x0000000083a00000| Untracked 
|  29|0x0000000083b00000, 0x0000000083b00000, 0x0000000083c00000|  0%| F|  |TAMS 0x0000000083b00000, 0x0000000083b00000| Untracked 
|  30|0x0000000083c00000, 0x0000000083c00000, 0x0000000083d00000|  0%| F|  |TAMS 0x0000000083c00000, 0x0000000083c00000| Untracked 
|  31|0x0000000083d00000, 0x0000000083d00000, 0x0000000083e00000|  0%| F|  |TAMS 0x0000000083d00000, 0x0000000083d00000| Untracked 
|  32|0x0000000083e00000, 0x0000000083e00000, 0x0000000083f00000|  0%| F|  |TAMS 0x0000000083e00000, 0x0000000083e00000| Untracked 
|  33|0x0000000083f00000, 0x0000000083f00000, 0x0000000084000000|  0%| F|  |TAMS 0x0000000083f00000, 0x0000000083f00000| Untracked 
|  34|0x0000000084000000, 0x0000000084000000, 0x0000000084100000|  0%| F|  |TAMS 0x0000000084000000, 0x0000000084000000| Untracked 
|  35|0x0000000084100000, 0x0000000084100000, 0x0000000084200000|  0%| F|  |TAMS 0x0000000084100000, 0x0000000084100000| Untracked 
|  36|0x0000000084200000, 0x0000000084200000, 0x0000000084300000|  0%| F|  |TAMS 0x0000000084200000, 0x0000000084200000| Untracked 
|  37|0x0000000084300000, 0x0000000084300000, 0x0000000084400000|  0%| F|  |TAMS 0x0000000084300000, 0x0000000084300000| Untracked 
|  38|0x0000000084400000, 0x0000000084400000, 0x0000000084500000|  0%| F|  |TAMS 0x0000000084400000, 0x0000000084400000| Untracked 
|  39|0x0000000084500000, 0x0000000084500000, 0x0000000084600000|  0%| F|  |TAMS 0x0000000084500000, 0x0000000084500000| Untracked 
|  40|0x0000000084600000, 0x0000000084600000, 0x0000000084700000|  0%| F|  |TAMS 0x0000000084600000, 0x0000000084600000| Untracked 
|  41|0x0000000084700000, 0x0000000084700000, 0x0000000084800000|  0%| F|  |TAMS 0x0000000084700000, 0x0000000084700000| Untracked 
|  42|0x0000000084800000, 0x0000000084800000, 0x0000000084900000|  0%| F|  |TAMS 0x0000000084800000, 0x0000000084800000| Untracked 
|  43|0x0000000084900000, 0x0000000084900000, 0x0000000084a00000|  0%| F|  |TAMS 0x0000000084900000, 0x0000000084900000| Untracked 
|  44|0x0000000084a00000, 0x0000000084a00000, 0x0000000084b00000|  0%| F|  |TAMS 0x0000000084a00000, 0x0000000084a00000| Untracked 
|  45|0x0000000084b00000, 0x0000000084b00000, 0x0000000084c00000|  0%| F|  |TAMS 0x0000000084b00000, 0x0000000084b00000| Untracked 
|  46|0x0000000084c00000, 0x0000000084c00000, 0x0000000084d00000|  0%| F|  |TAMS 0x0000000084c00000, 0x0000000084c00000| Untracked 
|  47|0x0000000084d00000, 0x0000000084d00000, 0x0000000084e00000|  0%| F|  |TAMS 0x0000000084d00000, 0x0000000084d00000| Untracked 
|  48|0x0000000084e00000, 0x0000000084e00000, 0x0000000084f00000|  0%| F|  |TAMS 0x0000000084e00000, 0x0000000084e00000| Untracked 
|  49|0x0000000084f00000, 0x0000000084f00000, 0x0000000085000000|  0%| F|  |TAMS 0x0000000084f00000, 0x0000000084f00000| Untracked 
|  50|0x0000000085000000, 0x0000000085000000, 0x0000000085100000|  0%| F|  |TAMS 0x0000000085000000, 0x0000000085000000| Untracked 
|  51|0x0000000085100000, 0x0000000085100000, 0x0000000085200000|  0%| F|  |TAMS 0x0000000085100000, 0x0000000085100000| Untracked 
|  52|0x0000000085200000, 0x0000000085200000, 0x0000000085300000|  0%| F|  |TAMS 0x0000000085200000, 0x0000000085200000| Untracked 
|  53|0x0000000085300000, 0x0000000085300000, 0x0000000085400000|  0%| F|  |TAMS 0x0000000085300000, 0x0000000085300000| Untracked 
|  54|0x0000000085400000, 0x0000000085400000, 0x0000000085500000|  0%| F|  |TAMS 0x0000000085400000, 0x0000000085400000| Untracked 
|  55|0x0000000085500000, 0x0000000085500000, 0x0000000085600000|  0%| F|  |TAMS 0x0000000085500000, 0x0000000085500000| Untracked 
|  56|0x0000000085600000, 0x0000000085600000, 0x0000000085700000|  0%| F|  |TAMS 0x0000000085600000, 0x0000000085600000| Untracked 
|  57|0x0000000085700000, 0x0000000085700000, 0x0000000085800000|  0%| F|  |TAMS 0x0000000085700000, 0x0000000085700000| Untracked 
|  58|0x0000000085800000, 0x0000000085800000, 0x0000000085900000|  0%| F|  |TAMS 0x0000000085800000, 0x0000000085800000| Untracked 
|  59|0x0000000085900000, 0x0000000085900000, 0x0000000085a00000|  0%| F|  |TAMS 0x0000000085900000, 0x0000000085900000| Untracked 
|  60|0x0000000085a00000, 0x0000000085a00000, 0x0000000085b00000|  0%| F|  |TAMS 0x0000000085a00000, 0x0000000085a00000| Untracked 
|  61|0x0000000085b00000, 0x0000000085b00000, 0x0000000085c00000|  0%| F|  |TAMS 0x0000000085b00000, 0x0000000085b00000| Untracked 
|  62|0x0000000085c00000, 0x0000000085c00000, 0x0000000085d00000|  0%| F|  |TAMS 0x0000000085c00000, 0x0000000085c00000| Untracked 
|  63|0x0000000085d00000, 0x0000000085d00000, 0x0000000085e00000|  0%| F|  |TAMS 0x0000000085d00000, 0x0000000085d00000| Untracked 
|  64|0x0000000085e00000, 0x0000000085e00000, 0x0000000085f00000|  0%| F|  |TAMS 0x0000000085e00000, 0x0000000085e00000| Untracked 
|  65|0x0000000085f00000, 0x0000000085f00000, 0x0000000086000000|  0%| F|  |TAMS 0x0000000085f00000, 0x0000000085f00000| Untracked 
|  66|0x0000000086000000, 0x0000000086000000, 0x0000000086100000|  0%| F|  |TAMS 0x0000000086000000, 0x0000000086000000| Untracked 
|  67|0x0000000086100000, 0x0000000086100000, 0x0000000086200000|  0%| F|  |TAMS 0x0000000086100000, 0x0000000086100000| Untracked 
|  68|0x0000000086200000, 0x0000000086200000, 0x0000000086300000|  0%| F|  |TAMS 0x0000000086200000, 0x0000000086200000| Untracked 
|  69|0x0000000086300000, 0x0000000086300000, 0x0000000086400000|  0%| F|  |TAMS 0x0000000086300000, 0x0000000086300000| Untracked 
|  70|0x0000000086400000, 0x0000000086400000, 0x0000000086500000|  0%| F|  |TAMS 0x0000000086400000, 0x0000000086400000| Untracked 
|  71|0x0000000086500000, 0x0000000086500000, 0x0000000086600000|  0%| F|  |TAMS 0x0000000086500000, 0x0000000086500000| Untracked 
|  72|0x0000000086600000, 0x0000000086600000, 0x0000000086700000|  0%| F|  |TAMS 0x0000000086600000, 0x0000000086600000| Untracked 
|  73|0x0000000086700000, 0x0000000086700000, 0x0000000086800000|  0%| F|  |TAMS 0x0000000086700000, 0x0000000086700000| Untracked 
|  74|0x0000000086800000, 0x0000000086800000, 0x0000000086900000|  0%| F|  |TAMS 0x0000000086800000, 0x0000000086800000| Untracked 
|  75|0x0000000086900000, 0x0000000086900000, 0x0000000086a00000|  0%| F|  |TAMS 0x0000000086900000, 0x0000000086900000| Untracked 
|  76|0x0000000086a00000, 0x0000000086a00000, 0x0000000086b00000|  0%| F|  |TAMS 0x0000000086a00000, 0x0000000086a00000| Untracked 
|  77|0x0000000086b00000, 0x0000000086b00000, 0x0000000086c00000|  0%| F|  |TAMS 0x0000000086b00000, 0x0000000086b00000| Untracked 
|  78|0x0000000086c00000, 0x0000000086c00000, 0x0000000086d00000|  0%| F|  |TAMS 0x0000000086c00000, 0x0000000086c00000| Untracked 
|  79|0x0000000086d00000, 0x0000000086d00000, 0x0000000086e00000|  0%| F|  |TAMS 0x0000000086d00000, 0x0000000086d00000| Untracked 
|  80|0x0000000086e00000, 0x0000000086e00000, 0x0000000086f00000|  0%| F|  |TAMS 0x0000000086e00000, 0x0000000086e00000| Untracked 
|  81|0x0000000086f00000, 0x0000000086f00000, 0x0000000087000000|  0%| F|  |TAMS 0x0000000086f00000, 0x0000000086f00000| Untracked 
|  82|0x0000000087000000, 0x0000000087000000, 0x0000000087100000|  0%| F|  |TAMS 0x0000000087000000, 0x0000000087000000| Untracked 
|  83|0x0000000087100000, 0x0000000087100000, 0x0000000087200000|  0%| F|  |TAMS 0x0000000087100000, 0x0000000087100000| Untracked 
|  84|0x0000000087200000, 0x0000000087200000, 0x0000000087300000|  0%| F|  |TAMS 0x0000000087200000, 0x0000000087200000| Untracked 
|  85|0x0000000087300000, 0x0000000087300000, 0x0000000087400000|  0%| F|  |TAMS 0x0000000087300000, 0x0000000087300000| Untracked 
|  86|0x0000000087400000, 0x0000000087400000, 0x0000000087500000|  0%| F|  |TAMS 0x0000000087400000, 0x0000000087400000| Untracked 
|  87|0x0000000087500000, 0x0000000087500000, 0x0000000087600000|  0%| F|  |TAMS 0x0000000087500000, 0x0000000087500000| Untracked 
|  88|0x0000000087600000, 0x0000000087600000, 0x0000000087700000|  0%| F|  |TAMS 0x0000000087600000, 0x0000000087600000| Untracked 
|  89|0x0000000087700000, 0x0000000087700000, 0x0000000087800000|  0%| F|  |TAMS 0x0000000087700000, 0x0000000087700000| Untracked 
|  90|0x0000000087800000, 0x0000000087800000, 0x0000000087900000|  0%| F|  |TAMS 0x0000000087800000, 0x0000000087800000| Untracked 
|  91|0x0000000087900000, 0x0000000087900000, 0x0000000087a00000|  0%| F|  |TAMS 0x0000000087900000, 0x0000000087900000| Untracked 
|  92|0x0000000087a00000, 0x0000000087a00000, 0x0000000087b00000|  0%| F|  |TAMS 0x0000000087a00000, 0x0000000087a00000| Untracked 
|  93|0x0000000087b00000, 0x0000000087b00000, 0x0000000087c00000|  0%| F|  |TAMS 0x0000000087b00000, 0x0000000087b00000| Untracked 
|  94|0x0000000087c00000, 0x0000000087c00000, 0x0000000087d00000|  0%| F|  |TAMS 0x0000000087c00000, 0x0000000087c00000| Untracked 
|  95|0x0000000087d00000, 0x0000000087d00000, 0x0000000087e00000|  0%| F|  |TAMS 0x0000000087d00000, 0x0000000087d00000| Untracked 
|  96|0x0000000087e00000, 0x0000000087e00000, 0x0000000087f00000|  0%| F|  |TAMS 0x0000000087e00000, 0x0000000087e00000| Untracked 
|  97|0x0000000087f00000, 0x0000000087f00000, 0x0000000088000000|  0%| F|  |TAMS 0x0000000087f00000, 0x0000000087f00000| Untracked 
|  98|0x0000000088000000, 0x0000000088000000, 0x0000000088100000|  0%| F|  |TAMS 0x0000000088000000, 0x0000000088000000| Untracked 
|  99|0x0000000088100000, 0x0000000088100000, 0x0000000088200000|  0%| F|  |TAMS 0x0000000088100000, 0x0000000088100000| Untracked 
| 100|0x0000000088200000, 0x0000000088200000, 0x0000000088300000|  0%| F|  |TAMS 0x0000000088200000, 0x0000000088200000| Untracked 
| 101|0x0000000088300000, 0x0000000088300000, 0x0000000088400000|  0%| F|  |TAMS 0x0000000088300000, 0x0000000088300000| Untracked 
| 102|0x0000000088400000, 0x0000000088480800, 0x0000000088500000| 50%| E|  |TAMS 0x0000000088400000, 0x0000000088400000| Complete 
| 103|0x0000000088500000, 0x0000000088600000, 0x0000000088600000|100%| E|CS|TAMS 0x0000000088500000, 0x0000000088500000| Complete 
| 104|0x0000000088600000, 0x0000000088700000, 0x0000000088700000|100%| E|CS|TAMS 0x0000000088600000, 0x0000000088600000| Complete 
| 105|0x0000000088700000, 0x0000000088800000, 0x0000000088800000|100%| E|CS|TAMS 0x0000000088700000, 0x0000000088700000| Complete 
| 106|0x0000000088800000, 0x0000000088900000, 0x0000000088900000|100%| E|CS|TAMS 0x0000000088800000, 0x0000000088800000| Complete 
| 107|0x0000000088900000, 0x0000000088a00000, 0x0000000088a00000|100%| E|CS|TAMS 0x0000000088900000, 0x0000000088900000| Complete 
| 108|0x0000000088a00000, 0x0000000088b00000, 0x0000000088b00000|100%| E|CS|TAMS 0x0000000088a00000, 0x0000000088a00000| Complete 
| 109|0x0000000088b00000, 0x0000000088b9e970, 0x0000000088c00000| 61%| S|CS|TAMS 0x0000000088b00000, 0x0000000088b00000| Complete 
| 110|0x0000000088c00000, 0x0000000088d00000, 0x0000000088d00000|100%| S|CS|TAMS 0x0000000088c00000, 0x0000000088c00000| Complete 
| 111|0x0000000088d00000, 0x0000000088e00000, 0x0000000088e00000|100%| E|CS|TAMS 0x0000000088d00000, 0x0000000088d00000| Complete 
| 112|0x0000000088e00000, 0x0000000088f00000, 0x0000000088f00000|100%| E|CS|TAMS 0x0000000088e00000, 0x0000000088e00000| Complete 
| 113|0x0000000088f00000, 0x0000000089000000, 0x0000000089000000|100%| E|CS|TAMS 0x0000000088f00000, 0x0000000088f00000| Complete 
| 114|0x0000000089000000, 0x0000000089100000, 0x0000000089100000|100%| E|CS|TAMS 0x0000000089000000, 0x0000000089000000| Complete 
| 115|0x0000000089100000, 0x0000000089200000, 0x0000000089200000|100%| E|CS|TAMS 0x0000000089100000, 0x0000000089100000| Complete 
| 116|0x0000000089200000, 0x0000000089300000, 0x0000000089300000|100%| E|CS|TAMS 0x0000000089200000, 0x0000000089200000| Complete 
| 117|0x0000000089300000, 0x0000000089400000, 0x0000000089400000|100%| E|CS|TAMS 0x0000000089300000, 0x0000000089300000| Complete 
| 118|0x0000000089400000, 0x0000000089500000, 0x0000000089500000|100%| E|CS|TAMS 0x0000000089400000, 0x0000000089400000| Complete 
| 119|0x0000000089500000, 0x0000000089600000, 0x0000000089600000|100%| E|CS|TAMS 0x0000000089500000, 0x0000000089500000| Complete 
| 120|0x0000000089600000, 0x0000000089700000, 0x0000000089700000|100%| E|CS|TAMS 0x0000000089600000, 0x0000000089600000| Complete 
| 121|0x0000000089700000, 0x0000000089800000, 0x0000000089800000|100%| E|CS|TAMS 0x0000000089700000, 0x0000000089700000| Complete 
| 122|0x0000000089800000, 0x0000000089900000, 0x0000000089900000|100%| E|CS|TAMS 0x0000000089800000, 0x0000000089800000| Complete 
| 123|0x0000000089900000, 0x0000000089a00000, 0x0000000089a00000|100%| E|CS|TAMS 0x0000000089900000, 0x0000000089900000| Complete 
| 124|0x0000000089a00000, 0x0000000089b00000, 0x0000000089b00000|100%| E|CS|TAMS 0x0000000089a00000, 0x0000000089a00000| Complete 
| 125|0x0000000089b00000, 0x0000000089c00000, 0x0000000089c00000|100%| E|CS|TAMS 0x0000000089b00000, 0x0000000089b00000| Complete 
| 126|0x0000000089c00000, 0x0000000089d00000, 0x0000000089d00000|100%| E|CS|TAMS 0x0000000089c00000, 0x0000000089c00000| Complete 
| 127|0x0000000089d00000, 0x0000000089e00000, 0x0000000089e00000|100%| E|CS|TAMS 0x0000000089d00000, 0x0000000089d00000| Complete 

Card table byte_map: [0x000001ceda330000,0x000001ceda730000] _byte_map_base: 0x000001ced9f21000

Marking Bits (Prev, Next): (CMBitMap*) 0x000001cec09f7228, (CMBitMap*) 0x000001cec09f7268
 Prev Bits: [0x000001cedab30000, 0x000001cedcab8000)
 Next Bits: [0x000001cedcac0000, 0x000001cedea48000)

Polling page: 0x000001cec0790000

Metaspace:

Usage:
  Non-class:      7.78 MB capacity,     5.69 MB ( 73%) used,     2.08 MB ( 27%) free+waste,     9.50 KB ( <1%) overhead. 
      Class:    607.00 KB capacity,   352.12 KB ( 58%) used,   250.82 KB ( 41%) free+waste,     4.06 KB ( <1%) overhead. 
       Both:      8.37 MB capacity,     6.03 MB ( 72%) used,     2.32 MB ( 28%) free+waste,    13.56 KB ( <1%) overhead. 

Virtual space:
  Non-class space:        8.00 MB reserved,       8.00 MB (100%) committed 
      Class space:        1.00 GB reserved,     640.00 KB ( <1%) committed 
             Both:        1.01 GB reserved,       8.63 MB ( <1%) committed 

Chunk freelists:
   Non-Class:  100.00 KB
       Class:  1.00 KB
        Both:  101.00 KB

MaxMetaspaceSize: 17179869184.00 GB
CompressedClassSpaceSize: 1.00 GB

CodeHeap 'non-profiled nmethods': size=120000Kb used=550Kb max_used=550Kb free=119449Kb
 bounds [0x000001ced23e0000, 0x000001ced2650000, 0x000001ced9910000]
CodeHeap 'profiled nmethods': size=120000Kb used=2105Kb max_used=2105Kb free=117894Kb
 bounds [0x000001cecaeb0000, 0x000001cecb120000, 0x000001ced23e0000]
CodeHeap 'non-nmethods': size=5760Kb used=1615Kb max_used=1639Kb free=4144Kb
 bounds [0x000001ceca910000, 0x000001cecab80000, 0x000001cecaeb0000]
 total_blobs=2673 nmethods=1075 adapters=919
 compilation: enabled
              stopped_count=0, restarted_count=0
 full_count=0

Compilation events (20 events):
Event: 2.679 Thread 0x000001cee1a10800 1067       3       java.io.FilterInputStream::read (11 bytes)
Event: 2.679 Thread 0x000001cee1a10800 nmethod 1067 0x000001cecb0b7e90 code [0x000001cecb0b8040, 0x000001cecb0b8228]
Event: 2.684 Thread 0x000001cee1a10800 1068       3       sun.nio.ch.FileChannelImpl::ensureOpen (16 bytes)
Event: 2.684 Thread 0x000001cee1a10800 nmethod 1068 0x000001cecb0b8310 code [0x000001cecb0b84c0, 0x000001cecb0b8748]
Event: 2.684 Thread 0x000001cee1a10800 1069   !   3       sun.nio.ch.NativeThreadSet::add (155 bytes)
Event: 2.685 Thread 0x000001cee1a10800 nmethod 1069 0x000001cecb0b8890 code [0x000001cecb0b8a60, 0x000001cecb0b9168]
Event: 2.685 Thread 0x000001cee1a10800 1070   !   3       sun.nio.ch.NativeThreadSet::remove (50 bytes)
Event: 2.685 Thread 0x000001cee1a10800 nmethod 1070 0x000001cecb0b9410 code [0x000001cecb0b95c0, 0x000001cecb0b9988]
Event: 2.685 Thread 0x000001cee1a10800 1071       3       sun.nio.ch.FileChannelImpl::beginBlocking (12 bytes)
Event: 2.686 Thread 0x000001cee1a10800 nmethod 1071 0x000001cecb0b9b10 code [0x000001cecb0b9cc0, 0x000001cecb0b9e48]
Event: 2.686 Thread 0x000001cee1a10800 1072       3       sun.nio.ch.FileChannelImpl::endBlocking (13 bytes)
Event: 2.686 Thread 0x000001cee1a10800 nmethod 1072 0x000001cecb0b9f10 code [0x000001cecb0ba0c0, 0x000001cecb0ba248]
Event: 2.686 Thread 0x000001cee1a10800 1073  s    3       sun.nio.ch.ChannelInputStream::read (77 bytes)
Event: 2.687 Thread 0x000001cee1a10800 nmethod 1073 0x000001cecb0ba310 code [0x000001cecb0ba560, 0x000001cecb0bb1d8]
Event: 2.687 Thread 0x000001cee1a10800 1074       3       java.nio.HeapByteBuffer::put (179 bytes)
Event: 2.688 Thread 0x000001cee1a10800 nmethod 1074 0x000001cecb0bb610 code [0x000001cecb0bb8e0, 0x000001cecb0bcaa8]
Event: 2.690 Thread 0x000001cee31f8000 nmethod 1063 0x000001ced2464310 code [0x000001ced2464540, 0x000001ced2465150]
Event: 2.692 Thread 0x000001cee1a10800 1075       3       java.lang.ClassLoader::checkPackageAccess (102 bytes)
Event: 2.693 Thread 0x000001cee1a10800 nmethod 1075 0x000001cecb0bcf90 code [0x000001cecb0bd280, 0x000001cecb0be178]
Event: 2.705 Thread 0x000001cee10be000 nmethod 1045 0x000001ced2465610 code [0x000001ced2465b80, 0x000001ced24686a0]

GC Heap History (4 events):
Event: 1.300 GC heap before
{Heap before GC invocations=0 (full 0):
 garbage-first heap   total 131072K, used 13312K [0x0000000081e00000, 0x0000000100000000)
  region size 1024K, 13 young (13312K), 0 survivors (0K)
 Metaspace       used 885K, capacity 4600K, committed 4864K, reserved 1056768K
  class space    used 39K, capacity 424K, committed 512K, reserved 1048576K
}
Event: 1.305 GC heap after
{Heap after GC invocations=1 (full 0):
 garbage-first heap   total 131072K, used 2699K [0x0000000081e00000, 0x0000000100000000)
  region size 1024K, 2 young (2048K), 2 survivors (2048K)
 Metaspace       used 885K, capacity 4600K, committed 4864K, reserved 1056768K
  class space    used 39K, capacity 424K, committed 512K, reserved 1048576K
}
Event: 2.205 GC heap before
{Heap before GC invocations=1 (full 0):
 garbage-first heap   total 131072K, used 17035K [0x0000000081e00000, 0x0000000100000000)
  region size 1024K, 17 young (17408K), 2 survivors (2048K)
 Metaspace       used 3159K, capacity 5661K, committed 5888K, reserved 1056768K
  class space    used 262K, capacity 507K, committed 512K, reserved 1048576K
}
Event: 2.215 GC heap after
{Heap after GC invocations=2 (full 0):
 garbage-first heap   total 131072K, used 4380K [0x0000000081e00000, 0x0000000100000000)
  region size 1024K, 2 young (2048K), 2 survivors (2048K)
 Metaspace       used 3159K, capacity 5661K, committed 5888K, reserved 1056768K
  class space    used 262K, capacity 507K, committed 512K, reserved 1048576K
}

Deoptimization events (20 events):
Event: 1.910 Thread 0x000001cec09b7800 Uncommon trap: trap_request=0xffffffde fr.pc=0x000001ced242d430 relative=0x00000000000002b0
Event: 1.910 Thread 0x000001cec09b7800 Uncommon trap: reason=class_check action=maybe_recompile pc=0x000001ced242d430 method=java.util.HashMap.getNode(ILjava/lang/Object;)Ljava/util/HashMap$Node; @ 59 c2
Event: 1.910 Thread 0x000001cec09b7800 DEOPT PACKING pc=0x000001ced242d430 sp=0x000000101affba70
Event: 1.910 Thread 0x000001cec09b7800 DEOPT UNPACKING pc=0x000001ceca95912f sp=0x000000101affb978 mode 2
Event: 1.946 Thread 0x000001cec09b7800 Uncommon trap: trap_request=0xffffffde fr.pc=0x000001ced242d430 relative=0x00000000000002b0
Event: 1.946 Thread 0x000001cec09b7800 Uncommon trap: reason=class_check action=maybe_recompile pc=0x000001ced242d430 method=java.util.HashMap.getNode(ILjava/lang/Object;)Ljava/util/HashMap$Node; @ 59 c2
Event: 1.946 Thread 0x000001cec09b7800 DEOPT PACKING pc=0x000001ced242d430 sp=0x000000101affe0e0
Event: 1.946 Thread 0x000001cec09b7800 DEOPT UNPACKING pc=0x000001ceca95912f sp=0x000000101affdfe8 mode 2
Event: 2.282 Thread 0x000001cec09b7800 Uncommon trap: trap_request=0xffffff45 fr.pc=0x000001ced2445c1c relative=0x00000000000008dc
Event: 2.282 Thread 0x000001cec09b7800 Uncommon trap: reason=unstable_if action=reinterpret pc=0x000001ced2445c1c method=java.util.jar.JarFile.getVersionedEntry(Ljava/lang/String;Ljava/util/jar/JarEntry;)Ljava/util/jar/JarEntry; @ 67 c2
Event: 2.282 Thread 0x000001cec09b7800 DEOPT PACKING pc=0x000001ced2445c1c sp=0x000000101affddf0
Event: 2.282 Thread 0x000001cec09b7800 DEOPT UNPACKING pc=0x000001ceca95912f sp=0x000000101affdd78 mode 2
Event: 2.541 Thread 0x000001cec09b7800 Uncommon trap: trap_request=0xffffff45 fr.pc=0x000001ced244816c relative=0x000000000000090c
Event: 2.541 Thread 0x000001cec09b7800 Uncommon trap: reason=unstable_if action=reinterpret pc=0x000001ced244816c method=java.util.jar.JarFile.getVersionedEntry(Ljava/lang/String;Ljava/util/jar/JarEntry;)Ljava/util/jar/JarEntry; @ 67 c2
Event: 2.541 Thread 0x000001cec09b7800 DEOPT PACKING pc=0x000001ced244816c sp=0x000000101affde30
Event: 2.541 Thread 0x000001cec09b7800 DEOPT UNPACKING pc=0x000001ceca95912f sp=0x000000101affdd60 mode 2
Event: 2.645 Thread 0x000001cec09b7800 Uncommon trap: trap_request=0xffffff45 fr.pc=0x000001ced246159c relative=0x000000000000047c
Event: 2.645 Thread 0x000001cec09b7800 Uncommon trap: reason=unstable_if action=reinterpret pc=0x000001ced246159c method=sun.nio.cs.UTF_8$Decoder.decodeArrayLoop(Ljava/nio/ByteBuffer;Ljava/nio/CharBuffer;)Ljava/nio/charset/CoderResult; @ 110 c2
Event: 2.645 Thread 0x000001cec09b7800 DEOPT PACKING pc=0x000001ced246159c sp=0x000000101affeaa0
Event: 2.645 Thread 0x000001cec09b7800 DEOPT UNPACKING pc=0x000001ceca95912f sp=0x000000101affe9d8 mode 2

Classes unloaded (0 events):
No events

Classes redefined (0 events):
No events

Internal exceptions (17 events):
Event: 1.827 Thread 0x000001cec09b7800 Exception <a 'java/lang/NoSuchMethodError'{0x0000000089215ab0}: 'void java.lang.invoke.DelegatingMethodHandle$Holder.delegate(java.lang.Object, java.lang.Object, int, java.lang.Object)'> (0x0000000089215ab0) 
thrown [t:/workspace/open/src/hotspot/share/interpreter/linkResolver.cpp, line 766]
Event: 1.828 Thread 0x000001cec09b7800 Exception <a 'java/lang/NoSuchMethodError'{0x000000008921c7b0}: 'java.lang.Object java.lang.invoke.DirectMethodHandle$Holder.invokeStaticInit(java.lang.Object, java.lang.Object, java.lang.Object)'> (0x000000008921c7b0) 
thrown [t:/workspace/open/src/hotspot/share/interpreter/linkResolver.cpp, line 766]
Event: 1.877 Thread 0x000001cec09b7800 Exception <a 'sun/nio/fs/WindowsException'{0x0000000089299470}> (0x0000000089299470) 
thrown [t:/workspace/open/src/hotspot/share/prims/jni.cpp, line 599]
Event: 1.877 Thread 0x000001cec09b7800 Exception <a 'sun/nio/fs/WindowsException'{0x0000000089299a00}> (0x0000000089299a00) 
thrown [t:/workspace/open/src/hotspot/share/prims/jni.cpp, line 599]
Event: 1.916 Thread 0x000001cec09b7800 Exception <a 'sun/nio/fs/WindowsException'{0x00000000891533b0}> (0x00000000891533b0) 
thrown [t:/workspace/open/src/hotspot/share/prims/jni.cpp, line 599]
Event: 1.916 Thread 0x000001cec09b7800 Exception <a 'sun/nio/fs/WindowsException'{0x0000000089153788}> (0x0000000089153788) 
thrown [t:/workspace/open/src/hotspot/share/prims/jni.cpp, line 599]
Event: 1.955 Thread 0x000001cec09b7800 Exception <a 'sun/nio/fs/WindowsException'{0x0000000088e2a828}> (0x0000000088e2a828) 
thrown [t:/workspace/open/src/hotspot/share/prims/jni.cpp, line 599]
Event: 1.955 Thread 0x000001cec09b7800 Exception <a 'sun/nio/fs/WindowsException'{0x0000000088e2abd0}> (0x0000000088e2abd0) 
thrown [t:/workspace/open/src/hotspot/share/prims/jni.cpp, line 599]
Event: 2.094 Thread 0x000001cec09b7800 Exception <a 'java/lang/NoSuchMethodError'{0x0000000088e70268}: 'void java.lang.invoke.DirectMethodHandle$Holder.invokeStaticInit(java.lang.Object, long, double, double)'> (0x0000000088e70268) 
thrown [t:/workspace/open/src/hotspot/share/interpreter/linkResolver.cpp, line 766]
Event: 2.098 Thread 0x000001cec09b7800 Exception <a 'java/lang/NoSuchMethodError'{0x0000000088e8b190}: 'void java.lang.invoke.DirectMethodHandle$Holder.invokeStaticInit(java.lang.Object, long, int, int, int)'> (0x0000000088e8b190) 
thrown [t:/workspace/open/src/hotspot/share/interpreter/linkResolver.cpp, line 766]
Event: 2.105 Thread 0x000001cec09b7800 Exception <a 'java/lang/NoSuchMethodError'{0x0000000088ebb850}: 'void java.lang.invoke.DirectMethodHandle$Holder.invokeStaticInit(java.lang.Object, long, int, int, int, int)'> (0x0000000088ebb850) 
thrown [t:/workspace/open/src/hotspot/share/interpreter/linkResolver.cpp, line 766]
Event: 2.186 Thread 0x000001cec09b7800 Exception <a 'sun/nio/fs/WindowsException'{0x0000000088d41f48}> (0x0000000088d41f48) 
thrown [t:/workspace/open/src/hotspot/share/prims/jni.cpp, line 599]
Event: 2.186 Thread 0x000001cec09b7800 Exception <a 'sun/nio/fs/WindowsException'{0x0000000088d42328}> (0x0000000088d42328) 
thrown [t:/workspace/open/src/hotspot/share/prims/jni.cpp, line 599]
Event: 2.199 Thread 0x000001cec09b7800 Exception <a 'sun/nio/fs/WindowsException'{0x0000000088d8e2b0}> (0x0000000088d8e2b0) 
thrown [t:/workspace/open/src/hotspot/share/prims/jni.cpp, line 599]
Event: 2.199 Thread 0x000001cec09b7800 Exception <a 'sun/nio/fs/WindowsException'{0x0000000088d8e5d0}> (0x0000000088d8e5d0) 
thrown [t:/workspace/open/src/hotspot/share/prims/jni.cpp, line 599]
Event: 2.687 Thread 0x000001cec09b7800 Exception <a 'sun/nio/fs/WindowsException'{0x000000008842c8f0}> (0x000000008842c8f0) 
thrown [t:/workspace/open/src/hotspot/share/prims/jni.cpp, line 599]
Event: 2.687 Thread 0x000001cec09b7800 Exception <a 'sun/nio/fs/WindowsException'{0x000000008842ccb0}> (0x000000008842ccb0) 
thrown [t:/workspace/open/src/hotspot/share/prims/jni.cpp, line 599]

Events (20 events):
Event: 2.220 Loaded shared library C:\Program Files\Java\jdk-14\bin\java.dll
Event: 2.228 loading class java/util/LinkedHashSet
Event: 2.228 loading class java/util/LinkedHashSet done
Event: 2.228 Executing VM operation: HandshakeAllThreads
Event: 2.228 Executing VM operation: HandshakeAllThreads done
Event: 2.304 Loaded shared library C:\Users\Ben Correll\AppData\Local\Temp\lwjglBen Correll\3.2.3-build-13\lwjgl.dll
Event: 2.329 Loaded shared library C:\Users\Ben Correll\AppData\Local\Temp\lwjglBen Correll\3.2.3-build-13\lwjgl.dll
Event: 2.492 Thread 0x000001cee31f8000 Thread added: 0x000001cee31f8000
Event: 2.530 Loaded shared library C:\Program Files\Java\jdk-14\bin\zip.dll
Event: 2.540 loading class jdk/internal/reflect/UnsafeQualifiedLongFieldAccessorImpl
Event: 2.540 loading class jdk/internal/reflect/UnsafeQualifiedFieldAccessorImpl
Event: 2.540 loading class jdk/internal/reflect/UnsafeQualifiedFieldAccessorImpl done
Event: 2.540 loading class jdk/internal/reflect/UnsafeQualifiedLongFieldAccessorImpl done
Event: 2.562 loading class java/util/regex/Pattern$GroupCurly
Event: 2.562 loading class java/util/regex/Pattern$GroupCurly done
Event: 2.670 Executing VM operation: HandshakeOneThread
Event: 2.670 Executing VM operation: HandshakeOneThread done
Event: 2.670 Executing VM operation: HandshakeOneThread
Event: 2.670 Executing VM operation: HandshakeOneThread done
Event: 2.690 Loaded shared library C:\Users\Ben Correll\AppData\Local\Temp\lwjglBen Correll\3.2.3-build-13\lwjgl_stb.dll


Dynamic libraries:
0x00007ff626230000 - 0x00007ff62623f000 	C:\Program Files\Java\jdk-14\bin\javaw.exe
0x00007ffe85cc0000 - 0x00007ffe85eb0000 	C:\WINDOWS\SYSTEM32\ntdll.dll
0x00007ffe83e20000 - 0x00007ffe83ed2000 	C:\WINDOWS\System32\KERNEL32.DLL
0x00007ffe83310000 - 0x00007ffe835b3000 	C:\WINDOWS\System32\KERNELBASE.dll
0x00007ffe82e00000 - 0x00007ffe82efa000 	C:\WINDOWS\System32\ucrtbase.dll
0x00007ffe7c340000 - 0x00007ffe7c355000 	C:\Program Files\Java\jdk-14\bin\VCRUNTIME140.dll
0x00007ffe7c110000 - 0x00007ffe7c128000 	C:\Program Files\Java\jdk-14\bin\jli.dll
0x00007ffe84ca0000 - 0x00007ffe84d43000 	C:\WINDOWS\System32\ADVAPI32.dll
0x00007ffe859a0000 - 0x00007ffe85a3e000 	C:\WINDOWS\System32\msvcrt.dll
0x00007ffe85be0000 - 0x00007ffe85c77000 	C:\WINDOWS\System32\sechost.dll
0x00007ffe84330000 - 0x00007ffe84450000 	C:\WINDOWS\System32\RPCRT4.dll
0x00007ffe84040000 - 0x00007ffe841d4000 	C:\WINDOWS\System32\USER32.dll
0x00007ffe83040000 - 0x00007ffe83061000 	C:\WINDOWS\System32\win32u.dll
0x00007ffe858a0000 - 0x00007ffe858c6000 	C:\WINDOWS\System32\GDI32.dll
0x00007ffe83070000 - 0x00007ffe83204000 	C:\WINDOWS\System32\gdi32full.dll
0x00007ffe82f20000 - 0x00007ffe82fbe000 	C:\WINDOWS\System32\msvcp_win.dll
0x00007ffe750e0000 - 0x00007ffe75365000 	C:\WINDOWS\WinSxS\amd64_microsoft.windows.common-controls_6595b64144ccf1df_6.0.18362.778_none_e6c6b761130d4fb8\COMCTL32.dll
0x00007ffe84d50000 - 0x00007ffe85086000 	C:\WINDOWS\System32\combase.dll
0x00007ffe82fc0000 - 0x00007ffe83040000 	C:\WINDOWS\System32\bcryptPrimitives.dll
0x00007ffe76390000 - 0x00007ffe7639a000 	C:\WINDOWS\SYSTEM32\VERSION.dll
0x00007ffe842e0000 - 0x00007ffe8430e000 	C:\WINDOWS\System32\IMM32.DLL
0x00007ffe75610000 - 0x00007ffe756ab000 	C:\Program Files\Java\jdk-14\bin\msvcp140.dll
0x00007ffe2b3c0000 - 0x00007ffe2bedf000 	C:\Program Files\Java\jdk-14\bin\server\jvm.dll
0x00007ffe84310000 - 0x00007ffe84318000 	C:\WINDOWS\System32\PSAPI.DLL
0x00007ffe81b40000 - 0x00007ffe81b49000 	C:\WINDOWS\SYSTEM32\WSOCK32.dll
0x00007ffe80750000 - 0x00007ffe80774000 	C:\WINDOWS\SYSTEM32\WINMM.dll
0x00007ffe85b70000 - 0x00007ffe85bdf000 	C:\WINDOWS\System32\WS2_32.dll
0x00007ffe80720000 - 0x00007ffe8074d000 	C:\WINDOWS\SYSTEM32\winmmbase.dll
0x00007ffe83210000 - 0x00007ffe8325a000 	C:\WINDOWS\System32\cfgmgr32.dll
0x00007ffe82c30000 - 0x00007ffe82c41000 	C:\WINDOWS\System32\kernel.appcore.dll
0x00007ffe7c330000 - 0x00007ffe7c33a000 	C:\Program Files\Java\jdk-14\bin\jimage.dll
0x00007ffe81470000 - 0x00007ffe81664000 	C:\WINDOWS\SYSTEM32\DBGHELP.DLL
0x00007ffe715c0000 - 0x00007ffe715ea000 	C:\WINDOWS\SYSTEM32\dbgcore.DLL
0x00007ffe75c00000 - 0x00007ffe75c25000 	C:\Program Files\Java\jdk-14\bin\java.dll
0x00007ffe7bb50000 - 0x00007ffe7bb67000 	C:\Program Files\Java\jdk-14\bin\zip.dll
0x00007ffe85150000 - 0x00007ffe85835000 	C:\WINDOWS\System32\SHELL32.dll
0x00007ffe83d70000 - 0x00007ffe83e19000 	C:\WINDOWS\System32\shcore.dll
0x00007ffe835f0000 - 0x00007ffe83d70000 	C:\WINDOWS\System32\windows.storage.dll
0x00007ffe82c00000 - 0x00007ffe82c23000 	C:\WINDOWS\System32\profapi.dll
0x00007ffe82b90000 - 0x00007ffe82bda000 	C:\WINDOWS\System32\powrprof.dll
0x00007ffe82b80000 - 0x00007ffe82b90000 	C:\WINDOWS\System32\UMPDC.dll
0x00007ffe85090000 - 0x00007ffe850e2000 	C:\WINDOWS\System32\shlwapi.dll
0x00007ffe82f00000 - 0x00007ffe82f17000 	C:\WINDOWS\System32\cryptsp.dll
0x00007ffe7af70000 - 0x00007ffe7af89000 	C:\Program Files\Java\jdk-14\bin\net.dll
0x00007ffe76e10000 - 0x00007ffe76f00000 	C:\WINDOWS\SYSTEM32\WINHTTP.dll
0x00007ffe823f0000 - 0x00007ffe82457000 	C:\WINDOWS\system32\mswsock.dll
0x00007ffe755a0000 - 0x00007ffe755b2000 	C:\Program Files\Java\jdk-14\bin\nio.dll
0x00007ffe7c320000 - 0x00007ffe7c330000 	C:\Program Files\Java\jdk-14\bin\verify.dll
0x00007ffe7c0f0000 - 0x00007ffe7c101000 	C:\Program Files\Java\jdk-14\bin\jsound.dll
0x00007ffe83ee0000 - 0x00007ffe84037000 	C:\WINDOWS\System32\ole32.dll
0x00007ffe51ac0000 - 0x00007ffe51b59000 	C:\WINDOWS\SYSTEM32\DSOUND.dll
0x00007ffe80b20000 - 0x00007ffe80bb9000 	C:\WINDOWS\system32\uxtheme.dll
0x00007ffe85a40000 - 0x00007ffe85ae2000 	C:\WINDOWS\System32\clbcatq.dll
0x00007ffe7a8d0000 - 0x00007ffe7a942000 	C:\WINDOWS\System32\MMDevApi.dll
0x00007ffe829a0000 - 0x00007ffe829ca000 	C:\WINDOWS\System32\DEVOBJ.dll
0x00007ffe2f330000 - 0x00007ffe2f374000 	C:\WINDOWS\SYSTEM32\wdmaud.drv
0x00007ffe7ed80000 - 0x00007ffe7ed8a000 	C:\WINDOWS\SYSTEM32\AVRT.dll
0x00007ffe470b0000 - 0x00007ffe470b9000 	C:\WINDOWS\SYSTEM32\ksuser.dll
0x00007ffe7abf0000 - 0x00007ffe7ad4d000 	C:\WINDOWS\SYSTEM32\AUDIOSES.DLL
0x00007ffe858d0000 - 0x00007ffe85994000 	C:\WINDOWS\System32\OLEAUT32.dll
0x00007ffe7ded0000 - 0x00007ffe7e023000 	C:\WINDOWS\SYSTEM32\wintypes.dll
0x00007ffe470a0000 - 0x00007ffe470ad000 	C:\WINDOWS\SYSTEM32\msacm32.drv
0x00007ffe30eb0000 - 0x00007ffe30ecc000 	C:\WINDOWS\SYSTEM32\MSACM32.dll
0x00007ffe3a3d0000 - 0x00007ffe3a3da000 	C:\WINDOWS\SYSTEM32\midimap.dll
0x00007ffe80e50000 - 0x00007ffe80e64000 	C:\WINDOWS\SYSTEM32\resourcepolicyclient.dll
0x00007ffe70d80000 - 0x00007ffe70de4000 	C:\Users\Ben Correll\AppData\Local\Temp\lwjglBen Correll\3.2.3-build-13\lwjgl.dll
0x00007ffe59220000 - 0x00007ffe59473000 	C:\Users\BENCOR~1\AppData\Local\Temp\lwjglBen Correll\3.2.3-build-13\jemalloc.dll
0x00007ffe70910000 - 0x00007ffe70972000 	C:\Users\BENCOR~1\AppData\Local\Temp\lwjglBen Correll\3.2.3-build-13\glfw.dll
0x00007ffe755c0000 - 0x00007ffe75603000 	C:\WINDOWS\SYSTEM32\dinput8.dll
0x00007ffe7bbc0000 - 0x00007ffe7bbd1000 	C:\WINDOWS\SYSTEM32\xinput1_4.dll
0x00007ffe67f90000 - 0x00007ffe680aa000 	C:\WINDOWS\SYSTEM32\inputhost.dll
0x00007ffe802d0000 - 0x00007ffe803a4000 	C:\WINDOWS\SYSTEM32\CoreMessaging.dll
0x00007ffe7e4b0000 - 0x00007ffe7e7da000 	C:\WINDOWS\SYSTEM32\CoreUIComponents.dll
0x00007ffe81be0000 - 0x00007ffe81c11000 	C:\WINDOWS\SYSTEM32\ntmarta.dll
0x00007ffe7f180000 - 0x00007ffe7f26f000 	C:\WINDOWS\SYSTEM32\PROPSYS.dll
0x00007ffe80f40000 - 0x00007ffe80f6d000 	C:\WINDOWS\SYSTEM32\dwmapi.dll
0x00007ffe84450000 - 0x00007ffe84586000 	C:\WINDOWS\System32\MSCTF.dll
0x00007ffe813b0000 - 0x00007ffe813be000 	C:\WINDOWS\SYSTEM32\HID.DLL
0x00007ffe84610000 - 0x00007ffe84a80000 	C:\WINDOWS\System32\SETUPAPI.DLL
0x00007ffe835c0000 - 0x00007ffe835e6000 	C:\WINDOWS\System32\bcrypt.dll
0x00007ffe82da0000 - 0x00007ffe82dfc000 	C:\WINDOWS\System32\WINTRUST.dll
0x00007ffe82be0000 - 0x00007ffe82bf2000 	C:\WINDOWS\System32\MSASN1.dll
0x00007ffe82c50000 - 0x00007ffe82d99000 	C:\WINDOWS\System32\CRYPT32.dll
0x00007ffe62f00000 - 0x00007ffe63056000 	C:\WINDOWS\SYSTEM32\opengl32.dll
0x00007ffe727d0000 - 0x00007ffe727fc000 	C:\WINDOWS\SYSTEM32\GLU32.dll
0x00007ffe817e0000 - 0x00007ffe81800000 	C:\WINDOWS\SYSTEM32\dxcore.dll
0x00007ffe54850000 - 0x00007ffe55568000 	C:\WINDOWS\SYSTEM32\ig8icd64.dll
0x00007ffe77ea0000 - 0x00007ffe788df000 	C:\WINDOWS\SYSTEM32\igdusc64.dll
0x00007ffe81670000 - 0x00007ffe81683000 	C:\WINDOWS\SYSTEM32\WTSAPI32.dll
0x00007ffe81870000 - 0x00007ffe8195b000 	C:\WINDOWS\SYSTEM32\dxgi.dll
0x00007ffe7fa00000 - 0x00007ffe7fc5b000 	C:\WINDOWS\SYSTEM32\d3d11.dll
0x00007ffe78e20000 - 0x00007ffe79d7d000 	C:\WINDOWS\SYSTEM32\igd10iumd64.dll
0x00007ffe826c0000 - 0x00007ffe826e6000 	C:\WINDOWS\SYSTEM32\ncrypt.dll
0x00007ffe82680000 - 0x00007ffe826bb000 	C:\WINDOWS\SYSTEM32\NTASN1.dll
0x00007ffe685c0000 - 0x00007ffe6865e000 	C:\WINDOWS\System32\TextInputFramework.dll
0x00007ffe73a70000 - 0x00007ffe73d16000 	C:\WINDOWS\System32\iertutil.dll
0x00007ffe68db0000 - 0x00007ffe68e09000 	C:\Users\Ben Correll\AppData\Local\Temp\lwjglBen Correll\3.2.3-build-13\lwjgl_opengl.dll
0x00007ffe67e70000 - 0x00007ffe67ee7000 	C:\Users\Ben Correll\AppData\Local\Temp\lwjglBen Correll\3.2.3-build-13\lwjgl_stb.dll

dbghelp: loaded successfully - version: 4.0.5 - missing functions: none
symbol engine: initialized successfully - sym options: 0x614 - pdb path: .;C:\Program Files\Java\jdk-14\bin;C:\WINDOWS\SYSTEM32;C:\WINDOWS\WinSxS\amd64_microsoft.windows.common-controls_6595b64144ccf1df_6.0.18362.778_none_e6c6b761130d4fb8;C:\Program Files\Java\jdk-14\bin\server;C:\Users\Ben Correll\AppData\Local\Temp\lwjglBen Correll\3.2.3-build-13;C:\Users\BENCOR~1\AppData\Local\Temp\lwjglBen Correll\3.2.3-build-13

VM Arguments:
jvm_args: -ea -Dfile.encoding=UTF-8 
java_command: main.Loader
java_class_path (initial): C:\Users\Ben Correll\Documents\GitHub\sonic-fan-game\Sonic Fan Game\bin;C:\Users\Ben Correll\Documents\GitHub\sonic-fan-game\Sonic Fan Game\json-simple-1.1.1.jar;C:\Users\Ben Correll\Documents\GitHub\sonic-fan-game\Sonic Fan Game\joml-1.9.24.jar;C:\Users\Ben Correll\Documents\GitHub\sonic-fan-game\Sonic Fan Game\LWJGL3\lwjgl.jar;C:\Users\Ben Correll\Documents\GitHub\sonic-fan-game\Sonic Fan Game\LWJGL3\lwjgl-assimp.jar;C:\Users\Ben Correll\Documents\GitHub\sonic-fan-game\Sonic Fan Game\LWJGL3\lwjgl-assimp-javadoc.jar;C:\Users\Ben Correll\Documents\GitHub\sonic-fan-game\Sonic Fan Game\LWJGL3\lwjgl-assimp-natives-windows.jar;C:\Users\Ben Correll\Documents\GitHub\sonic-fan-game\Sonic Fan Game\LWJGL3\lwjgl-assimp-sources.jar;C:\Users\Ben Correll\Documents\GitHub\sonic-fan-game\Sonic Fan Game\LWJGL3\lwjgl-bgfx.jar;C:\Users\Ben Correll\Documents\GitHub\sonic-fan-game\Sonic Fan Game\LWJGL3\lwjgl-bgfx-javadoc.jar;C:\Users\Ben Correll\Documents\GitHub\sonic-fan-game\Sonic Fan Game\LWJGL3\lwjgl-bgfx-natives-windows.jar;C:\Users\Ben Correll\Documents\GitHub\sonic-fan-game\Sonic Fan Game\LWJGL3\lwjgl-bgfx-sources.jar;C:\Users\Ben Correll\Documents\GitHub\sonic-fan-game\Sonic Fan Game\LWJGL3\lwjgl-cuda.jar;C:\Users\Ben Correll\Documents\GitHub\sonic-fan-game\Sonic Fan Game\LWJGL3\lwjgl-cuda-javadoc.jar;C:\Users\Ben Correll\Documents\GitHub\sonic-fan-game\Sonic Fan Game\LWJGL3\lwjgl-cuda-sources.jar;C:\Users\Ben Correll\Documents\GitHub\sonic-fan-game\Sonic Fan Game\LWJGL3\lwjgl-egl.jar;C:\Users\Ben Correll\Documents\GitHub\sonic-fan-game\Sonic Fan Game\LWJGL3\lwjgl-egl-javadoc.jar;C:\Users\Ben Correll\Documents\GitHub\sonic-fan-game\Sonic Fan Game\LWJGL3\lwjgl-egl-sources.jar;C:\Users\Ben Correll\Documents\GitHub\sonic-fan-game\Sonic Fan Game\LWJGL3\lwjgl-glfw.jar;C:\Users\Ben Correll\Documents\GitHub\sonic-fan-game\Sonic Fan Game\LWJGL3\lwjgl-glfw-javadoc.jar;C:\Users\Ben Correll\Documents\GitHub\sonic-fan-game\Sonic Fan Game\LWJGL3\lwjgl-glfw-nativ
Launcher Type: SUN_STANDARD

[Global flags]
     intx CICompilerCount                          = 3                                         {product} {ergonomic}
     uint ConcGCThreads                            = 1                                         {product} {ergonomic}
     uint G1ConcRefinementThreads                  = 4                                         {product} {ergonomic}
   size_t G1HeapRegionSize                         = 1048576                                   {product} {ergonomic}
    uintx GCDrainStackTargetSize                   = 64                                        {product} {ergonomic}
   size_t InitialHeapSize                          = 134217728                                 {product} {ergonomic}
   size_t MarkStackSize                            = 4194304                                   {product} {ergonomic}
   size_t MaxHeapSize                              = 2116026368                                {product} {ergonomic}
   size_t MaxNewSize                               = 1268776960                                {product} {ergonomic}
   size_t MinHeapDeltaBytes                        = 1048576                                   {product} {ergonomic}
   size_t MinHeapSize                              = 8388608                                   {product} {ergonomic}
    uintx NonNMethodCodeHeapSize                   = 5832780                                {pd product} {ergonomic}
    uintx NonProfiledCodeHeapSize                  = 122912730                              {pd product} {ergonomic}
    uintx ProfiledCodeHeapSize                     = 122912730                              {pd product} {ergonomic}
    uintx ReservedCodeCacheSize                    = 251658240                              {pd product} {ergonomic}
     bool SegmentedCodeCache                       = true                                      {product} {ergonomic}
   size_t SoftMaxHeapSize                          = 2116026368                             {manageable} {ergonomic}
     bool UseCompressedClassPointers               = true                                 {lp64_product} {ergonomic}
     bool UseCompressedOops                        = true                                 {lp64_product} {ergonomic}
     bool UseG1GC                                  = true                                      {product} {ergonomic}
     bool UseLargePagesIndividualAllocation        = false                                  {pd product} {ergonomic}

Logging:
Log output configuration:
 #0: stdout all=warning uptime,level,tags
 #1: stderr all=off uptime,level,tags

Environment Variables:
PATH=C:/Program Files/Java/jdk-14/bin/server;C:/Program Files/Java/jdk-14/bin;C:\CEdev\bin;C:\Users\Ben\Desktop\CEPROR~1\CEdev\bin;C:\WINDOWS\system32;C:\WINDOWS;C:\WINDOWS\System32\Wbem;C:\WINDOWS\System32\WindowsPowerShell\v1.0\;C:\WINDOWS\System32\OpenSSH\;C:\Program Files\dotnet\;c:\Program Files (x86)\Microsoft SQL Server\100\Tools\Binn\;c:\Program Files\Microsoft SQL Server\100\Tools\Binn\;c:\Program Files\Microsoft SQL Server\100\DTS\Binn\;C:\Program Files\Microsoft SQL Server\130\Tools\Binn\;C:\Program Files\Microsoft SQL Server\Client SDK\ODBC\170\Tools\Binn\;C:\Program Files\nodejs\;C:\Program Files\Java\jdk-14\bin;C:\Program Files\Git\cmd;C:\Users\Ben Correll\AppData\Local\Microsoft\WindowsApps;C:\Users\Ben Correll\AppData\Local\GitHubDesktop\bin;C:\Users\Ben Correll\AppData\Roaming\npm;C:\Users\Ben Correll\AppData\Local\Programs\Microsoft VS Code\bin;C:\Users\Ben Correll\Desktop\eclipse-java-2020-03-R-win32-x86_64;
USERNAME=Ben Correll
OS=Windows_NT
PROCESSOR_IDENTIFIER=Intel64 Family 6 Model 61 Stepping 4, GenuineIntel



---------------  S Y S T E M  ---------------

OS: Windows 10 , 64 bit Build 18362 (10.0.18362.778)
OS uptime: 26 days 3:25 hours

CPU:total 4 (initial active 4) (2 cores per cpu, 2 threads per core) family 6 model 61 stepping 4, cmov, cx8, fxsr, mmx, sse, sse2, sse3, ssse3, sse4.1, sse4.2, popcnt, avx, avx2, aes, clmul, erms, rtm, 3dnowpref, lzcnt, ht, tsc, tscinvbit, bmi1, bmi2, adx, fma

Memory: 4k page, system-wide physical 8064M (3641M free)
TotalPageFile size 20296M (AvailPageFile size 7784M)
current process WorkingSet (physical memory assigned to process): 155M, peak: 155M
current process commit charge ("private bytes"): 331M, peak: 331M

vm_info: Java HotSpot(TM) 64-Bit Server VM (14+36-1461) for windows-amd64 JRE (14+36-1461), built on Feb  6 2020 19:08:04 by "mach5one" with MS VC++ 15.9 (VS2017)

END.
